[2024-11-10T08:26:02.678+0000] {logging_mixin.py:151} INFO - Changing /opt/***/logs/dag_id=natural_gas_monthly_variables_etl_pipeline/run_id=manual__2024-11-10T08:25:27.471007+00:00/task_id=drop_columns permission to 509
[2024-11-10T08:26:02.678+0000] {logging_mixin.py:151} INFO - Failed to change /opt/***/logs/dag_id=natural_gas_monthly_variables_etl_pipeline/run_id=manual__2024-11-10T08:25:27.471007+00:00/task_id=drop_columns permission to 509: [Errno 1] Operation not permitted: '/opt/***/logs/dag_id=natural_gas_monthly_variables_etl_pipeline/run_id=manual__2024-11-10T08:25:27.471007+00:00/task_id=drop_columns'
[2024-11-10T08:26:02.704+0000] {logging_mixin.py:151} INFO - Changing /opt/***/logs/dag_id=natural_gas_monthly_variables_etl_pipeline/run_id=manual__2024-11-10T08:25:27.471007+00:00/task_id=drop_columns permission to 509
[2024-11-10T08:26:02.704+0000] {logging_mixin.py:151} INFO - Failed to change /opt/***/logs/dag_id=natural_gas_monthly_variables_etl_pipeline/run_id=manual__2024-11-10T08:25:27.471007+00:00/task_id=drop_columns permission to 509: [Errno 1] Operation not permitted: '/opt/***/logs/dag_id=natural_gas_monthly_variables_etl_pipeline/run_id=manual__2024-11-10T08:25:27.471007+00:00/task_id=drop_columns'
[2024-11-10T08:26:02.734+0000] {taskinstance.py:1159} INFO - Dependencies all met for dep_context=non-requeueable deps ti=<TaskInstance: natural_gas_monthly_variables_etl_pipeline.drop_columns manual__2024-11-10T08:25:27.471007+00:00 [queued]>
[2024-11-10T08:26:02.740+0000] {taskinstance.py:1159} INFO - Dependencies all met for dep_context=requeueable deps ti=<TaskInstance: natural_gas_monthly_variables_etl_pipeline.drop_columns manual__2024-11-10T08:25:27.471007+00:00 [queued]>
[2024-11-10T08:26:02.741+0000] {taskinstance.py:1361} INFO - Starting attempt 2 of 2
[2024-11-10T08:26:02.754+0000] {taskinstance.py:1382} INFO - Executing <Task(PythonOperator): drop_columns> on 2024-11-10 08:25:27.471007+00:00
[2024-11-10T08:26:02.763+0000] {standard_task_runner.py:57} INFO - Started process 77442 to run task
[2024-11-10T08:26:02.765+0000] {standard_task_runner.py:84} INFO - Running: ['***', 'tasks', 'run', 'natural_gas_monthly_variables_etl_pipeline', 'drop_columns', 'manual__2024-11-10T08:25:27.471007+00:00', '--job-id', '101', '--raw', '--subdir', 'DAGS_FOLDER/eia_natural_gas_monthly_variables_etl_pipeline_dag/natural_gas_monthly_variables_etl_pipeline_dag.py', '--cfg-path', '/tmp/tmp256a1n1c']
[2024-11-10T08:26:02.769+0000] {standard_task_runner.py:85} INFO - Job 101: Subtask drop_columns
[2024-11-10T08:26:02.809+0000] {logging_mixin.py:151} INFO - Changing /opt/***/logs/dag_id=natural_gas_monthly_variables_etl_pipeline/run_id=manual__2024-11-10T08:25:27.471007+00:00/task_id=drop_columns permission to 509
[2024-11-10T08:26:02.810+0000] {logging_mixin.py:151} INFO - Failed to change /opt/***/logs/dag_id=natural_gas_monthly_variables_etl_pipeline/run_id=manual__2024-11-10T08:25:27.471007+00:00/task_id=drop_columns permission to 509: [Errno 1] Operation not permitted: '/opt/***/logs/dag_id=natural_gas_monthly_variables_etl_pipeline/run_id=manual__2024-11-10T08:25:27.471007+00:00/task_id=drop_columns'
[2024-11-10T08:26:02.811+0000] {task_command.py:415} INFO - Running <TaskInstance: natural_gas_monthly_variables_etl_pipeline.drop_columns manual__2024-11-10T08:25:27.471007+00:00 [running]> on host 16801ac1f6e4
[2024-11-10T08:26:02.881+0000] {taskinstance.py:1660} INFO - Exporting env vars: AIRFLOW_CTX_DAG_OWNER='***' AIRFLOW_CTX_DAG_ID='natural_gas_monthly_variables_etl_pipeline' AIRFLOW_CTX_TASK_ID='drop_columns' AIRFLOW_CTX_EXECUTION_DATE='2024-11-10T08:25:27.471007+00:00' AIRFLOW_CTX_TRY_NUMBER='2' AIRFLOW_CTX_DAG_RUN_ID='manual__2024-11-10T08:25:27.471007+00:00'
[2024-11-10T08:26:04.227+0000] {taskinstance.py:1943} ERROR - Task failed with exception
Traceback (most recent call last):
  File "/home/airflow/.local/lib/python3.8/site-packages/airflow/operators/python.py", line 192, in execute
    return_value = self.execute_callable()
  File "/home/airflow/.local/lib/python3.8/site-packages/airflow/operators/python.py", line 209, in execute_callable
    return self.python_callable(*self.op_args, **self.op_kwargs)
  File "/opt/airflow/dags/eia_natural_gas_monthly_variables_etl_pipeline_dag/drop_columns.py", line 22, in drop_columns
    natural_gas_monthly_variables_df = EtlTransforms.drop_columns(df=natural_gas_monthly_variables_df, columns=['duoarea', 'area-name', 'product', 'product-name', 'process',
  File "/opt/airflow/dags/transformation/etl_transforms.py", line 89, in drop_columns
    df = df.drop(columns=columns, axis=1)
  File "/home/airflow/.local/lib/python3.8/site-packages/pandas/core/frame.py", line 5258, in drop
    return super().drop(
  File "/home/airflow/.local/lib/python3.8/site-packages/pandas/core/generic.py", line 4549, in drop
    obj = obj._drop_axis(labels, axis, level=level, errors=errors)
  File "/home/airflow/.local/lib/python3.8/site-packages/pandas/core/generic.py", line 4591, in _drop_axis
    new_axis = axis.drop(labels, errors=errors)
  File "/home/airflow/.local/lib/python3.8/site-packages/pandas/core/indexes/base.py", line 6699, in drop
    raise KeyError(f"{list(labels[mask])} not found in axis")
KeyError: "['duoarea', 'area-name', 'product', 'product-name', 'process', 'process-name', 'series', 'series-description', 'units'] not found in axis"
[2024-11-10T08:26:04.246+0000] {taskinstance.py:1400} INFO - Marking task as FAILED. dag_id=natural_gas_monthly_variables_etl_pipeline, task_id=drop_columns, execution_date=20241110T082527, start_date=20241110T082602, end_date=20241110T082604
[2024-11-10T08:26:04.259+0000] {standard_task_runner.py:104} ERROR - Failed to execute job 101 for task drop_columns ("['duoarea', 'area-name', 'product', 'product-name', 'process', 'process-name', 'series', 'series-description', 'units'] not found in axis"; 77442)
[2024-11-10T08:26:04.304+0000] {local_task_job_runner.py:228} INFO - Task exited with return code 1
[2024-11-10T08:26:04.330+0000] {taskinstance.py:2784} INFO - 0 downstream tasks scheduled from follow-on schedule check
