[2024-11-17T08:12:21.056+0000] {logging_mixin.py:151} INFO - Changing /opt/***/logs/dag_id=model_training_pipeline/run_id=manual__2024-11-17T08:12:13.556141+00:00/task_id=backfill_missing_values permission to 509
[2024-11-17T08:12:21.057+0000] {logging_mixin.py:151} INFO - Failed to change /opt/***/logs/dag_id=model_training_pipeline/run_id=manual__2024-11-17T08:12:13.556141+00:00/task_id=backfill_missing_values permission to 509: [Errno 1] Operation not permitted: '/opt/***/logs/dag_id=model_training_pipeline/run_id=manual__2024-11-17T08:12:13.556141+00:00/task_id=backfill_missing_values'
[2024-11-17T08:12:21.096+0000] {logging_mixin.py:151} INFO - Changing /opt/***/logs/dag_id=model_training_pipeline/run_id=manual__2024-11-17T08:12:13.556141+00:00/task_id=backfill_missing_values permission to 509
[2024-11-17T08:12:21.097+0000] {logging_mixin.py:151} INFO - Failed to change /opt/***/logs/dag_id=model_training_pipeline/run_id=manual__2024-11-17T08:12:13.556141+00:00/task_id=backfill_missing_values permission to 509: [Errno 1] Operation not permitted: '/opt/***/logs/dag_id=model_training_pipeline/run_id=manual__2024-11-17T08:12:13.556141+00:00/task_id=backfill_missing_values'
[2024-11-17T08:12:21.142+0000] {taskinstance.py:1159} INFO - Dependencies all met for dep_context=non-requeueable deps ti=<TaskInstance: model_training_pipeline.backfill_missing_values manual__2024-11-17T08:12:13.556141+00:00 [queued]>
[2024-11-17T08:12:21.160+0000] {taskinstance.py:1159} INFO - Dependencies all met for dep_context=requeueable deps ti=<TaskInstance: model_training_pipeline.backfill_missing_values manual__2024-11-17T08:12:13.556141+00:00 [queued]>
[2024-11-17T08:12:21.161+0000] {taskinstance.py:1361} INFO - Starting attempt 1 of 2
[2024-11-17T08:12:21.199+0000] {taskinstance.py:1382} INFO - Executing <Task(PythonOperator): backfill_missing_values> on 2024-11-17 08:12:13.556141+00:00
[2024-11-17T08:12:21.214+0000] {standard_task_runner.py:57} INFO - Started process 146713 to run task
[2024-11-17T08:12:21.219+0000] {standard_task_runner.py:84} INFO - Running: ['***', 'tasks', 'run', 'model_training_pipeline', 'backfill_missing_values', 'manual__2024-11-17T08:12:13.556141+00:00', '--job-id', '273', '--raw', '--subdir', 'DAGS_FOLDER/model_training_pipeline_dag/model_training_dag.py', '--cfg-path', '/tmp/tmpd7i2t41j']
[2024-11-17T08:12:21.224+0000] {standard_task_runner.py:85} INFO - Job 273: Subtask backfill_missing_values
[2024-11-17T08:12:21.302+0000] {logging_mixin.py:151} INFO - Changing /opt/***/logs/dag_id=model_training_pipeline/run_id=manual__2024-11-17T08:12:13.556141+00:00/task_id=backfill_missing_values permission to 509
[2024-11-17T08:12:21.303+0000] {logging_mixin.py:151} INFO - Failed to change /opt/***/logs/dag_id=model_training_pipeline/run_id=manual__2024-11-17T08:12:13.556141+00:00/task_id=backfill_missing_values permission to 509: [Errno 1] Operation not permitted: '/opt/***/logs/dag_id=model_training_pipeline/run_id=manual__2024-11-17T08:12:13.556141+00:00/task_id=backfill_missing_values'
[2024-11-17T08:12:21.305+0000] {task_command.py:415} INFO - Running <TaskInstance: model_training_pipeline.backfill_missing_values manual__2024-11-17T08:12:13.556141+00:00 [running]> on host 16801ac1f6e4
[2024-11-17T08:12:21.427+0000] {taskinstance.py:1660} INFO - Exporting env vars: AIRFLOW_CTX_DAG_OWNER='***' AIRFLOW_CTX_DAG_ID='model_training_pipeline' AIRFLOW_CTX_TASK_ID='backfill_missing_values' AIRFLOW_CTX_EXECUTION_DATE='2024-11-17T08:12:13.556141+00:00' AIRFLOW_CTX_TRY_NUMBER='1' AIRFLOW_CTX_DAG_RUN_ID='manual__2024-11-17T08:12:13.556141+00:00'
[2024-11-17T08:13:37.950+0000] {local_task_job_runner.py:294} WARNING - State of this instance has been externally set to failed. Terminating instance.
[2024-11-17T08:13:37.954+0000] {process_utils.py:131} INFO - Sending 15 to group 146713. PIDs of all processes in the group: [146713]
[2024-11-17T08:13:37.955+0000] {process_utils.py:86} INFO - Sending the signal 15 to group 146713
[2024-11-17T08:13:37.955+0000] {taskinstance.py:1632} ERROR - Received SIGTERM. Terminating subprocesses.
[2024-11-17T08:13:38.048+0000] {process_utils.py:79} INFO - Process psutil.Process(pid=146713, status='terminated', exitcode=0, started='08:12:20') (146713) terminated with exit code 0
