[2024-11-10T02:58:22.950+0000] {logging_mixin.py:151} INFO - Changing /opt/***/logs/dag_id=heating_oil_spot_prices_etl_pipeline/run_id=manual__2024-11-10T02:58:20.707513+00:00/task_id=heating_oil_spot_prices_extraction permission to 509
[2024-11-10T02:58:22.951+0000] {logging_mixin.py:151} INFO - Failed to change /opt/***/logs/dag_id=heating_oil_spot_prices_etl_pipeline/run_id=manual__2024-11-10T02:58:20.707513+00:00/task_id=heating_oil_spot_prices_extraction permission to 509: [Errno 1] Operation not permitted: '/opt/***/logs/dag_id=heating_oil_spot_prices_etl_pipeline/run_id=manual__2024-11-10T02:58:20.707513+00:00/task_id=heating_oil_spot_prices_extraction'
[2024-11-10T02:58:22.976+0000] {logging_mixin.py:151} INFO - Changing /opt/***/logs/dag_id=heating_oil_spot_prices_etl_pipeline/run_id=manual__2024-11-10T02:58:20.707513+00:00/task_id=heating_oil_spot_prices_extraction permission to 509
[2024-11-10T02:58:22.977+0000] {logging_mixin.py:151} INFO - Failed to change /opt/***/logs/dag_id=heating_oil_spot_prices_etl_pipeline/run_id=manual__2024-11-10T02:58:20.707513+00:00/task_id=heating_oil_spot_prices_extraction permission to 509: [Errno 1] Operation not permitted: '/opt/***/logs/dag_id=heating_oil_spot_prices_etl_pipeline/run_id=manual__2024-11-10T02:58:20.707513+00:00/task_id=heating_oil_spot_prices_extraction'
[2024-11-10T02:58:23.006+0000] {taskinstance.py:1159} INFO - Dependencies all met for dep_context=non-requeueable deps ti=<TaskInstance: heating_oil_spot_prices_etl_pipeline.heating_oil_spot_prices_extraction manual__2024-11-10T02:58:20.707513+00:00 [queued]>
[2024-11-10T02:58:23.014+0000] {taskinstance.py:1159} INFO - Dependencies all met for dep_context=requeueable deps ti=<TaskInstance: heating_oil_spot_prices_etl_pipeline.heating_oil_spot_prices_extraction manual__2024-11-10T02:58:20.707513+00:00 [queued]>
[2024-11-10T02:58:23.015+0000] {taskinstance.py:1361} INFO - Starting attempt 1 of 2
[2024-11-10T02:58:23.027+0000] {taskinstance.py:1382} INFO - Executing <Task(PythonOperator): heating_oil_spot_prices_extraction> on 2024-11-10 02:58:20.707513+00:00
[2024-11-10T02:58:23.034+0000] {standard_task_runner.py:57} INFO - Started process 30149 to run task
[2024-11-10T02:58:23.036+0000] {standard_task_runner.py:84} INFO - Running: ['***', 'tasks', 'run', 'heating_oil_spot_prices_etl_pipeline', 'heating_oil_spot_prices_extraction', 'manual__2024-11-10T02:58:20.707513+00:00', '--job-id', '56', '--raw', '--subdir', 'DAGS_FOLDER/eia_heating_oil_spot_prices_etl_pipeline_dag/eia_heating_oil_spot_prices_etl_pipeline_dag.py', '--cfg-path', '/tmp/tmpsr631k7c']
[2024-11-10T02:58:23.037+0000] {standard_task_runner.py:85} INFO - Job 56: Subtask heating_oil_spot_prices_extraction
[2024-11-10T02:58:23.077+0000] {logging_mixin.py:151} INFO - Changing /opt/***/logs/dag_id=heating_oil_spot_prices_etl_pipeline/run_id=manual__2024-11-10T02:58:20.707513+00:00/task_id=heating_oil_spot_prices_extraction permission to 509
[2024-11-10T02:58:23.077+0000] {logging_mixin.py:151} INFO - Failed to change /opt/***/logs/dag_id=heating_oil_spot_prices_etl_pipeline/run_id=manual__2024-11-10T02:58:20.707513+00:00/task_id=heating_oil_spot_prices_extraction permission to 509: [Errno 1] Operation not permitted: '/opt/***/logs/dag_id=heating_oil_spot_prices_etl_pipeline/run_id=manual__2024-11-10T02:58:20.707513+00:00/task_id=heating_oil_spot_prices_extraction'
[2024-11-10T02:58:23.078+0000] {task_command.py:415} INFO - Running <TaskInstance: heating_oil_spot_prices_etl_pipeline.heating_oil_spot_prices_extraction manual__2024-11-10T02:58:20.707513+00:00 [running]> on host 16801ac1f6e4
[2024-11-10T02:58:23.150+0000] {taskinstance.py:1660} INFO - Exporting env vars: AIRFLOW_CTX_DAG_OWNER='***' AIRFLOW_CTX_DAG_ID='heating_oil_spot_prices_etl_pipeline' AIRFLOW_CTX_TASK_ID='heating_oil_spot_prices_extraction' AIRFLOW_CTX_EXECUTION_DATE='2024-11-10T02:58:20.707513+00:00' AIRFLOW_CTX_TRY_NUMBER='1' AIRFLOW_CTX_DAG_RUN_ID='manual__2024-11-10T02:58:20.707513+00:00'
[2024-11-10T02:58:23.152+0000] {logging_mixin.py:151} INFO - full_program/metadata/ metadata
[2024-11-10T02:58:28.782+0000] {logging_mixin.py:151} INFO - full_program/metadata/ metadata
[2024-11-10T02:58:35.212+0000] {logging_mixin.py:151} INFO - full_program/metadata/ metadata
[2024-11-10T02:58:51.273+0000] {logging_mixin.py:151} INFO - full_program/metadata/ metadata
[2024-11-10T02:58:52.377+0000] {logging_mixin.py:151} INFO - {'natural_gas_spot_prices': ['2024-11-04']}
[2024-11-10T02:58:57.741+0000] {python.py:194} INFO - Done. Returned value was: None
[2024-11-10T02:58:57.753+0000] {taskinstance.py:1400} INFO - Marking task as SUCCESS. dag_id=heating_oil_spot_prices_etl_pipeline, task_id=heating_oil_spot_prices_extraction, execution_date=20241110T025820, start_date=20241110T025823, end_date=20241110T025857
[2024-11-10T02:58:57.782+0000] {local_task_job_runner.py:228} INFO - Task exited with return code 0
[2024-11-10T02:58:57.805+0000] {taskinstance.py:2784} INFO - 1 downstream tasks scheduled from follow-on schedule check
