[2024-11-10T08:24:07.716+0000] {logging_mixin.py:151} INFO - Changing /opt/***/logs/dag_id=natural_gas_monthly_variables_etl_pipeline/run_id=manual__2024-11-10T08:23:46.340615+00:00/task_id=pivot_data permission to 509
[2024-11-10T08:24:07.717+0000] {logging_mixin.py:151} INFO - Failed to change /opt/***/logs/dag_id=natural_gas_monthly_variables_etl_pipeline/run_id=manual__2024-11-10T08:23:46.340615+00:00/task_id=pivot_data permission to 509: [Errno 1] Operation not permitted: '/opt/***/logs/dag_id=natural_gas_monthly_variables_etl_pipeline/run_id=manual__2024-11-10T08:23:46.340615+00:00/task_id=pivot_data'
[2024-11-10T08:24:07.743+0000] {logging_mixin.py:151} INFO - Changing /opt/***/logs/dag_id=natural_gas_monthly_variables_etl_pipeline/run_id=manual__2024-11-10T08:23:46.340615+00:00/task_id=pivot_data permission to 509
[2024-11-10T08:24:07.743+0000] {logging_mixin.py:151} INFO - Failed to change /opt/***/logs/dag_id=natural_gas_monthly_variables_etl_pipeline/run_id=manual__2024-11-10T08:23:46.340615+00:00/task_id=pivot_data permission to 509: [Errno 1] Operation not permitted: '/opt/***/logs/dag_id=natural_gas_monthly_variables_etl_pipeline/run_id=manual__2024-11-10T08:23:46.340615+00:00/task_id=pivot_data'
[2024-11-10T08:24:07.774+0000] {taskinstance.py:1159} INFO - Dependencies all met for dep_context=non-requeueable deps ti=<TaskInstance: natural_gas_monthly_variables_etl_pipeline.pivot_data manual__2024-11-10T08:23:46.340615+00:00 [queued]>
[2024-11-10T08:24:07.782+0000] {taskinstance.py:1159} INFO - Dependencies all met for dep_context=requeueable deps ti=<TaskInstance: natural_gas_monthly_variables_etl_pipeline.pivot_data manual__2024-11-10T08:23:46.340615+00:00 [queued]>
[2024-11-10T08:24:07.782+0000] {taskinstance.py:1361} INFO - Starting attempt 1 of 2
[2024-11-10T08:24:07.796+0000] {taskinstance.py:1382} INFO - Executing <Task(PythonOperator): pivot_data> on 2024-11-10 08:23:46.340615+00:00
[2024-11-10T08:24:07.805+0000] {standard_task_runner.py:57} INFO - Started process 77128 to run task
[2024-11-10T08:24:07.806+0000] {standard_task_runner.py:84} INFO - Running: ['***', 'tasks', 'run', 'natural_gas_monthly_variables_etl_pipeline', 'pivot_data', 'manual__2024-11-10T08:23:46.340615+00:00', '--job-id', '98', '--raw', '--subdir', 'DAGS_FOLDER/eia_natural_gas_monthly_variables_etl_pipeline_dag/natural_gas_monthly_variables_etl_pipeline_dag.py', '--cfg-path', '/tmp/tmpkikjqduw']
[2024-11-10T08:24:07.810+0000] {standard_task_runner.py:85} INFO - Job 98: Subtask pivot_data
[2024-11-10T08:24:07.852+0000] {logging_mixin.py:151} INFO - Changing /opt/***/logs/dag_id=natural_gas_monthly_variables_etl_pipeline/run_id=manual__2024-11-10T08:23:46.340615+00:00/task_id=pivot_data permission to 509
[2024-11-10T08:24:07.853+0000] {logging_mixin.py:151} INFO - Failed to change /opt/***/logs/dag_id=natural_gas_monthly_variables_etl_pipeline/run_id=manual__2024-11-10T08:23:46.340615+00:00/task_id=pivot_data permission to 509: [Errno 1] Operation not permitted: '/opt/***/logs/dag_id=natural_gas_monthly_variables_etl_pipeline/run_id=manual__2024-11-10T08:23:46.340615+00:00/task_id=pivot_data'
[2024-11-10T08:24:07.854+0000] {task_command.py:415} INFO - Running <TaskInstance: natural_gas_monthly_variables_etl_pipeline.pivot_data manual__2024-11-10T08:23:46.340615+00:00 [running]> on host 16801ac1f6e4
[2024-11-10T08:24:07.926+0000] {taskinstance.py:1660} INFO - Exporting env vars: AIRFLOW_CTX_DAG_OWNER='***' AIRFLOW_CTX_DAG_ID='natural_gas_monthly_variables_etl_pipeline' AIRFLOW_CTX_TASK_ID='pivot_data' AIRFLOW_CTX_EXECUTION_DATE='2024-11-10T08:23:46.340615+00:00' AIRFLOW_CTX_TRY_NUMBER='1' AIRFLOW_CTX_DAG_RUN_ID='manual__2024-11-10T08:23:46.340615+00:00'
[2024-11-10T08:24:09.175+0000] {taskinstance.py:1943} ERROR - Task failed with exception
Traceback (most recent call last):
  File "/home/airflow/.local/lib/python3.8/site-packages/airflow/operators/python.py", line 192, in execute
    return_value = self.execute_callable()
  File "/home/airflow/.local/lib/python3.8/site-packages/airflow/operators/python.py", line 209, in execute_callable
    return self.python_callable(*self.op_args, **self.op_kwargs)
  File "/opt/airflow/dags/eia_natural_gas_monthly_variables_etl_pipeline_dag/pivot_data.py", line 22, in pivot_data
    natural_gas_monthly_variables_df = EtlTransforms.pivot_columns(df=natural_gas_monthly_variables_df, index=['period'],
  File "/opt/airflow/dags/transformation/etl_transforms.py", line 135, in pivot_columns
    df = df.pivot_table(index=index, columns=column, values=value).reset_index()
  File "/home/airflow/.local/lib/python3.8/site-packages/pandas/core/frame.py", line 8579, in pivot_table
    return pivot_table(
  File "/home/airflow/.local/lib/python3.8/site-packages/pandas/core/reshape/pivot.py", line 97, in pivot_table
    table = __internal_pivot_table(
  File "/home/airflow/.local/lib/python3.8/site-packages/pandas/core/reshape/pivot.py", line 166, in __internal_pivot_table
    grouped = data.groupby(keys, observed=observed, sort=sort)
  File "/home/airflow/.local/lib/python3.8/site-packages/pandas/core/frame.py", line 8252, in groupby
    return DataFrameGroupBy(
  File "/home/airflow/.local/lib/python3.8/site-packages/pandas/core/groupby/groupby.py", line 931, in __init__
    grouper, exclusions, obj = get_grouper(
  File "/home/airflow/.local/lib/python3.8/site-packages/pandas/core/groupby/grouper.py", line 985, in get_grouper
    raise KeyError(gpr)
KeyError: 'process_name'
[2024-11-10T08:24:09.195+0000] {taskinstance.py:1400} INFO - Marking task as UP_FOR_RETRY. dag_id=natural_gas_monthly_variables_etl_pipeline, task_id=pivot_data, execution_date=20241110T082346, start_date=20241110T082407, end_date=20241110T082409
[2024-11-10T08:24:09.208+0000] {standard_task_runner.py:104} ERROR - Failed to execute job 98 for task pivot_data ('process_name'; 77128)
[2024-11-10T08:24:09.224+0000] {local_task_job_runner.py:228} INFO - Task exited with return code 1
[2024-11-10T08:24:09.248+0000] {taskinstance.py:2784} INFO - 0 downstream tasks scheduled from follow-on schedule check
