[2024-11-10T04:22:58.081+0000] {logging_mixin.py:151} INFO - Changing /opt/***/logs/dag_id=noaa_etl_pipeline/run_id=manual__2024-11-10T03:54:55.813921+00:00/task_id=calculate_missing_average_temperature permission to 509
[2024-11-10T04:22:58.082+0000] {logging_mixin.py:151} INFO - Failed to change /opt/***/logs/dag_id=noaa_etl_pipeline/run_id=manual__2024-11-10T03:54:55.813921+00:00/task_id=calculate_missing_average_temperature permission to 509: [Errno 1] Operation not permitted: '/opt/***/logs/dag_id=noaa_etl_pipeline/run_id=manual__2024-11-10T03:54:55.813921+00:00/task_id=calculate_missing_average_temperature'
[2024-11-10T04:22:58.110+0000] {logging_mixin.py:151} INFO - Changing /opt/***/logs/dag_id=noaa_etl_pipeline/run_id=manual__2024-11-10T03:54:55.813921+00:00/task_id=calculate_missing_average_temperature permission to 509
[2024-11-10T04:22:58.110+0000] {logging_mixin.py:151} INFO - Failed to change /opt/***/logs/dag_id=noaa_etl_pipeline/run_id=manual__2024-11-10T03:54:55.813921+00:00/task_id=calculate_missing_average_temperature permission to 509: [Errno 1] Operation not permitted: '/opt/***/logs/dag_id=noaa_etl_pipeline/run_id=manual__2024-11-10T03:54:55.813921+00:00/task_id=calculate_missing_average_temperature'
[2024-11-10T04:22:58.150+0000] {taskinstance.py:1159} INFO - Dependencies all met for dep_context=non-requeueable deps ti=<TaskInstance: noaa_etl_pipeline.calculate_missing_average_temperature manual__2024-11-10T03:54:55.813921+00:00 [queued]>
[2024-11-10T04:22:58.157+0000] {taskinstance.py:1159} INFO - Dependencies all met for dep_context=requeueable deps ti=<TaskInstance: noaa_etl_pipeline.calculate_missing_average_temperature manual__2024-11-10T03:54:55.813921+00:00 [queued]>
[2024-11-10T04:22:58.157+0000] {taskinstance.py:1361} INFO - Starting attempt 2 of 2
[2024-11-10T04:22:58.170+0000] {taskinstance.py:1382} INFO - Executing <Task(PythonOperator): calculate_missing_average_temperature> on 2024-11-10 03:54:55.813921+00:00
[2024-11-10T04:22:58.177+0000] {standard_task_runner.py:57} INFO - Started process 44242 to run task
[2024-11-10T04:22:58.179+0000] {standard_task_runner.py:84} INFO - Running: ['***', 'tasks', 'run', 'noaa_etl_pipeline', 'calculate_missing_average_temperature', 'manual__2024-11-10T03:54:55.813921+00:00', '--job-id', '65', '--raw', '--subdir', 'DAGS_FOLDER/noaa_etl_pipeline_dag/noaa_etl_pipeline_dag.py', '--cfg-path', '/tmp/tmpdovti3c4']
[2024-11-10T04:22:58.181+0000] {standard_task_runner.py:85} INFO - Job 65: Subtask calculate_missing_average_temperature
[2024-11-10T04:22:58.218+0000] {logging_mixin.py:151} INFO - Changing /opt/***/logs/dag_id=noaa_etl_pipeline/run_id=manual__2024-11-10T03:54:55.813921+00:00/task_id=calculate_missing_average_temperature permission to 509
[2024-11-10T04:22:58.219+0000] {logging_mixin.py:151} INFO - Failed to change /opt/***/logs/dag_id=noaa_etl_pipeline/run_id=manual__2024-11-10T03:54:55.813921+00:00/task_id=calculate_missing_average_temperature permission to 509: [Errno 1] Operation not permitted: '/opt/***/logs/dag_id=noaa_etl_pipeline/run_id=manual__2024-11-10T03:54:55.813921+00:00/task_id=calculate_missing_average_temperature'
[2024-11-10T04:22:58.220+0000] {task_command.py:415} INFO - Running <TaskInstance: noaa_etl_pipeline.calculate_missing_average_temperature manual__2024-11-10T03:54:55.813921+00:00 [running]> on host 16801ac1f6e4
[2024-11-10T04:22:58.292+0000] {taskinstance.py:1660} INFO - Exporting env vars: AIRFLOW_CTX_DAG_OWNER='***' AIRFLOW_CTX_DAG_ID='noaa_etl_pipeline' AIRFLOW_CTX_TASK_ID='calculate_missing_average_temperature' AIRFLOW_CTX_EXECUTION_DATE='2024-11-10T03:54:55.813921+00:00' AIRFLOW_CTX_TRY_NUMBER='2' AIRFLOW_CTX_DAG_RUN_ID='manual__2024-11-10T03:54:55.813921+00:00'
[2024-11-10T04:26:23.534+0000] {logging_mixin.py:151} WARNING - /opt/***/dags/transformation/noaa_api_transformation.py:139 SettingWithCopyWarning:
A value is trying to be set on a copy of a slice from a DataFrame.
Try using .loc[row_indexer,col_indexer] = value instead

See the caveats in the documentation: https://pandas.pydata.org/pandas-docs/stable/user_guide/indexing.html#returning-a-view-versus-a-copy
[2024-11-10T04:26:23.539+0000] {logging_mixin.py:151} WARNING - /opt/***/dags/transformation/noaa_api_transformation.py:140 SettingWithCopyWarning:
A value is trying to be set on a copy of a slice from a DataFrame.
Try using .loc[row_indexer,col_indexer] = value instead

See the caveats in the documentation: https://pandas.pydata.org/pandas-docs/stable/user_guide/indexing.html#returning-a-view-versus-a-copy
[2024-11-10T04:26:23.541+0000] {logging_mixin.py:151} WARNING - /opt/***/dags/transformation/noaa_api_transformation.py:141 SettingWithCopyWarning:
A value is trying to be set on a copy of a slice from a DataFrame.
Try using .loc[row_indexer,col_indexer] = value instead

See the caveats in the documentation: https://pandas.pydata.org/pandas-docs/stable/user_guide/indexing.html#returning-a-view-versus-a-copy
[2024-11-10T04:26:23.546+0000] {logging_mixin.py:151} WARNING - /opt/***/dags/transformation/noaa_api_transformation.py:142 SettingWithCopyWarning:
A value is trying to be set on a copy of a slice from a DataFrame.
Try using .loc[row_indexer,col_indexer] = value instead

See the caveats in the documentation: https://pandas.pydata.org/pandas-docs/stable/user_guide/indexing.html#returning-a-view-versus-a-copy
[2024-11-10T04:26:23.548+0000] {logging_mixin.py:151} WARNING - /opt/***/dags/transformation/noaa_api_transformation.py:143 SettingWithCopyWarning:
A value is trying to be set on a copy of a slice from a DataFrame.
Try using .loc[row_indexer,col_indexer] = value instead

See the caveats in the documentation: https://pandas.pydata.org/pandas-docs/stable/user_guide/indexing.html#returning-a-view-versus-a-copy
[2024-11-10T04:33:29.047+0000] {python.py:194} INFO - Done. Returned value was: None
[2024-11-10T04:33:29.060+0000] {taskinstance.py:1400} INFO - Marking task as SUCCESS. dag_id=noaa_etl_pipeline, task_id=calculate_missing_average_temperature, execution_date=20241110T035455, start_date=20241110T042258, end_date=20241110T043329
[2024-11-10T04:33:29.101+0000] {local_task_job_runner.py:228} INFO - Task exited with return code 0
[2024-11-10T04:33:29.127+0000] {taskinstance.py:2784} INFO - 1 downstream tasks scheduled from follow-on schedule check
