[2024-11-10T08:11:01.820+0000] {logging_mixin.py:151} INFO - Changing /opt/***/logs/dag_id=natural_gas_monthly_variables_etl_pipeline/run_id=manual__2024-11-10T08:11:00.195665+00:00/task_id=natural_gas_monthly_variables_extraction permission to 509
[2024-11-10T08:11:01.820+0000] {logging_mixin.py:151} INFO - Failed to change /opt/***/logs/dag_id=natural_gas_monthly_variables_etl_pipeline/run_id=manual__2024-11-10T08:11:00.195665+00:00/task_id=natural_gas_monthly_variables_extraction permission to 509: [Errno 1] Operation not permitted: '/opt/***/logs/dag_id=natural_gas_monthly_variables_etl_pipeline/run_id=manual__2024-11-10T08:11:00.195665+00:00/task_id=natural_gas_monthly_variables_extraction'
[2024-11-10T08:11:01.845+0000] {logging_mixin.py:151} INFO - Changing /opt/***/logs/dag_id=natural_gas_monthly_variables_etl_pipeline/run_id=manual__2024-11-10T08:11:00.195665+00:00/task_id=natural_gas_monthly_variables_extraction permission to 509
[2024-11-10T08:11:01.846+0000] {logging_mixin.py:151} INFO - Failed to change /opt/***/logs/dag_id=natural_gas_monthly_variables_etl_pipeline/run_id=manual__2024-11-10T08:11:00.195665+00:00/task_id=natural_gas_monthly_variables_extraction permission to 509: [Errno 1] Operation not permitted: '/opt/***/logs/dag_id=natural_gas_monthly_variables_etl_pipeline/run_id=manual__2024-11-10T08:11:00.195665+00:00/task_id=natural_gas_monthly_variables_extraction'
[2024-11-10T08:11:01.876+0000] {taskinstance.py:1159} INFO - Dependencies all met for dep_context=non-requeueable deps ti=<TaskInstance: natural_gas_monthly_variables_etl_pipeline.natural_gas_monthly_variables_extraction manual__2024-11-10T08:11:00.195665+00:00 [queued]>
[2024-11-10T08:11:01.882+0000] {taskinstance.py:1159} INFO - Dependencies all met for dep_context=requeueable deps ti=<TaskInstance: natural_gas_monthly_variables_etl_pipeline.natural_gas_monthly_variables_extraction manual__2024-11-10T08:11:00.195665+00:00 [queued]>
[2024-11-10T08:11:01.883+0000] {taskinstance.py:1361} INFO - Starting attempt 1 of 2
[2024-11-10T08:11:01.894+0000] {taskinstance.py:1382} INFO - Executing <Task(PythonOperator): natural_gas_monthly_variables_extraction> on 2024-11-10 08:11:00.195665+00:00
[2024-11-10T08:11:01.901+0000] {standard_task_runner.py:57} INFO - Started process 75220 to run task
[2024-11-10T08:11:01.903+0000] {standard_task_runner.py:84} INFO - Running: ['***', 'tasks', 'run', 'natural_gas_monthly_variables_etl_pipeline', 'natural_gas_monthly_variables_extraction', 'manual__2024-11-10T08:11:00.195665+00:00', '--job-id', '88', '--raw', '--subdir', 'DAGS_FOLDER/eia_natural_gas_monthly_variables_etl_pipeline_dag/natural_gas_monthly_variables_etl_pipeline_dag.py', '--cfg-path', '/tmp/tmpqn05ijgg']
[2024-11-10T08:11:01.907+0000] {standard_task_runner.py:85} INFO - Job 88: Subtask natural_gas_monthly_variables_extraction
[2024-11-10T08:11:01.948+0000] {logging_mixin.py:151} INFO - Changing /opt/***/logs/dag_id=natural_gas_monthly_variables_etl_pipeline/run_id=manual__2024-11-10T08:11:00.195665+00:00/task_id=natural_gas_monthly_variables_extraction permission to 509
[2024-11-10T08:11:01.949+0000] {logging_mixin.py:151} INFO - Failed to change /opt/***/logs/dag_id=natural_gas_monthly_variables_etl_pipeline/run_id=manual__2024-11-10T08:11:00.195665+00:00/task_id=natural_gas_monthly_variables_extraction permission to 509: [Errno 1] Operation not permitted: '/opt/***/logs/dag_id=natural_gas_monthly_variables_etl_pipeline/run_id=manual__2024-11-10T08:11:00.195665+00:00/task_id=natural_gas_monthly_variables_extraction'
[2024-11-10T08:11:01.950+0000] {task_command.py:415} INFO - Running <TaskInstance: natural_gas_monthly_variables_etl_pipeline.natural_gas_monthly_variables_extraction manual__2024-11-10T08:11:00.195665+00:00 [running]> on host 16801ac1f6e4
[2024-11-10T08:11:02.024+0000] {taskinstance.py:1660} INFO - Exporting env vars: AIRFLOW_CTX_DAG_OWNER='***' AIRFLOW_CTX_DAG_ID='natural_gas_monthly_variables_etl_pipeline' AIRFLOW_CTX_TASK_ID='natural_gas_monthly_variables_extraction' AIRFLOW_CTX_EXECUTION_DATE='2024-11-10T08:11:00.195665+00:00' AIRFLOW_CTX_TRY_NUMBER='1' AIRFLOW_CTX_DAG_RUN_ID='manual__2024-11-10T08:11:00.195665+00:00'
[2024-11-10T08:11:08.592+0000] {taskinstance.py:1943} ERROR - Task failed with exception
Traceback (most recent call last):
  File "/home/airflow/.local/lib/python3.8/site-packages/airflow/operators/python.py", line 192, in execute
    return_value = self.execute_callable()
  File "/home/airflow/.local/lib/python3.8/site-packages/airflow/operators/python.py", line 209, in execute_callable
    return self.python_callable(*self.op_args, **self.op_kwargs)
  File "/opt/airflow/dags/eia_natural_gas_monthly_variables_etl_pipeline_dag/extraction.py", line 41, in natural_gas_monthly_variables_extraction
    eia.extract(endpoint='natural-gas/sum/lsum/data/', headers=headers, folder='full_program/extraction/natural_gas_monthly_variables/',
  File "/opt/airflow/dags/extraction/eia_api.py", line 122, in extract
    max_date = self.get_max_date(data)
TypeError: get_max_date() missing 1 required positional argument: 'is_monthly'
[2024-11-10T08:11:08.610+0000] {taskinstance.py:1400} INFO - Marking task as UP_FOR_RETRY. dag_id=natural_gas_monthly_variables_etl_pipeline, task_id=natural_gas_monthly_variables_extraction, execution_date=20241110T081100, start_date=20241110T081101, end_date=20241110T081108
[2024-11-10T08:11:08.621+0000] {standard_task_runner.py:104} ERROR - Failed to execute job 88 for task natural_gas_monthly_variables_extraction (get_max_date() missing 1 required positional argument: 'is_monthly'; 75220)
[2024-11-10T08:11:08.649+0000] {local_task_job_runner.py:228} INFO - Task exited with return code 1
[2024-11-10T08:11:08.669+0000] {taskinstance.py:2784} INFO - 0 downstream tasks scheduled from follow-on schedule check
