[2024-11-17T06:59:42.938+0000] {logging_mixin.py:151} INFO - Changing /opt/***/logs/dag_id=model_training_pipeline/run_id=manual__2024-11-17T06:59:36.509469+00:00/task_id=check_natural_gas_spot_prices_s3 permission to 509
[2024-11-17T06:59:42.939+0000] {logging_mixin.py:151} INFO - Failed to change /opt/***/logs/dag_id=model_training_pipeline/run_id=manual__2024-11-17T06:59:36.509469+00:00/task_id=check_natural_gas_spot_prices_s3 permission to 509: [Errno 1] Operation not permitted: '/opt/***/logs/dag_id=model_training_pipeline/run_id=manual__2024-11-17T06:59:36.509469+00:00/task_id=check_natural_gas_spot_prices_s3'
[2024-11-17T06:59:42.972+0000] {logging_mixin.py:151} INFO - Changing /opt/***/logs/dag_id=model_training_pipeline/run_id=manual__2024-11-17T06:59:36.509469+00:00/task_id=check_natural_gas_spot_prices_s3 permission to 509
[2024-11-17T06:59:42.973+0000] {logging_mixin.py:151} INFO - Failed to change /opt/***/logs/dag_id=model_training_pipeline/run_id=manual__2024-11-17T06:59:36.509469+00:00/task_id=check_natural_gas_spot_prices_s3 permission to 509: [Errno 1] Operation not permitted: '/opt/***/logs/dag_id=model_training_pipeline/run_id=manual__2024-11-17T06:59:36.509469+00:00/task_id=check_natural_gas_spot_prices_s3'
[2024-11-17T06:59:43.001+0000] {taskinstance.py:1159} INFO - Dependencies all met for dep_context=non-requeueable deps ti=<TaskInstance: model_training_pipeline.check_natural_gas_spot_prices_s3 manual__2024-11-17T06:59:36.509469+00:00 [queued]>
[2024-11-17T06:59:43.011+0000] {taskinstance.py:1159} INFO - Dependencies all met for dep_context=requeueable deps ti=<TaskInstance: model_training_pipeline.check_natural_gas_spot_prices_s3 manual__2024-11-17T06:59:36.509469+00:00 [queued]>
[2024-11-17T06:59:43.011+0000] {taskinstance.py:1361} INFO - Starting attempt 1 of 2
[2024-11-17T06:59:43.028+0000] {taskinstance.py:1382} INFO - Executing <Task(S3KeySensor): check_natural_gas_spot_prices_s3> on 2024-11-17 06:59:36.509469+00:00
[2024-11-17T06:59:43.039+0000] {standard_task_runner.py:57} INFO - Started process 132310 to run task
[2024-11-17T06:59:43.041+0000] {standard_task_runner.py:84} INFO - Running: ['***', 'tasks', 'run', 'model_training_pipeline', 'check_natural_gas_spot_prices_s3', 'manual__2024-11-17T06:59:36.509469+00:00', '--job-id', '259', '--raw', '--subdir', 'DAGS_FOLDER/model_training_pipeline_dag/model_training_dag.py', '--cfg-path', '/tmp/tmpuwwrk0gx']
[2024-11-17T06:59:43.044+0000] {standard_task_runner.py:85} INFO - Job 259: Subtask check_natural_gas_spot_prices_s3
[2024-11-17T06:59:43.095+0000] {logging_mixin.py:151} INFO - Changing /opt/***/logs/dag_id=model_training_pipeline/run_id=manual__2024-11-17T06:59:36.509469+00:00/task_id=check_natural_gas_spot_prices_s3 permission to 509
[2024-11-17T06:59:43.096+0000] {logging_mixin.py:151} INFO - Failed to change /opt/***/logs/dag_id=model_training_pipeline/run_id=manual__2024-11-17T06:59:36.509469+00:00/task_id=check_natural_gas_spot_prices_s3 permission to 509: [Errno 1] Operation not permitted: '/opt/***/logs/dag_id=model_training_pipeline/run_id=manual__2024-11-17T06:59:36.509469+00:00/task_id=check_natural_gas_spot_prices_s3'
[2024-11-17T06:59:43.098+0000] {task_command.py:415} INFO - Running <TaskInstance: model_training_pipeline.check_natural_gas_spot_prices_s3 manual__2024-11-17T06:59:36.509469+00:00 [running]> on host 16801ac1f6e4
[2024-11-17T06:59:43.183+0000] {taskinstance.py:1660} INFO - Exporting env vars: AIRFLOW_CTX_DAG_OWNER='***' AIRFLOW_CTX_DAG_ID='model_training_pipeline' AIRFLOW_CTX_TASK_ID='check_natural_gas_spot_prices_s3' AIRFLOW_CTX_EXECUTION_DATE='2024-11-17T06:59:36.509469+00:00' AIRFLOW_CTX_TRY_NUMBER='1' AIRFLOW_CTX_DAG_RUN_ID='manual__2024-11-17T06:59:36.509469+00:00'
[2024-11-17T06:59:43.185+0000] {s3.py:106} INFO - Poking for key : s3://us-energy-price-forecasting/full_program/transformation/natural_gas_spot_prices/natural_gas_spot_prices_20241117
[2024-11-17T06:59:43.196+0000] {base.py:73} INFO - Using connection ID 'aws_connection' for task execution.
[2024-11-17T06:59:43.197+0000] {connection_wrapper.py:340} INFO - AWS Connection (conn_id='aws_connection', conn_type='aws') credentials retrieved from login and password.
[2024-11-17T06:59:44.839+0000] {base.py:281} INFO - Success criteria met. Exiting.
[2024-11-17T06:59:44.854+0000] {taskinstance.py:1400} INFO - Marking task as SUCCESS. dag_id=model_training_pipeline, task_id=check_natural_gas_spot_prices_s3, execution_date=20241117T065936, start_date=20241117T065943, end_date=20241117T065944
[2024-11-17T06:59:44.903+0000] {local_task_job_runner.py:228} INFO - Task exited with return code 0
[2024-11-17T06:59:44.957+0000] {taskinstance.py:2784} INFO - 1 downstream tasks scheduled from follow-on schedule check
