[2024-11-10T02:10:06.013+0000] {logging_mixin.py:151} INFO - Changing /opt/***/logs/dag_id=natural_gas_spot_prices_etl_pipeline/run_id=manual__2024-11-10T02:09:35.823776+00:00/task_id=drop_nulls permission to 509
[2024-11-10T02:10:06.014+0000] {logging_mixin.py:151} INFO - Failed to change /opt/***/logs/dag_id=natural_gas_spot_prices_etl_pipeline/run_id=manual__2024-11-10T02:09:35.823776+00:00/task_id=drop_nulls permission to 509: [Errno 1] Operation not permitted: '/opt/***/logs/dag_id=natural_gas_spot_prices_etl_pipeline/run_id=manual__2024-11-10T02:09:35.823776+00:00/task_id=drop_nulls'
[2024-11-10T02:10:06.040+0000] {logging_mixin.py:151} INFO - Changing /opt/***/logs/dag_id=natural_gas_spot_prices_etl_pipeline/run_id=manual__2024-11-10T02:09:35.823776+00:00/task_id=drop_nulls permission to 509
[2024-11-10T02:10:06.040+0000] {logging_mixin.py:151} INFO - Failed to change /opt/***/logs/dag_id=natural_gas_spot_prices_etl_pipeline/run_id=manual__2024-11-10T02:09:35.823776+00:00/task_id=drop_nulls permission to 509: [Errno 1] Operation not permitted: '/opt/***/logs/dag_id=natural_gas_spot_prices_etl_pipeline/run_id=manual__2024-11-10T02:09:35.823776+00:00/task_id=drop_nulls'
[2024-11-10T02:10:06.071+0000] {taskinstance.py:1159} INFO - Dependencies all met for dep_context=non-requeueable deps ti=<TaskInstance: natural_gas_spot_prices_etl_pipeline.drop_nulls manual__2024-11-10T02:09:35.823776+00:00 [queued]>
[2024-11-10T02:10:06.077+0000] {taskinstance.py:1159} INFO - Dependencies all met for dep_context=requeueable deps ti=<TaskInstance: natural_gas_spot_prices_etl_pipeline.drop_nulls manual__2024-11-10T02:09:35.823776+00:00 [queued]>
[2024-11-10T02:10:06.078+0000] {taskinstance.py:1361} INFO - Starting attempt 1 of 2
[2024-11-10T02:10:06.089+0000] {taskinstance.py:1382} INFO - Executing <Task(PythonOperator): drop_nulls> on 2024-11-10 02:09:35.823776+00:00
[2024-11-10T02:10:06.097+0000] {standard_task_runner.py:57} INFO - Started process 21578 to run task
[2024-11-10T02:10:06.099+0000] {standard_task_runner.py:84} INFO - Running: ['***', 'tasks', 'run', 'natural_gas_spot_prices_etl_pipeline', 'drop_nulls', 'manual__2024-11-10T02:09:35.823776+00:00', '--job-id', '24', '--raw', '--subdir', 'DAGS_FOLDER/eia_natural_gas_spot_prices_etl_pipeline_dag/eia_natural_gas_spot_prices_etl_pipeline_dag.py', '--cfg-path', '/tmp/tmpcpoialea']
[2024-11-10T02:10:06.101+0000] {standard_task_runner.py:85} INFO - Job 24: Subtask drop_nulls
[2024-11-10T02:10:06.141+0000] {logging_mixin.py:151} INFO - Changing /opt/***/logs/dag_id=natural_gas_spot_prices_etl_pipeline/run_id=manual__2024-11-10T02:09:35.823776+00:00/task_id=drop_nulls permission to 509
[2024-11-10T02:10:06.142+0000] {logging_mixin.py:151} INFO - Failed to change /opt/***/logs/dag_id=natural_gas_spot_prices_etl_pipeline/run_id=manual__2024-11-10T02:09:35.823776+00:00/task_id=drop_nulls permission to 509: [Errno 1] Operation not permitted: '/opt/***/logs/dag_id=natural_gas_spot_prices_etl_pipeline/run_id=manual__2024-11-10T02:09:35.823776+00:00/task_id=drop_nulls'
[2024-11-10T02:10:06.143+0000] {task_command.py:415} INFO - Running <TaskInstance: natural_gas_spot_prices_etl_pipeline.drop_nulls manual__2024-11-10T02:09:35.823776+00:00 [running]> on host 16801ac1f6e4
[2024-11-10T02:10:06.207+0000] {taskinstance.py:1660} INFO - Exporting env vars: AIRFLOW_CTX_DAG_OWNER='***' AIRFLOW_CTX_DAG_ID='natural_gas_spot_prices_etl_pipeline' AIRFLOW_CTX_TASK_ID='drop_nulls' AIRFLOW_CTX_EXECUTION_DATE='2024-11-10T02:09:35.823776+00:00' AIRFLOW_CTX_TRY_NUMBER='1' AIRFLOW_CTX_DAG_RUN_ID='manual__2024-11-10T02:09:35.823776+00:00'
[2024-11-10T02:10:09.426+0000] {logging_mixin.py:151} INFO - Error retrieving metadata: An error occurred (NoSuchKey) when calling the GetObject operation: The specified key does not exist.
[2024-11-10T02:10:12.720+0000] {python.py:194} INFO - Done. Returned value was: None
[2024-11-10T02:10:12.731+0000] {taskinstance.py:1400} INFO - Marking task as SUCCESS. dag_id=natural_gas_spot_prices_etl_pipeline, task_id=drop_nulls, execution_date=20241110T020935, start_date=20241110T021006, end_date=20241110T021012
[2024-11-10T02:10:12.768+0000] {local_task_job_runner.py:228} INFO - Task exited with return code 0
[2024-11-10T02:10:12.788+0000] {taskinstance.py:2784} INFO - 1 downstream tasks scheduled from follow-on schedule check
