[2024-11-18T10:28:57.104+0000] {logging_mixin.py:151} INFO - Changing /opt/***/logs/dag_id=model_training_pipeline/run_id=manual__2024-11-18T10:28:51.600561+00:00/task_id=check_natural_gas_spot_prices_s3 permission to 509
[2024-11-18T10:28:57.104+0000] {logging_mixin.py:151} INFO - Failed to change /opt/***/logs/dag_id=model_training_pipeline/run_id=manual__2024-11-18T10:28:51.600561+00:00/task_id=check_natural_gas_spot_prices_s3 permission to 509: [Errno 1] Operation not permitted: '/opt/***/logs/dag_id=model_training_pipeline/run_id=manual__2024-11-18T10:28:51.600561+00:00/task_id=check_natural_gas_spot_prices_s3'
[2024-11-18T10:28:57.127+0000] {logging_mixin.py:151} INFO - Changing /opt/***/logs/dag_id=model_training_pipeline/run_id=manual__2024-11-18T10:28:51.600561+00:00/task_id=check_natural_gas_spot_prices_s3 permission to 509
[2024-11-18T10:28:57.128+0000] {logging_mixin.py:151} INFO - Failed to change /opt/***/logs/dag_id=model_training_pipeline/run_id=manual__2024-11-18T10:28:51.600561+00:00/task_id=check_natural_gas_spot_prices_s3 permission to 509: [Errno 1] Operation not permitted: '/opt/***/logs/dag_id=model_training_pipeline/run_id=manual__2024-11-18T10:28:51.600561+00:00/task_id=check_natural_gas_spot_prices_s3'
[2024-11-18T10:28:57.148+0000] {taskinstance.py:1159} INFO - Dependencies all met for dep_context=non-requeueable deps ti=<TaskInstance: model_training_pipeline.check_natural_gas_spot_prices_s3 manual__2024-11-18T10:28:51.600561+00:00 [queued]>
[2024-11-18T10:28:57.155+0000] {taskinstance.py:1159} INFO - Dependencies all met for dep_context=requeueable deps ti=<TaskInstance: model_training_pipeline.check_natural_gas_spot_prices_s3 manual__2024-11-18T10:28:51.600561+00:00 [queued]>
[2024-11-18T10:28:57.155+0000] {taskinstance.py:1361} INFO - Starting attempt 1 of 2
[2024-11-18T10:28:57.167+0000] {taskinstance.py:1382} INFO - Executing <Task(S3KeySensor): check_natural_gas_spot_prices_s3> on 2024-11-18 10:28:51.600561+00:00
[2024-11-18T10:28:57.176+0000] {standard_task_runner.py:57} INFO - Started process 24542 to run task
[2024-11-18T10:28:57.178+0000] {standard_task_runner.py:84} INFO - Running: ['***', 'tasks', 'run', 'model_training_pipeline', 'check_natural_gas_spot_prices_s3', 'manual__2024-11-18T10:28:51.600561+00:00', '--job-id', '313', '--raw', '--subdir', 'DAGS_FOLDER/model_training_pipeline_dag/model_training_dag.py', '--cfg-path', '/tmp/tmpncwwvwdy']
[2024-11-18T10:28:57.180+0000] {standard_task_runner.py:85} INFO - Job 313: Subtask check_natural_gas_spot_prices_s3
[2024-11-18T10:28:57.223+0000] {logging_mixin.py:151} INFO - Changing /opt/***/logs/dag_id=model_training_pipeline/run_id=manual__2024-11-18T10:28:51.600561+00:00/task_id=check_natural_gas_spot_prices_s3 permission to 509
[2024-11-18T10:28:57.224+0000] {logging_mixin.py:151} INFO - Failed to change /opt/***/logs/dag_id=model_training_pipeline/run_id=manual__2024-11-18T10:28:51.600561+00:00/task_id=check_natural_gas_spot_prices_s3 permission to 509: [Errno 1] Operation not permitted: '/opt/***/logs/dag_id=model_training_pipeline/run_id=manual__2024-11-18T10:28:51.600561+00:00/task_id=check_natural_gas_spot_prices_s3'
[2024-11-18T10:28:57.226+0000] {task_command.py:415} INFO - Running <TaskInstance: model_training_pipeline.check_natural_gas_spot_prices_s3 manual__2024-11-18T10:28:51.600561+00:00 [running]> on host 16801ac1f6e4
[2024-11-18T10:28:57.299+0000] {taskinstance.py:1660} INFO - Exporting env vars: AIRFLOW_CTX_DAG_OWNER='***' AIRFLOW_CTX_DAG_ID='model_training_pipeline' AIRFLOW_CTX_TASK_ID='check_natural_gas_spot_prices_s3' AIRFLOW_CTX_EXECUTION_DATE='2024-11-18T10:28:51.600561+00:00' AIRFLOW_CTX_TRY_NUMBER='1' AIRFLOW_CTX_DAG_RUN_ID='manual__2024-11-18T10:28:51.600561+00:00'
[2024-11-18T10:28:57.301+0000] {s3.py:106} INFO - Poking for key : s3://us-energy-price-forecasting/full_program/transformation/natural_gas_spot_prices/natural_gas_spot_prices_20241118
[2024-11-18T10:28:57.314+0000] {base.py:73} INFO - Using connection ID 'aws_connection' for task execution.
[2024-11-18T10:28:57.315+0000] {connection_wrapper.py:340} INFO - AWS Connection (conn_id='aws_connection', conn_type='aws') credentials retrieved from login and password.
[2024-11-18T10:28:58.784+0000] {base.py:281} INFO - Success criteria met. Exiting.
[2024-11-18T10:28:58.794+0000] {taskinstance.py:1400} INFO - Marking task as SUCCESS. dag_id=model_training_pipeline, task_id=check_natural_gas_spot_prices_s3, execution_date=20241118T102851, start_date=20241118T102857, end_date=20241118T102858
[2024-11-18T10:28:58.837+0000] {local_task_job_runner.py:228} INFO - Task exited with return code 0
[2024-11-18T10:28:58.870+0000] {taskinstance.py:2784} INFO - 1 downstream tasks scheduled from follow-on schedule check
