[2024-11-17T06:59:50.831+0000] {logging_mixin.py:151} INFO - Changing /opt/***/logs/dag_id=model_training_pipeline/run_id=manual__2024-11-17T06:59:36.509469+00:00/task_id=merge_dataframes permission to 509
[2024-11-17T06:59:50.831+0000] {logging_mixin.py:151} INFO - Failed to change /opt/***/logs/dag_id=model_training_pipeline/run_id=manual__2024-11-17T06:59:36.509469+00:00/task_id=merge_dataframes permission to 509: [Errno 1] Operation not permitted: '/opt/***/logs/dag_id=model_training_pipeline/run_id=manual__2024-11-17T06:59:36.509469+00:00/task_id=merge_dataframes'
[2024-11-17T06:59:50.863+0000] {logging_mixin.py:151} INFO - Changing /opt/***/logs/dag_id=model_training_pipeline/run_id=manual__2024-11-17T06:59:36.509469+00:00/task_id=merge_dataframes permission to 509
[2024-11-17T06:59:50.864+0000] {logging_mixin.py:151} INFO - Failed to change /opt/***/logs/dag_id=model_training_pipeline/run_id=manual__2024-11-17T06:59:36.509469+00:00/task_id=merge_dataframes permission to 509: [Errno 1] Operation not permitted: '/opt/***/logs/dag_id=model_training_pipeline/run_id=manual__2024-11-17T06:59:36.509469+00:00/task_id=merge_dataframes'
[2024-11-17T06:59:50.898+0000] {taskinstance.py:1159} INFO - Dependencies all met for dep_context=non-requeueable deps ti=<TaskInstance: model_training_pipeline.merge_dataframes manual__2024-11-17T06:59:36.509469+00:00 [queued]>
[2024-11-17T06:59:50.908+0000] {taskinstance.py:1159} INFO - Dependencies all met for dep_context=requeueable deps ti=<TaskInstance: model_training_pipeline.merge_dataframes manual__2024-11-17T06:59:36.509469+00:00 [queued]>
[2024-11-17T06:59:50.909+0000] {taskinstance.py:1361} INFO - Starting attempt 1 of 2
[2024-11-17T06:59:50.923+0000] {taskinstance.py:1382} INFO - Executing <Task(PythonOperator): merge_dataframes> on 2024-11-17 06:59:36.509469+00:00
[2024-11-17T06:59:50.934+0000] {standard_task_runner.py:57} INFO - Started process 132375 to run task
[2024-11-17T06:59:50.936+0000] {standard_task_runner.py:84} INFO - Running: ['***', 'tasks', 'run', 'model_training_pipeline', 'merge_dataframes', 'manual__2024-11-17T06:59:36.509469+00:00', '--job-id', '260', '--raw', '--subdir', 'DAGS_FOLDER/model_training_pipeline_dag/model_training_dag.py', '--cfg-path', '/tmp/tmpcent99f5']
[2024-11-17T06:59:50.942+0000] {standard_task_runner.py:85} INFO - Job 260: Subtask merge_dataframes
[2024-11-17T06:59:50.992+0000] {logging_mixin.py:151} INFO - Changing /opt/***/logs/dag_id=model_training_pipeline/run_id=manual__2024-11-17T06:59:36.509469+00:00/task_id=merge_dataframes permission to 509
[2024-11-17T06:59:50.993+0000] {logging_mixin.py:151} INFO - Failed to change /opt/***/logs/dag_id=model_training_pipeline/run_id=manual__2024-11-17T06:59:36.509469+00:00/task_id=merge_dataframes permission to 509: [Errno 1] Operation not permitted: '/opt/***/logs/dag_id=model_training_pipeline/run_id=manual__2024-11-17T06:59:36.509469+00:00/task_id=merge_dataframes'
[2024-11-17T06:59:50.995+0000] {task_command.py:415} INFO - Running <TaskInstance: model_training_pipeline.merge_dataframes manual__2024-11-17T06:59:36.509469+00:00 [running]> on host 16801ac1f6e4
[2024-11-17T06:59:51.079+0000] {taskinstance.py:1660} INFO - Exporting env vars: AIRFLOW_CTX_DAG_OWNER='***' AIRFLOW_CTX_DAG_ID='model_training_pipeline' AIRFLOW_CTX_TASK_ID='merge_dataframes' AIRFLOW_CTX_EXECUTION_DATE='2024-11-17T06:59:36.509469+00:00' AIRFLOW_CTX_TRY_NUMBER='1' AIRFLOW_CTX_DAG_RUN_ID='manual__2024-11-17T06:59:36.509469+00:00'
[2024-11-17T07:00:27.359+0000] {taskinstance.py:1943} ERROR - Task failed with exception
Traceback (most recent call last):
  File "/home/airflow/.local/lib/python3.8/site-packages/airflow/operators/python.py", line 192, in execute
    return_value = self.execute_callable()
  File "/home/airflow/.local/lib/python3.8/site-packages/airflow/operators/python.py", line 209, in execute_callable
    return self.python_callable(*self.op_args, **self.op_kwargs)
  File "/opt/airflow/dags/model_training_pipeline_dag/merge_datasets.py", line 39, in merge_dataframes
    s3.put_data(data=merged_df, folder='full_program/curated/training_data/', object_key=f'curated_training_data_{formatted_date}')
  File "/opt/airflow/dags/utils/aws.py", line 94, in put_data
    data_json = json.dumps(data)
  File "/usr/local/lib/python3.8/json/__init__.py", line 231, in dumps
    return _default_encoder.encode(obj)
  File "/usr/local/lib/python3.8/json/encoder.py", line 199, in encode
    chunks = self.iterencode(o, _one_shot=True)
  File "/usr/local/lib/python3.8/json/encoder.py", line 257, in iterencode
    return _iterencode(o, 0)
  File "/usr/local/lib/python3.8/json/encoder.py", line 179, in default
    raise TypeError(f'Object of type {o.__class__.__name__} '
TypeError: Object of type Timestamp is not JSON serializable
[2024-11-17T07:00:27.388+0000] {taskinstance.py:1400} INFO - Marking task as UP_FOR_RETRY. dag_id=model_training_pipeline, task_id=merge_dataframes, execution_date=20241117T065936, start_date=20241117T065950, end_date=20241117T070027
[2024-11-17T07:00:27.406+0000] {standard_task_runner.py:104} ERROR - Failed to execute job 260 for task merge_dataframes (Object of type Timestamp is not JSON serializable; 132375)
[2024-11-17T07:00:27.467+0000] {local_task_job_runner.py:228} INFO - Task exited with return code 1
[2024-11-17T07:00:27.503+0000] {taskinstance.py:2784} INFO - 0 downstream tasks scheduled from follow-on schedule check
