[2024-11-10T22:46:18.227+0000] {logging_mixin.py:151} INFO - Changing /opt/***/logs/dag_id=noaa_etl_pipeline/run_id=manual__2024-11-10T22:45:42.445373+00:00/task_id=calculate_missing_average_temperature permission to 509
[2024-11-10T22:46:18.228+0000] {logging_mixin.py:151} INFO - Failed to change /opt/***/logs/dag_id=noaa_etl_pipeline/run_id=manual__2024-11-10T22:45:42.445373+00:00/task_id=calculate_missing_average_temperature permission to 509: [Errno 1] Operation not permitted: '/opt/***/logs/dag_id=noaa_etl_pipeline/run_id=manual__2024-11-10T22:45:42.445373+00:00/task_id=calculate_missing_average_temperature'
[2024-11-10T22:46:18.259+0000] {logging_mixin.py:151} INFO - Changing /opt/***/logs/dag_id=noaa_etl_pipeline/run_id=manual__2024-11-10T22:45:42.445373+00:00/task_id=calculate_missing_average_temperature permission to 509
[2024-11-10T22:46:18.260+0000] {logging_mixin.py:151} INFO - Failed to change /opt/***/logs/dag_id=noaa_etl_pipeline/run_id=manual__2024-11-10T22:45:42.445373+00:00/task_id=calculate_missing_average_temperature permission to 509: [Errno 1] Operation not permitted: '/opt/***/logs/dag_id=noaa_etl_pipeline/run_id=manual__2024-11-10T22:45:42.445373+00:00/task_id=calculate_missing_average_temperature'
[2024-11-10T22:46:18.301+0000] {taskinstance.py:1159} INFO - Dependencies all met for dep_context=non-requeueable deps ti=<TaskInstance: noaa_etl_pipeline.calculate_missing_average_temperature manual__2024-11-10T22:45:42.445373+00:00 [queued]>
[2024-11-10T22:46:18.309+0000] {taskinstance.py:1159} INFO - Dependencies all met for dep_context=requeueable deps ti=<TaskInstance: noaa_etl_pipeline.calculate_missing_average_temperature manual__2024-11-10T22:45:42.445373+00:00 [queued]>
[2024-11-10T22:46:18.310+0000] {taskinstance.py:1361} INFO - Starting attempt 2 of 2
[2024-11-10T22:46:18.324+0000] {taskinstance.py:1382} INFO - Executing <Task(PythonOperator): calculate_missing_average_temperature> on 2024-11-10 22:45:42.445373+00:00
[2024-11-10T22:46:18.332+0000] {standard_task_runner.py:57} INFO - Started process 5126 to run task
[2024-11-10T22:46:18.334+0000] {standard_task_runner.py:84} INFO - Running: ['***', 'tasks', 'run', 'noaa_etl_pipeline', 'calculate_missing_average_temperature', 'manual__2024-11-10T22:45:42.445373+00:00', '--job-id', '142', '--raw', '--subdir', 'DAGS_FOLDER/noaa_etl_pipeline_dag/noaa_etl_pipeline_dag.py', '--cfg-path', '/tmp/tmpvzd8crzo']
[2024-11-10T22:46:18.336+0000] {standard_task_runner.py:85} INFO - Job 142: Subtask calculate_missing_average_temperature
[2024-11-10T22:46:18.381+0000] {logging_mixin.py:151} INFO - Changing /opt/***/logs/dag_id=noaa_etl_pipeline/run_id=manual__2024-11-10T22:45:42.445373+00:00/task_id=calculate_missing_average_temperature permission to 509
[2024-11-10T22:46:18.382+0000] {logging_mixin.py:151} INFO - Failed to change /opt/***/logs/dag_id=noaa_etl_pipeline/run_id=manual__2024-11-10T22:45:42.445373+00:00/task_id=calculate_missing_average_temperature permission to 509: [Errno 1] Operation not permitted: '/opt/***/logs/dag_id=noaa_etl_pipeline/run_id=manual__2024-11-10T22:45:42.445373+00:00/task_id=calculate_missing_average_temperature'
[2024-11-10T22:46:18.383+0000] {task_command.py:415} INFO - Running <TaskInstance: noaa_etl_pipeline.calculate_missing_average_temperature manual__2024-11-10T22:45:42.445373+00:00 [running]> on host 16801ac1f6e4
[2024-11-10T22:46:18.472+0000] {taskinstance.py:1660} INFO - Exporting env vars: AIRFLOW_CTX_DAG_OWNER='***' AIRFLOW_CTX_DAG_ID='noaa_etl_pipeline' AIRFLOW_CTX_TASK_ID='calculate_missing_average_temperature' AIRFLOW_CTX_EXECUTION_DATE='2024-11-10T22:45:42.445373+00:00' AIRFLOW_CTX_TRY_NUMBER='2' AIRFLOW_CTX_DAG_RUN_ID='manual__2024-11-10T22:45:42.445373+00:00'
[2024-11-10T22:46:20.035+0000] {logging_mixin.py:151} INFO - Error retrieving metadata: An error occurred (NoSuchKey) when calling the GetObject operation: The specified key does not exist.
[2024-11-10T22:46:20.037+0000] {logging_mixin.py:151} INFO - Data successfully converted to df
[2024-11-10T22:46:20.038+0000] {logging_mixin.py:151} INFO - 0
[2024-11-10T22:46:20.039+0000] {taskinstance.py:1943} ERROR - Task failed with exception
Traceback (most recent call last):
  File "/home/airflow/.local/lib/python3.8/site-packages/airflow/operators/python.py", line 192, in execute
    return_value = self.execute_callable()
  File "/home/airflow/.local/lib/python3.8/site-packages/airflow/operators/python.py", line 209, in execute_callable
    return self.python_callable(*self.op_args, **self.op_kwargs)
  File "/opt/airflow/dags/noaa_etl_pipeline_dag/calculate_missing_average_temperature.py", line 25, in calculate_missing_average_temperature
    daily_weather_df = NoaaTransformation.calculate_missing_tavg(df=daily_weather_df)
  File "/opt/airflow/dags/transformation/noaa_api_transformation.py", line 130, in calculate_missing_tavg
    tmin_rows = df[df['datatype'] == 'TMIN']
  File "/home/airflow/.local/lib/python3.8/site-packages/pandas/core/frame.py", line 3761, in __getitem__
    indexer = self.columns.get_loc(key)
  File "/home/airflow/.local/lib/python3.8/site-packages/pandas/core/indexes/range.py", line 349, in get_loc
    raise KeyError(key)
KeyError: 'datatype'
[2024-11-10T22:46:20.064+0000] {taskinstance.py:1400} INFO - Marking task as FAILED. dag_id=noaa_etl_pipeline, task_id=calculate_missing_average_temperature, execution_date=20241110T224542, start_date=20241110T224618, end_date=20241110T224620
[2024-11-10T22:46:20.082+0000] {standard_task_runner.py:104} ERROR - Failed to execute job 142 for task calculate_missing_average_temperature ('datatype'; 5126)
[2024-11-10T22:46:20.114+0000] {local_task_job_runner.py:228} INFO - Task exited with return code 1
[2024-11-10T22:46:20.144+0000] {taskinstance.py:2784} INFO - 0 downstream tasks scheduled from follow-on schedule check
