[2024-11-10T22:45:44.609+0000] {logging_mixin.py:151} INFO - Changing /opt/***/logs/dag_id=noaa_etl_pipeline/run_id=manual__2024-11-10T22:45:42.445373+00:00/task_id=calculate_missing_average_temperature permission to 509
[2024-11-10T22:45:44.609+0000] {logging_mixin.py:151} INFO - Failed to change /opt/***/logs/dag_id=noaa_etl_pipeline/run_id=manual__2024-11-10T22:45:42.445373+00:00/task_id=calculate_missing_average_temperature permission to 509: [Errno 1] Operation not permitted: '/opt/***/logs/dag_id=noaa_etl_pipeline/run_id=manual__2024-11-10T22:45:42.445373+00:00/task_id=calculate_missing_average_temperature'
[2024-11-10T22:45:44.644+0000] {logging_mixin.py:151} INFO - Changing /opt/***/logs/dag_id=noaa_etl_pipeline/run_id=manual__2024-11-10T22:45:42.445373+00:00/task_id=calculate_missing_average_temperature permission to 509
[2024-11-10T22:45:44.644+0000] {logging_mixin.py:151} INFO - Failed to change /opt/***/logs/dag_id=noaa_etl_pipeline/run_id=manual__2024-11-10T22:45:42.445373+00:00/task_id=calculate_missing_average_temperature permission to 509: [Errno 1] Operation not permitted: '/opt/***/logs/dag_id=noaa_etl_pipeline/run_id=manual__2024-11-10T22:45:42.445373+00:00/task_id=calculate_missing_average_temperature'
[2024-11-10T22:45:44.690+0000] {taskinstance.py:1159} INFO - Dependencies all met for dep_context=non-requeueable deps ti=<TaskInstance: noaa_etl_pipeline.calculate_missing_average_temperature manual__2024-11-10T22:45:42.445373+00:00 [queued]>
[2024-11-10T22:45:44.700+0000] {taskinstance.py:1159} INFO - Dependencies all met for dep_context=requeueable deps ti=<TaskInstance: noaa_etl_pipeline.calculate_missing_average_temperature manual__2024-11-10T22:45:42.445373+00:00 [queued]>
[2024-11-10T22:45:44.701+0000] {taskinstance.py:1361} INFO - Starting attempt 1 of 2
[2024-11-10T22:45:44.720+0000] {taskinstance.py:1382} INFO - Executing <Task(PythonOperator): calculate_missing_average_temperature> on 2024-11-10 22:45:42.445373+00:00
[2024-11-10T22:45:44.728+0000] {standard_task_runner.py:57} INFO - Started process 5044 to run task
[2024-11-10T22:45:44.731+0000] {standard_task_runner.py:84} INFO - Running: ['***', 'tasks', 'run', 'noaa_etl_pipeline', 'calculate_missing_average_temperature', 'manual__2024-11-10T22:45:42.445373+00:00', '--job-id', '141', '--raw', '--subdir', 'DAGS_FOLDER/noaa_etl_pipeline_dag/noaa_etl_pipeline_dag.py', '--cfg-path', '/tmp/tmp7o_tw_ji']
[2024-11-10T22:45:44.733+0000] {standard_task_runner.py:85} INFO - Job 141: Subtask calculate_missing_average_temperature
[2024-11-10T22:45:44.781+0000] {logging_mixin.py:151} INFO - Changing /opt/***/logs/dag_id=noaa_etl_pipeline/run_id=manual__2024-11-10T22:45:42.445373+00:00/task_id=calculate_missing_average_temperature permission to 509
[2024-11-10T22:45:44.782+0000] {logging_mixin.py:151} INFO - Failed to change /opt/***/logs/dag_id=noaa_etl_pipeline/run_id=manual__2024-11-10T22:45:42.445373+00:00/task_id=calculate_missing_average_temperature permission to 509: [Errno 1] Operation not permitted: '/opt/***/logs/dag_id=noaa_etl_pipeline/run_id=manual__2024-11-10T22:45:42.445373+00:00/task_id=calculate_missing_average_temperature'
[2024-11-10T22:45:44.784+0000] {task_command.py:415} INFO - Running <TaskInstance: noaa_etl_pipeline.calculate_missing_average_temperature manual__2024-11-10T22:45:42.445373+00:00 [running]> on host 16801ac1f6e4
[2024-11-10T22:45:44.874+0000] {taskinstance.py:1660} INFO - Exporting env vars: AIRFLOW_CTX_DAG_OWNER='***' AIRFLOW_CTX_DAG_ID='noaa_etl_pipeline' AIRFLOW_CTX_TASK_ID='calculate_missing_average_temperature' AIRFLOW_CTX_EXECUTION_DATE='2024-11-10T22:45:42.445373+00:00' AIRFLOW_CTX_TRY_NUMBER='1' AIRFLOW_CTX_DAG_RUN_ID='manual__2024-11-10T22:45:42.445373+00:00'
[2024-11-10T22:45:46.100+0000] {logging_mixin.py:151} INFO - Error retrieving metadata: An error occurred (NoSuchKey) when calling the GetObject operation: The specified key does not exist.
[2024-11-10T22:45:46.103+0000] {logging_mixin.py:151} INFO - Data successfully converted to df
[2024-11-10T22:45:46.104+0000] {logging_mixin.py:151} INFO - 0
[2024-11-10T22:45:46.105+0000] {taskinstance.py:1943} ERROR - Task failed with exception
Traceback (most recent call last):
  File "/home/airflow/.local/lib/python3.8/site-packages/airflow/operators/python.py", line 192, in execute
    return_value = self.execute_callable()
  File "/home/airflow/.local/lib/python3.8/site-packages/airflow/operators/python.py", line 209, in execute_callable
    return self.python_callable(*self.op_args, **self.op_kwargs)
  File "/opt/airflow/dags/noaa_etl_pipeline_dag/calculate_missing_average_temperature.py", line 25, in calculate_missing_average_temperature
    daily_weather_df = NoaaTransformation.calculate_missing_tavg(df=daily_weather_df)
  File "/opt/airflow/dags/transformation/noaa_api_transformation.py", line 130, in calculate_missing_tavg
    tmin_rows = df[df['datatype'] == 'TMIN']
  File "/home/airflow/.local/lib/python3.8/site-packages/pandas/core/frame.py", line 3761, in __getitem__
    indexer = self.columns.get_loc(key)
  File "/home/airflow/.local/lib/python3.8/site-packages/pandas/core/indexes/range.py", line 349, in get_loc
    raise KeyError(key)
KeyError: 'datatype'
[2024-11-10T22:45:46.127+0000] {taskinstance.py:1400} INFO - Marking task as UP_FOR_RETRY. dag_id=noaa_etl_pipeline, task_id=calculate_missing_average_temperature, execution_date=20241110T224542, start_date=20241110T224544, end_date=20241110T224546
[2024-11-10T22:45:46.143+0000] {standard_task_runner.py:104} ERROR - Failed to execute job 141 for task calculate_missing_average_temperature ('datatype'; 5044)
[2024-11-10T22:45:46.189+0000] {local_task_job_runner.py:228} INFO - Task exited with return code 1
[2024-11-10T22:45:46.215+0000] {taskinstance.py:2784} INFO - 0 downstream tasks scheduled from follow-on schedule check
