[2024-11-23T08:49:46.482+0000] {logging_mixin.py:151} INFO - Changing /opt/***/logs/dag_id=model_training_pipeline/run_id=manual__2024-11-23T08:49:39.221119+00:00/task_id=train_model permission to 509
[2024-11-23T08:49:46.483+0000] {logging_mixin.py:151} INFO - Failed to change /opt/***/logs/dag_id=model_training_pipeline/run_id=manual__2024-11-23T08:49:39.221119+00:00/task_id=train_model permission to 509: [Errno 1] Operation not permitted: '/opt/***/logs/dag_id=model_training_pipeline/run_id=manual__2024-11-23T08:49:39.221119+00:00/task_id=train_model'
[2024-11-23T08:49:46.519+0000] {logging_mixin.py:151} INFO - Changing /opt/***/logs/dag_id=model_training_pipeline/run_id=manual__2024-11-23T08:49:39.221119+00:00/task_id=train_model permission to 509
[2024-11-23T08:49:46.521+0000] {logging_mixin.py:151} INFO - Failed to change /opt/***/logs/dag_id=model_training_pipeline/run_id=manual__2024-11-23T08:49:39.221119+00:00/task_id=train_model permission to 509: [Errno 1] Operation not permitted: '/opt/***/logs/dag_id=model_training_pipeline/run_id=manual__2024-11-23T08:49:39.221119+00:00/task_id=train_model'
[2024-11-23T08:49:46.551+0000] {taskinstance.py:1159} INFO - Dependencies all met for dep_context=non-requeueable deps ti=<TaskInstance: model_training_pipeline.train_model manual__2024-11-23T08:49:39.221119+00:00 [queued]>
[2024-11-23T08:49:46.560+0000] {taskinstance.py:1159} INFO - Dependencies all met for dep_context=requeueable deps ti=<TaskInstance: model_training_pipeline.train_model manual__2024-11-23T08:49:39.221119+00:00 [queued]>
[2024-11-23T08:49:46.561+0000] {taskinstance.py:1361} INFO - Starting attempt 1 of 2
[2024-11-23T08:49:46.577+0000] {taskinstance.py:1382} INFO - Executing <Task(PythonOperator): train_model> on 2024-11-23 08:49:39.221119+00:00
[2024-11-23T08:49:46.589+0000] {standard_task_runner.py:57} INFO - Started process 29605 to run task
[2024-11-23T08:49:46.591+0000] {standard_task_runner.py:84} INFO - Running: ['***', 'tasks', 'run', 'model_training_pipeline', 'train_model', 'manual__2024-11-23T08:49:39.221119+00:00', '--job-id', '388', '--raw', '--subdir', 'DAGS_FOLDER/model_training_pipeline_dag/model_training_dag.py', '--cfg-path', '/tmp/tmp5bcobpmq']
[2024-11-23T08:49:46.594+0000] {standard_task_runner.py:85} INFO - Job 388: Subtask train_model
[2024-11-23T08:49:46.645+0000] {logging_mixin.py:151} INFO - Changing /opt/***/logs/dag_id=model_training_pipeline/run_id=manual__2024-11-23T08:49:39.221119+00:00/task_id=train_model permission to 509
[2024-11-23T08:49:46.646+0000] {logging_mixin.py:151} INFO - Failed to change /opt/***/logs/dag_id=model_training_pipeline/run_id=manual__2024-11-23T08:49:39.221119+00:00/task_id=train_model permission to 509: [Errno 1] Operation not permitted: '/opt/***/logs/dag_id=model_training_pipeline/run_id=manual__2024-11-23T08:49:39.221119+00:00/task_id=train_model'
[2024-11-23T08:49:46.648+0000] {task_command.py:415} INFO - Running <TaskInstance: model_training_pipeline.train_model manual__2024-11-23T08:49:39.221119+00:00 [running]> on host 2445c017a334
[2024-11-23T08:49:46.749+0000] {taskinstance.py:1660} INFO - Exporting env vars: AIRFLOW_CTX_DAG_OWNER='***' AIRFLOW_CTX_DAG_ID='model_training_pipeline' AIRFLOW_CTX_TASK_ID='train_model' AIRFLOW_CTX_EXECUTION_DATE='2024-11-23T08:49:39.221119+00:00' AIRFLOW_CTX_TRY_NUMBER='1' AIRFLOW_CTX_DAG_RUN_ID='manual__2024-11-23T08:49:39.221119+00:00'
[2024-11-23T08:53:43.788+0000] {logging_mixin.py:151} INFO - Data has been normalised
[2024-11-23T08:53:44.799+0000] {logging_mixin.py:151} WARNING - 2024/11/23 08:53:44 WARNING mlflow.utils.git_utils: Failed to import Git (the Git executable is probably not on your PATH), so Git SHA is not available. Error: Failed to initialize: Bad git executable.
The git executable must be specified in one of the following ways:
    - be included in your $PATH
    - be set via $GIT_PYTHON_GIT_EXECUTABLE
    - explicitly set via git.refresh(<full-path-to-git-executable>)

All git commands will error until this is rectified.

This initial message can be silenced or aggravated in the future by setting the
$GIT_PYTHON_REFRESH environment variable. Use one of the following values:
    - quiet|q|silence|s|silent|none|n|0: for no message or exception
    - warn|w|warning|log|l|1: for a warning message (logging level CRITICAL, displayed by default)
    - error|e|exception|raise|r|2: for a raised exception

Example:
    export GIT_PYTHON_REFRESH=quiet
[2024-11-23T08:53:45.040+0000] {logging_mixin.py:151} INFO -  X_train columns : Index(['price_heating_oil ($/GAL)', 'imports', 'lng_imports',
       'natural_gas_rigs_in_operation', 'price_1day_lag ($/MMBTU)',
       'price_2day_lag ($/MMBTU)', 'price_3day_lag ($/MMBTU)',
       'heating_oil_natural_gas_price_ratio',
       '7day_ew_volatility price ($/MMBTU)',
       '14day_ew_volatility price ($/MMBTU)',
       '30day_ew_volatility price ($/MMBTU)',
       '60day_ew_volatility price ($/MMBTU)',
       '7day_rolling_average price ($/MMBTU)',
       '14day_rolling_average price ($/MMBTU)',
       '30day_rolling_average price ($/MMBTU)',
       '7day_rolling_median price ($/MMBTU)',
       '14day_rolling_median price ($/MMBTU)',
       '30day_rolling_median price ($/MMBTU)',
       'total_consumption_total_underground_storage_ratio', 'is_dec_or_jan',
       'hdd_max', 'cdd_max', 'min_tavg', 'max_tavg', 'max_abs_tavg_diff',
       'max_abs_tavg_diff_relative_to_daily_median'],
      dtype='object')
[2024-11-23T08:53:45.055+0000] {logging_mixin.py:151} INFO -  Null values by column: price_heating_oil ($/GAL)                            0
imports                                              0
lng_imports                                          0
natural_gas_rigs_in_operation                        0
price_1day_lag ($/MMBTU)                             0
price_2day_lag ($/MMBTU)                             0
price_3day_lag ($/MMBTU)                             0
heating_oil_natural_gas_price_ratio                  0
7day_ew_volatility price ($/MMBTU)                   0
14day_ew_volatility price ($/MMBTU)                  0
30day_ew_volatility price ($/MMBTU)                  0
60day_ew_volatility price ($/MMBTU)                  0
7day_rolling_average price ($/MMBTU)                 0
14day_rolling_average price ($/MMBTU)                0
30day_rolling_average price ($/MMBTU)                0
7day_rolling_median price ($/MMBTU)                  0
14day_rolling_median price ($/MMBTU)                 0
30day_rolling_median price ($/MMBTU)                 0
total_consumption_total_underground_storage_ratio    0
is_dec_or_jan                                        0
hdd_max                                              0
cdd_max                                              0
min_tavg                                             0
max_tavg                                             0
max_abs_tavg_diff                                    0
max_abs_tavg_diff_relative_to_daily_median           0
dtype: int64
[2024-11-23T08:53:45.056+0000] {logging_mixin.py:151} INFO - X_train shape: (168220, 26)
[2024-11-23T08:53:45.057+0000] {logging_mixin.py:151} INFO - X_test shape: (33644, 26)
[2024-11-23T08:53:45.101+0000] {logging_mixin.py:151} INFO - Batch shape: (128, 30, 26), (128,)
[2024-11-23T08:53:45.166+0000] {logging_mixin.py:151} WARNING - 2024/11/23 08:53:45 INFO mlflow.tracking._tracking_service.client: 🏃 View run GRU_7_day_horizon_30_20241123 at: http://mlflow:5000/#/experiments/1/runs/e58a5c48353f46e7b71c06fef07d40bb.
[2024-11-23T08:53:45.167+0000] {logging_mixin.py:151} WARNING - 2024/11/23 08:53:45 INFO mlflow.tracking._tracking_service.client: 🧪 View experiment at: http://mlflow:5000/#/experiments/1.
[2024-11-23T08:53:45.230+0000] {taskinstance.py:1943} ERROR - Task failed with exception
Traceback (most recent call last):
  File "/home/airflow/.local/lib/python3.8/site-packages/airflow/operators/python.py", line 192, in execute
    return_value = self.execute_callable()
  File "/home/airflow/.local/lib/python3.8/site-packages/airflow/operators/python.py", line 209, in execute_callable
    return self.python_callable(*self.op_args, **self.op_kwargs)
  File "/opt/airflow/dags/model_training_pipeline_dag/train_model.py", line 74, in train_model
    Model.train_model(x_train=X_train, y_train=y_train, x_test=X_test, y_test=y_test, time_steps=30, experiment_id=experiment_id, forecast_horizon=7, batch_size=128)
  File "/opt/airflow/dags/modelling/model.py", line 56, in train_model
    train_gen = train_gen.repeat()  # Ensure infinite looping of training data
AttributeError: 'generator' object has no attribute 'repeat'
[2024-11-23T08:53:45.265+0000] {taskinstance.py:1400} INFO - Marking task as UP_FOR_RETRY. dag_id=model_training_pipeline, task_id=train_model, execution_date=20241123T084939, start_date=20241123T084946, end_date=20241123T085345
[2024-11-23T08:53:45.288+0000] {standard_task_runner.py:104} ERROR - Failed to execute job 388 for task train_model ('generator' object has no attribute 'repeat'; 29605)
[2024-11-23T08:53:45.402+0000] {local_task_job_runner.py:228} INFO - Task exited with return code 1
[2024-11-23T08:53:45.436+0000] {taskinstance.py:2784} INFO - 0 downstream tasks scheduled from follow-on schedule check
