[2024-11-10T02:14:05.743+0000] {logging_mixin.py:151} INFO - Changing /opt/***/logs/dag_id=natural_gas_spot_prices_etl_pipeline/run_id=manual__2024-11-10T02:12:37.071744+00:00/task_id=rename_columns permission to 509
[2024-11-10T02:14:05.744+0000] {logging_mixin.py:151} INFO - Failed to change /opt/***/logs/dag_id=natural_gas_spot_prices_etl_pipeline/run_id=manual__2024-11-10T02:12:37.071744+00:00/task_id=rename_columns permission to 509: [Errno 1] Operation not permitted: '/opt/***/logs/dag_id=natural_gas_spot_prices_etl_pipeline/run_id=manual__2024-11-10T02:12:37.071744+00:00/task_id=rename_columns'
[2024-11-10T02:14:05.776+0000] {logging_mixin.py:151} INFO - Changing /opt/***/logs/dag_id=natural_gas_spot_prices_etl_pipeline/run_id=manual__2024-11-10T02:12:37.071744+00:00/task_id=rename_columns permission to 509
[2024-11-10T02:14:05.776+0000] {logging_mixin.py:151} INFO - Failed to change /opt/***/logs/dag_id=natural_gas_spot_prices_etl_pipeline/run_id=manual__2024-11-10T02:12:37.071744+00:00/task_id=rename_columns permission to 509: [Errno 1] Operation not permitted: '/opt/***/logs/dag_id=natural_gas_spot_prices_etl_pipeline/run_id=manual__2024-11-10T02:12:37.071744+00:00/task_id=rename_columns'
[2024-11-10T02:14:05.805+0000] {taskinstance.py:1159} INFO - Dependencies all met for dep_context=non-requeueable deps ti=<TaskInstance: natural_gas_spot_prices_etl_pipeline.rename_columns manual__2024-11-10T02:12:37.071744+00:00 [queued]>
[2024-11-10T02:14:05.812+0000] {taskinstance.py:1159} INFO - Dependencies all met for dep_context=requeueable deps ti=<TaskInstance: natural_gas_spot_prices_etl_pipeline.rename_columns manual__2024-11-10T02:12:37.071744+00:00 [queued]>
[2024-11-10T02:14:05.813+0000] {taskinstance.py:1361} INFO - Starting attempt 1 of 2
[2024-11-10T02:14:05.825+0000] {taskinstance.py:1382} INFO - Executing <Task(PythonOperator): rename_columns> on 2024-11-10 02:12:37.071744+00:00
[2024-11-10T02:14:05.833+0000] {standard_task_runner.py:57} INFO - Started process 22327 to run task
[2024-11-10T02:14:05.835+0000] {standard_task_runner.py:84} INFO - Running: ['***', 'tasks', 'run', 'natural_gas_spot_prices_etl_pipeline', 'rename_columns', 'manual__2024-11-10T02:12:37.071744+00:00', '--job-id', '29', '--raw', '--subdir', 'DAGS_FOLDER/eia_natural_gas_spot_prices_etl_pipeline_dag/eia_natural_gas_spot_prices_etl_pipeline_dag.py', '--cfg-path', '/tmp/tmpj8tjncew']
[2024-11-10T02:14:05.837+0000] {standard_task_runner.py:85} INFO - Job 29: Subtask rename_columns
[2024-11-10T02:14:05.875+0000] {logging_mixin.py:151} INFO - Changing /opt/***/logs/dag_id=natural_gas_spot_prices_etl_pipeline/run_id=manual__2024-11-10T02:12:37.071744+00:00/task_id=rename_columns permission to 509
[2024-11-10T02:14:05.876+0000] {logging_mixin.py:151} INFO - Failed to change /opt/***/logs/dag_id=natural_gas_spot_prices_etl_pipeline/run_id=manual__2024-11-10T02:12:37.071744+00:00/task_id=rename_columns permission to 509: [Errno 1] Operation not permitted: '/opt/***/logs/dag_id=natural_gas_spot_prices_etl_pipeline/run_id=manual__2024-11-10T02:12:37.071744+00:00/task_id=rename_columns'
[2024-11-10T02:14:05.877+0000] {task_command.py:415} INFO - Running <TaskInstance: natural_gas_spot_prices_etl_pipeline.rename_columns manual__2024-11-10T02:12:37.071744+00:00 [running]> on host 16801ac1f6e4
[2024-11-10T02:14:05.946+0000] {taskinstance.py:1660} INFO - Exporting env vars: AIRFLOW_CTX_DAG_OWNER='***' AIRFLOW_CTX_DAG_ID='natural_gas_spot_prices_etl_pipeline' AIRFLOW_CTX_TASK_ID='rename_columns' AIRFLOW_CTX_EXECUTION_DATE='2024-11-10T02:12:37.071744+00:00' AIRFLOW_CTX_TRY_NUMBER='1' AIRFLOW_CTX_DAG_RUN_ID='manual__2024-11-10T02:12:37.071744+00:00'
[2024-11-10T02:14:07.573+0000] {logging_mixin.py:151} INFO - Error retrieving metadata: An error occurred (NoSuchKey) when calling the GetObject operation: The specified key does not exist.
[2024-11-10T02:14:09.469+0000] {python.py:194} INFO - Done. Returned value was: None
[2024-11-10T02:14:09.481+0000] {taskinstance.py:1400} INFO - Marking task as SUCCESS. dag_id=natural_gas_spot_prices_etl_pipeline, task_id=rename_columns, execution_date=20241110T021237, start_date=20241110T021405, end_date=20241110T021409
[2024-11-10T02:14:09.541+0000] {local_task_job_runner.py:228} INFO - Task exited with return code 0
[2024-11-10T02:14:09.559+0000] {taskinstance.py:2784} INFO - 0 downstream tasks scheduled from follow-on schedule check
