[2024-11-24T06:07:24.046+0000] {logging_mixin.py:151} INFO - Changing /opt/***/logs/dag_id=model_training_pipeline/run_id=manual__2024-11-24T06:02:35.339404+00:00/task_id=train_model permission to 509
[2024-11-24T06:07:24.047+0000] {logging_mixin.py:151} INFO - Failed to change /opt/***/logs/dag_id=model_training_pipeline/run_id=manual__2024-11-24T06:02:35.339404+00:00/task_id=train_model permission to 509: [Errno 1] Operation not permitted: '/opt/***/logs/dag_id=model_training_pipeline/run_id=manual__2024-11-24T06:02:35.339404+00:00/task_id=train_model'
[2024-11-24T06:07:24.073+0000] {logging_mixin.py:151} INFO - Changing /opt/***/logs/dag_id=model_training_pipeline/run_id=manual__2024-11-24T06:02:35.339404+00:00/task_id=train_model permission to 509
[2024-11-24T06:07:24.074+0000] {logging_mixin.py:151} INFO - Failed to change /opt/***/logs/dag_id=model_training_pipeline/run_id=manual__2024-11-24T06:02:35.339404+00:00/task_id=train_model permission to 509: [Errno 1] Operation not permitted: '/opt/***/logs/dag_id=model_training_pipeline/run_id=manual__2024-11-24T06:02:35.339404+00:00/task_id=train_model'
[2024-11-24T06:07:24.096+0000] {taskinstance.py:1159} INFO - Dependencies all met for dep_context=non-requeueable deps ti=<TaskInstance: model_training_pipeline.train_model manual__2024-11-24T06:02:35.339404+00:00 [queued]>
[2024-11-24T06:07:24.103+0000] {taskinstance.py:1159} INFO - Dependencies all met for dep_context=requeueable deps ti=<TaskInstance: model_training_pipeline.train_model manual__2024-11-24T06:02:35.339404+00:00 [queued]>
[2024-11-24T06:07:24.104+0000] {taskinstance.py:1361} INFO - Starting attempt 2 of 2
[2024-11-24T06:07:24.117+0000] {taskinstance.py:1382} INFO - Executing <Task(PythonOperator): train_model> on 2024-11-24 06:02:35.339404+00:00
[2024-11-24T06:07:24.127+0000] {standard_task_runner.py:57} INFO - Started process 18998 to run task
[2024-11-24T06:07:24.129+0000] {standard_task_runner.py:84} INFO - Running: ['***', 'tasks', 'run', 'model_training_pipeline', 'train_model', 'manual__2024-11-24T06:02:35.339404+00:00', '--job-id', '11', '--raw', '--subdir', 'DAGS_FOLDER/model_training_pipeline_dag/model_training_dag.py', '--cfg-path', '/tmp/tmpfbu_utf3']
[2024-11-24T06:07:24.131+0000] {standard_task_runner.py:85} INFO - Job 11: Subtask train_model
[2024-11-24T06:07:24.172+0000] {logging_mixin.py:151} INFO - Changing /opt/***/logs/dag_id=model_training_pipeline/run_id=manual__2024-11-24T06:02:35.339404+00:00/task_id=train_model permission to 509
[2024-11-24T06:07:24.172+0000] {logging_mixin.py:151} INFO - Failed to change /opt/***/logs/dag_id=model_training_pipeline/run_id=manual__2024-11-24T06:02:35.339404+00:00/task_id=train_model permission to 509: [Errno 1] Operation not permitted: '/opt/***/logs/dag_id=model_training_pipeline/run_id=manual__2024-11-24T06:02:35.339404+00:00/task_id=train_model'
[2024-11-24T06:07:24.173+0000] {task_command.py:415} INFO - Running <TaskInstance: model_training_pipeline.train_model manual__2024-11-24T06:02:35.339404+00:00 [running]> on host 71596b931411
[2024-11-24T06:07:24.243+0000] {taskinstance.py:1660} INFO - Exporting env vars: AIRFLOW_CTX_DAG_OWNER='***' AIRFLOW_CTX_DAG_ID='model_training_pipeline' AIRFLOW_CTX_TASK_ID='train_model' AIRFLOW_CTX_EXECUTION_DATE='2024-11-24T06:02:35.339404+00:00' AIRFLOW_CTX_TRY_NUMBER='2' AIRFLOW_CTX_DAG_RUN_ID='manual__2024-11-24T06:02:35.339404+00:00'
[2024-11-24T06:09:50.616+0000] {local_task_job_runner.py:294} WARNING - State of this instance has been externally set to failed. Terminating instance.
[2024-11-24T06:09:50.620+0000] {process_utils.py:131} INFO - Sending 15 to group 18998. PIDs of all processes in the group: [18998]
[2024-11-24T06:09:50.620+0000] {process_utils.py:86} INFO - Sending the signal 15 to group 18998
[2024-11-24T06:09:50.621+0000] {taskinstance.py:1632} ERROR - Received SIGTERM. Terminating subprocesses.
[2024-11-24T06:09:50.673+0000] {process_utils.py:79} INFO - Process psutil.Process(pid=18998, status='terminated', exitcode=0, started='06:07:23') (18998) terminated with exit code 0
