[2024-11-10T02:58:59.459+0000] {logging_mixin.py:151} INFO - Changing /opt/***/logs/dag_id=heating_oil_spot_prices_etl_pipeline/run_id=manual__2024-11-10T02:58:20.707513+00:00/task_id=drop_columns permission to 509
[2024-11-10T02:58:59.460+0000] {logging_mixin.py:151} INFO - Failed to change /opt/***/logs/dag_id=heating_oil_spot_prices_etl_pipeline/run_id=manual__2024-11-10T02:58:20.707513+00:00/task_id=drop_columns permission to 509: [Errno 1] Operation not permitted: '/opt/***/logs/dag_id=heating_oil_spot_prices_etl_pipeline/run_id=manual__2024-11-10T02:58:20.707513+00:00/task_id=drop_columns'
[2024-11-10T02:58:59.487+0000] {logging_mixin.py:151} INFO - Changing /opt/***/logs/dag_id=heating_oil_spot_prices_etl_pipeline/run_id=manual__2024-11-10T02:58:20.707513+00:00/task_id=drop_columns permission to 509
[2024-11-10T02:58:59.487+0000] {logging_mixin.py:151} INFO - Failed to change /opt/***/logs/dag_id=heating_oil_spot_prices_etl_pipeline/run_id=manual__2024-11-10T02:58:20.707513+00:00/task_id=drop_columns permission to 509: [Errno 1] Operation not permitted: '/opt/***/logs/dag_id=heating_oil_spot_prices_etl_pipeline/run_id=manual__2024-11-10T02:58:20.707513+00:00/task_id=drop_columns'
[2024-11-10T02:58:59.523+0000] {taskinstance.py:1159} INFO - Dependencies all met for dep_context=non-requeueable deps ti=<TaskInstance: heating_oil_spot_prices_etl_pipeline.drop_columns manual__2024-11-10T02:58:20.707513+00:00 [queued]>
[2024-11-10T02:58:59.531+0000] {taskinstance.py:1159} INFO - Dependencies all met for dep_context=requeueable deps ti=<TaskInstance: heating_oil_spot_prices_etl_pipeline.drop_columns manual__2024-11-10T02:58:20.707513+00:00 [queued]>
[2024-11-10T02:58:59.532+0000] {taskinstance.py:1361} INFO - Starting attempt 1 of 2
[2024-11-10T02:58:59.549+0000] {taskinstance.py:1382} INFO - Executing <Task(PythonOperator): drop_columns> on 2024-11-10 02:58:20.707513+00:00
[2024-11-10T02:58:59.559+0000] {standard_task_runner.py:57} INFO - Started process 30313 to run task
[2024-11-10T02:58:59.561+0000] {standard_task_runner.py:84} INFO - Running: ['***', 'tasks', 'run', 'heating_oil_spot_prices_etl_pipeline', 'drop_columns', 'manual__2024-11-10T02:58:20.707513+00:00', '--job-id', '57', '--raw', '--subdir', 'DAGS_FOLDER/eia_heating_oil_spot_prices_etl_pipeline_dag/eia_heating_oil_spot_prices_etl_pipeline_dag.py', '--cfg-path', '/tmp/tmp4_148z1e']
[2024-11-10T02:58:59.564+0000] {standard_task_runner.py:85} INFO - Job 57: Subtask drop_columns
[2024-11-10T02:58:59.613+0000] {logging_mixin.py:151} INFO - Changing /opt/***/logs/dag_id=heating_oil_spot_prices_etl_pipeline/run_id=manual__2024-11-10T02:58:20.707513+00:00/task_id=drop_columns permission to 509
[2024-11-10T02:58:59.613+0000] {logging_mixin.py:151} INFO - Failed to change /opt/***/logs/dag_id=heating_oil_spot_prices_etl_pipeline/run_id=manual__2024-11-10T02:58:20.707513+00:00/task_id=drop_columns permission to 509: [Errno 1] Operation not permitted: '/opt/***/logs/dag_id=heating_oil_spot_prices_etl_pipeline/run_id=manual__2024-11-10T02:58:20.707513+00:00/task_id=drop_columns'
[2024-11-10T02:58:59.615+0000] {task_command.py:415} INFO - Running <TaskInstance: heating_oil_spot_prices_etl_pipeline.drop_columns manual__2024-11-10T02:58:20.707513+00:00 [running]> on host 16801ac1f6e4
[2024-11-10T02:58:59.698+0000] {taskinstance.py:1660} INFO - Exporting env vars: AIRFLOW_CTX_DAG_OWNER='***' AIRFLOW_CTX_DAG_ID='heating_oil_spot_prices_etl_pipeline' AIRFLOW_CTX_TASK_ID='drop_columns' AIRFLOW_CTX_EXECUTION_DATE='2024-11-10T02:58:20.707513+00:00' AIRFLOW_CTX_TRY_NUMBER='1' AIRFLOW_CTX_DAG_RUN_ID='manual__2024-11-10T02:58:20.707513+00:00'
[2024-11-10T02:58:59.700+0000] {logging_mixin.py:151} INFO - full_program/extraction/heating_oil_spot_prices/ heating_oil_spot_prices_20241110
[2024-11-10T02:59:08.167+0000] {python.py:194} INFO - Done. Returned value was: None
[2024-11-10T02:59:08.177+0000] {taskinstance.py:1400} INFO - Marking task as SUCCESS. dag_id=heating_oil_spot_prices_etl_pipeline, task_id=drop_columns, execution_date=20241110T025820, start_date=20241110T025859, end_date=20241110T025908
[2024-11-10T02:59:08.203+0000] {local_task_job_runner.py:228} INFO - Task exited with return code 0
[2024-11-10T02:59:08.227+0000] {taskinstance.py:2784} INFO - 1 downstream tasks scheduled from follow-on schedule check
