[2024-11-17T07:56:25.991+0000] {logging_mixin.py:151} INFO - Changing /opt/***/logs/dag_id=model_training_pipeline/run_id=manual__2024-11-17T07:25:06.110721+00:00/task_id=forwardfill_missing_values permission to 509
[2024-11-17T07:56:25.992+0000] {logging_mixin.py:151} INFO - Failed to change /opt/***/logs/dag_id=model_training_pipeline/run_id=manual__2024-11-17T07:25:06.110721+00:00/task_id=forwardfill_missing_values permission to 509: [Errno 1] Operation not permitted: '/opt/***/logs/dag_id=model_training_pipeline/run_id=manual__2024-11-17T07:25:06.110721+00:00/task_id=forwardfill_missing_values'
[2024-11-17T07:56:26.038+0000] {logging_mixin.py:151} INFO - Changing /opt/***/logs/dag_id=model_training_pipeline/run_id=manual__2024-11-17T07:25:06.110721+00:00/task_id=forwardfill_missing_values permission to 509
[2024-11-17T07:56:26.039+0000] {logging_mixin.py:151} INFO - Failed to change /opt/***/logs/dag_id=model_training_pipeline/run_id=manual__2024-11-17T07:25:06.110721+00:00/task_id=forwardfill_missing_values permission to 509: [Errno 1] Operation not permitted: '/opt/***/logs/dag_id=model_training_pipeline/run_id=manual__2024-11-17T07:25:06.110721+00:00/task_id=forwardfill_missing_values'
[2024-11-17T07:56:26.078+0000] {taskinstance.py:1159} INFO - Dependencies all met for dep_context=non-requeueable deps ti=<TaskInstance: model_training_pipeline.forwardfill_missing_values manual__2024-11-17T07:25:06.110721+00:00 [queued]>
[2024-11-17T07:56:26.091+0000] {taskinstance.py:1159} INFO - Dependencies all met for dep_context=requeueable deps ti=<TaskInstance: model_training_pipeline.forwardfill_missing_values manual__2024-11-17T07:25:06.110721+00:00 [queued]>
[2024-11-17T07:56:26.092+0000] {taskinstance.py:1361} INFO - Starting attempt 1 of 2
[2024-11-17T07:56:26.111+0000] {taskinstance.py:1382} INFO - Executing <Task(PythonOperator): forwardfill_missing_values> on 2024-11-17 07:25:06.110721+00:00
[2024-11-17T07:56:26.128+0000] {standard_task_runner.py:57} INFO - Started process 143534 to run task
[2024-11-17T07:56:26.132+0000] {standard_task_runner.py:84} INFO - Running: ['***', 'tasks', 'run', 'model_training_pipeline', 'forwardfill_missing_values', 'manual__2024-11-17T07:25:06.110721+00:00', '--job-id', '267', '--raw', '--subdir', 'DAGS_FOLDER/model_training_pipeline_dag/model_training_dag.py', '--cfg-path', '/tmp/tmpdui1g05y']
[2024-11-17T07:56:26.136+0000] {standard_task_runner.py:85} INFO - Job 267: Subtask forwardfill_missing_values
[2024-11-17T07:56:26.204+0000] {logging_mixin.py:151} INFO - Changing /opt/***/logs/dag_id=model_training_pipeline/run_id=manual__2024-11-17T07:25:06.110721+00:00/task_id=forwardfill_missing_values permission to 509
[2024-11-17T07:56:26.206+0000] {logging_mixin.py:151} INFO - Failed to change /opt/***/logs/dag_id=model_training_pipeline/run_id=manual__2024-11-17T07:25:06.110721+00:00/task_id=forwardfill_missing_values permission to 509: [Errno 1] Operation not permitted: '/opt/***/logs/dag_id=model_training_pipeline/run_id=manual__2024-11-17T07:25:06.110721+00:00/task_id=forwardfill_missing_values'
[2024-11-17T07:56:26.209+0000] {task_command.py:415} INFO - Running <TaskInstance: model_training_pipeline.forwardfill_missing_values manual__2024-11-17T07:25:06.110721+00:00 [running]> on host 16801ac1f6e4
[2024-11-17T07:56:26.338+0000] {taskinstance.py:1660} INFO - Exporting env vars: AIRFLOW_CTX_DAG_OWNER='***' AIRFLOW_CTX_DAG_ID='model_training_pipeline' AIRFLOW_CTX_TASK_ID='forwardfill_missing_values' AIRFLOW_CTX_EXECUTION_DATE='2024-11-17T07:25:06.110721+00:00' AIRFLOW_CTX_TRY_NUMBER='1' AIRFLOW_CTX_DAG_RUN_ID='manual__2024-11-17T07:25:06.110721+00:00'
[2024-11-17T08:00:19.592+0000] {taskinstance.py:1943} ERROR - Task failed with exception
Traceback (most recent call last):
  File "/home/airflow/.local/lib/python3.8/site-packages/airflow/operators/python.py", line 192, in execute
    return_value = self.execute_callable()
  File "/home/airflow/.local/lib/python3.8/site-packages/airflow/operators/python.py", line 209, in execute_callable
    return self.python_callable(*self.op_args, **self.op_kwargs)
  File "/opt/airflow/dags/model_training_pipeline_dag/forwardfill_missing_values.py", line 22, in forwardfill_missing_values
    curated_training_data_df = EtlTransforms.forwardfill_fill_null_values_start_of_series(df=curated_training_data_df)
AttributeError: type object 'EtlTransforms' has no attribute 'forwardfill_fill_null_values_start_of_series'
[2024-11-17T08:00:19.609+0000] {taskinstance.py:1400} INFO - Marking task as UP_FOR_RETRY. dag_id=model_training_pipeline, task_id=forwardfill_missing_values, execution_date=20241117T072506, start_date=20241117T075626, end_date=20241117T080019
[2024-11-17T08:00:19.625+0000] {standard_task_runner.py:104} ERROR - Failed to execute job 267 for task forwardfill_missing_values (type object 'EtlTransforms' has no attribute 'forwardfill_fill_null_values_start_of_series'; 143534)
[2024-11-17T08:00:19.707+0000] {local_task_job_runner.py:228} INFO - Task exited with return code 1
[2024-11-17T08:00:19.736+0000] {taskinstance.py:2784} INFO - 0 downstream tasks scheduled from follow-on schedule check
