[2024-11-21T11:40:52.326+0000] {logging_mixin.py:151} INFO - Changing /opt/***/logs/dag_id=model_training_pipeline/run_id=manual__2024-11-21T11:40:45.257970+00:00/task_id=train_model permission to 509
[2024-11-21T11:40:52.326+0000] {logging_mixin.py:151} INFO - Failed to change /opt/***/logs/dag_id=model_training_pipeline/run_id=manual__2024-11-21T11:40:45.257970+00:00/task_id=train_model permission to 509: [Errno 1] Operation not permitted: '/opt/***/logs/dag_id=model_training_pipeline/run_id=manual__2024-11-21T11:40:45.257970+00:00/task_id=train_model'
[2024-11-21T11:40:52.361+0000] {logging_mixin.py:151} INFO - Changing /opt/***/logs/dag_id=model_training_pipeline/run_id=manual__2024-11-21T11:40:45.257970+00:00/task_id=train_model permission to 509
[2024-11-21T11:40:52.362+0000] {logging_mixin.py:151} INFO - Failed to change /opt/***/logs/dag_id=model_training_pipeline/run_id=manual__2024-11-21T11:40:45.257970+00:00/task_id=train_model permission to 509: [Errno 1] Operation not permitted: '/opt/***/logs/dag_id=model_training_pipeline/run_id=manual__2024-11-21T11:40:45.257970+00:00/task_id=train_model'
[2024-11-21T11:40:52.393+0000] {taskinstance.py:1159} INFO - Dependencies all met for dep_context=non-requeueable deps ti=<TaskInstance: model_training_pipeline.train_model manual__2024-11-21T11:40:45.257970+00:00 [queued]>
[2024-11-21T11:40:52.405+0000] {taskinstance.py:1159} INFO - Dependencies all met for dep_context=requeueable deps ti=<TaskInstance: model_training_pipeline.train_model manual__2024-11-21T11:40:45.257970+00:00 [queued]>
[2024-11-21T11:40:52.406+0000] {taskinstance.py:1361} INFO - Starting attempt 1 of 2
[2024-11-21T11:40:52.429+0000] {taskinstance.py:1382} INFO - Executing <Task(PythonOperator): train_model> on 2024-11-21 11:40:45.257970+00:00
[2024-11-21T11:40:52.444+0000] {standard_task_runner.py:57} INFO - Started process 2537 to run task
[2024-11-21T11:40:52.447+0000] {standard_task_runner.py:84} INFO - Running: ['***', 'tasks', 'run', 'model_training_pipeline', 'train_model', 'manual__2024-11-21T11:40:45.257970+00:00', '--job-id', '351', '--raw', '--subdir', 'DAGS_FOLDER/model_training_pipeline_dag/model_training_dag.py', '--cfg-path', '/tmp/tmp2puluhxv']
[2024-11-21T11:40:52.450+0000] {standard_task_runner.py:85} INFO - Job 351: Subtask train_model
[2024-11-21T11:40:52.509+0000] {logging_mixin.py:151} INFO - Changing /opt/***/logs/dag_id=model_training_pipeline/run_id=manual__2024-11-21T11:40:45.257970+00:00/task_id=train_model permission to 509
[2024-11-21T11:40:52.510+0000] {logging_mixin.py:151} INFO - Failed to change /opt/***/logs/dag_id=model_training_pipeline/run_id=manual__2024-11-21T11:40:45.257970+00:00/task_id=train_model permission to 509: [Errno 1] Operation not permitted: '/opt/***/logs/dag_id=model_training_pipeline/run_id=manual__2024-11-21T11:40:45.257970+00:00/task_id=train_model'
[2024-11-21T11:40:52.512+0000] {task_command.py:415} INFO - Running <TaskInstance: model_training_pipeline.train_model manual__2024-11-21T11:40:45.257970+00:00 [running]> on host 16801ac1f6e4
[2024-11-21T11:40:52.616+0000] {taskinstance.py:1660} INFO - Exporting env vars: AIRFLOW_CTX_DAG_OWNER='***' AIRFLOW_CTX_DAG_ID='model_training_pipeline' AIRFLOW_CTX_TASK_ID='train_model' AIRFLOW_CTX_EXECUTION_DATE='2024-11-21T11:40:45.257970+00:00' AIRFLOW_CTX_TRY_NUMBER='1' AIRFLOW_CTX_DAG_RUN_ID='manual__2024-11-21T11:40:45.257970+00:00'
[2024-11-21T11:41:12.691+0000] {local_task_job_runner.py:294} WARNING - State of this instance has been externally set to failed. Terminating instance.
[2024-11-21T11:41:12.696+0000] {process_utils.py:131} INFO - Sending 15 to group 2537. PIDs of all processes in the group: [2537]
[2024-11-21T11:41:12.697+0000] {process_utils.py:86} INFO - Sending the signal 15 to group 2537
[2024-11-21T11:41:12.698+0000] {taskinstance.py:1632} ERROR - Received SIGTERM. Terminating subprocesses.
[2024-11-21T11:41:12.790+0000] {process_utils.py:79} INFO - Process psutil.Process(pid=2537, status='terminated', exitcode=0, started='11:40:51') (2537) terminated with exit code 0
