[2024-11-12T12:16:47.308+0000] {processor.py:157} INFO - Started process (PID=18879) to work on /opt/airflow/dags/model_training_pipeline_dag/process_lambda_output.py
[2024-11-12T12:16:47.309+0000] {processor.py:829} INFO - Processing file /opt/airflow/dags/model_training_pipeline_dag/process_lambda_output.py for tasks to queue
[2024-11-12T12:16:47.310+0000] {logging_mixin.py:151} INFO - [2024-11-12T12:16:47.309+0000] {dagbag.py:539} INFO - Filling up the DagBag from /opt/airflow/dags/model_training_pipeline_dag/process_lambda_output.py
[2024-11-12T12:16:47.327+0000] {processor.py:841} WARNING - No viable dags retrieved from /opt/airflow/dags/model_training_pipeline_dag/process_lambda_output.py
[2024-11-12T12:16:47.340+0000] {processor.py:179} INFO - Processing /opt/airflow/dags/model_training_pipeline_dag/process_lambda_output.py took 0.034 seconds
[2024-11-12T12:17:17.592+0000] {processor.py:157} INFO - Started process (PID=18933) to work on /opt/airflow/dags/model_training_pipeline_dag/process_lambda_output.py
[2024-11-12T12:17:17.593+0000] {processor.py:829} INFO - Processing file /opt/airflow/dags/model_training_pipeline_dag/process_lambda_output.py for tasks to queue
[2024-11-12T12:17:17.593+0000] {logging_mixin.py:151} INFO - [2024-11-12T12:17:17.593+0000] {dagbag.py:539} INFO - Filling up the DagBag from /opt/airflow/dags/model_training_pipeline_dag/process_lambda_output.py
[2024-11-12T12:17:17.603+0000] {processor.py:841} WARNING - No viable dags retrieved from /opt/airflow/dags/model_training_pipeline_dag/process_lambda_output.py
[2024-11-12T12:17:17.616+0000] {processor.py:179} INFO - Processing /opt/airflow/dags/model_training_pipeline_dag/process_lambda_output.py took 0.027 seconds
[2024-11-12T12:17:47.978+0000] {processor.py:157} INFO - Started process (PID=18989) to work on /opt/airflow/dags/model_training_pipeline_dag/process_lambda_output.py
[2024-11-12T12:17:47.979+0000] {processor.py:829} INFO - Processing file /opt/airflow/dags/model_training_pipeline_dag/process_lambda_output.py for tasks to queue
[2024-11-12T12:17:47.980+0000] {logging_mixin.py:151} INFO - [2024-11-12T12:17:47.980+0000] {dagbag.py:539} INFO - Filling up the DagBag from /opt/airflow/dags/model_training_pipeline_dag/process_lambda_output.py
[2024-11-12T12:17:47.991+0000] {processor.py:841} WARNING - No viable dags retrieved from /opt/airflow/dags/model_training_pipeline_dag/process_lambda_output.py
[2024-11-12T12:17:48.005+0000] {processor.py:179} INFO - Processing /opt/airflow/dags/model_training_pipeline_dag/process_lambda_output.py took 0.030 seconds
[2024-11-12T12:18:04.264+0000] {processor.py:157} INFO - Started process (PID=19030) to work on /opt/airflow/dags/model_training_pipeline_dag/process_lambda_output.py
[2024-11-12T12:18:04.265+0000] {processor.py:829} INFO - Processing file /opt/airflow/dags/model_training_pipeline_dag/process_lambda_output.py for tasks to queue
[2024-11-12T12:18:04.266+0000] {logging_mixin.py:151} INFO - [2024-11-12T12:18:04.265+0000] {dagbag.py:539} INFO - Filling up the DagBag from /opt/airflow/dags/model_training_pipeline_dag/process_lambda_output.py
[2024-11-12T12:18:04.285+0000] {processor.py:841} WARNING - No viable dags retrieved from /opt/airflow/dags/model_training_pipeline_dag/process_lambda_output.py
[2024-11-12T12:18:04.298+0000] {processor.py:179} INFO - Processing /opt/airflow/dags/model_training_pipeline_dag/process_lambda_output.py took 0.037 seconds
[2024-11-12T12:18:34.758+0000] {processor.py:157} INFO - Started process (PID=19103) to work on /opt/airflow/dags/model_training_pipeline_dag/process_lambda_output.py
[2024-11-12T12:18:34.759+0000] {processor.py:829} INFO - Processing file /opt/airflow/dags/model_training_pipeline_dag/process_lambda_output.py for tasks to queue
[2024-11-12T12:18:34.760+0000] {logging_mixin.py:151} INFO - [2024-11-12T12:18:34.760+0000] {dagbag.py:539} INFO - Filling up the DagBag from /opt/airflow/dags/model_training_pipeline_dag/process_lambda_output.py
[2024-11-12T12:18:34.809+0000] {processor.py:841} WARNING - No viable dags retrieved from /opt/airflow/dags/model_training_pipeline_dag/process_lambda_output.py
[2024-11-12T12:18:34.824+0000] {processor.py:179} INFO - Processing /opt/airflow/dags/model_training_pipeline_dag/process_lambda_output.py took 0.069 seconds
[2024-11-12T12:19:05.398+0000] {processor.py:157} INFO - Started process (PID=19176) to work on /opt/airflow/dags/model_training_pipeline_dag/process_lambda_output.py
[2024-11-12T12:19:05.399+0000] {processor.py:829} INFO - Processing file /opt/airflow/dags/model_training_pipeline_dag/process_lambda_output.py for tasks to queue
[2024-11-12T12:19:05.400+0000] {logging_mixin.py:151} INFO - [2024-11-12T12:19:05.399+0000] {dagbag.py:539} INFO - Filling up the DagBag from /opt/airflow/dags/model_training_pipeline_dag/process_lambda_output.py
[2024-11-12T12:19:05.410+0000] {processor.py:841} WARNING - No viable dags retrieved from /opt/airflow/dags/model_training_pipeline_dag/process_lambda_output.py
[2024-11-12T12:19:05.422+0000] {processor.py:179} INFO - Processing /opt/airflow/dags/model_training_pipeline_dag/process_lambda_output.py took 0.026 seconds
[2024-11-12T12:19:27.865+0000] {processor.py:157} INFO - Started process (PID=19249) to work on /opt/airflow/dags/model_training_pipeline_dag/process_lambda_output.py
[2024-11-12T12:19:27.866+0000] {processor.py:829} INFO - Processing file /opt/airflow/dags/model_training_pipeline_dag/process_lambda_output.py for tasks to queue
[2024-11-12T12:19:27.866+0000] {logging_mixin.py:151} INFO - [2024-11-12T12:19:27.866+0000] {dagbag.py:539} INFO - Filling up the DagBag from /opt/airflow/dags/model_training_pipeline_dag/process_lambda_output.py
[2024-11-12T12:19:27.886+0000] {processor.py:841} WARNING - No viable dags retrieved from /opt/airflow/dags/model_training_pipeline_dag/process_lambda_output.py
[2024-11-12T12:19:27.902+0000] {processor.py:179} INFO - Processing /opt/airflow/dags/model_training_pipeline_dag/process_lambda_output.py took 0.040 seconds
[2024-11-12T12:19:58.335+0000] {processor.py:157} INFO - Started process (PID=19322) to work on /opt/airflow/dags/model_training_pipeline_dag/process_lambda_output.py
[2024-11-12T12:19:58.335+0000] {processor.py:829} INFO - Processing file /opt/airflow/dags/model_training_pipeline_dag/process_lambda_output.py for tasks to queue
[2024-11-12T12:19:58.336+0000] {logging_mixin.py:151} INFO - [2024-11-12T12:19:58.336+0000] {dagbag.py:539} INFO - Filling up the DagBag from /opt/airflow/dags/model_training_pipeline_dag/process_lambda_output.py
[2024-11-12T12:19:58.346+0000] {processor.py:841} WARNING - No viable dags retrieved from /opt/airflow/dags/model_training_pipeline_dag/process_lambda_output.py
[2024-11-12T12:19:58.359+0000] {processor.py:179} INFO - Processing /opt/airflow/dags/model_training_pipeline_dag/process_lambda_output.py took 0.027 seconds
[2024-11-12T12:20:28.810+0000] {processor.py:157} INFO - Started process (PID=19395) to work on /opt/airflow/dags/model_training_pipeline_dag/process_lambda_output.py
[2024-11-12T12:20:28.811+0000] {processor.py:829} INFO - Processing file /opt/airflow/dags/model_training_pipeline_dag/process_lambda_output.py for tasks to queue
[2024-11-12T12:20:28.812+0000] {logging_mixin.py:151} INFO - [2024-11-12T12:20:28.812+0000] {dagbag.py:539} INFO - Filling up the DagBag from /opt/airflow/dags/model_training_pipeline_dag/process_lambda_output.py
[2024-11-12T12:20:28.821+0000] {processor.py:841} WARNING - No viable dags retrieved from /opt/airflow/dags/model_training_pipeline_dag/process_lambda_output.py
[2024-11-12T12:20:28.834+0000] {processor.py:179} INFO - Processing /opt/airflow/dags/model_training_pipeline_dag/process_lambda_output.py took 0.026 seconds
[2024-11-12T12:20:59.302+0000] {processor.py:157} INFO - Started process (PID=19466) to work on /opt/airflow/dags/model_training_pipeline_dag/process_lambda_output.py
[2024-11-12T12:20:59.303+0000] {processor.py:829} INFO - Processing file /opt/airflow/dags/model_training_pipeline_dag/process_lambda_output.py for tasks to queue
[2024-11-12T12:20:59.304+0000] {logging_mixin.py:151} INFO - [2024-11-12T12:20:59.304+0000] {dagbag.py:539} INFO - Filling up the DagBag from /opt/airflow/dags/model_training_pipeline_dag/process_lambda_output.py
[2024-11-12T12:20:59.316+0000] {processor.py:841} WARNING - No viable dags retrieved from /opt/airflow/dags/model_training_pipeline_dag/process_lambda_output.py
[2024-11-12T12:20:59.330+0000] {processor.py:179} INFO - Processing /opt/airflow/dags/model_training_pipeline_dag/process_lambda_output.py took 0.030 seconds
[2024-11-12T12:21:29.803+0000] {processor.py:157} INFO - Started process (PID=19522) to work on /opt/airflow/dags/model_training_pipeline_dag/process_lambda_output.py
[2024-11-12T12:21:29.804+0000] {processor.py:829} INFO - Processing file /opt/airflow/dags/model_training_pipeline_dag/process_lambda_output.py for tasks to queue
[2024-11-12T12:21:29.805+0000] {logging_mixin.py:151} INFO - [2024-11-12T12:21:29.804+0000] {dagbag.py:539} INFO - Filling up the DagBag from /opt/airflow/dags/model_training_pipeline_dag/process_lambda_output.py
[2024-11-12T12:21:29.815+0000] {processor.py:841} WARNING - No viable dags retrieved from /opt/airflow/dags/model_training_pipeline_dag/process_lambda_output.py
[2024-11-12T12:21:29.829+0000] {processor.py:179} INFO - Processing /opt/airflow/dags/model_training_pipeline_dag/process_lambda_output.py took 0.029 seconds
[2024-11-12T12:21:59.869+0000] {processor.py:157} INFO - Started process (PID=19563) to work on /opt/airflow/dags/model_training_pipeline_dag/process_lambda_output.py
[2024-11-12T12:21:59.869+0000] {processor.py:829} INFO - Processing file /opt/airflow/dags/model_training_pipeline_dag/process_lambda_output.py for tasks to queue
[2024-11-12T12:21:59.870+0000] {logging_mixin.py:151} INFO - [2024-11-12T12:21:59.870+0000] {dagbag.py:539} INFO - Filling up the DagBag from /opt/airflow/dags/model_training_pipeline_dag/process_lambda_output.py
[2024-11-12T12:21:59.880+0000] {processor.py:841} WARNING - No viable dags retrieved from /opt/airflow/dags/model_training_pipeline_dag/process_lambda_output.py
[2024-11-12T12:21:59.894+0000] {processor.py:179} INFO - Processing /opt/airflow/dags/model_training_pipeline_dag/process_lambda_output.py took 0.028 seconds
[2024-11-12T12:22:30.432+0000] {processor.py:157} INFO - Started process (PID=19619) to work on /opt/airflow/dags/model_training_pipeline_dag/process_lambda_output.py
[2024-11-12T12:22:30.433+0000] {processor.py:829} INFO - Processing file /opt/airflow/dags/model_training_pipeline_dag/process_lambda_output.py for tasks to queue
[2024-11-12T12:22:30.434+0000] {logging_mixin.py:151} INFO - [2024-11-12T12:22:30.434+0000] {dagbag.py:539} INFO - Filling up the DagBag from /opt/airflow/dags/model_training_pipeline_dag/process_lambda_output.py
[2024-11-12T12:22:30.448+0000] {processor.py:841} WARNING - No viable dags retrieved from /opt/airflow/dags/model_training_pipeline_dag/process_lambda_output.py
[2024-11-12T12:22:30.461+0000] {processor.py:179} INFO - Processing /opt/airflow/dags/model_training_pipeline_dag/process_lambda_output.py took 0.032 seconds
[2024-11-12T12:23:01.069+0000] {processor.py:157} INFO - Started process (PID=19692) to work on /opt/airflow/dags/model_training_pipeline_dag/process_lambda_output.py
[2024-11-12T12:23:01.069+0000] {processor.py:829} INFO - Processing file /opt/airflow/dags/model_training_pipeline_dag/process_lambda_output.py for tasks to queue
[2024-11-12T12:23:01.070+0000] {logging_mixin.py:151} INFO - [2024-11-12T12:23:01.070+0000] {dagbag.py:539} INFO - Filling up the DagBag from /opt/airflow/dags/model_training_pipeline_dag/process_lambda_output.py
[2024-11-12T12:23:01.081+0000] {processor.py:841} WARNING - No viable dags retrieved from /opt/airflow/dags/model_training_pipeline_dag/process_lambda_output.py
[2024-11-12T12:23:01.094+0000] {processor.py:179} INFO - Processing /opt/airflow/dags/model_training_pipeline_dag/process_lambda_output.py took 0.028 seconds
[2024-11-12T12:23:31.629+0000] {processor.py:157} INFO - Started process (PID=19765) to work on /opt/airflow/dags/model_training_pipeline_dag/process_lambda_output.py
[2024-11-12T12:23:31.630+0000] {processor.py:829} INFO - Processing file /opt/airflow/dags/model_training_pipeline_dag/process_lambda_output.py for tasks to queue
[2024-11-12T12:23:31.631+0000] {logging_mixin.py:151} INFO - [2024-11-12T12:23:31.630+0000] {dagbag.py:539} INFO - Filling up the DagBag from /opt/airflow/dags/model_training_pipeline_dag/process_lambda_output.py
[2024-11-12T12:23:31.640+0000] {processor.py:841} WARNING - No viable dags retrieved from /opt/airflow/dags/model_training_pipeline_dag/process_lambda_output.py
[2024-11-12T12:23:31.654+0000] {processor.py:179} INFO - Processing /opt/airflow/dags/model_training_pipeline_dag/process_lambda_output.py took 0.027 seconds
[2024-11-12T12:24:02.294+0000] {processor.py:157} INFO - Started process (PID=19838) to work on /opt/airflow/dags/model_training_pipeline_dag/process_lambda_output.py
[2024-11-12T12:24:02.295+0000] {processor.py:829} INFO - Processing file /opt/airflow/dags/model_training_pipeline_dag/process_lambda_output.py for tasks to queue
[2024-11-12T12:24:02.296+0000] {logging_mixin.py:151} INFO - [2024-11-12T12:24:02.295+0000] {dagbag.py:539} INFO - Filling up the DagBag from /opt/airflow/dags/model_training_pipeline_dag/process_lambda_output.py
[2024-11-12T12:24:02.307+0000] {processor.py:841} WARNING - No viable dags retrieved from /opt/airflow/dags/model_training_pipeline_dag/process_lambda_output.py
[2024-11-12T12:24:02.322+0000] {processor.py:179} INFO - Processing /opt/airflow/dags/model_training_pipeline_dag/process_lambda_output.py took 0.031 seconds
[2024-11-12T12:24:33.012+0000] {processor.py:157} INFO - Started process (PID=19911) to work on /opt/airflow/dags/model_training_pipeline_dag/process_lambda_output.py
[2024-11-12T12:24:33.013+0000] {processor.py:829} INFO - Processing file /opt/airflow/dags/model_training_pipeline_dag/process_lambda_output.py for tasks to queue
[2024-11-12T12:24:33.014+0000] {logging_mixin.py:151} INFO - [2024-11-12T12:24:33.014+0000] {dagbag.py:539} INFO - Filling up the DagBag from /opt/airflow/dags/model_training_pipeline_dag/process_lambda_output.py
[2024-11-12T12:24:33.025+0000] {processor.py:841} WARNING - No viable dags retrieved from /opt/airflow/dags/model_training_pipeline_dag/process_lambda_output.py
[2024-11-12T12:24:33.037+0000] {processor.py:179} INFO - Processing /opt/airflow/dags/model_training_pipeline_dag/process_lambda_output.py took 0.028 seconds
[2024-11-12T12:25:03.761+0000] {processor.py:157} INFO - Started process (PID=19984) to work on /opt/airflow/dags/model_training_pipeline_dag/process_lambda_output.py
[2024-11-12T12:25:03.762+0000] {processor.py:829} INFO - Processing file /opt/airflow/dags/model_training_pipeline_dag/process_lambda_output.py for tasks to queue
[2024-11-12T12:25:03.763+0000] {logging_mixin.py:151} INFO - [2024-11-12T12:25:03.762+0000] {dagbag.py:539} INFO - Filling up the DagBag from /opt/airflow/dags/model_training_pipeline_dag/process_lambda_output.py
[2024-11-12T12:25:03.773+0000] {processor.py:841} WARNING - No viable dags retrieved from /opt/airflow/dags/model_training_pipeline_dag/process_lambda_output.py
[2024-11-12T12:25:03.786+0000] {processor.py:179} INFO - Processing /opt/airflow/dags/model_training_pipeline_dag/process_lambda_output.py took 0.027 seconds
[2024-11-12T12:25:34.370+0000] {processor.py:157} INFO - Started process (PID=20057) to work on /opt/airflow/dags/model_training_pipeline_dag/process_lambda_output.py
[2024-11-12T12:25:34.371+0000] {processor.py:829} INFO - Processing file /opt/airflow/dags/model_training_pipeline_dag/process_lambda_output.py for tasks to queue
[2024-11-12T12:25:34.373+0000] {logging_mixin.py:151} INFO - [2024-11-12T12:25:34.372+0000] {dagbag.py:539} INFO - Filling up the DagBag from /opt/airflow/dags/model_training_pipeline_dag/process_lambda_output.py
[2024-11-12T12:25:34.384+0000] {processor.py:841} WARNING - No viable dags retrieved from /opt/airflow/dags/model_training_pipeline_dag/process_lambda_output.py
[2024-11-12T12:25:34.398+0000] {processor.py:179} INFO - Processing /opt/airflow/dags/model_training_pipeline_dag/process_lambda_output.py took 0.031 seconds
[2024-11-12T12:26:04.642+0000] {processor.py:157} INFO - Started process (PID=20130) to work on /opt/airflow/dags/model_training_pipeline_dag/process_lambda_output.py
[2024-11-12T12:26:04.642+0000] {processor.py:829} INFO - Processing file /opt/airflow/dags/model_training_pipeline_dag/process_lambda_output.py for tasks to queue
[2024-11-12T12:26:04.643+0000] {logging_mixin.py:151} INFO - [2024-11-12T12:26:04.643+0000] {dagbag.py:539} INFO - Filling up the DagBag from /opt/airflow/dags/model_training_pipeline_dag/process_lambda_output.py
[2024-11-12T12:26:04.653+0000] {processor.py:841} WARNING - No viable dags retrieved from /opt/airflow/dags/model_training_pipeline_dag/process_lambda_output.py
[2024-11-12T12:26:04.667+0000] {processor.py:179} INFO - Processing /opt/airflow/dags/model_training_pipeline_dag/process_lambda_output.py took 0.028 seconds
[2024-11-12T12:26:35.178+0000] {processor.py:157} INFO - Started process (PID=20203) to work on /opt/airflow/dags/model_training_pipeline_dag/process_lambda_output.py
[2024-11-12T12:26:35.179+0000] {processor.py:829} INFO - Processing file /opt/airflow/dags/model_training_pipeline_dag/process_lambda_output.py for tasks to queue
[2024-11-12T12:26:35.180+0000] {logging_mixin.py:151} INFO - [2024-11-12T12:26:35.180+0000] {dagbag.py:539} INFO - Filling up the DagBag from /opt/airflow/dags/model_training_pipeline_dag/process_lambda_output.py
[2024-11-12T12:26:35.190+0000] {processor.py:841} WARNING - No viable dags retrieved from /opt/airflow/dags/model_training_pipeline_dag/process_lambda_output.py
[2024-11-12T12:26:35.203+0000] {processor.py:179} INFO - Processing /opt/airflow/dags/model_training_pipeline_dag/process_lambda_output.py took 0.028 seconds
[2024-11-12T12:27:05.745+0000] {processor.py:157} INFO - Started process (PID=20276) to work on /opt/airflow/dags/model_training_pipeline_dag/process_lambda_output.py
[2024-11-12T12:27:05.746+0000] {processor.py:829} INFO - Processing file /opt/airflow/dags/model_training_pipeline_dag/process_lambda_output.py for tasks to queue
[2024-11-12T12:27:05.747+0000] {logging_mixin.py:151} INFO - [2024-11-12T12:27:05.747+0000] {dagbag.py:539} INFO - Filling up the DagBag from /opt/airflow/dags/model_training_pipeline_dag/process_lambda_output.py
[2024-11-12T12:27:05.786+0000] {processor.py:841} WARNING - No viable dags retrieved from /opt/airflow/dags/model_training_pipeline_dag/process_lambda_output.py
[2024-11-12T12:27:05.802+0000] {processor.py:179} INFO - Processing /opt/airflow/dags/model_training_pipeline_dag/process_lambda_output.py took 0.060 seconds
[2024-11-12T12:27:36.534+0000] {processor.py:157} INFO - Started process (PID=20349) to work on /opt/airflow/dags/model_training_pipeline_dag/process_lambda_output.py
[2024-11-12T12:27:36.535+0000] {processor.py:829} INFO - Processing file /opt/airflow/dags/model_training_pipeline_dag/process_lambda_output.py for tasks to queue
[2024-11-12T12:27:36.536+0000] {logging_mixin.py:151} INFO - [2024-11-12T12:27:36.536+0000] {dagbag.py:539} INFO - Filling up the DagBag from /opt/airflow/dags/model_training_pipeline_dag/process_lambda_output.py
[2024-11-12T12:27:36.550+0000] {processor.py:841} WARNING - No viable dags retrieved from /opt/airflow/dags/model_training_pipeline_dag/process_lambda_output.py
[2024-11-12T12:27:36.568+0000] {processor.py:179} INFO - Processing /opt/airflow/dags/model_training_pipeline_dag/process_lambda_output.py took 0.038 seconds
[2024-11-12T12:28:07.403+0000] {processor.py:157} INFO - Started process (PID=20422) to work on /opt/airflow/dags/model_training_pipeline_dag/process_lambda_output.py
[2024-11-12T12:28:07.404+0000] {processor.py:829} INFO - Processing file /opt/airflow/dags/model_training_pipeline_dag/process_lambda_output.py for tasks to queue
[2024-11-12T12:28:07.405+0000] {logging_mixin.py:151} INFO - [2024-11-12T12:28:07.404+0000] {dagbag.py:539} INFO - Filling up the DagBag from /opt/airflow/dags/model_training_pipeline_dag/process_lambda_output.py
[2024-11-12T12:28:07.414+0000] {processor.py:841} WARNING - No viable dags retrieved from /opt/airflow/dags/model_training_pipeline_dag/process_lambda_output.py
[2024-11-12T12:28:07.427+0000] {processor.py:179} INFO - Processing /opt/airflow/dags/model_training_pipeline_dag/process_lambda_output.py took 0.026 seconds
[2024-11-12T12:28:37.979+0000] {processor.py:157} INFO - Started process (PID=20495) to work on /opt/airflow/dags/model_training_pipeline_dag/process_lambda_output.py
[2024-11-12T12:28:37.980+0000] {processor.py:829} INFO - Processing file /opt/airflow/dags/model_training_pipeline_dag/process_lambda_output.py for tasks to queue
[2024-11-12T12:28:37.981+0000] {logging_mixin.py:151} INFO - [2024-11-12T12:28:37.981+0000] {dagbag.py:539} INFO - Filling up the DagBag from /opt/airflow/dags/model_training_pipeline_dag/process_lambda_output.py
[2024-11-12T12:28:37.990+0000] {processor.py:841} WARNING - No viable dags retrieved from /opt/airflow/dags/model_training_pipeline_dag/process_lambda_output.py
[2024-11-12T12:28:38.003+0000] {processor.py:179} INFO - Processing /opt/airflow/dags/model_training_pipeline_dag/process_lambda_output.py took 0.027 seconds
[2024-11-12T12:29:08.527+0000] {processor.py:157} INFO - Started process (PID=20568) to work on /opt/airflow/dags/model_training_pipeline_dag/process_lambda_output.py
[2024-11-12T12:29:08.527+0000] {processor.py:829} INFO - Processing file /opt/airflow/dags/model_training_pipeline_dag/process_lambda_output.py for tasks to queue
[2024-11-12T12:29:08.528+0000] {logging_mixin.py:151} INFO - [2024-11-12T12:29:08.528+0000] {dagbag.py:539} INFO - Filling up the DagBag from /opt/airflow/dags/model_training_pipeline_dag/process_lambda_output.py
[2024-11-12T12:29:08.537+0000] {processor.py:841} WARNING - No viable dags retrieved from /opt/airflow/dags/model_training_pipeline_dag/process_lambda_output.py
[2024-11-12T12:29:08.551+0000] {processor.py:179} INFO - Processing /opt/airflow/dags/model_training_pipeline_dag/process_lambda_output.py took 0.026 seconds
[2024-11-12T12:29:39.028+0000] {processor.py:157} INFO - Started process (PID=20641) to work on /opt/airflow/dags/model_training_pipeline_dag/process_lambda_output.py
[2024-11-12T12:29:39.029+0000] {processor.py:829} INFO - Processing file /opt/airflow/dags/model_training_pipeline_dag/process_lambda_output.py for tasks to queue
[2024-11-12T12:29:39.030+0000] {logging_mixin.py:151} INFO - [2024-11-12T12:29:39.029+0000] {dagbag.py:539} INFO - Filling up the DagBag from /opt/airflow/dags/model_training_pipeline_dag/process_lambda_output.py
[2024-11-12T12:29:39.038+0000] {processor.py:841} WARNING - No viable dags retrieved from /opt/airflow/dags/model_training_pipeline_dag/process_lambda_output.py
[2024-11-12T12:29:39.052+0000] {processor.py:179} INFO - Processing /opt/airflow/dags/model_training_pipeline_dag/process_lambda_output.py took 0.027 seconds
[2024-11-12T12:30:09.639+0000] {processor.py:157} INFO - Started process (PID=20714) to work on /opt/airflow/dags/model_training_pipeline_dag/process_lambda_output.py
[2024-11-12T12:30:09.640+0000] {processor.py:829} INFO - Processing file /opt/airflow/dags/model_training_pipeline_dag/process_lambda_output.py for tasks to queue
[2024-11-12T12:30:09.641+0000] {logging_mixin.py:151} INFO - [2024-11-12T12:30:09.641+0000] {dagbag.py:539} INFO - Filling up the DagBag from /opt/airflow/dags/model_training_pipeline_dag/process_lambda_output.py
[2024-11-12T12:30:09.652+0000] {processor.py:841} WARNING - No viable dags retrieved from /opt/airflow/dags/model_training_pipeline_dag/process_lambda_output.py
[2024-11-12T12:30:09.665+0000] {processor.py:179} INFO - Processing /opt/airflow/dags/model_training_pipeline_dag/process_lambda_output.py took 0.029 seconds
[2024-11-12T12:30:40.190+0000] {processor.py:157} INFO - Started process (PID=20787) to work on /opt/airflow/dags/model_training_pipeline_dag/process_lambda_output.py
[2024-11-12T12:30:40.191+0000] {processor.py:829} INFO - Processing file /opt/airflow/dags/model_training_pipeline_dag/process_lambda_output.py for tasks to queue
[2024-11-12T12:30:40.192+0000] {logging_mixin.py:151} INFO - [2024-11-12T12:30:40.192+0000] {dagbag.py:539} INFO - Filling up the DagBag from /opt/airflow/dags/model_training_pipeline_dag/process_lambda_output.py
[2024-11-12T12:30:40.201+0000] {processor.py:841} WARNING - No viable dags retrieved from /opt/airflow/dags/model_training_pipeline_dag/process_lambda_output.py
[2024-11-12T12:30:40.215+0000] {processor.py:179} INFO - Processing /opt/airflow/dags/model_training_pipeline_dag/process_lambda_output.py took 0.028 seconds
[2024-11-12T12:31:10.801+0000] {processor.py:157} INFO - Started process (PID=20860) to work on /opt/airflow/dags/model_training_pipeline_dag/process_lambda_output.py
[2024-11-12T12:31:10.802+0000] {processor.py:829} INFO - Processing file /opt/airflow/dags/model_training_pipeline_dag/process_lambda_output.py for tasks to queue
[2024-11-12T12:31:10.803+0000] {logging_mixin.py:151} INFO - [2024-11-12T12:31:10.802+0000] {dagbag.py:539} INFO - Filling up the DagBag from /opt/airflow/dags/model_training_pipeline_dag/process_lambda_output.py
[2024-11-12T12:31:10.814+0000] {processor.py:841} WARNING - No viable dags retrieved from /opt/airflow/dags/model_training_pipeline_dag/process_lambda_output.py
[2024-11-12T12:31:10.830+0000] {processor.py:179} INFO - Processing /opt/airflow/dags/model_training_pipeline_dag/process_lambda_output.py took 0.031 seconds
[2024-11-12T12:31:41.367+0000] {processor.py:157} INFO - Started process (PID=20933) to work on /opt/airflow/dags/model_training_pipeline_dag/process_lambda_output.py
[2024-11-12T12:31:41.368+0000] {processor.py:829} INFO - Processing file /opt/airflow/dags/model_training_pipeline_dag/process_lambda_output.py for tasks to queue
[2024-11-12T12:31:41.368+0000] {logging_mixin.py:151} INFO - [2024-11-12T12:31:41.368+0000] {dagbag.py:539} INFO - Filling up the DagBag from /opt/airflow/dags/model_training_pipeline_dag/process_lambda_output.py
[2024-11-12T12:31:41.378+0000] {processor.py:841} WARNING - No viable dags retrieved from /opt/airflow/dags/model_training_pipeline_dag/process_lambda_output.py
[2024-11-12T12:31:41.392+0000] {processor.py:179} INFO - Processing /opt/airflow/dags/model_training_pipeline_dag/process_lambda_output.py took 0.027 seconds
[2024-11-12T12:32:11.626+0000] {processor.py:157} INFO - Started process (PID=21006) to work on /opt/airflow/dags/model_training_pipeline_dag/process_lambda_output.py
[2024-11-12T12:32:11.627+0000] {processor.py:829} INFO - Processing file /opt/airflow/dags/model_training_pipeline_dag/process_lambda_output.py for tasks to queue
[2024-11-12T12:32:11.628+0000] {logging_mixin.py:151} INFO - [2024-11-12T12:32:11.628+0000] {dagbag.py:539} INFO - Filling up the DagBag from /opt/airflow/dags/model_training_pipeline_dag/process_lambda_output.py
[2024-11-12T12:32:11.638+0000] {processor.py:841} WARNING - No viable dags retrieved from /opt/airflow/dags/model_training_pipeline_dag/process_lambda_output.py
[2024-11-12T12:32:11.653+0000] {processor.py:179} INFO - Processing /opt/airflow/dags/model_training_pipeline_dag/process_lambda_output.py took 0.030 seconds
[2024-11-12T12:32:42.289+0000] {processor.py:157} INFO - Started process (PID=21079) to work on /opt/airflow/dags/model_training_pipeline_dag/process_lambda_output.py
[2024-11-12T12:32:42.290+0000] {processor.py:829} INFO - Processing file /opt/airflow/dags/model_training_pipeline_dag/process_lambda_output.py for tasks to queue
[2024-11-12T12:32:42.291+0000] {logging_mixin.py:151} INFO - [2024-11-12T12:32:42.291+0000] {dagbag.py:539} INFO - Filling up the DagBag from /opt/airflow/dags/model_training_pipeline_dag/process_lambda_output.py
[2024-11-12T12:32:42.301+0000] {processor.py:841} WARNING - No viable dags retrieved from /opt/airflow/dags/model_training_pipeline_dag/process_lambda_output.py
[2024-11-12T12:32:42.314+0000] {processor.py:179} INFO - Processing /opt/airflow/dags/model_training_pipeline_dag/process_lambda_output.py took 0.027 seconds
[2024-11-12T12:33:12.973+0000] {processor.py:157} INFO - Started process (PID=21152) to work on /opt/airflow/dags/model_training_pipeline_dag/process_lambda_output.py
[2024-11-12T12:33:12.973+0000] {processor.py:829} INFO - Processing file /opt/airflow/dags/model_training_pipeline_dag/process_lambda_output.py for tasks to queue
[2024-11-12T12:33:12.974+0000] {logging_mixin.py:151} INFO - [2024-11-12T12:33:12.974+0000] {dagbag.py:539} INFO - Filling up the DagBag from /opt/airflow/dags/model_training_pipeline_dag/process_lambda_output.py
[2024-11-12T12:33:12.984+0000] {processor.py:841} WARNING - No viable dags retrieved from /opt/airflow/dags/model_training_pipeline_dag/process_lambda_output.py
[2024-11-12T12:33:12.998+0000] {processor.py:179} INFO - Processing /opt/airflow/dags/model_training_pipeline_dag/process_lambda_output.py took 0.028 seconds
[2024-11-12T12:33:43.134+0000] {processor.py:157} INFO - Started process (PID=21225) to work on /opt/airflow/dags/model_training_pipeline_dag/process_lambda_output.py
[2024-11-12T12:33:43.136+0000] {processor.py:829} INFO - Processing file /opt/airflow/dags/model_training_pipeline_dag/process_lambda_output.py for tasks to queue
[2024-11-12T12:33:43.137+0000] {logging_mixin.py:151} INFO - [2024-11-12T12:33:43.137+0000] {dagbag.py:539} INFO - Filling up the DagBag from /opt/airflow/dags/model_training_pipeline_dag/process_lambda_output.py
[2024-11-12T12:33:43.155+0000] {processor.py:841} WARNING - No viable dags retrieved from /opt/airflow/dags/model_training_pipeline_dag/process_lambda_output.py
[2024-11-12T12:33:43.175+0000] {processor.py:179} INFO - Processing /opt/airflow/dags/model_training_pipeline_dag/process_lambda_output.py took 0.046 seconds
[2024-11-12T12:34:13.435+0000] {processor.py:157} INFO - Started process (PID=21298) to work on /opt/airflow/dags/model_training_pipeline_dag/process_lambda_output.py
[2024-11-12T12:34:13.436+0000] {processor.py:829} INFO - Processing file /opt/airflow/dags/model_training_pipeline_dag/process_lambda_output.py for tasks to queue
[2024-11-12T12:34:13.437+0000] {logging_mixin.py:151} INFO - [2024-11-12T12:34:13.436+0000] {dagbag.py:539} INFO - Filling up the DagBag from /opt/airflow/dags/model_training_pipeline_dag/process_lambda_output.py
[2024-11-12T12:34:13.445+0000] {processor.py:841} WARNING - No viable dags retrieved from /opt/airflow/dags/model_training_pipeline_dag/process_lambda_output.py
[2024-11-12T12:34:13.457+0000] {processor.py:179} INFO - Processing /opt/airflow/dags/model_training_pipeline_dag/process_lambda_output.py took 0.023 seconds
[2024-11-12T12:34:43.618+0000] {processor.py:157} INFO - Started process (PID=21371) to work on /opt/airflow/dags/model_training_pipeline_dag/process_lambda_output.py
[2024-11-12T12:34:43.619+0000] {processor.py:829} INFO - Processing file /opt/airflow/dags/model_training_pipeline_dag/process_lambda_output.py for tasks to queue
[2024-11-12T12:34:43.620+0000] {logging_mixin.py:151} INFO - [2024-11-12T12:34:43.620+0000] {dagbag.py:539} INFO - Filling up the DagBag from /opt/airflow/dags/model_training_pipeline_dag/process_lambda_output.py
[2024-11-12T12:34:43.628+0000] {processor.py:841} WARNING - No viable dags retrieved from /opt/airflow/dags/model_training_pipeline_dag/process_lambda_output.py
[2024-11-12T12:34:43.639+0000] {processor.py:179} INFO - Processing /opt/airflow/dags/model_training_pipeline_dag/process_lambda_output.py took 0.023 seconds
[2024-11-12T12:35:13.793+0000] {processor.py:157} INFO - Started process (PID=21444) to work on /opt/airflow/dags/model_training_pipeline_dag/process_lambda_output.py
[2024-11-12T12:35:13.794+0000] {processor.py:829} INFO - Processing file /opt/airflow/dags/model_training_pipeline_dag/process_lambda_output.py for tasks to queue
[2024-11-12T12:35:13.794+0000] {logging_mixin.py:151} INFO - [2024-11-12T12:35:13.794+0000] {dagbag.py:539} INFO - Filling up the DagBag from /opt/airflow/dags/model_training_pipeline_dag/process_lambda_output.py
[2024-11-12T12:35:13.803+0000] {processor.py:841} WARNING - No viable dags retrieved from /opt/airflow/dags/model_training_pipeline_dag/process_lambda_output.py
[2024-11-12T12:35:13.814+0000] {processor.py:179} INFO - Processing /opt/airflow/dags/model_training_pipeline_dag/process_lambda_output.py took 0.024 seconds
[2024-11-12T12:35:44.102+0000] {processor.py:157} INFO - Started process (PID=21517) to work on /opt/airflow/dags/model_training_pipeline_dag/process_lambda_output.py
[2024-11-12T12:35:44.103+0000] {processor.py:829} INFO - Processing file /opt/airflow/dags/model_training_pipeline_dag/process_lambda_output.py for tasks to queue
[2024-11-12T12:35:44.104+0000] {logging_mixin.py:151} INFO - [2024-11-12T12:35:44.104+0000] {dagbag.py:539} INFO - Filling up the DagBag from /opt/airflow/dags/model_training_pipeline_dag/process_lambda_output.py
[2024-11-12T12:35:44.112+0000] {processor.py:841} WARNING - No viable dags retrieved from /opt/airflow/dags/model_training_pipeline_dag/process_lambda_output.py
[2024-11-12T12:35:44.124+0000] {processor.py:179} INFO - Processing /opt/airflow/dags/model_training_pipeline_dag/process_lambda_output.py took 0.024 seconds
[2024-11-12T12:36:14.212+0000] {processor.py:157} INFO - Started process (PID=21556) to work on /opt/airflow/dags/model_training_pipeline_dag/process_lambda_output.py
[2024-11-12T12:36:14.213+0000] {processor.py:829} INFO - Processing file /opt/airflow/dags/model_training_pipeline_dag/process_lambda_output.py for tasks to queue
[2024-11-12T12:36:14.213+0000] {logging_mixin.py:151} INFO - [2024-11-12T12:36:14.213+0000] {dagbag.py:539} INFO - Filling up the DagBag from /opt/airflow/dags/model_training_pipeline_dag/process_lambda_output.py
[2024-11-12T12:36:14.222+0000] {processor.py:841} WARNING - No viable dags retrieved from /opt/airflow/dags/model_training_pipeline_dag/process_lambda_output.py
[2024-11-12T12:36:14.234+0000] {processor.py:179} INFO - Processing /opt/airflow/dags/model_training_pipeline_dag/process_lambda_output.py took 0.025 seconds
[2024-11-12T12:36:44.545+0000] {processor.py:157} INFO - Started process (PID=21610) to work on /opt/airflow/dags/model_training_pipeline_dag/process_lambda_output.py
[2024-11-12T12:36:44.547+0000] {processor.py:829} INFO - Processing file /opt/airflow/dags/model_training_pipeline_dag/process_lambda_output.py for tasks to queue
[2024-11-12T12:36:44.548+0000] {logging_mixin.py:151} INFO - [2024-11-12T12:36:44.548+0000] {dagbag.py:539} INFO - Filling up the DagBag from /opt/airflow/dags/model_training_pipeline_dag/process_lambda_output.py
[2024-11-12T12:36:44.565+0000] {processor.py:841} WARNING - No viable dags retrieved from /opt/airflow/dags/model_training_pipeline_dag/process_lambda_output.py
[2024-11-12T12:36:44.581+0000] {processor.py:179} INFO - Processing /opt/airflow/dags/model_training_pipeline_dag/process_lambda_output.py took 0.041 seconds
[2024-11-12T12:37:14.731+0000] {processor.py:157} INFO - Started process (PID=21668) to work on /opt/airflow/dags/model_training_pipeline_dag/process_lambda_output.py
[2024-11-12T12:37:14.733+0000] {processor.py:829} INFO - Processing file /opt/airflow/dags/model_training_pipeline_dag/process_lambda_output.py for tasks to queue
[2024-11-12T12:37:14.735+0000] {logging_mixin.py:151} INFO - [2024-11-12T12:37:14.735+0000] {dagbag.py:539} INFO - Filling up the DagBag from /opt/airflow/dags/model_training_pipeline_dag/process_lambda_output.py
[2024-11-12T12:37:14.795+0000] {processor.py:841} WARNING - No viable dags retrieved from /opt/airflow/dags/model_training_pipeline_dag/process_lambda_output.py
[2024-11-12T12:37:14.818+0000] {processor.py:179} INFO - Processing /opt/airflow/dags/model_training_pipeline_dag/process_lambda_output.py took 0.093 seconds
[2024-11-12T12:37:45.535+0000] {processor.py:157} INFO - Started process (PID=21741) to work on /opt/airflow/dags/model_training_pipeline_dag/process_lambda_output.py
[2024-11-12T12:37:45.536+0000] {processor.py:829} INFO - Processing file /opt/airflow/dags/model_training_pipeline_dag/process_lambda_output.py for tasks to queue
[2024-11-12T12:37:45.537+0000] {logging_mixin.py:151} INFO - [2024-11-12T12:37:45.537+0000] {dagbag.py:539} INFO - Filling up the DagBag from /opt/airflow/dags/model_training_pipeline_dag/process_lambda_output.py
[2024-11-12T12:37:45.560+0000] {processor.py:841} WARNING - No viable dags retrieved from /opt/airflow/dags/model_training_pipeline_dag/process_lambda_output.py
[2024-11-12T12:37:45.576+0000] {processor.py:179} INFO - Processing /opt/airflow/dags/model_training_pipeline_dag/process_lambda_output.py took 0.045 seconds
[2024-11-12T12:38:16.359+0000] {processor.py:157} INFO - Started process (PID=21814) to work on /opt/airflow/dags/model_training_pipeline_dag/process_lambda_output.py
[2024-11-12T12:38:16.360+0000] {processor.py:829} INFO - Processing file /opt/airflow/dags/model_training_pipeline_dag/process_lambda_output.py for tasks to queue
[2024-11-12T12:38:16.361+0000] {logging_mixin.py:151} INFO - [2024-11-12T12:38:16.361+0000] {dagbag.py:539} INFO - Filling up the DagBag from /opt/airflow/dags/model_training_pipeline_dag/process_lambda_output.py
[2024-11-12T12:38:16.370+0000] {processor.py:841} WARNING - No viable dags retrieved from /opt/airflow/dags/model_training_pipeline_dag/process_lambda_output.py
[2024-11-12T12:38:16.383+0000] {processor.py:179} INFO - Processing /opt/airflow/dags/model_training_pipeline_dag/process_lambda_output.py took 0.026 seconds
[2024-11-12T12:38:46.834+0000] {processor.py:157} INFO - Started process (PID=21887) to work on /opt/airflow/dags/model_training_pipeline_dag/process_lambda_output.py
[2024-11-12T12:38:46.835+0000] {processor.py:829} INFO - Processing file /opt/airflow/dags/model_training_pipeline_dag/process_lambda_output.py for tasks to queue
[2024-11-12T12:38:46.836+0000] {logging_mixin.py:151} INFO - [2024-11-12T12:38:46.836+0000] {dagbag.py:539} INFO - Filling up the DagBag from /opt/airflow/dags/model_training_pipeline_dag/process_lambda_output.py
[2024-11-12T12:38:46.845+0000] {processor.py:841} WARNING - No viable dags retrieved from /opt/airflow/dags/model_training_pipeline_dag/process_lambda_output.py
[2024-11-12T12:38:46.857+0000] {processor.py:179} INFO - Processing /opt/airflow/dags/model_training_pipeline_dag/process_lambda_output.py took 0.026 seconds
[2024-11-12T12:39:17.348+0000] {processor.py:157} INFO - Started process (PID=21960) to work on /opt/airflow/dags/model_training_pipeline_dag/process_lambda_output.py
[2024-11-12T12:39:17.349+0000] {processor.py:829} INFO - Processing file /opt/airflow/dags/model_training_pipeline_dag/process_lambda_output.py for tasks to queue
[2024-11-12T12:39:17.350+0000] {logging_mixin.py:151} INFO - [2024-11-12T12:39:17.350+0000] {dagbag.py:539} INFO - Filling up the DagBag from /opt/airflow/dags/model_training_pipeline_dag/process_lambda_output.py
[2024-11-12T12:39:17.361+0000] {processor.py:841} WARNING - No viable dags retrieved from /opt/airflow/dags/model_training_pipeline_dag/process_lambda_output.py
[2024-11-12T12:39:17.376+0000] {processor.py:179} INFO - Processing /opt/airflow/dags/model_training_pipeline_dag/process_lambda_output.py took 0.032 seconds
[2024-11-12T12:39:47.834+0000] {processor.py:157} INFO - Started process (PID=22033) to work on /opt/airflow/dags/model_training_pipeline_dag/process_lambda_output.py
[2024-11-12T12:39:47.835+0000] {processor.py:829} INFO - Processing file /opt/airflow/dags/model_training_pipeline_dag/process_lambda_output.py for tasks to queue
[2024-11-12T12:39:47.835+0000] {logging_mixin.py:151} INFO - [2024-11-12T12:39:47.835+0000] {dagbag.py:539} INFO - Filling up the DagBag from /opt/airflow/dags/model_training_pipeline_dag/process_lambda_output.py
[2024-11-12T12:39:47.844+0000] {processor.py:841} WARNING - No viable dags retrieved from /opt/airflow/dags/model_training_pipeline_dag/process_lambda_output.py
[2024-11-12T12:39:47.857+0000] {processor.py:179} INFO - Processing /opt/airflow/dags/model_training_pipeline_dag/process_lambda_output.py took 0.026 seconds
[2024-11-12T12:40:18.272+0000] {processor.py:157} INFO - Started process (PID=22106) to work on /opt/airflow/dags/model_training_pipeline_dag/process_lambda_output.py
[2024-11-12T12:40:18.273+0000] {processor.py:829} INFO - Processing file /opt/airflow/dags/model_training_pipeline_dag/process_lambda_output.py for tasks to queue
[2024-11-12T12:40:18.274+0000] {logging_mixin.py:151} INFO - [2024-11-12T12:40:18.274+0000] {dagbag.py:539} INFO - Filling up the DagBag from /opt/airflow/dags/model_training_pipeline_dag/process_lambda_output.py
[2024-11-12T12:40:18.285+0000] {processor.py:841} WARNING - No viable dags retrieved from /opt/airflow/dags/model_training_pipeline_dag/process_lambda_output.py
[2024-11-12T12:40:18.299+0000] {processor.py:179} INFO - Processing /opt/airflow/dags/model_training_pipeline_dag/process_lambda_output.py took 0.030 seconds
[2024-11-12T12:40:48.780+0000] {processor.py:157} INFO - Started process (PID=22179) to work on /opt/airflow/dags/model_training_pipeline_dag/process_lambda_output.py
[2024-11-12T12:40:48.780+0000] {processor.py:829} INFO - Processing file /opt/airflow/dags/model_training_pipeline_dag/process_lambda_output.py for tasks to queue
[2024-11-12T12:40:48.781+0000] {logging_mixin.py:151} INFO - [2024-11-12T12:40:48.781+0000] {dagbag.py:539} INFO - Filling up the DagBag from /opt/airflow/dags/model_training_pipeline_dag/process_lambda_output.py
[2024-11-12T12:40:48.793+0000] {processor.py:841} WARNING - No viable dags retrieved from /opt/airflow/dags/model_training_pipeline_dag/process_lambda_output.py
[2024-11-12T12:40:48.805+0000] {processor.py:179} INFO - Processing /opt/airflow/dags/model_training_pipeline_dag/process_lambda_output.py took 0.028 seconds
[2024-11-12T12:41:19.573+0000] {processor.py:157} INFO - Started process (PID=22252) to work on /opt/airflow/dags/model_training_pipeline_dag/process_lambda_output.py
[2024-11-12T12:41:19.574+0000] {processor.py:829} INFO - Processing file /opt/airflow/dags/model_training_pipeline_dag/process_lambda_output.py for tasks to queue
[2024-11-12T12:41:19.575+0000] {logging_mixin.py:151} INFO - [2024-11-12T12:41:19.574+0000] {dagbag.py:539} INFO - Filling up the DagBag from /opt/airflow/dags/model_training_pipeline_dag/process_lambda_output.py
[2024-11-12T12:41:19.586+0000] {processor.py:841} WARNING - No viable dags retrieved from /opt/airflow/dags/model_training_pipeline_dag/process_lambda_output.py
[2024-11-12T12:41:19.600+0000] {processor.py:179} INFO - Processing /opt/airflow/dags/model_training_pipeline_dag/process_lambda_output.py took 0.034 seconds
[2024-11-12T12:41:50.311+0000] {processor.py:157} INFO - Started process (PID=22325) to work on /opt/airflow/dags/model_training_pipeline_dag/process_lambda_output.py
[2024-11-12T12:41:50.312+0000] {processor.py:829} INFO - Processing file /opt/airflow/dags/model_training_pipeline_dag/process_lambda_output.py for tasks to queue
[2024-11-12T12:41:50.313+0000] {logging_mixin.py:151} INFO - [2024-11-12T12:41:50.313+0000] {dagbag.py:539} INFO - Filling up the DagBag from /opt/airflow/dags/model_training_pipeline_dag/process_lambda_output.py
[2024-11-12T12:41:50.323+0000] {processor.py:841} WARNING - No viable dags retrieved from /opt/airflow/dags/model_training_pipeline_dag/process_lambda_output.py
[2024-11-12T12:41:50.337+0000] {processor.py:179} INFO - Processing /opt/airflow/dags/model_training_pipeline_dag/process_lambda_output.py took 0.028 seconds
[2024-11-12T12:42:20.986+0000] {processor.py:157} INFO - Started process (PID=22398) to work on /opt/airflow/dags/model_training_pipeline_dag/process_lambda_output.py
[2024-11-12T12:42:20.987+0000] {processor.py:829} INFO - Processing file /opt/airflow/dags/model_training_pipeline_dag/process_lambda_output.py for tasks to queue
[2024-11-12T12:42:20.988+0000] {logging_mixin.py:151} INFO - [2024-11-12T12:42:20.988+0000] {dagbag.py:539} INFO - Filling up the DagBag from /opt/airflow/dags/model_training_pipeline_dag/process_lambda_output.py
[2024-11-12T12:42:20.997+0000] {processor.py:841} WARNING - No viable dags retrieved from /opt/airflow/dags/model_training_pipeline_dag/process_lambda_output.py
[2024-11-12T12:42:21.013+0000] {processor.py:179} INFO - Processing /opt/airflow/dags/model_training_pipeline_dag/process_lambda_output.py took 0.029 seconds
[2024-11-12T12:42:51.590+0000] {processor.py:157} INFO - Started process (PID=22471) to work on /opt/airflow/dags/model_training_pipeline_dag/process_lambda_output.py
[2024-11-12T12:42:51.591+0000] {processor.py:829} INFO - Processing file /opt/airflow/dags/model_training_pipeline_dag/process_lambda_output.py for tasks to queue
[2024-11-12T12:42:51.591+0000] {logging_mixin.py:151} INFO - [2024-11-12T12:42:51.591+0000] {dagbag.py:539} INFO - Filling up the DagBag from /opt/airflow/dags/model_training_pipeline_dag/process_lambda_output.py
[2024-11-12T12:42:51.601+0000] {processor.py:841} WARNING - No viable dags retrieved from /opt/airflow/dags/model_training_pipeline_dag/process_lambda_output.py
[2024-11-12T12:42:51.614+0000] {processor.py:179} INFO - Processing /opt/airflow/dags/model_training_pipeline_dag/process_lambda_output.py took 0.026 seconds
[2024-11-12T12:43:22.208+0000] {processor.py:157} INFO - Started process (PID=22544) to work on /opt/airflow/dags/model_training_pipeline_dag/process_lambda_output.py
[2024-11-12T12:43:22.209+0000] {processor.py:829} INFO - Processing file /opt/airflow/dags/model_training_pipeline_dag/process_lambda_output.py for tasks to queue
[2024-11-12T12:43:22.210+0000] {logging_mixin.py:151} INFO - [2024-11-12T12:43:22.210+0000] {dagbag.py:539} INFO - Filling up the DagBag from /opt/airflow/dags/model_training_pipeline_dag/process_lambda_output.py
[2024-11-12T12:43:22.220+0000] {processor.py:841} WARNING - No viable dags retrieved from /opt/airflow/dags/model_training_pipeline_dag/process_lambda_output.py
[2024-11-12T12:43:22.232+0000] {processor.py:179} INFO - Processing /opt/airflow/dags/model_training_pipeline_dag/process_lambda_output.py took 0.026 seconds
[2024-11-12T12:43:53.175+0000] {processor.py:157} INFO - Started process (PID=22617) to work on /opt/airflow/dags/model_training_pipeline_dag/process_lambda_output.py
[2024-11-12T12:43:53.176+0000] {processor.py:829} INFO - Processing file /opt/airflow/dags/model_training_pipeline_dag/process_lambda_output.py for tasks to queue
[2024-11-12T12:43:53.177+0000] {logging_mixin.py:151} INFO - [2024-11-12T12:43:53.177+0000] {dagbag.py:539} INFO - Filling up the DagBag from /opt/airflow/dags/model_training_pipeline_dag/process_lambda_output.py
[2024-11-12T12:43:53.186+0000] {processor.py:841} WARNING - No viable dags retrieved from /opt/airflow/dags/model_training_pipeline_dag/process_lambda_output.py
[2024-11-12T12:43:53.199+0000] {processor.py:179} INFO - Processing /opt/airflow/dags/model_training_pipeline_dag/process_lambda_output.py took 0.026 seconds
[2024-11-12T12:44:23.764+0000] {processor.py:157} INFO - Started process (PID=22690) to work on /opt/airflow/dags/model_training_pipeline_dag/process_lambda_output.py
[2024-11-12T12:44:23.765+0000] {processor.py:829} INFO - Processing file /opt/airflow/dags/model_training_pipeline_dag/process_lambda_output.py for tasks to queue
[2024-11-12T12:44:23.766+0000] {logging_mixin.py:151} INFO - [2024-11-12T12:44:23.766+0000] {dagbag.py:539} INFO - Filling up the DagBag from /opt/airflow/dags/model_training_pipeline_dag/process_lambda_output.py
[2024-11-12T12:44:23.776+0000] {processor.py:841} WARNING - No viable dags retrieved from /opt/airflow/dags/model_training_pipeline_dag/process_lambda_output.py
[2024-11-12T12:44:23.789+0000] {processor.py:179} INFO - Processing /opt/airflow/dags/model_training_pipeline_dag/process_lambda_output.py took 0.027 seconds
[2024-11-12T12:44:54.392+0000] {processor.py:157} INFO - Started process (PID=22763) to work on /opt/airflow/dags/model_training_pipeline_dag/process_lambda_output.py
[2024-11-12T12:44:54.393+0000] {processor.py:829} INFO - Processing file /opt/airflow/dags/model_training_pipeline_dag/process_lambda_output.py for tasks to queue
[2024-11-12T12:44:54.395+0000] {logging_mixin.py:151} INFO - [2024-11-12T12:44:54.394+0000] {dagbag.py:539} INFO - Filling up the DagBag from /opt/airflow/dags/model_training_pipeline_dag/process_lambda_output.py
[2024-11-12T12:44:54.405+0000] {processor.py:841} WARNING - No viable dags retrieved from /opt/airflow/dags/model_training_pipeline_dag/process_lambda_output.py
[2024-11-12T12:44:54.418+0000] {processor.py:179} INFO - Processing /opt/airflow/dags/model_training_pipeline_dag/process_lambda_output.py took 0.029 seconds
[2024-11-12T12:45:25.267+0000] {processor.py:157} INFO - Started process (PID=22836) to work on /opt/airflow/dags/model_training_pipeline_dag/process_lambda_output.py
[2024-11-12T12:45:25.268+0000] {processor.py:829} INFO - Processing file /opt/airflow/dags/model_training_pipeline_dag/process_lambda_output.py for tasks to queue
[2024-11-12T12:45:25.269+0000] {logging_mixin.py:151} INFO - [2024-11-12T12:45:25.269+0000] {dagbag.py:539} INFO - Filling up the DagBag from /opt/airflow/dags/model_training_pipeline_dag/process_lambda_output.py
[2024-11-12T12:45:25.282+0000] {processor.py:841} WARNING - No viable dags retrieved from /opt/airflow/dags/model_training_pipeline_dag/process_lambda_output.py
[2024-11-12T12:45:25.297+0000] {processor.py:179} INFO - Processing /opt/airflow/dags/model_training_pipeline_dag/process_lambda_output.py took 0.034 seconds
[2024-11-12T12:45:56.272+0000] {processor.py:157} INFO - Started process (PID=22909) to work on /opt/airflow/dags/model_training_pipeline_dag/process_lambda_output.py
[2024-11-12T12:45:56.273+0000] {processor.py:829} INFO - Processing file /opt/airflow/dags/model_training_pipeline_dag/process_lambda_output.py for tasks to queue
[2024-11-12T12:45:56.274+0000] {logging_mixin.py:151} INFO - [2024-11-12T12:45:56.274+0000] {dagbag.py:539} INFO - Filling up the DagBag from /opt/airflow/dags/model_training_pipeline_dag/process_lambda_output.py
[2024-11-12T12:45:56.285+0000] {processor.py:841} WARNING - No viable dags retrieved from /opt/airflow/dags/model_training_pipeline_dag/process_lambda_output.py
[2024-11-12T12:45:56.298+0000] {processor.py:179} INFO - Processing /opt/airflow/dags/model_training_pipeline_dag/process_lambda_output.py took 0.028 seconds
[2024-11-12T12:46:26.543+0000] {processor.py:157} INFO - Started process (PID=22982) to work on /opt/airflow/dags/model_training_pipeline_dag/process_lambda_output.py
[2024-11-12T12:46:26.544+0000] {processor.py:829} INFO - Processing file /opt/airflow/dags/model_training_pipeline_dag/process_lambda_output.py for tasks to queue
[2024-11-12T12:46:26.545+0000] {logging_mixin.py:151} INFO - [2024-11-12T12:46:26.544+0000] {dagbag.py:539} INFO - Filling up the DagBag from /opt/airflow/dags/model_training_pipeline_dag/process_lambda_output.py
[2024-11-12T12:46:26.554+0000] {processor.py:841} WARNING - No viable dags retrieved from /opt/airflow/dags/model_training_pipeline_dag/process_lambda_output.py
[2024-11-12T12:46:26.566+0000] {processor.py:179} INFO - Processing /opt/airflow/dags/model_training_pipeline_dag/process_lambda_output.py took 0.025 seconds
[2024-11-12T12:46:56.686+0000] {processor.py:157} INFO - Started process (PID=23055) to work on /opt/airflow/dags/model_training_pipeline_dag/process_lambda_output.py
[2024-11-12T12:46:56.687+0000] {processor.py:829} INFO - Processing file /opt/airflow/dags/model_training_pipeline_dag/process_lambda_output.py for tasks to queue
[2024-11-12T12:46:56.689+0000] {logging_mixin.py:151} INFO - [2024-11-12T12:46:56.688+0000] {dagbag.py:539} INFO - Filling up the DagBag from /opt/airflow/dags/model_training_pipeline_dag/process_lambda_output.py
[2024-11-12T12:46:56.699+0000] {processor.py:841} WARNING - No viable dags retrieved from /opt/airflow/dags/model_training_pipeline_dag/process_lambda_output.py
[2024-11-12T12:46:56.713+0000] {processor.py:179} INFO - Processing /opt/airflow/dags/model_training_pipeline_dag/process_lambda_output.py took 0.031 seconds
[2024-11-12T12:47:27.368+0000] {processor.py:157} INFO - Started process (PID=23128) to work on /opt/airflow/dags/model_training_pipeline_dag/process_lambda_output.py
[2024-11-12T12:47:27.369+0000] {processor.py:829} INFO - Processing file /opt/airflow/dags/model_training_pipeline_dag/process_lambda_output.py for tasks to queue
[2024-11-12T12:47:27.370+0000] {logging_mixin.py:151} INFO - [2024-11-12T12:47:27.370+0000] {dagbag.py:539} INFO - Filling up the DagBag from /opt/airflow/dags/model_training_pipeline_dag/process_lambda_output.py
[2024-11-12T12:47:27.414+0000] {processor.py:841} WARNING - No viable dags retrieved from /opt/airflow/dags/model_training_pipeline_dag/process_lambda_output.py
[2024-11-12T12:47:27.432+0000] {processor.py:179} INFO - Processing /opt/airflow/dags/model_training_pipeline_dag/process_lambda_output.py took 0.067 seconds
[2024-11-12T12:47:57.786+0000] {processor.py:157} INFO - Started process (PID=23201) to work on /opt/airflow/dags/model_training_pipeline_dag/process_lambda_output.py
[2024-11-12T12:47:57.787+0000] {processor.py:829} INFO - Processing file /opt/airflow/dags/model_training_pipeline_dag/process_lambda_output.py for tasks to queue
[2024-11-12T12:47:57.788+0000] {logging_mixin.py:151} INFO - [2024-11-12T12:47:57.788+0000] {dagbag.py:539} INFO - Filling up the DagBag from /opt/airflow/dags/model_training_pipeline_dag/process_lambda_output.py
[2024-11-12T12:47:57.798+0000] {processor.py:841} WARNING - No viable dags retrieved from /opt/airflow/dags/model_training_pipeline_dag/process_lambda_output.py
[2024-11-12T12:47:57.812+0000] {processor.py:179} INFO - Processing /opt/airflow/dags/model_training_pipeline_dag/process_lambda_output.py took 0.028 seconds
[2024-11-12T12:48:28.386+0000] {processor.py:157} INFO - Started process (PID=23272) to work on /opt/airflow/dags/model_training_pipeline_dag/process_lambda_output.py
[2024-11-12T12:48:28.387+0000] {processor.py:829} INFO - Processing file /opt/airflow/dags/model_training_pipeline_dag/process_lambda_output.py for tasks to queue
[2024-11-12T12:48:28.388+0000] {logging_mixin.py:151} INFO - [2024-11-12T12:48:28.387+0000] {dagbag.py:539} INFO - Filling up the DagBag from /opt/airflow/dags/model_training_pipeline_dag/process_lambda_output.py
[2024-11-12T12:48:28.399+0000] {processor.py:841} WARNING - No viable dags retrieved from /opt/airflow/dags/model_training_pipeline_dag/process_lambda_output.py
[2024-11-12T12:48:28.413+0000] {processor.py:179} INFO - Processing /opt/airflow/dags/model_training_pipeline_dag/process_lambda_output.py took 0.030 seconds
[2024-11-12T12:48:58.940+0000] {processor.py:157} INFO - Started process (PID=23328) to work on /opt/airflow/dags/model_training_pipeline_dag/process_lambda_output.py
[2024-11-12T12:48:58.941+0000] {processor.py:829} INFO - Processing file /opt/airflow/dags/model_training_pipeline_dag/process_lambda_output.py for tasks to queue
[2024-11-12T12:48:58.941+0000] {logging_mixin.py:151} INFO - [2024-11-12T12:48:58.941+0000] {dagbag.py:539} INFO - Filling up the DagBag from /opt/airflow/dags/model_training_pipeline_dag/process_lambda_output.py
[2024-11-12T12:48:58.953+0000] {processor.py:841} WARNING - No viable dags retrieved from /opt/airflow/dags/model_training_pipeline_dag/process_lambda_output.py
[2024-11-12T12:48:58.967+0000] {processor.py:179} INFO - Processing /opt/airflow/dags/model_training_pipeline_dag/process_lambda_output.py took 0.030 seconds
[2024-11-12T12:49:29.656+0000] {processor.py:157} INFO - Started process (PID=23386) to work on /opt/airflow/dags/model_training_pipeline_dag/process_lambda_output.py
[2024-11-12T12:49:29.657+0000] {processor.py:829} INFO - Processing file /opt/airflow/dags/model_training_pipeline_dag/process_lambda_output.py for tasks to queue
[2024-11-12T12:49:29.658+0000] {logging_mixin.py:151} INFO - [2024-11-12T12:49:29.658+0000] {dagbag.py:539} INFO - Filling up the DagBag from /opt/airflow/dags/model_training_pipeline_dag/process_lambda_output.py
[2024-11-12T12:49:29.671+0000] {processor.py:841} WARNING - No viable dags retrieved from /opt/airflow/dags/model_training_pipeline_dag/process_lambda_output.py
[2024-11-12T12:49:29.687+0000] {processor.py:179} INFO - Processing /opt/airflow/dags/model_training_pipeline_dag/process_lambda_output.py took 0.035 seconds
[2024-11-12T12:50:00.380+0000] {processor.py:157} INFO - Started process (PID=23457) to work on /opt/airflow/dags/model_training_pipeline_dag/process_lambda_output.py
[2024-11-12T12:50:00.381+0000] {processor.py:829} INFO - Processing file /opt/airflow/dags/model_training_pipeline_dag/process_lambda_output.py for tasks to queue
[2024-11-12T12:50:00.382+0000] {logging_mixin.py:151} INFO - [2024-11-12T12:50:00.382+0000] {dagbag.py:539} INFO - Filling up the DagBag from /opt/airflow/dags/model_training_pipeline_dag/process_lambda_output.py
[2024-11-12T12:50:00.394+0000] {processor.py:841} WARNING - No viable dags retrieved from /opt/airflow/dags/model_training_pipeline_dag/process_lambda_output.py
[2024-11-12T12:50:00.410+0000] {processor.py:179} INFO - Processing /opt/airflow/dags/model_training_pipeline_dag/process_lambda_output.py took 0.033 seconds
[2024-11-12T12:50:30.955+0000] {processor.py:157} INFO - Started process (PID=23498) to work on /opt/airflow/dags/model_training_pipeline_dag/process_lambda_output.py
[2024-11-12T12:50:30.956+0000] {processor.py:829} INFO - Processing file /opt/airflow/dags/model_training_pipeline_dag/process_lambda_output.py for tasks to queue
[2024-11-12T12:50:30.956+0000] {logging_mixin.py:151} INFO - [2024-11-12T12:50:30.956+0000] {dagbag.py:539} INFO - Filling up the DagBag from /opt/airflow/dags/model_training_pipeline_dag/process_lambda_output.py
[2024-11-12T12:50:30.968+0000] {processor.py:841} WARNING - No viable dags retrieved from /opt/airflow/dags/model_training_pipeline_dag/process_lambda_output.py
[2024-11-12T12:50:30.982+0000] {processor.py:179} INFO - Processing /opt/airflow/dags/model_training_pipeline_dag/process_lambda_output.py took 0.030 seconds
[2024-11-12T12:51:01.419+0000] {processor.py:157} INFO - Started process (PID=23571) to work on /opt/airflow/dags/model_training_pipeline_dag/process_lambda_output.py
[2024-11-12T12:51:01.420+0000] {processor.py:829} INFO - Processing file /opt/airflow/dags/model_training_pipeline_dag/process_lambda_output.py for tasks to queue
[2024-11-12T12:51:01.420+0000] {logging_mixin.py:151} INFO - [2024-11-12T12:51:01.420+0000] {dagbag.py:539} INFO - Filling up the DagBag from /opt/airflow/dags/model_training_pipeline_dag/process_lambda_output.py
[2024-11-12T12:51:01.431+0000] {processor.py:841} WARNING - No viable dags retrieved from /opt/airflow/dags/model_training_pipeline_dag/process_lambda_output.py
[2024-11-12T12:51:01.444+0000] {processor.py:179} INFO - Processing /opt/airflow/dags/model_training_pipeline_dag/process_lambda_output.py took 0.027 seconds
[2024-11-12T12:51:32.217+0000] {processor.py:157} INFO - Started process (PID=23644) to work on /opt/airflow/dags/model_training_pipeline_dag/process_lambda_output.py
[2024-11-12T12:51:32.218+0000] {processor.py:829} INFO - Processing file /opt/airflow/dags/model_training_pipeline_dag/process_lambda_output.py for tasks to queue
[2024-11-12T12:51:32.219+0000] {logging_mixin.py:151} INFO - [2024-11-12T12:51:32.219+0000] {dagbag.py:539} INFO - Filling up the DagBag from /opt/airflow/dags/model_training_pipeline_dag/process_lambda_output.py
[2024-11-12T12:51:32.230+0000] {processor.py:841} WARNING - No viable dags retrieved from /opt/airflow/dags/model_training_pipeline_dag/process_lambda_output.py
[2024-11-12T12:51:32.247+0000] {processor.py:179} INFO - Processing /opt/airflow/dags/model_training_pipeline_dag/process_lambda_output.py took 0.033 seconds
[2024-11-12T12:52:02.896+0000] {processor.py:157} INFO - Started process (PID=23717) to work on /opt/airflow/dags/model_training_pipeline_dag/process_lambda_output.py
[2024-11-12T12:52:02.897+0000] {processor.py:829} INFO - Processing file /opt/airflow/dags/model_training_pipeline_dag/process_lambda_output.py for tasks to queue
[2024-11-12T12:52:02.897+0000] {logging_mixin.py:151} INFO - [2024-11-12T12:52:02.897+0000] {dagbag.py:539} INFO - Filling up the DagBag from /opt/airflow/dags/model_training_pipeline_dag/process_lambda_output.py
[2024-11-12T12:52:02.910+0000] {processor.py:841} WARNING - No viable dags retrieved from /opt/airflow/dags/model_training_pipeline_dag/process_lambda_output.py
[2024-11-12T12:52:02.923+0000] {processor.py:179} INFO - Processing /opt/airflow/dags/model_training_pipeline_dag/process_lambda_output.py took 0.030 seconds
[2024-11-12T12:52:33.543+0000] {processor.py:157} INFO - Started process (PID=23790) to work on /opt/airflow/dags/model_training_pipeline_dag/process_lambda_output.py
[2024-11-12T12:52:33.544+0000] {processor.py:829} INFO - Processing file /opt/airflow/dags/model_training_pipeline_dag/process_lambda_output.py for tasks to queue
[2024-11-12T12:52:33.544+0000] {logging_mixin.py:151} INFO - [2024-11-12T12:52:33.544+0000] {dagbag.py:539} INFO - Filling up the DagBag from /opt/airflow/dags/model_training_pipeline_dag/process_lambda_output.py
[2024-11-12T12:52:33.553+0000] {processor.py:841} WARNING - No viable dags retrieved from /opt/airflow/dags/model_training_pipeline_dag/process_lambda_output.py
[2024-11-12T12:52:33.566+0000] {processor.py:179} INFO - Processing /opt/airflow/dags/model_training_pipeline_dag/process_lambda_output.py took 0.026 seconds
[2024-11-12T12:53:04.034+0000] {processor.py:157} INFO - Started process (PID=23863) to work on /opt/airflow/dags/model_training_pipeline_dag/process_lambda_output.py
[2024-11-12T12:53:04.035+0000] {processor.py:829} INFO - Processing file /opt/airflow/dags/model_training_pipeline_dag/process_lambda_output.py for tasks to queue
[2024-11-12T12:53:04.036+0000] {logging_mixin.py:151} INFO - [2024-11-12T12:53:04.035+0000] {dagbag.py:539} INFO - Filling up the DagBag from /opt/airflow/dags/model_training_pipeline_dag/process_lambda_output.py
[2024-11-12T12:53:04.045+0000] {processor.py:841} WARNING - No viable dags retrieved from /opt/airflow/dags/model_training_pipeline_dag/process_lambda_output.py
[2024-11-12T12:53:04.062+0000] {processor.py:179} INFO - Processing /opt/airflow/dags/model_training_pipeline_dag/process_lambda_output.py took 0.031 seconds
[2024-11-12T12:53:34.354+0000] {processor.py:157} INFO - Started process (PID=23936) to work on /opt/airflow/dags/model_training_pipeline_dag/process_lambda_output.py
[2024-11-12T12:53:34.355+0000] {processor.py:829} INFO - Processing file /opt/airflow/dags/model_training_pipeline_dag/process_lambda_output.py for tasks to queue
[2024-11-12T12:53:34.355+0000] {logging_mixin.py:151} INFO - [2024-11-12T12:53:34.355+0000] {dagbag.py:539} INFO - Filling up the DagBag from /opt/airflow/dags/model_training_pipeline_dag/process_lambda_output.py
[2024-11-12T12:53:34.363+0000] {processor.py:841} WARNING - No viable dags retrieved from /opt/airflow/dags/model_training_pipeline_dag/process_lambda_output.py
[2024-11-12T12:53:34.375+0000] {processor.py:179} INFO - Processing /opt/airflow/dags/model_training_pipeline_dag/process_lambda_output.py took 0.023 seconds
[2024-11-12T12:54:04.867+0000] {processor.py:157} INFO - Started process (PID=24009) to work on /opt/airflow/dags/model_training_pipeline_dag/process_lambda_output.py
[2024-11-12T12:54:04.868+0000] {processor.py:829} INFO - Processing file /opt/airflow/dags/model_training_pipeline_dag/process_lambda_output.py for tasks to queue
[2024-11-12T12:54:04.870+0000] {logging_mixin.py:151} INFO - [2024-11-12T12:54:04.869+0000] {dagbag.py:539} INFO - Filling up the DagBag from /opt/airflow/dags/model_training_pipeline_dag/process_lambda_output.py
[2024-11-12T12:54:04.901+0000] {processor.py:841} WARNING - No viable dags retrieved from /opt/airflow/dags/model_training_pipeline_dag/process_lambda_output.py
[2024-11-12T12:54:04.918+0000] {processor.py:179} INFO - Processing /opt/airflow/dags/model_training_pipeline_dag/process_lambda_output.py took 0.055 seconds
[2024-11-12T12:54:35.379+0000] {processor.py:157} INFO - Started process (PID=24082) to work on /opt/airflow/dags/model_training_pipeline_dag/process_lambda_output.py
[2024-11-12T12:54:35.380+0000] {processor.py:829} INFO - Processing file /opt/airflow/dags/model_training_pipeline_dag/process_lambda_output.py for tasks to queue
[2024-11-12T12:54:35.380+0000] {logging_mixin.py:151} INFO - [2024-11-12T12:54:35.380+0000] {dagbag.py:539} INFO - Filling up the DagBag from /opt/airflow/dags/model_training_pipeline_dag/process_lambda_output.py
[2024-11-12T12:54:35.391+0000] {processor.py:841} WARNING - No viable dags retrieved from /opt/airflow/dags/model_training_pipeline_dag/process_lambda_output.py
[2024-11-12T12:54:35.404+0000] {processor.py:179} INFO - Processing /opt/airflow/dags/model_training_pipeline_dag/process_lambda_output.py took 0.028 seconds
[2024-11-12T12:55:05.968+0000] {processor.py:157} INFO - Started process (PID=24155) to work on /opt/airflow/dags/model_training_pipeline_dag/process_lambda_output.py
[2024-11-12T12:55:05.969+0000] {processor.py:829} INFO - Processing file /opt/airflow/dags/model_training_pipeline_dag/process_lambda_output.py for tasks to queue
[2024-11-12T12:55:05.970+0000] {logging_mixin.py:151} INFO - [2024-11-12T12:55:05.969+0000] {dagbag.py:539} INFO - Filling up the DagBag from /opt/airflow/dags/model_training_pipeline_dag/process_lambda_output.py
[2024-11-12T12:55:05.980+0000] {processor.py:841} WARNING - No viable dags retrieved from /opt/airflow/dags/model_training_pipeline_dag/process_lambda_output.py
[2024-11-12T12:55:05.993+0000] {processor.py:179} INFO - Processing /opt/airflow/dags/model_training_pipeline_dag/process_lambda_output.py took 0.029 seconds
[2024-11-12T12:55:36.422+0000] {processor.py:157} INFO - Started process (PID=24228) to work on /opt/airflow/dags/model_training_pipeline_dag/process_lambda_output.py
[2024-11-12T12:55:36.423+0000] {processor.py:829} INFO - Processing file /opt/airflow/dags/model_training_pipeline_dag/process_lambda_output.py for tasks to queue
[2024-11-12T12:55:36.424+0000] {logging_mixin.py:151} INFO - [2024-11-12T12:55:36.424+0000] {dagbag.py:539} INFO - Filling up the DagBag from /opt/airflow/dags/model_training_pipeline_dag/process_lambda_output.py
[2024-11-12T12:55:36.434+0000] {processor.py:841} WARNING - No viable dags retrieved from /opt/airflow/dags/model_training_pipeline_dag/process_lambda_output.py
[2024-11-12T12:55:36.448+0000] {processor.py:179} INFO - Processing /opt/airflow/dags/model_training_pipeline_dag/process_lambda_output.py took 0.028 seconds
[2024-11-12T12:56:07.102+0000] {processor.py:157} INFO - Started process (PID=24301) to work on /opt/airflow/dags/model_training_pipeline_dag/process_lambda_output.py
[2024-11-12T12:56:07.103+0000] {processor.py:829} INFO - Processing file /opt/airflow/dags/model_training_pipeline_dag/process_lambda_output.py for tasks to queue
[2024-11-12T12:56:07.103+0000] {logging_mixin.py:151} INFO - [2024-11-12T12:56:07.103+0000] {dagbag.py:539} INFO - Filling up the DagBag from /opt/airflow/dags/model_training_pipeline_dag/process_lambda_output.py
[2024-11-12T12:56:07.114+0000] {processor.py:841} WARNING - No viable dags retrieved from /opt/airflow/dags/model_training_pipeline_dag/process_lambda_output.py
[2024-11-12T12:56:07.128+0000] {processor.py:179} INFO - Processing /opt/airflow/dags/model_training_pipeline_dag/process_lambda_output.py took 0.029 seconds
[2024-11-12T12:56:37.789+0000] {processor.py:157} INFO - Started process (PID=24374) to work on /opt/airflow/dags/model_training_pipeline_dag/process_lambda_output.py
[2024-11-12T12:56:37.790+0000] {processor.py:829} INFO - Processing file /opt/airflow/dags/model_training_pipeline_dag/process_lambda_output.py for tasks to queue
[2024-11-12T12:56:37.791+0000] {logging_mixin.py:151} INFO - [2024-11-12T12:56:37.791+0000] {dagbag.py:539} INFO - Filling up the DagBag from /opt/airflow/dags/model_training_pipeline_dag/process_lambda_output.py
[2024-11-12T12:56:37.803+0000] {processor.py:841} WARNING - No viable dags retrieved from /opt/airflow/dags/model_training_pipeline_dag/process_lambda_output.py
[2024-11-12T12:56:37.817+0000] {processor.py:179} INFO - Processing /opt/airflow/dags/model_training_pipeline_dag/process_lambda_output.py took 0.030 seconds
[2024-11-12T12:57:07.992+0000] {processor.py:157} INFO - Started process (PID=24447) to work on /opt/airflow/dags/model_training_pipeline_dag/process_lambda_output.py
[2024-11-12T12:57:07.993+0000] {processor.py:829} INFO - Processing file /opt/airflow/dags/model_training_pipeline_dag/process_lambda_output.py for tasks to queue
[2024-11-12T12:57:07.994+0000] {logging_mixin.py:151} INFO - [2024-11-12T12:57:07.994+0000] {dagbag.py:539} INFO - Filling up the DagBag from /opt/airflow/dags/model_training_pipeline_dag/process_lambda_output.py
[2024-11-12T12:57:08.005+0000] {processor.py:841} WARNING - No viable dags retrieved from /opt/airflow/dags/model_training_pipeline_dag/process_lambda_output.py
[2024-11-12T12:57:08.019+0000] {processor.py:179} INFO - Processing /opt/airflow/dags/model_training_pipeline_dag/process_lambda_output.py took 0.030 seconds
[2024-11-12T12:57:38.713+0000] {processor.py:157} INFO - Started process (PID=24520) to work on /opt/airflow/dags/model_training_pipeline_dag/process_lambda_output.py
[2024-11-12T12:57:38.713+0000] {processor.py:829} INFO - Processing file /opt/airflow/dags/model_training_pipeline_dag/process_lambda_output.py for tasks to queue
[2024-11-12T12:57:38.714+0000] {logging_mixin.py:151} INFO - [2024-11-12T12:57:38.714+0000] {dagbag.py:539} INFO - Filling up the DagBag from /opt/airflow/dags/model_training_pipeline_dag/process_lambda_output.py
[2024-11-12T12:57:38.726+0000] {processor.py:841} WARNING - No viable dags retrieved from /opt/airflow/dags/model_training_pipeline_dag/process_lambda_output.py
[2024-11-12T12:57:38.739+0000] {processor.py:179} INFO - Processing /opt/airflow/dags/model_training_pipeline_dag/process_lambda_output.py took 0.028 seconds
[2024-11-12T12:58:09.336+0000] {processor.py:157} INFO - Started process (PID=24593) to work on /opt/airflow/dags/model_training_pipeline_dag/process_lambda_output.py
[2024-11-12T12:58:09.337+0000] {processor.py:829} INFO - Processing file /opt/airflow/dags/model_training_pipeline_dag/process_lambda_output.py for tasks to queue
[2024-11-12T12:58:09.338+0000] {logging_mixin.py:151} INFO - [2024-11-12T12:58:09.338+0000] {dagbag.py:539} INFO - Filling up the DagBag from /opt/airflow/dags/model_training_pipeline_dag/process_lambda_output.py
[2024-11-12T12:58:09.350+0000] {processor.py:841} WARNING - No viable dags retrieved from /opt/airflow/dags/model_training_pipeline_dag/process_lambda_output.py
[2024-11-12T12:58:09.364+0000] {processor.py:179} INFO - Processing /opt/airflow/dags/model_training_pipeline_dag/process_lambda_output.py took 0.032 seconds
[2024-11-12T12:58:39.498+0000] {processor.py:157} INFO - Started process (PID=24666) to work on /opt/airflow/dags/model_training_pipeline_dag/process_lambda_output.py
[2024-11-12T12:58:39.499+0000] {processor.py:829} INFO - Processing file /opt/airflow/dags/model_training_pipeline_dag/process_lambda_output.py for tasks to queue
[2024-11-12T12:58:39.499+0000] {logging_mixin.py:151} INFO - [2024-11-12T12:58:39.499+0000] {dagbag.py:539} INFO - Filling up the DagBag from /opt/airflow/dags/model_training_pipeline_dag/process_lambda_output.py
[2024-11-12T12:58:39.511+0000] {processor.py:841} WARNING - No viable dags retrieved from /opt/airflow/dags/model_training_pipeline_dag/process_lambda_output.py
[2024-11-12T12:58:39.526+0000] {processor.py:179} INFO - Processing /opt/airflow/dags/model_training_pipeline_dag/process_lambda_output.py took 0.031 seconds
[2024-11-12T12:59:10.224+0000] {processor.py:157} INFO - Started process (PID=24739) to work on /opt/airflow/dags/model_training_pipeline_dag/process_lambda_output.py
[2024-11-12T12:59:10.225+0000] {processor.py:829} INFO - Processing file /opt/airflow/dags/model_training_pipeline_dag/process_lambda_output.py for tasks to queue
[2024-11-12T12:59:10.226+0000] {logging_mixin.py:151} INFO - [2024-11-12T12:59:10.226+0000] {dagbag.py:539} INFO - Filling up the DagBag from /opt/airflow/dags/model_training_pipeline_dag/process_lambda_output.py
[2024-11-12T12:59:10.275+0000] {processor.py:841} WARNING - No viable dags retrieved from /opt/airflow/dags/model_training_pipeline_dag/process_lambda_output.py
[2024-11-12T12:59:10.293+0000] {processor.py:179} INFO - Processing /opt/airflow/dags/model_training_pipeline_dag/process_lambda_output.py took 0.072 seconds
[2024-11-12T12:59:40.862+0000] {processor.py:157} INFO - Started process (PID=24812) to work on /opt/airflow/dags/model_training_pipeline_dag/process_lambda_output.py
[2024-11-12T12:59:40.862+0000] {processor.py:829} INFO - Processing file /opt/airflow/dags/model_training_pipeline_dag/process_lambda_output.py for tasks to queue
[2024-11-12T12:59:40.864+0000] {logging_mixin.py:151} INFO - [2024-11-12T12:59:40.864+0000] {dagbag.py:539} INFO - Filling up the DagBag from /opt/airflow/dags/model_training_pipeline_dag/process_lambda_output.py
[2024-11-12T12:59:40.879+0000] {processor.py:841} WARNING - No viable dags retrieved from /opt/airflow/dags/model_training_pipeline_dag/process_lambda_output.py
[2024-11-12T12:59:40.896+0000] {processor.py:179} INFO - Processing /opt/airflow/dags/model_training_pipeline_dag/process_lambda_output.py took 0.037 seconds
[2024-11-12T13:00:11.581+0000] {processor.py:157} INFO - Started process (PID=24885) to work on /opt/airflow/dags/model_training_pipeline_dag/process_lambda_output.py
[2024-11-12T13:00:11.582+0000] {processor.py:829} INFO - Processing file /opt/airflow/dags/model_training_pipeline_dag/process_lambda_output.py for tasks to queue
[2024-11-12T13:00:11.583+0000] {logging_mixin.py:151} INFO - [2024-11-12T13:00:11.583+0000] {dagbag.py:539} INFO - Filling up the DagBag from /opt/airflow/dags/model_training_pipeline_dag/process_lambda_output.py
[2024-11-12T13:00:11.594+0000] {processor.py:841} WARNING - No viable dags retrieved from /opt/airflow/dags/model_training_pipeline_dag/process_lambda_output.py
[2024-11-12T13:00:11.609+0000] {processor.py:179} INFO - Processing /opt/airflow/dags/model_training_pipeline_dag/process_lambda_output.py took 0.032 seconds
[2024-11-12T13:00:42.489+0000] {processor.py:157} INFO - Started process (PID=24958) to work on /opt/airflow/dags/model_training_pipeline_dag/process_lambda_output.py
[2024-11-12T13:00:42.490+0000] {processor.py:829} INFO - Processing file /opt/airflow/dags/model_training_pipeline_dag/process_lambda_output.py for tasks to queue
[2024-11-12T13:00:42.491+0000] {logging_mixin.py:151} INFO - [2024-11-12T13:00:42.490+0000] {dagbag.py:539} INFO - Filling up the DagBag from /opt/airflow/dags/model_training_pipeline_dag/process_lambda_output.py
[2024-11-12T13:00:42.501+0000] {processor.py:841} WARNING - No viable dags retrieved from /opt/airflow/dags/model_training_pipeline_dag/process_lambda_output.py
[2024-11-12T13:00:42.516+0000] {processor.py:179} INFO - Processing /opt/airflow/dags/model_training_pipeline_dag/process_lambda_output.py took 0.029 seconds
[2024-11-12T13:01:13.217+0000] {processor.py:157} INFO - Started process (PID=25031) to work on /opt/airflow/dags/model_training_pipeline_dag/process_lambda_output.py
[2024-11-12T13:01:13.218+0000] {processor.py:829} INFO - Processing file /opt/airflow/dags/model_training_pipeline_dag/process_lambda_output.py for tasks to queue
[2024-11-12T13:01:13.218+0000] {logging_mixin.py:151} INFO - [2024-11-12T13:01:13.218+0000] {dagbag.py:539} INFO - Filling up the DagBag from /opt/airflow/dags/model_training_pipeline_dag/process_lambda_output.py
[2024-11-12T13:01:13.228+0000] {processor.py:841} WARNING - No viable dags retrieved from /opt/airflow/dags/model_training_pipeline_dag/process_lambda_output.py
[2024-11-12T13:01:13.241+0000] {processor.py:179} INFO - Processing /opt/airflow/dags/model_training_pipeline_dag/process_lambda_output.py took 0.027 seconds
[2024-11-12T13:01:43.974+0000] {processor.py:157} INFO - Started process (PID=25104) to work on /opt/airflow/dags/model_training_pipeline_dag/process_lambda_output.py
[2024-11-12T13:01:43.975+0000] {processor.py:829} INFO - Processing file /opt/airflow/dags/model_training_pipeline_dag/process_lambda_output.py for tasks to queue
[2024-11-12T13:01:43.976+0000] {logging_mixin.py:151} INFO - [2024-11-12T13:01:43.976+0000] {dagbag.py:539} INFO - Filling up the DagBag from /opt/airflow/dags/model_training_pipeline_dag/process_lambda_output.py
[2024-11-12T13:01:43.986+0000] {processor.py:841} WARNING - No viable dags retrieved from /opt/airflow/dags/model_training_pipeline_dag/process_lambda_output.py
[2024-11-12T13:01:43.999+0000] {processor.py:179} INFO - Processing /opt/airflow/dags/model_training_pipeline_dag/process_lambda_output.py took 0.028 seconds
[2024-11-12T13:01:57.716+0000] {processor.py:157} INFO - Started process (PID=25109) to work on /opt/airflow/dags/model_training_pipeline_dag/process_lambda_output.py
[2024-11-12T13:01:57.717+0000] {processor.py:829} INFO - Processing file /opt/airflow/dags/model_training_pipeline_dag/process_lambda_output.py for tasks to queue
[2024-11-12T13:01:57.718+0000] {logging_mixin.py:151} INFO - [2024-11-12T13:01:57.718+0000] {dagbag.py:539} INFO - Filling up the DagBag from /opt/airflow/dags/model_training_pipeline_dag/process_lambda_output.py
[2024-11-12T13:01:57.740+0000] {processor.py:841} WARNING - No viable dags retrieved from /opt/airflow/dags/model_training_pipeline_dag/process_lambda_output.py
[2024-11-12T13:01:57.754+0000] {processor.py:179} INFO - Processing /opt/airflow/dags/model_training_pipeline_dag/process_lambda_output.py took 0.040 seconds
[2024-11-12T13:02:25.510+0000] {processor.py:157} INFO - Started process (PID=25182) to work on /opt/airflow/dags/model_training_pipeline_dag/process_lambda_output.py
[2024-11-12T13:02:25.511+0000] {processor.py:829} INFO - Processing file /opt/airflow/dags/model_training_pipeline_dag/process_lambda_output.py for tasks to queue
[2024-11-12T13:02:25.512+0000] {logging_mixin.py:151} INFO - [2024-11-12T13:02:25.512+0000] {dagbag.py:539} INFO - Filling up the DagBag from /opt/airflow/dags/model_training_pipeline_dag/process_lambda_output.py
[2024-11-12T13:02:25.535+0000] {processor.py:841} WARNING - No viable dags retrieved from /opt/airflow/dags/model_training_pipeline_dag/process_lambda_output.py
[2024-11-12T13:02:25.550+0000] {processor.py:179} INFO - Processing /opt/airflow/dags/model_training_pipeline_dag/process_lambda_output.py took 0.043 seconds
[2024-11-12T13:02:56.072+0000] {processor.py:157} INFO - Started process (PID=25255) to work on /opt/airflow/dags/model_training_pipeline_dag/process_lambda_output.py
[2024-11-12T13:02:56.073+0000] {processor.py:829} INFO - Processing file /opt/airflow/dags/model_training_pipeline_dag/process_lambda_output.py for tasks to queue
[2024-11-12T13:02:56.074+0000] {logging_mixin.py:151} INFO - [2024-11-12T13:02:56.074+0000] {dagbag.py:539} INFO - Filling up the DagBag from /opt/airflow/dags/model_training_pipeline_dag/process_lambda_output.py
[2024-11-12T13:02:56.090+0000] {processor.py:841} WARNING - No viable dags retrieved from /opt/airflow/dags/model_training_pipeline_dag/process_lambda_output.py
[2024-11-12T13:02:56.107+0000] {processor.py:179} INFO - Processing /opt/airflow/dags/model_training_pipeline_dag/process_lambda_output.py took 0.039 seconds
[2024-11-12T13:03:26.687+0000] {processor.py:157} INFO - Started process (PID=25328) to work on /opt/airflow/dags/model_training_pipeline_dag/process_lambda_output.py
[2024-11-12T13:03:26.688+0000] {processor.py:829} INFO - Processing file /opt/airflow/dags/model_training_pipeline_dag/process_lambda_output.py for tasks to queue
[2024-11-12T13:03:26.689+0000] {logging_mixin.py:151} INFO - [2024-11-12T13:03:26.688+0000] {dagbag.py:539} INFO - Filling up the DagBag from /opt/airflow/dags/model_training_pipeline_dag/process_lambda_output.py
[2024-11-12T13:03:26.699+0000] {processor.py:841} WARNING - No viable dags retrieved from /opt/airflow/dags/model_training_pipeline_dag/process_lambda_output.py
[2024-11-12T13:03:26.715+0000] {processor.py:179} INFO - Processing /opt/airflow/dags/model_training_pipeline_dag/process_lambda_output.py took 0.031 seconds
[2024-11-12T13:03:57.009+0000] {processor.py:157} INFO - Started process (PID=25401) to work on /opt/airflow/dags/model_training_pipeline_dag/process_lambda_output.py
[2024-11-12T13:03:57.010+0000] {processor.py:829} INFO - Processing file /opt/airflow/dags/model_training_pipeline_dag/process_lambda_output.py for tasks to queue
[2024-11-12T13:03:57.012+0000] {logging_mixin.py:151} INFO - [2024-11-12T13:03:57.011+0000] {dagbag.py:539} INFO - Filling up the DagBag from /opt/airflow/dags/model_training_pipeline_dag/process_lambda_output.py
[2024-11-12T13:03:57.057+0000] {processor.py:841} WARNING - No viable dags retrieved from /opt/airflow/dags/model_training_pipeline_dag/process_lambda_output.py
[2024-11-12T13:03:57.072+0000] {processor.py:179} INFO - Processing /opt/airflow/dags/model_training_pipeline_dag/process_lambda_output.py took 0.066 seconds
[2024-11-12T13:04:27.769+0000] {processor.py:157} INFO - Started process (PID=25474) to work on /opt/airflow/dags/model_training_pipeline_dag/process_lambda_output.py
[2024-11-12T13:04:27.770+0000] {processor.py:829} INFO - Processing file /opt/airflow/dags/model_training_pipeline_dag/process_lambda_output.py for tasks to queue
[2024-11-12T13:04:27.771+0000] {logging_mixin.py:151} INFO - [2024-11-12T13:04:27.770+0000] {dagbag.py:539} INFO - Filling up the DagBag from /opt/airflow/dags/model_training_pipeline_dag/process_lambda_output.py
[2024-11-12T13:04:27.781+0000] {processor.py:841} WARNING - No viable dags retrieved from /opt/airflow/dags/model_training_pipeline_dag/process_lambda_output.py
[2024-11-12T13:04:27.795+0000] {processor.py:179} INFO - Processing /opt/airflow/dags/model_training_pipeline_dag/process_lambda_output.py took 0.029 seconds
[2024-11-12T13:04:58.248+0000] {processor.py:157} INFO - Started process (PID=25547) to work on /opt/airflow/dags/model_training_pipeline_dag/process_lambda_output.py
[2024-11-12T13:04:58.249+0000] {processor.py:829} INFO - Processing file /opt/airflow/dags/model_training_pipeline_dag/process_lambda_output.py for tasks to queue
[2024-11-12T13:04:58.250+0000] {logging_mixin.py:151} INFO - [2024-11-12T13:04:58.250+0000] {dagbag.py:539} INFO - Filling up the DagBag from /opt/airflow/dags/model_training_pipeline_dag/process_lambda_output.py
[2024-11-12T13:04:58.262+0000] {processor.py:841} WARNING - No viable dags retrieved from /opt/airflow/dags/model_training_pipeline_dag/process_lambda_output.py
[2024-11-12T13:04:58.275+0000] {processor.py:179} INFO - Processing /opt/airflow/dags/model_training_pipeline_dag/process_lambda_output.py took 0.030 seconds
[2024-11-12T13:05:28.867+0000] {processor.py:157} INFO - Started process (PID=25620) to work on /opt/airflow/dags/model_training_pipeline_dag/process_lambda_output.py
[2024-11-12T13:05:28.868+0000] {processor.py:829} INFO - Processing file /opt/airflow/dags/model_training_pipeline_dag/process_lambda_output.py for tasks to queue
[2024-11-12T13:05:28.869+0000] {logging_mixin.py:151} INFO - [2024-11-12T13:05:28.868+0000] {dagbag.py:539} INFO - Filling up the DagBag from /opt/airflow/dags/model_training_pipeline_dag/process_lambda_output.py
[2024-11-12T13:05:28.879+0000] {processor.py:841} WARNING - No viable dags retrieved from /opt/airflow/dags/model_training_pipeline_dag/process_lambda_output.py
[2024-11-12T13:05:28.893+0000] {processor.py:179} INFO - Processing /opt/airflow/dags/model_training_pipeline_dag/process_lambda_output.py took 0.028 seconds
[2024-11-12T13:05:59.478+0000] {processor.py:157} INFO - Started process (PID=25693) to work on /opt/airflow/dags/model_training_pipeline_dag/process_lambda_output.py
[2024-11-12T13:05:59.479+0000] {processor.py:829} INFO - Processing file /opt/airflow/dags/model_training_pipeline_dag/process_lambda_output.py for tasks to queue
[2024-11-12T13:05:59.480+0000] {logging_mixin.py:151} INFO - [2024-11-12T13:05:59.480+0000] {dagbag.py:539} INFO - Filling up the DagBag from /opt/airflow/dags/model_training_pipeline_dag/process_lambda_output.py
[2024-11-12T13:05:59.497+0000] {processor.py:841} WARNING - No viable dags retrieved from /opt/airflow/dags/model_training_pipeline_dag/process_lambda_output.py
[2024-11-12T13:05:59.514+0000] {processor.py:179} INFO - Processing /opt/airflow/dags/model_training_pipeline_dag/process_lambda_output.py took 0.040 seconds
[2024-11-12T13:06:30.297+0000] {processor.py:157} INFO - Started process (PID=25766) to work on /opt/airflow/dags/model_training_pipeline_dag/process_lambda_output.py
[2024-11-12T13:06:30.298+0000] {processor.py:829} INFO - Processing file /opt/airflow/dags/model_training_pipeline_dag/process_lambda_output.py for tasks to queue
[2024-11-12T13:06:30.299+0000] {logging_mixin.py:151} INFO - [2024-11-12T13:06:30.299+0000] {dagbag.py:539} INFO - Filling up the DagBag from /opt/airflow/dags/model_training_pipeline_dag/process_lambda_output.py
[2024-11-12T13:06:30.311+0000] {processor.py:841} WARNING - No viable dags retrieved from /opt/airflow/dags/model_training_pipeline_dag/process_lambda_output.py
[2024-11-12T13:06:30.326+0000] {processor.py:179} INFO - Processing /opt/airflow/dags/model_training_pipeline_dag/process_lambda_output.py took 0.033 seconds
[2024-11-12T13:07:00.930+0000] {processor.py:157} INFO - Started process (PID=25839) to work on /opt/airflow/dags/model_training_pipeline_dag/process_lambda_output.py
[2024-11-12T13:07:00.931+0000] {processor.py:829} INFO - Processing file /opt/airflow/dags/model_training_pipeline_dag/process_lambda_output.py for tasks to queue
[2024-11-12T13:07:00.932+0000] {logging_mixin.py:151} INFO - [2024-11-12T13:07:00.932+0000] {dagbag.py:539} INFO - Filling up the DagBag from /opt/airflow/dags/model_training_pipeline_dag/process_lambda_output.py
[2024-11-12T13:07:00.943+0000] {processor.py:841} WARNING - No viable dags retrieved from /opt/airflow/dags/model_training_pipeline_dag/process_lambda_output.py
[2024-11-12T13:07:00.956+0000] {processor.py:179} INFO - Processing /opt/airflow/dags/model_training_pipeline_dag/process_lambda_output.py took 0.029 seconds
[2024-11-12T13:07:31.453+0000] {processor.py:157} INFO - Started process (PID=25912) to work on /opt/airflow/dags/model_training_pipeline_dag/process_lambda_output.py
[2024-11-12T13:07:31.454+0000] {processor.py:829} INFO - Processing file /opt/airflow/dags/model_training_pipeline_dag/process_lambda_output.py for tasks to queue
[2024-11-12T13:07:31.454+0000] {logging_mixin.py:151} INFO - [2024-11-12T13:07:31.454+0000] {dagbag.py:539} INFO - Filling up the DagBag from /opt/airflow/dags/model_training_pipeline_dag/process_lambda_output.py
[2024-11-12T13:07:31.465+0000] {processor.py:841} WARNING - No viable dags retrieved from /opt/airflow/dags/model_training_pipeline_dag/process_lambda_output.py
[2024-11-12T13:07:31.479+0000] {processor.py:179} INFO - Processing /opt/airflow/dags/model_training_pipeline_dag/process_lambda_output.py took 0.029 seconds
[2024-11-12T13:08:01.552+0000] {processor.py:157} INFO - Started process (PID=25985) to work on /opt/airflow/dags/model_training_pipeline_dag/process_lambda_output.py
[2024-11-12T13:08:01.553+0000] {processor.py:829} INFO - Processing file /opt/airflow/dags/model_training_pipeline_dag/process_lambda_output.py for tasks to queue
[2024-11-12T13:08:01.554+0000] {logging_mixin.py:151} INFO - [2024-11-12T13:08:01.553+0000] {dagbag.py:539} INFO - Filling up the DagBag from /opt/airflow/dags/model_training_pipeline_dag/process_lambda_output.py
[2024-11-12T13:08:01.564+0000] {processor.py:841} WARNING - No viable dags retrieved from /opt/airflow/dags/model_training_pipeline_dag/process_lambda_output.py
[2024-11-12T13:08:01.579+0000] {processor.py:179} INFO - Processing /opt/airflow/dags/model_training_pipeline_dag/process_lambda_output.py took 0.029 seconds
[2024-11-12T13:08:31.910+0000] {processor.py:157} INFO - Started process (PID=26027) to work on /opt/airflow/dags/model_training_pipeline_dag/process_lambda_output.py
[2024-11-12T13:08:31.911+0000] {processor.py:829} INFO - Processing file /opt/airflow/dags/model_training_pipeline_dag/process_lambda_output.py for tasks to queue
[2024-11-12T13:08:31.913+0000] {logging_mixin.py:151} INFO - [2024-11-12T13:08:31.912+0000] {dagbag.py:539} INFO - Filling up the DagBag from /opt/airflow/dags/model_training_pipeline_dag/process_lambda_output.py
[2024-11-12T13:08:31.970+0000] {processor.py:841} WARNING - No viable dags retrieved from /opt/airflow/dags/model_training_pipeline_dag/process_lambda_output.py
[2024-11-12T13:08:31.988+0000] {processor.py:179} INFO - Processing /opt/airflow/dags/model_training_pipeline_dag/process_lambda_output.py took 0.081 seconds
[2024-11-12T13:09:02.995+0000] {processor.py:157} INFO - Started process (PID=26097) to work on /opt/airflow/dags/model_training_pipeline_dag/process_lambda_output.py
[2024-11-12T13:09:02.996+0000] {processor.py:829} INFO - Processing file /opt/airflow/dags/model_training_pipeline_dag/process_lambda_output.py for tasks to queue
[2024-11-12T13:09:02.997+0000] {logging_mixin.py:151} INFO - [2024-11-12T13:09:02.997+0000] {dagbag.py:539} INFO - Filling up the DagBag from /opt/airflow/dags/model_training_pipeline_dag/process_lambda_output.py
[2024-11-12T13:09:03.011+0000] {processor.py:841} WARNING - No viable dags retrieved from /opt/airflow/dags/model_training_pipeline_dag/process_lambda_output.py
[2024-11-12T13:09:03.029+0000] {processor.py:179} INFO - Processing /opt/airflow/dags/model_training_pipeline_dag/process_lambda_output.py took 0.038 seconds
