[2024-11-23T06:56:03.968+0000] {logging_mixin.py:151} INFO - Changing /opt/***/logs/dag_id=model_training_pipeline/run_id=manual__2024-11-23T06:55:59.687018+00:00/task_id=train_model permission to 509
[2024-11-23T06:56:03.969+0000] {logging_mixin.py:151} INFO - Failed to change /opt/***/logs/dag_id=model_training_pipeline/run_id=manual__2024-11-23T06:55:59.687018+00:00/task_id=train_model permission to 509: [Errno 1] Operation not permitted: '/opt/***/logs/dag_id=model_training_pipeline/run_id=manual__2024-11-23T06:55:59.687018+00:00/task_id=train_model'
[2024-11-23T06:56:03.994+0000] {logging_mixin.py:151} INFO - Changing /opt/***/logs/dag_id=model_training_pipeline/run_id=manual__2024-11-23T06:55:59.687018+00:00/task_id=train_model permission to 509
[2024-11-23T06:56:03.995+0000] {logging_mixin.py:151} INFO - Failed to change /opt/***/logs/dag_id=model_training_pipeline/run_id=manual__2024-11-23T06:55:59.687018+00:00/task_id=train_model permission to 509: [Errno 1] Operation not permitted: '/opt/***/logs/dag_id=model_training_pipeline/run_id=manual__2024-11-23T06:55:59.687018+00:00/task_id=train_model'
[2024-11-23T06:56:04.017+0000] {taskinstance.py:1159} INFO - Dependencies all met for dep_context=non-requeueable deps ti=<TaskInstance: model_training_pipeline.train_model manual__2024-11-23T06:55:59.687018+00:00 [queued]>
[2024-11-23T06:56:04.024+0000] {taskinstance.py:1159} INFO - Dependencies all met for dep_context=requeueable deps ti=<TaskInstance: model_training_pipeline.train_model manual__2024-11-23T06:55:59.687018+00:00 [queued]>
[2024-11-23T06:56:04.024+0000] {taskinstance.py:1361} INFO - Starting attempt 1 of 2
[2024-11-23T06:56:04.037+0000] {taskinstance.py:1382} INFO - Executing <Task(PythonOperator): train_model> on 2024-11-23 06:55:59.687018+00:00
[2024-11-23T06:56:04.047+0000] {standard_task_runner.py:57} INFO - Started process 17012 to run task
[2024-11-23T06:56:04.049+0000] {standard_task_runner.py:84} INFO - Running: ['***', 'tasks', 'run', 'model_training_pipeline', 'train_model', 'manual__2024-11-23T06:55:59.687018+00:00', '--job-id', '378', '--raw', '--subdir', 'DAGS_FOLDER/model_training_pipeline_dag/model_training_dag.py', '--cfg-path', '/tmp/tmpau3hb21m']
[2024-11-23T06:56:04.052+0000] {standard_task_runner.py:85} INFO - Job 378: Subtask train_model
[2024-11-23T06:56:04.093+0000] {logging_mixin.py:151} INFO - Changing /opt/***/logs/dag_id=model_training_pipeline/run_id=manual__2024-11-23T06:55:59.687018+00:00/task_id=train_model permission to 509
[2024-11-23T06:56:04.093+0000] {logging_mixin.py:151} INFO - Failed to change /opt/***/logs/dag_id=model_training_pipeline/run_id=manual__2024-11-23T06:55:59.687018+00:00/task_id=train_model permission to 509: [Errno 1] Operation not permitted: '/opt/***/logs/dag_id=model_training_pipeline/run_id=manual__2024-11-23T06:55:59.687018+00:00/task_id=train_model'
[2024-11-23T06:56:04.094+0000] {task_command.py:415} INFO - Running <TaskInstance: model_training_pipeline.train_model manual__2024-11-23T06:55:59.687018+00:00 [running]> on host 2445c017a334
[2024-11-23T06:56:04.168+0000] {taskinstance.py:1660} INFO - Exporting env vars: AIRFLOW_CTX_DAG_OWNER='***' AIRFLOW_CTX_DAG_ID='model_training_pipeline' AIRFLOW_CTX_TASK_ID='train_model' AIRFLOW_CTX_EXECUTION_DATE='2024-11-23T06:55:59.687018+00:00' AIRFLOW_CTX_TRY_NUMBER='1' AIRFLOW_CTX_DAG_RUN_ID='manual__2024-11-23T06:55:59.687018+00:00'
[2024-11-23T06:58:27.782+0000] {taskinstance.py:1943} ERROR - Task failed with exception
Traceback (most recent call last):
  File "/home/airflow/.local/lib/python3.8/site-packages/airflow/operators/python.py", line 192, in execute
    return_value = self.execute_callable()
  File "/home/airflow/.local/lib/python3.8/site-packages/airflow/operators/python.py", line 209, in execute_callable
    return self.python_callable(*self.op_args, **self.op_kwargs)
  File "/opt/airflow/dags/model_training_pipeline_dag/train_model.py", line 38, in train_model
    EtlTransforms.normalise(train_df=X_train, test_df=X_test)
  File "/opt/airflow/dags/transformation/etl_transforms.py", line 304, in normalise
    train_df[robust_columns] = robust_scaler.fit_transform(train_df[robust_columns])
  File "/home/airflow/.local/lib/python3.8/site-packages/pandas/core/frame.py", line 3767, in __getitem__
    indexer = self.columns._get_indexer_strict(key, "columns")[1]
  File "/home/airflow/.local/lib/python3.8/site-packages/pandas/core/indexes/base.py", line 5877, in _get_indexer_strict
    self._raise_if_missing(keyarr, indexer, axis_name)
  File "/home/airflow/.local/lib/python3.8/site-packages/pandas/core/indexes/base.py", line 5941, in _raise_if_missing
    raise KeyError(f"{not_found} not in index")
KeyError: "['wci_sum'] not in index"
[2024-11-23T06:58:27.802+0000] {taskinstance.py:1400} INFO - Marking task as UP_FOR_RETRY. dag_id=model_training_pipeline, task_id=train_model, execution_date=20241123T065559, start_date=20241123T065604, end_date=20241123T065827
[2024-11-23T06:58:27.817+0000] {standard_task_runner.py:104} ERROR - Failed to execute job 378 for task train_model ("['wci_sum'] not in index"; 17012)
[2024-11-23T06:58:27.881+0000] {local_task_job_runner.py:228} INFO - Task exited with return code 1
[2024-11-23T06:58:27.896+0000] {taskinstance.py:2784} INFO - 0 downstream tasks scheduled from follow-on schedule check
