[2024-11-23T07:04:58.883+0000] {logging_mixin.py:151} INFO - Changing /opt/***/logs/dag_id=model_training_pipeline/run_id=manual__2024-11-23T07:04:54.623440+00:00/task_id=train_model permission to 509
[2024-11-23T07:04:58.883+0000] {logging_mixin.py:151} INFO - Failed to change /opt/***/logs/dag_id=model_training_pipeline/run_id=manual__2024-11-23T07:04:54.623440+00:00/task_id=train_model permission to 509: [Errno 1] Operation not permitted: '/opt/***/logs/dag_id=model_training_pipeline/run_id=manual__2024-11-23T07:04:54.623440+00:00/task_id=train_model'
[2024-11-23T07:04:58.910+0000] {logging_mixin.py:151} INFO - Changing /opt/***/logs/dag_id=model_training_pipeline/run_id=manual__2024-11-23T07:04:54.623440+00:00/task_id=train_model permission to 509
[2024-11-23T07:04:58.911+0000] {logging_mixin.py:151} INFO - Failed to change /opt/***/logs/dag_id=model_training_pipeline/run_id=manual__2024-11-23T07:04:54.623440+00:00/task_id=train_model permission to 509: [Errno 1] Operation not permitted: '/opt/***/logs/dag_id=model_training_pipeline/run_id=manual__2024-11-23T07:04:54.623440+00:00/task_id=train_model'
[2024-11-23T07:04:58.934+0000] {taskinstance.py:1159} INFO - Dependencies all met for dep_context=non-requeueable deps ti=<TaskInstance: model_training_pipeline.train_model manual__2024-11-23T07:04:54.623440+00:00 [queued]>
[2024-11-23T07:04:58.941+0000] {taskinstance.py:1159} INFO - Dependencies all met for dep_context=requeueable deps ti=<TaskInstance: model_training_pipeline.train_model manual__2024-11-23T07:04:54.623440+00:00 [queued]>
[2024-11-23T07:04:58.941+0000] {taskinstance.py:1361} INFO - Starting attempt 1 of 2
[2024-11-23T07:04:58.953+0000] {taskinstance.py:1382} INFO - Executing <Task(PythonOperator): train_model> on 2024-11-23 07:04:54.623440+00:00
[2024-11-23T07:04:58.963+0000] {standard_task_runner.py:57} INFO - Started process 18851 to run task
[2024-11-23T07:04:58.965+0000] {standard_task_runner.py:84} INFO - Running: ['***', 'tasks', 'run', 'model_training_pipeline', 'train_model', 'manual__2024-11-23T07:04:54.623440+00:00', '--job-id', '380', '--raw', '--subdir', 'DAGS_FOLDER/model_training_pipeline_dag/model_training_dag.py', '--cfg-path', '/tmp/tmpmce7g34y']
[2024-11-23T07:04:58.968+0000] {standard_task_runner.py:85} INFO - Job 380: Subtask train_model
[2024-11-23T07:04:59.009+0000] {logging_mixin.py:151} INFO - Changing /opt/***/logs/dag_id=model_training_pipeline/run_id=manual__2024-11-23T07:04:54.623440+00:00/task_id=train_model permission to 509
[2024-11-23T07:04:59.010+0000] {logging_mixin.py:151} INFO - Failed to change /opt/***/logs/dag_id=model_training_pipeline/run_id=manual__2024-11-23T07:04:54.623440+00:00/task_id=train_model permission to 509: [Errno 1] Operation not permitted: '/opt/***/logs/dag_id=model_training_pipeline/run_id=manual__2024-11-23T07:04:54.623440+00:00/task_id=train_model'
[2024-11-23T07:04:59.011+0000] {task_command.py:415} INFO - Running <TaskInstance: model_training_pipeline.train_model manual__2024-11-23T07:04:54.623440+00:00 [running]> on host 2445c017a334
[2024-11-23T07:04:59.086+0000] {taskinstance.py:1660} INFO - Exporting env vars: AIRFLOW_CTX_DAG_OWNER='***' AIRFLOW_CTX_DAG_ID='model_training_pipeline' AIRFLOW_CTX_TASK_ID='train_model' AIRFLOW_CTX_EXECUTION_DATE='2024-11-23T07:04:54.623440+00:00' AIRFLOW_CTX_TRY_NUMBER='1' AIRFLOW_CTX_DAG_RUN_ID='manual__2024-11-23T07:04:54.623440+00:00'
[2024-11-23T07:07:57.021+0000] {taskinstance.py:1943} ERROR - Task failed with exception
Traceback (most recent call last):
  File "/home/airflow/.local/lib/python3.8/site-packages/airflow/operators/python.py", line 192, in execute
    return_value = self.execute_callable()
  File "/home/airflow/.local/lib/python3.8/site-packages/airflow/operators/python.py", line 209, in execute_callable
    return self.python_callable(*self.op_args, **self.op_kwargs)
  File "/opt/airflow/dags/model_training_pipeline_dag/train_model.py", line 38, in train_model
    EtlTransforms.normalise(train_df=X_train, test_df=X_test)
  File "/opt/airflow/dags/transformation/etl_transforms.py", line 306, in normalise
    train_df[log_columns] = np.log(train_df[log_columns] + 1)
  File "/home/airflow/.local/lib/python3.8/site-packages/pandas/core/frame.py", line 3767, in __getitem__
    indexer = self.columns._get_indexer_strict(key, "columns")[1]
  File "/home/airflow/.local/lib/python3.8/site-packages/pandas/core/indexes/base.py", line 5877, in _get_indexer_strict
    self._raise_if_missing(keyarr, indexer, axis_name)
  File "/home/airflow/.local/lib/python3.8/site-packages/pandas/core/indexes/base.py", line 5938, in _raise_if_missing
    raise KeyError(f"None of [{key}] are in the [{axis_name}]")
KeyError: "None of [Index(['snow_sum'], dtype='object')] are in the [columns]"
[2024-11-23T07:07:57.041+0000] {taskinstance.py:1400} INFO - Marking task as UP_FOR_RETRY. dag_id=model_training_pipeline, task_id=train_model, execution_date=20241123T070454, start_date=20241123T070458, end_date=20241123T070757
[2024-11-23T07:07:57.054+0000] {standard_task_runner.py:104} ERROR - Failed to execute job 380 for task train_model ("None of [Index(['snow_sum'], dtype='object')] are in the [columns]"; 18851)
[2024-11-23T07:07:57.124+0000] {local_task_job_runner.py:228} INFO - Task exited with return code 1
[2024-11-23T07:07:57.142+0000] {taskinstance.py:2784} INFO - 0 downstream tasks scheduled from follow-on schedule check
