[2024-11-23T01:59:08.367+0000] {logging_mixin.py:151} INFO - Changing /opt/***/logs/dag_id=model_training_pipeline/run_id=manual__2024-11-23T01:59:01.883590+00:00/task_id=train_model permission to 509
[2024-11-23T01:59:08.368+0000] {logging_mixin.py:151} INFO - Failed to change /opt/***/logs/dag_id=model_training_pipeline/run_id=manual__2024-11-23T01:59:01.883590+00:00/task_id=train_model permission to 509: [Errno 1] Operation not permitted: '/opt/***/logs/dag_id=model_training_pipeline/run_id=manual__2024-11-23T01:59:01.883590+00:00/task_id=train_model'
[2024-11-23T01:59:08.397+0000] {logging_mixin.py:151} INFO - Changing /opt/***/logs/dag_id=model_training_pipeline/run_id=manual__2024-11-23T01:59:01.883590+00:00/task_id=train_model permission to 509
[2024-11-23T01:59:08.397+0000] {logging_mixin.py:151} INFO - Failed to change /opt/***/logs/dag_id=model_training_pipeline/run_id=manual__2024-11-23T01:59:01.883590+00:00/task_id=train_model permission to 509: [Errno 1] Operation not permitted: '/opt/***/logs/dag_id=model_training_pipeline/run_id=manual__2024-11-23T01:59:01.883590+00:00/task_id=train_model'
[2024-11-23T01:59:08.418+0000] {taskinstance.py:1159} INFO - Dependencies all met for dep_context=non-requeueable deps ti=<TaskInstance: model_training_pipeline.train_model manual__2024-11-23T01:59:01.883590+00:00 [queued]>
[2024-11-23T01:59:08.425+0000] {taskinstance.py:1159} INFO - Dependencies all met for dep_context=requeueable deps ti=<TaskInstance: model_training_pipeline.train_model manual__2024-11-23T01:59:01.883590+00:00 [queued]>
[2024-11-23T01:59:08.426+0000] {taskinstance.py:1361} INFO - Starting attempt 1 of 2
[2024-11-23T01:59:08.438+0000] {taskinstance.py:1382} INFO - Executing <Task(PythonOperator): train_model> on 2024-11-23 01:59:01.883590+00:00
[2024-11-23T01:59:08.463+0000] {standard_task_runner.py:57} INFO - Started process 63200 to run task
[2024-11-23T01:59:08.465+0000] {standard_task_runner.py:84} INFO - Running: ['***', 'tasks', 'run', 'model_training_pipeline', 'train_model', 'manual__2024-11-23T01:59:01.883590+00:00', '--job-id', '354', '--raw', '--subdir', 'DAGS_FOLDER/model_training_pipeline_dag/model_training_dag.py', '--cfg-path', '/tmp/tmpn2nqqrhh']
[2024-11-23T01:59:08.468+0000] {standard_task_runner.py:85} INFO - Job 354: Subtask train_model
[2024-11-23T01:59:08.514+0000] {logging_mixin.py:151} INFO - Changing /opt/***/logs/dag_id=model_training_pipeline/run_id=manual__2024-11-23T01:59:01.883590+00:00/task_id=train_model permission to 509
[2024-11-23T01:59:08.514+0000] {logging_mixin.py:151} INFO - Failed to change /opt/***/logs/dag_id=model_training_pipeline/run_id=manual__2024-11-23T01:59:01.883590+00:00/task_id=train_model permission to 509: [Errno 1] Operation not permitted: '/opt/***/logs/dag_id=model_training_pipeline/run_id=manual__2024-11-23T01:59:01.883590+00:00/task_id=train_model'
[2024-11-23T01:59:08.515+0000] {task_command.py:415} INFO - Running <TaskInstance: model_training_pipeline.train_model manual__2024-11-23T01:59:01.883590+00:00 [running]> on host 16801ac1f6e4
[2024-11-23T01:59:08.605+0000] {taskinstance.py:1660} INFO - Exporting env vars: AIRFLOW_CTX_DAG_OWNER='***' AIRFLOW_CTX_DAG_ID='model_training_pipeline' AIRFLOW_CTX_TASK_ID='train_model' AIRFLOW_CTX_EXECUTION_DATE='2024-11-23T01:59:01.883590+00:00' AIRFLOW_CTX_TRY_NUMBER='1' AIRFLOW_CTX_DAG_RUN_ID='manual__2024-11-23T01:59:01.883590+00:00'
[2024-11-23T02:04:10.726+0000] {logging_mixin.py:151} INFO - Data has been normalised
[2024-11-23T02:04:11.315+0000] {logging_mixin.py:151} WARNING - 2024/11/23 02:04:11 WARNING mlflow.utils.git_utils: Failed to import Git (the Git executable is probably not on your PATH), so Git SHA is not available. Error: Failed to initialize: Bad git executable.
The git executable must be specified in one of the following ways:
    - be included in your $PATH
    - be set via $GIT_PYTHON_GIT_EXECUTABLE
    - explicitly set via git.refresh(<full-path-to-git-executable>)

All git commands will error until this is rectified.

This initial message can be silenced or aggravated in the future by setting the
$GIT_PYTHON_REFRESH environment variable. Use one of the following values:
    - quiet|q|silence|s|silent|none|n|0: for no message or exception
    - warn|w|warning|log|l|1: for a warning message (logging level CRITICAL, displayed by default)
    - error|e|exception|raise|r|2: for a raised exception

Example:
    export GIT_PYTHON_REFRESH=quiet
[2024-11-23T02:04:12.410+0000] {logging_mixin.py:151} WARNING - 2024/11/23 02:04:12 INFO mlflow.tracking._tracking_service.client: 🏃 View run GRU_7_day_horizon_30_20241123 at: http://mlflow:5000/#/experiments/1/runs/395e01b2ca324e60b88d3577333096f3.
[2024-11-23T02:04:12.411+0000] {logging_mixin.py:151} WARNING - 2024/11/23 02:04:12 INFO mlflow.tracking._tracking_service.client: 🧪 View experiment at: http://mlflow:5000/#/experiments/1.
[2024-11-23T02:04:12.491+0000] {taskinstance.py:1943} ERROR - Task failed with exception
Traceback (most recent call last):
  File "/home/airflow/.local/lib/python3.8/site-packages/airflow/operators/python.py", line 192, in execute
    return_value = self.execute_callable()
  File "/home/airflow/.local/lib/python3.8/site-packages/airflow/operators/python.py", line 209, in execute_callable
    return self.python_callable(*self.op_args, **self.op_kwargs)
  File "/opt/airflow/dags/model_training_pipeline_dag/train_model.py", line 74, in train_model
    Model.train_model(x_train=X_train, y_train=y_train, x_test=X_test, y_test=y_test, time_steps=30, experiment_id=experiment_id, forecast_horizon=7, batch_size=128)
  File "/opt/airflow/dags/modelling/model.py", line 46, in train_model
    train_gen = EtlTransforms.create_sequences(cls, x_train, y_train, sequence_length=time_steps, batch_size=batch_size)
TypeError: create_sequences() got multiple values for argument 'sequence_length'
[2024-11-23T02:04:12.506+0000] {taskinstance.py:1400} INFO - Marking task as UP_FOR_RETRY. dag_id=model_training_pipeline, task_id=train_model, execution_date=20241123T015901, start_date=20241123T015908, end_date=20241123T020412
[2024-11-23T02:04:12.522+0000] {standard_task_runner.py:104} ERROR - Failed to execute job 354 for task train_model (create_sequences() got multiple values for argument 'sequence_length'; 63200)
[2024-11-23T02:04:12.602+0000] {local_task_job_runner.py:228} INFO - Task exited with return code 1
[2024-11-23T02:04:12.619+0000] {taskinstance.py:2784} INFO - 0 downstream tasks scheduled from follow-on schedule check
