[2024-11-20T12:51:25.838+0000] {logging_mixin.py:151} INFO - Changing /opt/***/logs/dag_id=model_training_pipeline/run_id=manual__2024-11-20T12:51:20.715494+00:00/task_id=train_model permission to 509
[2024-11-20T12:51:25.838+0000] {logging_mixin.py:151} INFO - Failed to change /opt/***/logs/dag_id=model_training_pipeline/run_id=manual__2024-11-20T12:51:20.715494+00:00/task_id=train_model permission to 509: [Errno 1] Operation not permitted: '/opt/***/logs/dag_id=model_training_pipeline/run_id=manual__2024-11-20T12:51:20.715494+00:00/task_id=train_model'
[2024-11-20T12:51:25.862+0000] {logging_mixin.py:151} INFO - Changing /opt/***/logs/dag_id=model_training_pipeline/run_id=manual__2024-11-20T12:51:20.715494+00:00/task_id=train_model permission to 509
[2024-11-20T12:51:25.863+0000] {logging_mixin.py:151} INFO - Failed to change /opt/***/logs/dag_id=model_training_pipeline/run_id=manual__2024-11-20T12:51:20.715494+00:00/task_id=train_model permission to 509: [Errno 1] Operation not permitted: '/opt/***/logs/dag_id=model_training_pipeline/run_id=manual__2024-11-20T12:51:20.715494+00:00/task_id=train_model'
[2024-11-20T12:51:25.884+0000] {taskinstance.py:1159} INFO - Dependencies all met for dep_context=non-requeueable deps ti=<TaskInstance: model_training_pipeline.train_model manual__2024-11-20T12:51:20.715494+00:00 [queued]>
[2024-11-20T12:51:25.892+0000] {taskinstance.py:1159} INFO - Dependencies all met for dep_context=requeueable deps ti=<TaskInstance: model_training_pipeline.train_model manual__2024-11-20T12:51:20.715494+00:00 [queued]>
[2024-11-20T12:51:25.892+0000] {taskinstance.py:1361} INFO - Starting attempt 1 of 2
[2024-11-20T12:51:25.904+0000] {taskinstance.py:1382} INFO - Executing <Task(PythonOperator): train_model> on 2024-11-20 12:51:20.715494+00:00
[2024-11-20T12:51:25.916+0000] {standard_task_runner.py:57} INFO - Started process 12027 to run task
[2024-11-20T12:51:25.918+0000] {standard_task_runner.py:84} INFO - Running: ['***', 'tasks', 'run', 'model_training_pipeline', 'train_model', 'manual__2024-11-20T12:51:20.715494+00:00', '--job-id', '336', '--raw', '--subdir', 'DAGS_FOLDER/model_training_pipeline_dag/model_training_dag.py', '--cfg-path', '/tmp/tmpt2wpcori']
[2024-11-20T12:51:25.920+0000] {standard_task_runner.py:85} INFO - Job 336: Subtask train_model
[2024-11-20T12:51:25.962+0000] {logging_mixin.py:151} INFO - Changing /opt/***/logs/dag_id=model_training_pipeline/run_id=manual__2024-11-20T12:51:20.715494+00:00/task_id=train_model permission to 509
[2024-11-20T12:51:25.962+0000] {logging_mixin.py:151} INFO - Failed to change /opt/***/logs/dag_id=model_training_pipeline/run_id=manual__2024-11-20T12:51:20.715494+00:00/task_id=train_model permission to 509: [Errno 1] Operation not permitted: '/opt/***/logs/dag_id=model_training_pipeline/run_id=manual__2024-11-20T12:51:20.715494+00:00/task_id=train_model'
[2024-11-20T12:51:25.963+0000] {task_command.py:415} INFO - Running <TaskInstance: model_training_pipeline.train_model manual__2024-11-20T12:51:20.715494+00:00 [running]> on host 16801ac1f6e4
[2024-11-20T12:51:26.033+0000] {taskinstance.py:1660} INFO - Exporting env vars: AIRFLOW_CTX_DAG_OWNER='***' AIRFLOW_CTX_DAG_ID='model_training_pipeline' AIRFLOW_CTX_TASK_ID='train_model' AIRFLOW_CTX_EXECUTION_DATE='2024-11-20T12:51:20.715494+00:00' AIRFLOW_CTX_TRY_NUMBER='1' AIRFLOW_CTX_DAG_RUN_ID='manual__2024-11-20T12:51:20.715494+00:00'
[2024-11-20T12:55:29.083+0000] {logging_mixin.py:151} INFO - Processing training data chunk with 8411 rows
[2024-11-20T12:55:29.140+0000] {logging_mixin.py:151} INFO - Processing training data chunk with 8411 rows
[2024-11-20T12:55:29.179+0000] {logging_mixin.py:151} INFO - Processing training data chunk with 8411 rows
[2024-11-20T12:55:29.194+0000] {logging_mixin.py:151} INFO - Processing training data chunk with 8411 rows
[2024-11-20T12:55:29.207+0000] {logging_mixin.py:151} INFO - Processing training data chunk with 8411 rows
[2024-11-20T12:55:29.220+0000] {logging_mixin.py:151} INFO - Processing training data chunk with 8411 rows
[2024-11-20T12:55:29.233+0000] {logging_mixin.py:151} INFO - Processing training data chunk with 8411 rows
[2024-11-20T12:55:29.247+0000] {logging_mixin.py:151} INFO - Processing training data chunk with 8411 rows
[2024-11-20T12:55:29.260+0000] {logging_mixin.py:151} INFO - Processing training data chunk with 8411 rows
[2024-11-20T12:55:29.273+0000] {logging_mixin.py:151} INFO - Processing training data chunk with 8411 rows
[2024-11-20T12:55:29.285+0000] {logging_mixin.py:151} INFO - Processing training data chunk with 8411 rows
[2024-11-20T12:55:29.300+0000] {logging_mixin.py:151} INFO - Processing training data chunk with 8411 rows
[2024-11-20T12:55:29.313+0000] {logging_mixin.py:151} INFO - Processing training data chunk with 8411 rows
[2024-11-20T12:55:29.330+0000] {logging_mixin.py:151} INFO - Processing training data chunk with 8411 rows
[2024-11-20T12:55:29.345+0000] {logging_mixin.py:151} INFO - Processing training data chunk with 8411 rows
[2024-11-20T12:55:29.358+0000] {logging_mixin.py:151} INFO - Processing training data chunk with 8411 rows
[2024-11-20T12:55:29.373+0000] {logging_mixin.py:151} INFO - Processing training data chunk with 8411 rows
[2024-11-20T12:55:29.390+0000] {logging_mixin.py:151} INFO - Processing training data chunk with 8411 rows
[2024-11-20T12:55:29.406+0000] {logging_mixin.py:151} INFO - Processing training data chunk with 8411 rows
[2024-11-20T12:55:29.423+0000] {logging_mixin.py:151} INFO - Processing training data chunk with 8411 rows
[2024-11-20T12:55:29.440+0000] {logging_mixin.py:151} INFO - Processing test data chunk with 8411 rows
[2024-11-20T12:55:29.442+0000] {taskinstance.py:1943} ERROR - Task failed with exception
Traceback (most recent call last):
  File "/home/airflow/.local/lib/python3.8/site-packages/airflow/operators/python.py", line 192, in execute
    return_value = self.execute_callable()
  File "/home/airflow/.local/lib/python3.8/site-packages/airflow/operators/python.py", line 209, in execute_callable
    return self.python_callable(*self.op_args, **self.op_kwargs)
  File "/opt/airflow/dags/model_training_pipeline_dag/train_model.py", line 54, in train_model
    transformed_chunk = EtlTransforms.normalise_test_data(test_df=chunk)
  File "/opt/airflow/dags/transformation/etl_transforms.py", line 334, in normalise_test_data
    test_df[robust_columns] = robust_scaler.transform(test_df[robust_columns])
  File "/home/airflow/.local/lib/python3.8/site-packages/sklearn/utils/_set_output.py", line 157, in wrapped
    data_to_wrap = f(self, X, *args, **kwargs)
  File "/home/airflow/.local/lib/python3.8/site-packages/sklearn/preprocessing/_data.py", line 1593, in transform
    check_is_fitted(self)
  File "/home/airflow/.local/lib/python3.8/site-packages/sklearn/utils/validation.py", line 1461, in check_is_fitted
    raise NotFittedError(msg % {"name": type(estimator).__name__})
sklearn.exceptions.NotFittedError: This RobustScaler instance is not fitted yet. Call 'fit' with appropriate arguments before using this estimator.
[2024-11-20T12:55:29.464+0000] {taskinstance.py:1400} INFO - Marking task as UP_FOR_RETRY. dag_id=model_training_pipeline, task_id=train_model, execution_date=20241120T125120, start_date=20241120T125125, end_date=20241120T125529
[2024-11-20T12:55:29.482+0000] {standard_task_runner.py:104} ERROR - Failed to execute job 336 for task train_model (This RobustScaler instance is not fitted yet. Call 'fit' with appropriate arguments before using this estimator.; 12027)
[2024-11-20T12:55:29.558+0000] {local_task_job_runner.py:228} INFO - Task exited with return code 1
[2024-11-20T12:55:29.574+0000] {taskinstance.py:2784} INFO - 0 downstream tasks scheduled from follow-on schedule check
