[2024-11-20T12:56:03.787+0000] {logging_mixin.py:151} INFO - Changing /opt/***/logs/dag_id=model_training_pipeline/run_id=manual__2024-11-20T12:51:20.715494+00:00/task_id=train_model permission to 509
[2024-11-20T12:56:03.787+0000] {logging_mixin.py:151} INFO - Failed to change /opt/***/logs/dag_id=model_training_pipeline/run_id=manual__2024-11-20T12:51:20.715494+00:00/task_id=train_model permission to 509: [Errno 1] Operation not permitted: '/opt/***/logs/dag_id=model_training_pipeline/run_id=manual__2024-11-20T12:51:20.715494+00:00/task_id=train_model'
[2024-11-20T12:56:03.810+0000] {logging_mixin.py:151} INFO - Changing /opt/***/logs/dag_id=model_training_pipeline/run_id=manual__2024-11-20T12:51:20.715494+00:00/task_id=train_model permission to 509
[2024-11-20T12:56:03.811+0000] {logging_mixin.py:151} INFO - Failed to change /opt/***/logs/dag_id=model_training_pipeline/run_id=manual__2024-11-20T12:51:20.715494+00:00/task_id=train_model permission to 509: [Errno 1] Operation not permitted: '/opt/***/logs/dag_id=model_training_pipeline/run_id=manual__2024-11-20T12:51:20.715494+00:00/task_id=train_model'
[2024-11-20T12:56:03.832+0000] {taskinstance.py:1159} INFO - Dependencies all met for dep_context=non-requeueable deps ti=<TaskInstance: model_training_pipeline.train_model manual__2024-11-20T12:51:20.715494+00:00 [queued]>
[2024-11-20T12:56:03.839+0000] {taskinstance.py:1159} INFO - Dependencies all met for dep_context=requeueable deps ti=<TaskInstance: model_training_pipeline.train_model manual__2024-11-20T12:51:20.715494+00:00 [queued]>
[2024-11-20T12:56:03.839+0000] {taskinstance.py:1361} INFO - Starting attempt 2 of 2
[2024-11-20T12:56:03.852+0000] {taskinstance.py:1382} INFO - Executing <Task(PythonOperator): train_model> on 2024-11-20 12:51:20.715494+00:00
[2024-11-20T12:56:03.861+0000] {standard_task_runner.py:57} INFO - Started process 13002 to run task
[2024-11-20T12:56:03.863+0000] {standard_task_runner.py:84} INFO - Running: ['***', 'tasks', 'run', 'model_training_pipeline', 'train_model', 'manual__2024-11-20T12:51:20.715494+00:00', '--job-id', '337', '--raw', '--subdir', 'DAGS_FOLDER/model_training_pipeline_dag/model_training_dag.py', '--cfg-path', '/tmp/tmpyobpopi3']
[2024-11-20T12:56:03.866+0000] {standard_task_runner.py:85} INFO - Job 337: Subtask train_model
[2024-11-20T12:56:03.908+0000] {logging_mixin.py:151} INFO - Changing /opt/***/logs/dag_id=model_training_pipeline/run_id=manual__2024-11-20T12:51:20.715494+00:00/task_id=train_model permission to 509
[2024-11-20T12:56:03.908+0000] {logging_mixin.py:151} INFO - Failed to change /opt/***/logs/dag_id=model_training_pipeline/run_id=manual__2024-11-20T12:51:20.715494+00:00/task_id=train_model permission to 509: [Errno 1] Operation not permitted: '/opt/***/logs/dag_id=model_training_pipeline/run_id=manual__2024-11-20T12:51:20.715494+00:00/task_id=train_model'
[2024-11-20T12:56:03.910+0000] {task_command.py:415} INFO - Running <TaskInstance: model_training_pipeline.train_model manual__2024-11-20T12:51:20.715494+00:00 [running]> on host 16801ac1f6e4
[2024-11-20T12:56:03.980+0000] {taskinstance.py:1660} INFO - Exporting env vars: AIRFLOW_CTX_DAG_OWNER='***' AIRFLOW_CTX_DAG_ID='model_training_pipeline' AIRFLOW_CTX_TASK_ID='train_model' AIRFLOW_CTX_EXECUTION_DATE='2024-11-20T12:51:20.715494+00:00' AIRFLOW_CTX_TRY_NUMBER='2' AIRFLOW_CTX_DAG_RUN_ID='manual__2024-11-20T12:51:20.715494+00:00'
[2024-11-20T13:00:34.982+0000] {logging_mixin.py:151} INFO - Processing training data chunk with 8411 rows
[2024-11-20T13:00:35.011+0000] {logging_mixin.py:151} INFO - Processing training data chunk with 8411 rows
[2024-11-20T13:00:35.034+0000] {logging_mixin.py:151} INFO - Processing training data chunk with 8411 rows
[2024-11-20T13:00:35.056+0000] {logging_mixin.py:151} INFO - Processing training data chunk with 8411 rows
[2024-11-20T13:00:35.082+0000] {logging_mixin.py:151} INFO - Processing training data chunk with 8411 rows
[2024-11-20T13:00:35.102+0000] {logging_mixin.py:151} INFO - Processing training data chunk with 8411 rows
[2024-11-20T13:00:35.127+0000] {logging_mixin.py:151} INFO - Processing training data chunk with 8411 rows
[2024-11-20T13:00:35.151+0000] {logging_mixin.py:151} INFO - Processing training data chunk with 8411 rows
[2024-11-20T13:00:35.173+0000] {logging_mixin.py:151} INFO - Processing training data chunk with 8411 rows
[2024-11-20T13:00:35.195+0000] {logging_mixin.py:151} INFO - Processing training data chunk with 8411 rows
[2024-11-20T13:00:35.218+0000] {logging_mixin.py:151} INFO - Processing training data chunk with 8411 rows
[2024-11-20T13:00:35.236+0000] {logging_mixin.py:151} INFO - Processing training data chunk with 8411 rows
[2024-11-20T13:00:35.261+0000] {logging_mixin.py:151} INFO - Processing training data chunk with 8411 rows
[2024-11-20T13:00:35.285+0000] {logging_mixin.py:151} INFO - Processing training data chunk with 8411 rows
[2024-11-20T13:00:35.308+0000] {logging_mixin.py:151} INFO - Processing training data chunk with 8411 rows
[2024-11-20T13:00:35.331+0000] {logging_mixin.py:151} INFO - Processing training data chunk with 8411 rows
[2024-11-20T13:00:35.354+0000] {logging_mixin.py:151} INFO - Processing training data chunk with 8411 rows
[2024-11-20T13:00:35.378+0000] {logging_mixin.py:151} INFO - Processing training data chunk with 8411 rows
[2024-11-20T13:00:35.401+0000] {logging_mixin.py:151} INFO - Processing training data chunk with 8411 rows
[2024-11-20T13:00:35.424+0000] {logging_mixin.py:151} INFO - Processing training data chunk with 8411 rows
[2024-11-20T13:00:35.450+0000] {logging_mixin.py:151} INFO - Processing test data chunk with 8411 rows
[2024-11-20T13:00:35.453+0000] {taskinstance.py:1943} ERROR - Task failed with exception
Traceback (most recent call last):
  File "/home/airflow/.local/lib/python3.8/site-packages/airflow/operators/python.py", line 192, in execute
    return_value = self.execute_callable()
  File "/home/airflow/.local/lib/python3.8/site-packages/airflow/operators/python.py", line 209, in execute_callable
    return self.python_callable(*self.op_args, **self.op_kwargs)
  File "/opt/airflow/dags/model_training_pipeline_dag/train_model.py", line 54, in train_model
    transformed_chunk = EtlTransforms.normalise_test_data(test_df=chunk)
  File "/opt/airflow/dags/transformation/etl_transforms.py", line 334, in normalise_test_data
    test_df[robust_columns] = robust_scaler.transform(test_df[robust_columns])
  File "/home/airflow/.local/lib/python3.8/site-packages/sklearn/utils/_set_output.py", line 157, in wrapped
    data_to_wrap = f(self, X, *args, **kwargs)
  File "/home/airflow/.local/lib/python3.8/site-packages/sklearn/preprocessing/_data.py", line 1593, in transform
    check_is_fitted(self)
  File "/home/airflow/.local/lib/python3.8/site-packages/sklearn/utils/validation.py", line 1461, in check_is_fitted
    raise NotFittedError(msg % {"name": type(estimator).__name__})
sklearn.exceptions.NotFittedError: This RobustScaler instance is not fitted yet. Call 'fit' with appropriate arguments before using this estimator.
[2024-11-20T13:00:35.501+0000] {taskinstance.py:1400} INFO - Marking task as FAILED. dag_id=model_training_pipeline, task_id=train_model, execution_date=20241120T125120, start_date=20241120T125603, end_date=20241120T130035
[2024-11-20T13:00:35.521+0000] {standard_task_runner.py:104} ERROR - Failed to execute job 337 for task train_model (This RobustScaler instance is not fitted yet. Call 'fit' with appropriate arguments before using this estimator.; 13002)
[2024-11-20T13:00:35.617+0000] {local_task_job_runner.py:228} INFO - Task exited with return code 1
[2024-11-20T13:00:35.645+0000] {taskinstance.py:2784} INFO - 0 downstream tasks scheduled from follow-on schedule check
