[2024-11-25T09:58:45.896+0000] {processor.py:157} INFO - Started process (PID=175) to work on /opt/airflow/dags/model_training_pipeline_dag/train_model.py
[2024-11-25T09:58:45.897+0000] {processor.py:829} INFO - Processing file /opt/airflow/dags/model_training_pipeline_dag/train_model.py for tasks to queue
[2024-11-25T09:58:45.898+0000] {logging_mixin.py:151} INFO - [2024-11-25T09:58:45.898+0000] {dagbag.py:539} INFO - Filling up the DagBag from /opt/airflow/dags/model_training_pipeline_dag/train_model.py
[2024-11-25T09:58:52.590+0000] {processor.py:841} WARNING - No viable dags retrieved from /opt/airflow/dags/model_training_pipeline_dag/train_model.py
[2024-11-25T09:58:52.607+0000] {processor.py:179} INFO - Processing /opt/airflow/dags/model_training_pipeline_dag/train_model.py took 6.713 seconds
[2024-11-25T09:59:22.784+0000] {processor.py:157} INFO - Started process (PID=333) to work on /opt/airflow/dags/model_training_pipeline_dag/train_model.py
[2024-11-25T09:59:22.785+0000] {processor.py:829} INFO - Processing file /opt/airflow/dags/model_training_pipeline_dag/train_model.py for tasks to queue
[2024-11-25T09:59:22.788+0000] {logging_mixin.py:151} INFO - [2024-11-25T09:59:22.788+0000] {dagbag.py:539} INFO - Filling up the DagBag from /opt/airflow/dags/model_training_pipeline_dag/train_model.py
[2024-11-25T09:59:27.695+0000] {processor.py:841} WARNING - No viable dags retrieved from /opt/airflow/dags/model_training_pipeline_dag/train_model.py
[2024-11-25T09:59:27.720+0000] {processor.py:179} INFO - Processing /opt/airflow/dags/model_training_pipeline_dag/train_model.py took 4.940 seconds
[2024-11-25T09:59:58.533+0000] {processor.py:157} INFO - Started process (PID=474) to work on /opt/airflow/dags/model_training_pipeline_dag/train_model.py
[2024-11-25T09:59:58.534+0000] {processor.py:829} INFO - Processing file /opt/airflow/dags/model_training_pipeline_dag/train_model.py for tasks to queue
[2024-11-25T09:59:58.537+0000] {logging_mixin.py:151} INFO - [2024-11-25T09:59:58.537+0000] {dagbag.py:539} INFO - Filling up the DagBag from /opt/airflow/dags/model_training_pipeline_dag/train_model.py
[2024-11-25T10:00:04.719+0000] {processor.py:841} WARNING - No viable dags retrieved from /opt/airflow/dags/model_training_pipeline_dag/train_model.py
[2024-11-25T10:00:04.777+0000] {processor.py:179} INFO - Processing /opt/airflow/dags/model_training_pipeline_dag/train_model.py took 6.248 seconds
[2024-11-25T10:00:34.944+0000] {processor.py:157} INFO - Started process (PID=615) to work on /opt/airflow/dags/model_training_pipeline_dag/train_model.py
[2024-11-25T10:00:34.946+0000] {processor.py:829} INFO - Processing file /opt/airflow/dags/model_training_pipeline_dag/train_model.py for tasks to queue
[2024-11-25T10:00:34.949+0000] {logging_mixin.py:151} INFO - [2024-11-25T10:00:34.949+0000] {dagbag.py:539} INFO - Filling up the DagBag from /opt/airflow/dags/model_training_pipeline_dag/train_model.py
[2024-11-25T10:00:39.938+0000] {processor.py:841} WARNING - No viable dags retrieved from /opt/airflow/dags/model_training_pipeline_dag/train_model.py
[2024-11-25T10:00:39.957+0000] {processor.py:179} INFO - Processing /opt/airflow/dags/model_training_pipeline_dag/train_model.py took 5.019 seconds
[2024-11-25T10:01:10.739+0000] {processor.py:157} INFO - Started process (PID=773) to work on /opt/airflow/dags/model_training_pipeline_dag/train_model.py
[2024-11-25T10:01:10.739+0000] {processor.py:829} INFO - Processing file /opt/airflow/dags/model_training_pipeline_dag/train_model.py for tasks to queue
[2024-11-25T10:01:10.741+0000] {logging_mixin.py:151} INFO - [2024-11-25T10:01:10.741+0000] {dagbag.py:539} INFO - Filling up the DagBag from /opt/airflow/dags/model_training_pipeline_dag/train_model.py
[2024-11-25T10:01:14.726+0000] {processor.py:841} WARNING - No viable dags retrieved from /opt/airflow/dags/model_training_pipeline_dag/train_model.py
[2024-11-25T10:01:14.744+0000] {processor.py:179} INFO - Processing /opt/airflow/dags/model_training_pipeline_dag/train_model.py took 4.008 seconds
[2024-11-25T10:01:45.194+0000] {processor.py:157} INFO - Started process (PID=931) to work on /opt/airflow/dags/model_training_pipeline_dag/train_model.py
[2024-11-25T10:01:45.195+0000] {processor.py:829} INFO - Processing file /opt/airflow/dags/model_training_pipeline_dag/train_model.py for tasks to queue
[2024-11-25T10:01:45.197+0000] {logging_mixin.py:151} INFO - [2024-11-25T10:01:45.197+0000] {dagbag.py:539} INFO - Filling up the DagBag from /opt/airflow/dags/model_training_pipeline_dag/train_model.py
[2024-11-25T10:01:49.571+0000] {processor.py:841} WARNING - No viable dags retrieved from /opt/airflow/dags/model_training_pipeline_dag/train_model.py
[2024-11-25T10:01:49.587+0000] {processor.py:179} INFO - Processing /opt/airflow/dags/model_training_pipeline_dag/train_model.py took 4.397 seconds
[2024-11-25T10:02:19.892+0000] {processor.py:157} INFO - Started process (PID=1094) to work on /opt/airflow/dags/model_training_pipeline_dag/train_model.py
[2024-11-25T10:02:19.894+0000] {processor.py:829} INFO - Processing file /opt/airflow/dags/model_training_pipeline_dag/train_model.py for tasks to queue
[2024-11-25T10:02:19.896+0000] {logging_mixin.py:151} INFO - [2024-11-25T10:02:19.896+0000] {dagbag.py:539} INFO - Filling up the DagBag from /opt/airflow/dags/model_training_pipeline_dag/train_model.py
[2024-11-25T10:02:25.373+0000] {processor.py:841} WARNING - No viable dags retrieved from /opt/airflow/dags/model_training_pipeline_dag/train_model.py
[2024-11-25T10:02:25.393+0000] {processor.py:179} INFO - Processing /opt/airflow/dags/model_training_pipeline_dag/train_model.py took 5.505 seconds
[2024-11-25T10:02:55.655+0000] {processor.py:157} INFO - Started process (PID=1252) to work on /opt/airflow/dags/model_training_pipeline_dag/train_model.py
[2024-11-25T10:02:55.657+0000] {processor.py:829} INFO - Processing file /opt/airflow/dags/model_training_pipeline_dag/train_model.py for tasks to queue
[2024-11-25T10:02:55.660+0000] {logging_mixin.py:151} INFO - [2024-11-25T10:02:55.660+0000] {dagbag.py:539} INFO - Filling up the DagBag from /opt/airflow/dags/model_training_pipeline_dag/train_model.py
[2024-11-25T10:03:02.965+0000] {processor.py:841} WARNING - No viable dags retrieved from /opt/airflow/dags/model_training_pipeline_dag/train_model.py
[2024-11-25T10:03:02.989+0000] {processor.py:179} INFO - Processing /opt/airflow/dags/model_training_pipeline_dag/train_model.py took 7.339 seconds
[2024-11-25T10:03:33.652+0000] {processor.py:157} INFO - Started process (PID=1410) to work on /opt/airflow/dags/model_training_pipeline_dag/train_model.py
[2024-11-25T10:03:33.655+0000] {processor.py:829} INFO - Processing file /opt/airflow/dags/model_training_pipeline_dag/train_model.py for tasks to queue
[2024-11-25T10:03:33.657+0000] {logging_mixin.py:151} INFO - [2024-11-25T10:03:33.657+0000] {dagbag.py:539} INFO - Filling up the DagBag from /opt/airflow/dags/model_training_pipeline_dag/train_model.py
[2024-11-25T10:03:44.843+0000] {processor.py:841} WARNING - No viable dags retrieved from /opt/airflow/dags/model_training_pipeline_dag/train_model.py
[2024-11-25T10:03:44.881+0000] {processor.py:179} INFO - Processing /opt/airflow/dags/model_training_pipeline_dag/train_model.py took 11.234 seconds
[2024-11-25T10:04:15.342+0000] {processor.py:157} INFO - Started process (PID=1599) to work on /opt/airflow/dags/model_training_pipeline_dag/train_model.py
[2024-11-25T10:04:15.347+0000] {processor.py:829} INFO - Processing file /opt/airflow/dags/model_training_pipeline_dag/train_model.py for tasks to queue
[2024-11-25T10:04:15.353+0000] {logging_mixin.py:151} INFO - [2024-11-25T10:04:15.352+0000] {dagbag.py:539} INFO - Filling up the DagBag from /opt/airflow/dags/model_training_pipeline_dag/train_model.py
[2024-11-25T10:04:20.158+0000] {processor.py:841} WARNING - No viable dags retrieved from /opt/airflow/dags/model_training_pipeline_dag/train_model.py
[2024-11-25T10:04:20.176+0000] {processor.py:179} INFO - Processing /opt/airflow/dags/model_training_pipeline_dag/train_model.py took 4.867 seconds
[2024-11-25T10:04:50.744+0000] {processor.py:157} INFO - Started process (PID=1740) to work on /opt/airflow/dags/model_training_pipeline_dag/train_model.py
[2024-11-25T10:04:50.745+0000] {processor.py:829} INFO - Processing file /opt/airflow/dags/model_training_pipeline_dag/train_model.py for tasks to queue
[2024-11-25T10:04:50.747+0000] {logging_mixin.py:151} INFO - [2024-11-25T10:04:50.747+0000] {dagbag.py:539} INFO - Filling up the DagBag from /opt/airflow/dags/model_training_pipeline_dag/train_model.py
[2024-11-25T10:04:55.431+0000] {processor.py:841} WARNING - No viable dags retrieved from /opt/airflow/dags/model_training_pipeline_dag/train_model.py
[2024-11-25T10:04:55.449+0000] {processor.py:179} INFO - Processing /opt/airflow/dags/model_training_pipeline_dag/train_model.py took 4.709 seconds
[2024-11-25T10:05:26.093+0000] {processor.py:157} INFO - Started process (PID=1886) to work on /opt/airflow/dags/model_training_pipeline_dag/train_model.py
[2024-11-25T10:05:26.094+0000] {processor.py:829} INFO - Processing file /opt/airflow/dags/model_training_pipeline_dag/train_model.py for tasks to queue
[2024-11-25T10:05:26.096+0000] {logging_mixin.py:151} INFO - [2024-11-25T10:05:26.095+0000] {dagbag.py:539} INFO - Filling up the DagBag from /opt/airflow/dags/model_training_pipeline_dag/train_model.py
[2024-11-25T10:05:31.419+0000] {processor.py:841} WARNING - No viable dags retrieved from /opt/airflow/dags/model_training_pipeline_dag/train_model.py
[2024-11-25T10:05:31.438+0000] {processor.py:179} INFO - Processing /opt/airflow/dags/model_training_pipeline_dag/train_model.py took 5.350 seconds
[2024-11-25T10:06:01.813+0000] {processor.py:157} INFO - Started process (PID=2027) to work on /opt/airflow/dags/model_training_pipeline_dag/train_model.py
[2024-11-25T10:06:01.814+0000] {processor.py:829} INFO - Processing file /opt/airflow/dags/model_training_pipeline_dag/train_model.py for tasks to queue
[2024-11-25T10:06:01.816+0000] {logging_mixin.py:151} INFO - [2024-11-25T10:06:01.816+0000] {dagbag.py:539} INFO - Filling up the DagBag from /opt/airflow/dags/model_training_pipeline_dag/train_model.py
[2024-11-25T10:06:06.017+0000] {processor.py:841} WARNING - No viable dags retrieved from /opt/airflow/dags/model_training_pipeline_dag/train_model.py
[2024-11-25T10:06:06.033+0000] {processor.py:179} INFO - Processing /opt/airflow/dags/model_training_pipeline_dag/train_model.py took 4.224 seconds
[2024-11-25T10:06:36.313+0000] {processor.py:157} INFO - Started process (PID=2183) to work on /opt/airflow/dags/model_training_pipeline_dag/train_model.py
[2024-11-25T10:06:36.314+0000] {processor.py:829} INFO - Processing file /opt/airflow/dags/model_training_pipeline_dag/train_model.py for tasks to queue
[2024-11-25T10:06:36.317+0000] {logging_mixin.py:151} INFO - [2024-11-25T10:06:36.316+0000] {dagbag.py:539} INFO - Filling up the DagBag from /opt/airflow/dags/model_training_pipeline_dag/train_model.py
[2024-11-25T10:06:40.731+0000] {processor.py:841} WARNING - No viable dags retrieved from /opt/airflow/dags/model_training_pipeline_dag/train_model.py
[2024-11-25T10:06:40.752+0000] {processor.py:179} INFO - Processing /opt/airflow/dags/model_training_pipeline_dag/train_model.py took 4.443 seconds
[2024-11-25T10:07:11.591+0000] {processor.py:157} INFO - Started process (PID=2343) to work on /opt/airflow/dags/model_training_pipeline_dag/train_model.py
[2024-11-25T10:07:11.592+0000] {processor.py:829} INFO - Processing file /opt/airflow/dags/model_training_pipeline_dag/train_model.py for tasks to queue
[2024-11-25T10:07:11.594+0000] {logging_mixin.py:151} INFO - [2024-11-25T10:07:11.594+0000] {dagbag.py:539} INFO - Filling up the DagBag from /opt/airflow/dags/model_training_pipeline_dag/train_model.py
[2024-11-25T10:07:16.526+0000] {processor.py:841} WARNING - No viable dags retrieved from /opt/airflow/dags/model_training_pipeline_dag/train_model.py
[2024-11-25T10:07:16.546+0000] {processor.py:179} INFO - Processing /opt/airflow/dags/model_training_pipeline_dag/train_model.py took 4.958 seconds
[2024-11-25T10:07:46.885+0000] {processor.py:157} INFO - Started process (PID=2518) to work on /opt/airflow/dags/model_training_pipeline_dag/train_model.py
[2024-11-25T10:07:46.886+0000] {processor.py:829} INFO - Processing file /opt/airflow/dags/model_training_pipeline_dag/train_model.py for tasks to queue
[2024-11-25T10:07:46.887+0000] {logging_mixin.py:151} INFO - [2024-11-25T10:07:46.887+0000] {dagbag.py:539} INFO - Filling up the DagBag from /opt/airflow/dags/model_training_pipeline_dag/train_model.py
[2024-11-25T10:07:51.523+0000] {processor.py:841} WARNING - No viable dags retrieved from /opt/airflow/dags/model_training_pipeline_dag/train_model.py
[2024-11-25T10:07:51.538+0000] {processor.py:179} INFO - Processing /opt/airflow/dags/model_training_pipeline_dag/train_model.py took 4.656 seconds
[2024-11-25T10:08:21.826+0000] {processor.py:157} INFO - Started process (PID=2676) to work on /opt/airflow/dags/model_training_pipeline_dag/train_model.py
[2024-11-25T10:08:21.828+0000] {processor.py:829} INFO - Processing file /opt/airflow/dags/model_training_pipeline_dag/train_model.py for tasks to queue
[2024-11-25T10:08:21.831+0000] {logging_mixin.py:151} INFO - [2024-11-25T10:08:21.830+0000] {dagbag.py:539} INFO - Filling up the DagBag from /opt/airflow/dags/model_training_pipeline_dag/train_model.py
[2024-11-25T10:08:27.973+0000] {processor.py:841} WARNING - No viable dags retrieved from /opt/airflow/dags/model_training_pipeline_dag/train_model.py
[2024-11-25T10:08:27.993+0000] {processor.py:179} INFO - Processing /opt/airflow/dags/model_training_pipeline_dag/train_model.py took 6.172 seconds
[2024-11-25T10:08:58.482+0000] {processor.py:157} INFO - Started process (PID=2817) to work on /opt/airflow/dags/model_training_pipeline_dag/train_model.py
[2024-11-25T10:08:58.483+0000] {processor.py:829} INFO - Processing file /opt/airflow/dags/model_training_pipeline_dag/train_model.py for tasks to queue
[2024-11-25T10:08:58.485+0000] {logging_mixin.py:151} INFO - [2024-11-25T10:08:58.485+0000] {dagbag.py:539} INFO - Filling up the DagBag from /opt/airflow/dags/model_training_pipeline_dag/train_model.py
[2024-11-25T10:09:02.696+0000] {processor.py:841} WARNING - No viable dags retrieved from /opt/airflow/dags/model_training_pipeline_dag/train_model.py
[2024-11-25T10:09:02.713+0000] {processor.py:179} INFO - Processing /opt/airflow/dags/model_training_pipeline_dag/train_model.py took 4.234 seconds
[2024-11-25T10:09:33.412+0000] {processor.py:157} INFO - Started process (PID=2980) to work on /opt/airflow/dags/model_training_pipeline_dag/train_model.py
[2024-11-25T10:09:33.413+0000] {processor.py:829} INFO - Processing file /opt/airflow/dags/model_training_pipeline_dag/train_model.py for tasks to queue
[2024-11-25T10:09:33.415+0000] {logging_mixin.py:151} INFO - [2024-11-25T10:09:33.414+0000] {dagbag.py:539} INFO - Filling up the DagBag from /opt/airflow/dags/model_training_pipeline_dag/train_model.py
[2024-11-25T10:09:36.823+0000] {processor.py:841} WARNING - No viable dags retrieved from /opt/airflow/dags/model_training_pipeline_dag/train_model.py
[2024-11-25T10:09:36.837+0000] {processor.py:179} INFO - Processing /opt/airflow/dags/model_training_pipeline_dag/train_model.py took 3.428 seconds
[2024-11-25T10:10:07.193+0000] {processor.py:157} INFO - Started process (PID=3135) to work on /opt/airflow/dags/model_training_pipeline_dag/train_model.py
[2024-11-25T10:10:07.195+0000] {processor.py:829} INFO - Processing file /opt/airflow/dags/model_training_pipeline_dag/train_model.py for tasks to queue
[2024-11-25T10:10:07.198+0000] {logging_mixin.py:151} INFO - [2024-11-25T10:10:07.198+0000] {dagbag.py:539} INFO - Filling up the DagBag from /opt/airflow/dags/model_training_pipeline_dag/train_model.py
[2024-11-25T10:10:12.007+0000] {processor.py:841} WARNING - No viable dags retrieved from /opt/airflow/dags/model_training_pipeline_dag/train_model.py
[2024-11-25T10:10:12.033+0000] {processor.py:179} INFO - Processing /opt/airflow/dags/model_training_pipeline_dag/train_model.py took 4.844 seconds
[2024-11-25T10:10:42.531+0000] {processor.py:157} INFO - Started process (PID=3276) to work on /opt/airflow/dags/model_training_pipeline_dag/train_model.py
[2024-11-25T10:10:42.533+0000] {processor.py:829} INFO - Processing file /opt/airflow/dags/model_training_pipeline_dag/train_model.py for tasks to queue
[2024-11-25T10:10:42.536+0000] {logging_mixin.py:151} INFO - [2024-11-25T10:10:42.535+0000] {dagbag.py:539} INFO - Filling up the DagBag from /opt/airflow/dags/model_training_pipeline_dag/train_model.py
[2024-11-25T10:10:47.356+0000] {processor.py:841} WARNING - No viable dags retrieved from /opt/airflow/dags/model_training_pipeline_dag/train_model.py
[2024-11-25T10:10:47.380+0000] {processor.py:179} INFO - Processing /opt/airflow/dags/model_training_pipeline_dag/train_model.py took 4.854 seconds
[2024-11-25T10:11:18.031+0000] {processor.py:157} INFO - Started process (PID=3417) to work on /opt/airflow/dags/model_training_pipeline_dag/train_model.py
[2024-11-25T10:11:18.032+0000] {processor.py:829} INFO - Processing file /opt/airflow/dags/model_training_pipeline_dag/train_model.py for tasks to queue
[2024-11-25T10:11:18.033+0000] {logging_mixin.py:151} INFO - [2024-11-25T10:11:18.033+0000] {dagbag.py:539} INFO - Filling up the DagBag from /opt/airflow/dags/model_training_pipeline_dag/train_model.py
[2024-11-25T10:11:22.197+0000] {processor.py:841} WARNING - No viable dags retrieved from /opt/airflow/dags/model_training_pipeline_dag/train_model.py
[2024-11-25T10:11:22.218+0000] {processor.py:179} INFO - Processing /opt/airflow/dags/model_training_pipeline_dag/train_model.py took 4.191 seconds
[2024-11-25T10:11:52.378+0000] {processor.py:157} INFO - Started process (PID=3558) to work on /opt/airflow/dags/model_training_pipeline_dag/train_model.py
[2024-11-25T10:11:52.380+0000] {processor.py:829} INFO - Processing file /opt/airflow/dags/model_training_pipeline_dag/train_model.py for tasks to queue
[2024-11-25T10:11:52.383+0000] {logging_mixin.py:151} INFO - [2024-11-25T10:11:52.383+0000] {dagbag.py:539} INFO - Filling up the DagBag from /opt/airflow/dags/model_training_pipeline_dag/train_model.py
[2024-11-25T10:11:57.090+0000] {processor.py:841} WARNING - No viable dags retrieved from /opt/airflow/dags/model_training_pipeline_dag/train_model.py
[2024-11-25T10:11:57.108+0000] {processor.py:179} INFO - Processing /opt/airflow/dags/model_training_pipeline_dag/train_model.py took 4.734 seconds
[2024-11-25T10:12:27.187+0000] {processor.py:157} INFO - Started process (PID=3714) to work on /opt/airflow/dags/model_training_pipeline_dag/train_model.py
[2024-11-25T10:12:27.189+0000] {processor.py:829} INFO - Processing file /opt/airflow/dags/model_training_pipeline_dag/train_model.py for tasks to queue
[2024-11-25T10:12:27.195+0000] {logging_mixin.py:151} INFO - [2024-11-25T10:12:27.195+0000] {dagbag.py:539} INFO - Filling up the DagBag from /opt/airflow/dags/model_training_pipeline_dag/train_model.py
[2024-11-25T10:12:30.654+0000] {processor.py:841} WARNING - No viable dags retrieved from /opt/airflow/dags/model_training_pipeline_dag/train_model.py
[2024-11-25T10:12:30.669+0000] {processor.py:179} INFO - Processing /opt/airflow/dags/model_training_pipeline_dag/train_model.py took 3.488 seconds
[2024-11-25T10:13:01.664+0000] {processor.py:157} INFO - Started process (PID=3872) to work on /opt/airflow/dags/model_training_pipeline_dag/train_model.py
[2024-11-25T10:13:01.665+0000] {processor.py:829} INFO - Processing file /opt/airflow/dags/model_training_pipeline_dag/train_model.py for tasks to queue
[2024-11-25T10:13:01.667+0000] {logging_mixin.py:151} INFO - [2024-11-25T10:13:01.667+0000] {dagbag.py:539} INFO - Filling up the DagBag from /opt/airflow/dags/model_training_pipeline_dag/train_model.py
[2024-11-25T10:13:05.206+0000] {processor.py:841} WARNING - No viable dags retrieved from /opt/airflow/dags/model_training_pipeline_dag/train_model.py
[2024-11-25T10:13:05.231+0000] {processor.py:179} INFO - Processing /opt/airflow/dags/model_training_pipeline_dag/train_model.py took 3.570 seconds
[2024-11-25T10:13:35.701+0000] {processor.py:157} INFO - Started process (PID=4030) to work on /opt/airflow/dags/model_training_pipeline_dag/train_model.py
[2024-11-25T10:13:35.702+0000] {processor.py:829} INFO - Processing file /opt/airflow/dags/model_training_pipeline_dag/train_model.py for tasks to queue
[2024-11-25T10:13:35.705+0000] {logging_mixin.py:151} INFO - [2024-11-25T10:13:35.704+0000] {dagbag.py:539} INFO - Filling up the DagBag from /opt/airflow/dags/model_training_pipeline_dag/train_model.py
[2024-11-25T10:13:39.849+0000] {processor.py:841} WARNING - No viable dags retrieved from /opt/airflow/dags/model_training_pipeline_dag/train_model.py
[2024-11-25T10:13:39.865+0000] {processor.py:179} INFO - Processing /opt/airflow/dags/model_training_pipeline_dag/train_model.py took 4.168 seconds
[2024-11-25T10:14:10.153+0000] {processor.py:157} INFO - Started process (PID=4210) to work on /opt/airflow/dags/model_training_pipeline_dag/train_model.py
[2024-11-25T10:14:10.155+0000] {processor.py:829} INFO - Processing file /opt/airflow/dags/model_training_pipeline_dag/train_model.py for tasks to queue
[2024-11-25T10:14:10.158+0000] {logging_mixin.py:151} INFO - [2024-11-25T10:14:10.158+0000] {dagbag.py:539} INFO - Filling up the DagBag from /opt/airflow/dags/model_training_pipeline_dag/train_model.py
[2024-11-25T10:14:15.940+0000] {processor.py:841} WARNING - No viable dags retrieved from /opt/airflow/dags/model_training_pipeline_dag/train_model.py
[2024-11-25T10:14:15.966+0000] {processor.py:179} INFO - Processing /opt/airflow/dags/model_training_pipeline_dag/train_model.py took 5.817 seconds
[2024-11-25T10:14:46.413+0000] {processor.py:157} INFO - Started process (PID=4353) to work on /opt/airflow/dags/model_training_pipeline_dag/train_model.py
[2024-11-25T10:14:46.413+0000] {processor.py:829} INFO - Processing file /opt/airflow/dags/model_training_pipeline_dag/train_model.py for tasks to queue
[2024-11-25T10:14:46.416+0000] {logging_mixin.py:151} INFO - [2024-11-25T10:14:46.415+0000] {dagbag.py:539} INFO - Filling up the DagBag from /opt/airflow/dags/model_training_pipeline_dag/train_model.py
[2024-11-25T10:14:50.054+0000] {processor.py:841} WARNING - No viable dags retrieved from /opt/airflow/dags/model_training_pipeline_dag/train_model.py
[2024-11-25T10:14:50.069+0000] {processor.py:179} INFO - Processing /opt/airflow/dags/model_training_pipeline_dag/train_model.py took 3.659 seconds
[2024-11-25T10:15:20.633+0000] {processor.py:157} INFO - Started process (PID=4494) to work on /opt/airflow/dags/model_training_pipeline_dag/train_model.py
[2024-11-25T10:15:20.634+0000] {processor.py:829} INFO - Processing file /opt/airflow/dags/model_training_pipeline_dag/train_model.py for tasks to queue
[2024-11-25T10:15:20.636+0000] {logging_mixin.py:151} INFO - [2024-11-25T10:15:20.635+0000] {dagbag.py:539} INFO - Filling up the DagBag from /opt/airflow/dags/model_training_pipeline_dag/train_model.py
[2024-11-25T10:15:24.316+0000] {processor.py:841} WARNING - No viable dags retrieved from /opt/airflow/dags/model_training_pipeline_dag/train_model.py
[2024-11-25T10:15:24.344+0000] {processor.py:179} INFO - Processing /opt/airflow/dags/model_training_pipeline_dag/train_model.py took 3.715 seconds
[2024-11-25T10:15:54.604+0000] {processor.py:157} INFO - Started process (PID=4650) to work on /opt/airflow/dags/model_training_pipeline_dag/train_model.py
[2024-11-25T10:15:54.606+0000] {processor.py:829} INFO - Processing file /opt/airflow/dags/model_training_pipeline_dag/train_model.py for tasks to queue
[2024-11-25T10:15:54.608+0000] {logging_mixin.py:151} INFO - [2024-11-25T10:15:54.608+0000] {dagbag.py:539} INFO - Filling up the DagBag from /opt/airflow/dags/model_training_pipeline_dag/train_model.py
[2024-11-25T10:15:59.286+0000] {processor.py:841} WARNING - No viable dags retrieved from /opt/airflow/dags/model_training_pipeline_dag/train_model.py
[2024-11-25T10:15:59.306+0000] {processor.py:179} INFO - Processing /opt/airflow/dags/model_training_pipeline_dag/train_model.py took 4.705 seconds
[2024-11-25T10:16:29.753+0000] {processor.py:157} INFO - Started process (PID=4801) to work on /opt/airflow/dags/model_training_pipeline_dag/train_model.py
[2024-11-25T10:16:29.754+0000] {processor.py:829} INFO - Processing file /opt/airflow/dags/model_training_pipeline_dag/train_model.py for tasks to queue
[2024-11-25T10:16:29.757+0000] {logging_mixin.py:151} INFO - [2024-11-25T10:16:29.757+0000] {dagbag.py:539} INFO - Filling up the DagBag from /opt/airflow/dags/model_training_pipeline_dag/train_model.py
[2024-11-25T10:16:34.441+0000] {processor.py:841} WARNING - No viable dags retrieved from /opt/airflow/dags/model_training_pipeline_dag/train_model.py
[2024-11-25T10:16:34.462+0000] {processor.py:179} INFO - Processing /opt/airflow/dags/model_training_pipeline_dag/train_model.py took 4.712 seconds
[2024-11-25T10:17:05.231+0000] {processor.py:157} INFO - Started process (PID=4943) to work on /opt/airflow/dags/model_training_pipeline_dag/train_model.py
[2024-11-25T10:17:05.232+0000] {processor.py:829} INFO - Processing file /opt/airflow/dags/model_training_pipeline_dag/train_model.py for tasks to queue
[2024-11-25T10:17:05.234+0000] {logging_mixin.py:151} INFO - [2024-11-25T10:17:05.234+0000] {dagbag.py:539} INFO - Filling up the DagBag from /opt/airflow/dags/model_training_pipeline_dag/train_model.py
[2024-11-25T10:17:09.096+0000] {processor.py:841} WARNING - No viable dags retrieved from /opt/airflow/dags/model_training_pipeline_dag/train_model.py
[2024-11-25T10:17:09.111+0000] {processor.py:179} INFO - Processing /opt/airflow/dags/model_training_pipeline_dag/train_model.py took 3.884 seconds
[2024-11-25T10:17:40.197+0000] {processor.py:157} INFO - Started process (PID=5084) to work on /opt/airflow/dags/model_training_pipeline_dag/train_model.py
[2024-11-25T10:17:40.199+0000] {processor.py:829} INFO - Processing file /opt/airflow/dags/model_training_pipeline_dag/train_model.py for tasks to queue
[2024-11-25T10:17:40.202+0000] {logging_mixin.py:151} INFO - [2024-11-25T10:17:40.201+0000] {dagbag.py:539} INFO - Filling up the DagBag from /opt/airflow/dags/model_training_pipeline_dag/train_model.py
[2024-11-25T10:17:45.408+0000] {processor.py:841} WARNING - No viable dags retrieved from /opt/airflow/dags/model_training_pipeline_dag/train_model.py
[2024-11-25T10:17:45.435+0000] {processor.py:179} INFO - Processing /opt/airflow/dags/model_training_pipeline_dag/train_model.py took 5.242 seconds
[2024-11-25T10:18:16.080+0000] {processor.py:157} INFO - Started process (PID=5230) to work on /opt/airflow/dags/model_training_pipeline_dag/train_model.py
[2024-11-25T10:18:16.081+0000] {processor.py:829} INFO - Processing file /opt/airflow/dags/model_training_pipeline_dag/train_model.py for tasks to queue
[2024-11-25T10:18:16.083+0000] {logging_mixin.py:151} INFO - [2024-11-25T10:18:16.082+0000] {dagbag.py:539} INFO - Filling up the DagBag from /opt/airflow/dags/model_training_pipeline_dag/train_model.py
[2024-11-25T10:18:19.956+0000] {processor.py:841} WARNING - No viable dags retrieved from /opt/airflow/dags/model_training_pipeline_dag/train_model.py
[2024-11-25T10:18:19.971+0000] {processor.py:179} INFO - Processing /opt/airflow/dags/model_training_pipeline_dag/train_model.py took 3.894 seconds
[2024-11-25T10:18:51.212+0000] {processor.py:157} INFO - Started process (PID=5374) to work on /opt/airflow/dags/model_training_pipeline_dag/train_model.py
[2024-11-25T10:18:51.214+0000] {processor.py:829} INFO - Processing file /opt/airflow/dags/model_training_pipeline_dag/train_model.py for tasks to queue
[2024-11-25T10:18:51.217+0000] {logging_mixin.py:151} INFO - [2024-11-25T10:18:51.217+0000] {dagbag.py:539} INFO - Filling up the DagBag from /opt/airflow/dags/model_training_pipeline_dag/train_model.py
[2024-11-25T10:18:56.274+0000] {processor.py:841} WARNING - No viable dags retrieved from /opt/airflow/dags/model_training_pipeline_dag/train_model.py
[2024-11-25T10:18:56.297+0000] {processor.py:179} INFO - Processing /opt/airflow/dags/model_training_pipeline_dag/train_model.py took 5.089 seconds
[2024-11-25T10:19:27.090+0000] {processor.py:157} INFO - Started process (PID=5539) to work on /opt/airflow/dags/model_training_pipeline_dag/train_model.py
[2024-11-25T10:19:27.091+0000] {processor.py:829} INFO - Processing file /opt/airflow/dags/model_training_pipeline_dag/train_model.py for tasks to queue
[2024-11-25T10:19:27.094+0000] {logging_mixin.py:151} INFO - [2024-11-25T10:19:27.093+0000] {dagbag.py:539} INFO - Filling up the DagBag from /opt/airflow/dags/model_training_pipeline_dag/train_model.py
[2024-11-25T10:19:31.004+0000] {processor.py:841} WARNING - No viable dags retrieved from /opt/airflow/dags/model_training_pipeline_dag/train_model.py
[2024-11-25T10:19:31.021+0000] {processor.py:179} INFO - Processing /opt/airflow/dags/model_training_pipeline_dag/train_model.py took 3.935 seconds
[2024-11-25T10:20:01.520+0000] {processor.py:157} INFO - Started process (PID=5707) to work on /opt/airflow/dags/model_training_pipeline_dag/train_model.py
[2024-11-25T10:20:01.522+0000] {processor.py:829} INFO - Processing file /opt/airflow/dags/model_training_pipeline_dag/train_model.py for tasks to queue
[2024-11-25T10:20:01.524+0000] {logging_mixin.py:151} INFO - [2024-11-25T10:20:01.524+0000] {dagbag.py:539} INFO - Filling up the DagBag from /opt/airflow/dags/model_training_pipeline_dag/train_model.py
[2024-11-25T10:20:06.004+0000] {processor.py:841} WARNING - No viable dags retrieved from /opt/airflow/dags/model_training_pipeline_dag/train_model.py
[2024-11-25T10:20:06.022+0000] {processor.py:179} INFO - Processing /opt/airflow/dags/model_training_pipeline_dag/train_model.py took 4.505 seconds
[2024-11-25T10:20:36.390+0000] {processor.py:157} INFO - Started process (PID=5867) to work on /opt/airflow/dags/model_training_pipeline_dag/train_model.py
[2024-11-25T10:20:36.390+0000] {processor.py:829} INFO - Processing file /opt/airflow/dags/model_training_pipeline_dag/train_model.py for tasks to queue
[2024-11-25T10:20:36.393+0000] {logging_mixin.py:151} INFO - [2024-11-25T10:20:36.392+0000] {dagbag.py:539} INFO - Filling up the DagBag from /opt/airflow/dags/model_training_pipeline_dag/train_model.py
[2024-11-25T10:20:39.922+0000] {processor.py:841} WARNING - No viable dags retrieved from /opt/airflow/dags/model_training_pipeline_dag/train_model.py
[2024-11-25T10:20:39.985+0000] {processor.py:179} INFO - Processing /opt/airflow/dags/model_training_pipeline_dag/train_model.py took 3.598 seconds
[2024-11-25T10:21:10.593+0000] {processor.py:157} INFO - Started process (PID=5996) to work on /opt/airflow/dags/model_training_pipeline_dag/train_model.py
[2024-11-25T10:21:10.594+0000] {processor.py:829} INFO - Processing file /opt/airflow/dags/model_training_pipeline_dag/train_model.py for tasks to queue
[2024-11-25T10:21:10.596+0000] {logging_mixin.py:151} INFO - [2024-11-25T10:21:10.596+0000] {dagbag.py:539} INFO - Filling up the DagBag from /opt/airflow/dags/model_training_pipeline_dag/train_model.py
[2024-11-25T10:21:14.308+0000] {processor.py:841} WARNING - No viable dags retrieved from /opt/airflow/dags/model_training_pipeline_dag/train_model.py
[2024-11-25T10:21:14.324+0000] {processor.py:179} INFO - Processing /opt/airflow/dags/model_training_pipeline_dag/train_model.py took 3.734 seconds
[2024-11-25T10:21:44.722+0000] {processor.py:157} INFO - Started process (PID=6140) to work on /opt/airflow/dags/model_training_pipeline_dag/train_model.py
[2024-11-25T10:21:44.723+0000] {processor.py:829} INFO - Processing file /opt/airflow/dags/model_training_pipeline_dag/train_model.py for tasks to queue
[2024-11-25T10:21:44.725+0000] {logging_mixin.py:151} INFO - [2024-11-25T10:21:44.724+0000] {dagbag.py:539} INFO - Filling up the DagBag from /opt/airflow/dags/model_training_pipeline_dag/train_model.py
[2024-11-25T10:21:48.356+0000] {processor.py:841} WARNING - No viable dags retrieved from /opt/airflow/dags/model_training_pipeline_dag/train_model.py
[2024-11-25T10:21:48.372+0000] {processor.py:179} INFO - Processing /opt/airflow/dags/model_training_pipeline_dag/train_model.py took 3.655 seconds
[2024-11-25T10:22:19.352+0000] {processor.py:157} INFO - Started process (PID=6281) to work on /opt/airflow/dags/model_training_pipeline_dag/train_model.py
[2024-11-25T10:22:19.353+0000] {processor.py:829} INFO - Processing file /opt/airflow/dags/model_training_pipeline_dag/train_model.py for tasks to queue
[2024-11-25T10:22:19.355+0000] {logging_mixin.py:151} INFO - [2024-11-25T10:22:19.355+0000] {dagbag.py:539} INFO - Filling up the DagBag from /opt/airflow/dags/model_training_pipeline_dag/train_model.py
[2024-11-25T10:22:22.866+0000] {processor.py:841} WARNING - No viable dags retrieved from /opt/airflow/dags/model_training_pipeline_dag/train_model.py
[2024-11-25T10:22:22.888+0000] {processor.py:179} INFO - Processing /opt/airflow/dags/model_training_pipeline_dag/train_model.py took 3.538 seconds
[2024-11-25T10:22:53.693+0000] {processor.py:157} INFO - Started process (PID=6410) to work on /opt/airflow/dags/model_training_pipeline_dag/train_model.py
[2024-11-25T10:22:53.694+0000] {processor.py:829} INFO - Processing file /opt/airflow/dags/model_training_pipeline_dag/train_model.py for tasks to queue
[2024-11-25T10:22:53.698+0000] {logging_mixin.py:151} INFO - [2024-11-25T10:22:53.697+0000] {dagbag.py:539} INFO - Filling up the DagBag from /opt/airflow/dags/model_training_pipeline_dag/train_model.py
[2024-11-25T10:22:57.955+0000] {processor.py:841} WARNING - No viable dags retrieved from /opt/airflow/dags/model_training_pipeline_dag/train_model.py
[2024-11-25T10:22:57.973+0000] {processor.py:179} INFO - Processing /opt/airflow/dags/model_training_pipeline_dag/train_model.py took 4.284 seconds
[2024-11-25T10:23:28.082+0000] {processor.py:157} INFO - Started process (PID=6539) to work on /opt/airflow/dags/model_training_pipeline_dag/train_model.py
[2024-11-25T10:23:28.083+0000] {processor.py:829} INFO - Processing file /opt/airflow/dags/model_training_pipeline_dag/train_model.py for tasks to queue
[2024-11-25T10:23:28.084+0000] {logging_mixin.py:151} INFO - [2024-11-25T10:23:28.084+0000] {dagbag.py:539} INFO - Filling up the DagBag from /opt/airflow/dags/model_training_pipeline_dag/train_model.py
[2024-11-25T10:23:31.397+0000] {processor.py:841} WARNING - No viable dags retrieved from /opt/airflow/dags/model_training_pipeline_dag/train_model.py
[2024-11-25T10:23:31.411+0000] {processor.py:179} INFO - Processing /opt/airflow/dags/model_training_pipeline_dag/train_model.py took 3.332 seconds
[2024-11-25T10:24:02.061+0000] {processor.py:157} INFO - Started process (PID=6677) to work on /opt/airflow/dags/model_training_pipeline_dag/train_model.py
[2024-11-25T10:24:02.062+0000] {processor.py:829} INFO - Processing file /opt/airflow/dags/model_training_pipeline_dag/train_model.py for tasks to queue
[2024-11-25T10:24:02.063+0000] {logging_mixin.py:151} INFO - [2024-11-25T10:24:02.063+0000] {dagbag.py:539} INFO - Filling up the DagBag from /opt/airflow/dags/model_training_pipeline_dag/train_model.py
[2024-11-25T10:24:05.632+0000] {processor.py:841} WARNING - No viable dags retrieved from /opt/airflow/dags/model_training_pipeline_dag/train_model.py
[2024-11-25T10:24:05.648+0000] {processor.py:179} INFO - Processing /opt/airflow/dags/model_training_pipeline_dag/train_model.py took 3.590 seconds
[2024-11-25T10:24:35.941+0000] {processor.py:157} INFO - Started process (PID=6801) to work on /opt/airflow/dags/model_training_pipeline_dag/train_model.py
[2024-11-25T10:24:35.942+0000] {processor.py:829} INFO - Processing file /opt/airflow/dags/model_training_pipeline_dag/train_model.py for tasks to queue
[2024-11-25T10:24:35.944+0000] {logging_mixin.py:151} INFO - [2024-11-25T10:24:35.943+0000] {dagbag.py:539} INFO - Filling up the DagBag from /opt/airflow/dags/model_training_pipeline_dag/train_model.py
[2024-11-25T10:24:39.718+0000] {processor.py:841} WARNING - No viable dags retrieved from /opt/airflow/dags/model_training_pipeline_dag/train_model.py
[2024-11-25T10:24:39.734+0000] {processor.py:179} INFO - Processing /opt/airflow/dags/model_training_pipeline_dag/train_model.py took 3.797 seconds
[2024-11-25T10:25:10.020+0000] {processor.py:157} INFO - Started process (PID=6925) to work on /opt/airflow/dags/model_training_pipeline_dag/train_model.py
[2024-11-25T10:25:10.022+0000] {processor.py:829} INFO - Processing file /opt/airflow/dags/model_training_pipeline_dag/train_model.py for tasks to queue
[2024-11-25T10:25:10.025+0000] {logging_mixin.py:151} INFO - [2024-11-25T10:25:10.025+0000] {dagbag.py:539} INFO - Filling up the DagBag from /opt/airflow/dags/model_training_pipeline_dag/train_model.py
[2024-11-25T10:25:15.054+0000] {processor.py:841} WARNING - No viable dags retrieved from /opt/airflow/dags/model_training_pipeline_dag/train_model.py
[2024-11-25T10:25:15.077+0000] {processor.py:179} INFO - Processing /opt/airflow/dags/model_training_pipeline_dag/train_model.py took 5.061 seconds
[2024-11-25T10:25:45.325+0000] {processor.py:157} INFO - Started process (PID=7049) to work on /opt/airflow/dags/model_training_pipeline_dag/train_model.py
[2024-11-25T10:25:45.326+0000] {processor.py:829} INFO - Processing file /opt/airflow/dags/model_training_pipeline_dag/train_model.py for tasks to queue
[2024-11-25T10:25:45.330+0000] {logging_mixin.py:151} INFO - [2024-11-25T10:25:45.329+0000] {dagbag.py:539} INFO - Filling up the DagBag from /opt/airflow/dags/model_training_pipeline_dag/train_model.py
[2024-11-25T10:25:50.228+0000] {processor.py:841} WARNING - No viable dags retrieved from /opt/airflow/dags/model_training_pipeline_dag/train_model.py
[2024-11-25T10:25:50.251+0000] {processor.py:179} INFO - Processing /opt/airflow/dags/model_training_pipeline_dag/train_model.py took 4.930 seconds
[2024-11-25T10:26:20.987+0000] {processor.py:157} INFO - Started process (PID=7188) to work on /opt/airflow/dags/model_training_pipeline_dag/train_model.py
[2024-11-25T10:26:20.988+0000] {processor.py:829} INFO - Processing file /opt/airflow/dags/model_training_pipeline_dag/train_model.py for tasks to queue
[2024-11-25T10:26:20.993+0000] {logging_mixin.py:151} INFO - [2024-11-25T10:26:20.992+0000] {dagbag.py:539} INFO - Filling up the DagBag from /opt/airflow/dags/model_training_pipeline_dag/train_model.py
[2024-11-25T10:26:27.800+0000] {processor.py:841} WARNING - No viable dags retrieved from /opt/airflow/dags/model_training_pipeline_dag/train_model.py
[2024-11-25T10:26:27.832+0000] {processor.py:179} INFO - Processing /opt/airflow/dags/model_training_pipeline_dag/train_model.py took 6.853 seconds
[2024-11-25T10:26:58.168+0000] {processor.py:157} INFO - Started process (PID=7353) to work on /opt/airflow/dags/model_training_pipeline_dag/train_model.py
[2024-11-25T10:26:58.169+0000] {processor.py:829} INFO - Processing file /opt/airflow/dags/model_training_pipeline_dag/train_model.py for tasks to queue
[2024-11-25T10:26:58.174+0000] {logging_mixin.py:151} INFO - [2024-11-25T10:26:58.173+0000] {dagbag.py:539} INFO - Filling up the DagBag from /opt/airflow/dags/model_training_pipeline_dag/train_model.py
[2024-11-25T10:27:04.264+0000] {processor.py:841} WARNING - No viable dags retrieved from /opt/airflow/dags/model_training_pipeline_dag/train_model.py
[2024-11-25T10:27:04.288+0000] {processor.py:179} INFO - Processing /opt/airflow/dags/model_training_pipeline_dag/train_model.py took 6.127 seconds
[2024-11-25T10:27:35.161+0000] {processor.py:157} INFO - Started process (PID=7498) to work on /opt/airflow/dags/model_training_pipeline_dag/train_model.py
[2024-11-25T10:27:35.164+0000] {processor.py:829} INFO - Processing file /opt/airflow/dags/model_training_pipeline_dag/train_model.py for tasks to queue
[2024-11-25T10:27:35.171+0000] {logging_mixin.py:151} INFO - [2024-11-25T10:27:35.170+0000] {dagbag.py:539} INFO - Filling up the DagBag from /opt/airflow/dags/model_training_pipeline_dag/train_model.py
[2024-11-25T10:27:43.578+0000] {processor.py:841} WARNING - No viable dags retrieved from /opt/airflow/dags/model_training_pipeline_dag/train_model.py
[2024-11-25T10:27:43.612+0000] {processor.py:179} INFO - Processing /opt/airflow/dags/model_training_pipeline_dag/train_model.py took 8.458 seconds
[2024-11-25T10:28:14.681+0000] {processor.py:157} INFO - Started process (PID=7635) to work on /opt/airflow/dags/model_training_pipeline_dag/train_model.py
[2024-11-25T10:28:14.683+0000] {processor.py:829} INFO - Processing file /opt/airflow/dags/model_training_pipeline_dag/train_model.py for tasks to queue
[2024-11-25T10:28:14.687+0000] {logging_mixin.py:151} INFO - [2024-11-25T10:28:14.686+0000] {dagbag.py:539} INFO - Filling up the DagBag from /opt/airflow/dags/model_training_pipeline_dag/train_model.py
[2024-11-25T10:28:21.335+0000] {processor.py:841} WARNING - No viable dags retrieved from /opt/airflow/dags/model_training_pipeline_dag/train_model.py
[2024-11-25T10:28:21.364+0000] {processor.py:179} INFO - Processing /opt/airflow/dags/model_training_pipeline_dag/train_model.py took 6.690 seconds
[2024-11-25T10:28:56.745+0000] {processor.py:157} INFO - Started process (PID=7759) to work on /opt/airflow/dags/model_training_pipeline_dag/train_model.py
[2024-11-25T10:28:56.748+0000] {processor.py:829} INFO - Processing file /opt/airflow/dags/model_training_pipeline_dag/train_model.py for tasks to queue
[2024-11-25T10:28:56.753+0000] {logging_mixin.py:151} INFO - [2024-11-25T10:28:56.752+0000] {dagbag.py:539} INFO - Filling up the DagBag from /opt/airflow/dags/model_training_pipeline_dag/train_model.py
[2024-11-25T10:29:05.350+0000] {processor.py:841} WARNING - No viable dags retrieved from /opt/airflow/dags/model_training_pipeline_dag/train_model.py
[2024-11-25T10:29:05.396+0000] {processor.py:179} INFO - Processing /opt/airflow/dags/model_training_pipeline_dag/train_model.py took 8.658 seconds
[2024-11-25T10:29:35.746+0000] {processor.py:157} INFO - Started process (PID=7888) to work on /opt/airflow/dags/model_training_pipeline_dag/train_model.py
[2024-11-25T10:29:35.748+0000] {processor.py:829} INFO - Processing file /opt/airflow/dags/model_training_pipeline_dag/train_model.py for tasks to queue
[2024-11-25T10:29:35.752+0000] {logging_mixin.py:151} INFO - [2024-11-25T10:29:35.751+0000] {dagbag.py:539} INFO - Filling up the DagBag from /opt/airflow/dags/model_training_pipeline_dag/train_model.py
[2024-11-25T10:29:42.387+0000] {processor.py:841} WARNING - No viable dags retrieved from /opt/airflow/dags/model_training_pipeline_dag/train_model.py
[2024-11-25T10:29:42.413+0000] {processor.py:179} INFO - Processing /opt/airflow/dags/model_training_pipeline_dag/train_model.py took 6.674 seconds
[2024-11-25T10:30:12.604+0000] {processor.py:157} INFO - Started process (PID=8012) to work on /opt/airflow/dags/model_training_pipeline_dag/train_model.py
[2024-11-25T10:30:12.606+0000] {processor.py:829} INFO - Processing file /opt/airflow/dags/model_training_pipeline_dag/train_model.py for tasks to queue
[2024-11-25T10:30:12.609+0000] {logging_mixin.py:151} INFO - [2024-11-25T10:30:12.608+0000] {dagbag.py:539} INFO - Filling up the DagBag from /opt/airflow/dags/model_training_pipeline_dag/train_model.py
[2024-11-25T10:30:19.755+0000] {processor.py:841} WARNING - No viable dags retrieved from /opt/airflow/dags/model_training_pipeline_dag/train_model.py
[2024-11-25T10:30:19.788+0000] {processor.py:179} INFO - Processing /opt/airflow/dags/model_training_pipeline_dag/train_model.py took 7.189 seconds
[2024-11-25T10:30:50.786+0000] {processor.py:157} INFO - Started process (PID=8151) to work on /opt/airflow/dags/model_training_pipeline_dag/train_model.py
[2024-11-25T10:30:50.789+0000] {processor.py:829} INFO - Processing file /opt/airflow/dags/model_training_pipeline_dag/train_model.py for tasks to queue
[2024-11-25T10:30:50.795+0000] {logging_mixin.py:151} INFO - [2024-11-25T10:30:50.795+0000] {dagbag.py:539} INFO - Filling up the DagBag from /opt/airflow/dags/model_training_pipeline_dag/train_model.py
[2024-11-25T10:30:59.954+0000] {processor.py:841} WARNING - No viable dags retrieved from /opt/airflow/dags/model_training_pipeline_dag/train_model.py
[2024-11-25T10:30:59.995+0000] {processor.py:179} INFO - Processing /opt/airflow/dags/model_training_pipeline_dag/train_model.py took 9.219 seconds
[2024-11-25T10:31:30.360+0000] {processor.py:157} INFO - Started process (PID=8292) to work on /opt/airflow/dags/model_training_pipeline_dag/train_model.py
[2024-11-25T10:31:30.361+0000] {processor.py:829} INFO - Processing file /opt/airflow/dags/model_training_pipeline_dag/train_model.py for tasks to queue
[2024-11-25T10:31:30.367+0000] {logging_mixin.py:151} INFO - [2024-11-25T10:31:30.366+0000] {dagbag.py:539} INFO - Filling up the DagBag from /opt/airflow/dags/model_training_pipeline_dag/train_model.py
[2024-11-25T10:31:37.073+0000] {processor.py:841} WARNING - No viable dags retrieved from /opt/airflow/dags/model_training_pipeline_dag/train_model.py
[2024-11-25T10:31:37.102+0000] {processor.py:179} INFO - Processing /opt/airflow/dags/model_training_pipeline_dag/train_model.py took 6.747 seconds
[2024-11-25T10:32:07.520+0000] {processor.py:157} INFO - Started process (PID=8422) to work on /opt/airflow/dags/model_training_pipeline_dag/train_model.py
[2024-11-25T10:32:07.521+0000] {processor.py:829} INFO - Processing file /opt/airflow/dags/model_training_pipeline_dag/train_model.py for tasks to queue
[2024-11-25T10:32:07.527+0000] {logging_mixin.py:151} INFO - [2024-11-25T10:32:07.526+0000] {dagbag.py:539} INFO - Filling up the DagBag from /opt/airflow/dags/model_training_pipeline_dag/train_model.py
[2024-11-25T10:32:13.852+0000] {processor.py:841} WARNING - No viable dags retrieved from /opt/airflow/dags/model_training_pipeline_dag/train_model.py
[2024-11-25T10:32:13.886+0000] {processor.py:179} INFO - Processing /opt/airflow/dags/model_training_pipeline_dag/train_model.py took 6.371 seconds
[2024-11-25T10:32:44.395+0000] {processor.py:157} INFO - Started process (PID=8579) to work on /opt/airflow/dags/model_training_pipeline_dag/train_model.py
[2024-11-25T10:32:44.396+0000] {processor.py:829} INFO - Processing file /opt/airflow/dags/model_training_pipeline_dag/train_model.py for tasks to queue
[2024-11-25T10:32:44.400+0000] {logging_mixin.py:151} INFO - [2024-11-25T10:32:44.400+0000] {dagbag.py:539} INFO - Filling up the DagBag from /opt/airflow/dags/model_training_pipeline_dag/train_model.py
[2024-11-25T10:32:51.202+0000] {processor.py:841} WARNING - No viable dags retrieved from /opt/airflow/dags/model_training_pipeline_dag/train_model.py
[2024-11-25T10:32:51.227+0000] {processor.py:179} INFO - Processing /opt/airflow/dags/model_training_pipeline_dag/train_model.py took 6.838 seconds
[2024-11-25T10:33:21.843+0000] {processor.py:157} INFO - Started process (PID=8722) to work on /opt/airflow/dags/model_training_pipeline_dag/train_model.py
[2024-11-25T10:33:21.844+0000] {processor.py:829} INFO - Processing file /opt/airflow/dags/model_training_pipeline_dag/train_model.py for tasks to queue
[2024-11-25T10:33:21.848+0000] {logging_mixin.py:151} INFO - [2024-11-25T10:33:21.847+0000] {dagbag.py:539} INFO - Filling up the DagBag from /opt/airflow/dags/model_training_pipeline_dag/train_model.py
[2024-11-25T10:33:27.944+0000] {processor.py:841} WARNING - No viable dags retrieved from /opt/airflow/dags/model_training_pipeline_dag/train_model.py
[2024-11-25T10:33:27.971+0000] {processor.py:179} INFO - Processing /opt/airflow/dags/model_training_pipeline_dag/train_model.py took 6.133 seconds
[2024-11-25T10:33:58.187+0000] {processor.py:157} INFO - Started process (PID=8846) to work on /opt/airflow/dags/model_training_pipeline_dag/train_model.py
[2024-11-25T10:33:58.189+0000] {processor.py:829} INFO - Processing file /opt/airflow/dags/model_training_pipeline_dag/train_model.py for tasks to queue
[2024-11-25T10:33:58.196+0000] {logging_mixin.py:151} INFO - [2024-11-25T10:33:58.195+0000] {dagbag.py:539} INFO - Filling up the DagBag from /opt/airflow/dags/model_training_pipeline_dag/train_model.py
[2024-11-25T10:34:04.767+0000] {processor.py:841} WARNING - No viable dags retrieved from /opt/airflow/dags/model_training_pipeline_dag/train_model.py
[2024-11-25T10:34:04.797+0000] {processor.py:179} INFO - Processing /opt/airflow/dags/model_training_pipeline_dag/train_model.py took 6.615 seconds
[2024-11-25T10:34:35.364+0000] {processor.py:157} INFO - Started process (PID=8970) to work on /opt/airflow/dags/model_training_pipeline_dag/train_model.py
[2024-11-25T10:34:35.365+0000] {processor.py:829} INFO - Processing file /opt/airflow/dags/model_training_pipeline_dag/train_model.py for tasks to queue
[2024-11-25T10:34:35.368+0000] {logging_mixin.py:151} INFO - [2024-11-25T10:34:35.368+0000] {dagbag.py:539} INFO - Filling up the DagBag from /opt/airflow/dags/model_training_pipeline_dag/train_model.py
[2024-11-25T10:34:41.965+0000] {processor.py:841} WARNING - No viable dags retrieved from /opt/airflow/dags/model_training_pipeline_dag/train_model.py
[2024-11-25T10:34:41.991+0000] {processor.py:179} INFO - Processing /opt/airflow/dags/model_training_pipeline_dag/train_model.py took 6.632 seconds
[2024-11-25T10:35:12.459+0000] {processor.py:157} INFO - Started process (PID=9111) to work on /opt/airflow/dags/model_training_pipeline_dag/train_model.py
[2024-11-25T10:35:12.460+0000] {processor.py:829} INFO - Processing file /opt/airflow/dags/model_training_pipeline_dag/train_model.py for tasks to queue
[2024-11-25T10:35:12.464+0000] {logging_mixin.py:151} INFO - [2024-11-25T10:35:12.463+0000] {dagbag.py:539} INFO - Filling up the DagBag from /opt/airflow/dags/model_training_pipeline_dag/train_model.py
[2024-11-25T10:35:19.059+0000] {processor.py:841} WARNING - No viable dags retrieved from /opt/airflow/dags/model_training_pipeline_dag/train_model.py
[2024-11-25T10:35:19.088+0000] {processor.py:179} INFO - Processing /opt/airflow/dags/model_training_pipeline_dag/train_model.py took 6.634 seconds
[2024-11-25T10:35:49.670+0000] {processor.py:157} INFO - Started process (PID=9255) to work on /opt/airflow/dags/model_training_pipeline_dag/train_model.py
[2024-11-25T10:35:49.672+0000] {processor.py:829} INFO - Processing file /opt/airflow/dags/model_training_pipeline_dag/train_model.py for tasks to queue
[2024-11-25T10:35:49.675+0000] {logging_mixin.py:151} INFO - [2024-11-25T10:35:49.675+0000] {dagbag.py:539} INFO - Filling up the DagBag from /opt/airflow/dags/model_training_pipeline_dag/train_model.py
[2024-11-25T10:35:55.813+0000] {processor.py:841} WARNING - No viable dags retrieved from /opt/airflow/dags/model_training_pipeline_dag/train_model.py
[2024-11-25T10:35:55.850+0000] {processor.py:179} INFO - Processing /opt/airflow/dags/model_training_pipeline_dag/train_model.py took 6.185 seconds
[2024-11-25T10:36:26.368+0000] {processor.py:157} INFO - Started process (PID=9381) to work on /opt/airflow/dags/model_training_pipeline_dag/train_model.py
[2024-11-25T10:36:26.370+0000] {processor.py:829} INFO - Processing file /opt/airflow/dags/model_training_pipeline_dag/train_model.py for tasks to queue
[2024-11-25T10:36:26.373+0000] {logging_mixin.py:151} INFO - [2024-11-25T10:36:26.373+0000] {dagbag.py:539} INFO - Filling up the DagBag from /opt/airflow/dags/model_training_pipeline_dag/train_model.py
[2024-11-25T10:36:32.853+0000] {processor.py:841} WARNING - No viable dags retrieved from /opt/airflow/dags/model_training_pipeline_dag/train_model.py
[2024-11-25T10:36:32.880+0000] {processor.py:179} INFO - Processing /opt/airflow/dags/model_training_pipeline_dag/train_model.py took 6.516 seconds
[2024-11-25T10:37:03.698+0000] {processor.py:157} INFO - Started process (PID=9522) to work on /opt/airflow/dags/model_training_pipeline_dag/train_model.py
[2024-11-25T10:37:03.699+0000] {processor.py:829} INFO - Processing file /opt/airflow/dags/model_training_pipeline_dag/train_model.py for tasks to queue
[2024-11-25T10:37:03.703+0000] {logging_mixin.py:151} INFO - [2024-11-25T10:37:03.702+0000] {dagbag.py:539} INFO - Filling up the DagBag from /opt/airflow/dags/model_training_pipeline_dag/train_model.py
[2024-11-25T10:37:10.110+0000] {processor.py:841} WARNING - No viable dags retrieved from /opt/airflow/dags/model_training_pipeline_dag/train_model.py
[2024-11-25T10:37:10.136+0000] {processor.py:179} INFO - Processing /opt/airflow/dags/model_training_pipeline_dag/train_model.py took 6.442 seconds
[2024-11-25T10:37:40.531+0000] {processor.py:157} INFO - Started process (PID=9667) to work on /opt/airflow/dags/model_training_pipeline_dag/train_model.py
[2024-11-25T10:37:40.532+0000] {processor.py:829} INFO - Processing file /opt/airflow/dags/model_training_pipeline_dag/train_model.py for tasks to queue
[2024-11-25T10:37:40.536+0000] {logging_mixin.py:151} INFO - [2024-11-25T10:37:40.536+0000] {dagbag.py:539} INFO - Filling up the DagBag from /opt/airflow/dags/model_training_pipeline_dag/train_model.py
[2024-11-25T10:37:46.605+0000] {processor.py:841} WARNING - No viable dags retrieved from /opt/airflow/dags/model_training_pipeline_dag/train_model.py
[2024-11-25T10:37:46.632+0000] {processor.py:179} INFO - Processing /opt/airflow/dags/model_training_pipeline_dag/train_model.py took 6.106 seconds
[2024-11-25T10:38:16.790+0000] {processor.py:157} INFO - Started process (PID=9809) to work on /opt/airflow/dags/model_training_pipeline_dag/train_model.py
[2024-11-25T10:38:16.791+0000] {processor.py:829} INFO - Processing file /opt/airflow/dags/model_training_pipeline_dag/train_model.py for tasks to queue
[2024-11-25T10:38:16.795+0000] {logging_mixin.py:151} INFO - [2024-11-25T10:38:16.794+0000] {dagbag.py:539} INFO - Filling up the DagBag from /opt/airflow/dags/model_training_pipeline_dag/train_model.py
[2024-11-25T10:38:22.552+0000] {processor.py:841} WARNING - No viable dags retrieved from /opt/airflow/dags/model_training_pipeline_dag/train_model.py
[2024-11-25T10:38:22.576+0000] {processor.py:179} INFO - Processing /opt/airflow/dags/model_training_pipeline_dag/train_model.py took 5.792 seconds
[2024-11-25T10:38:52.683+0000] {processor.py:157} INFO - Started process (PID=9933) to work on /opt/airflow/dags/model_training_pipeline_dag/train_model.py
[2024-11-25T10:38:52.684+0000] {processor.py:829} INFO - Processing file /opt/airflow/dags/model_training_pipeline_dag/train_model.py for tasks to queue
[2024-11-25T10:38:52.687+0000] {logging_mixin.py:151} INFO - [2024-11-25T10:38:52.687+0000] {dagbag.py:539} INFO - Filling up the DagBag from /opt/airflow/dags/model_training_pipeline_dag/train_model.py
[2024-11-25T10:38:58.763+0000] {processor.py:841} WARNING - No viable dags retrieved from /opt/airflow/dags/model_training_pipeline_dag/train_model.py
[2024-11-25T10:38:58.788+0000] {processor.py:179} INFO - Processing /opt/airflow/dags/model_training_pipeline_dag/train_model.py took 6.116 seconds
[2024-11-25T10:39:29.848+0000] {processor.py:157} INFO - Started process (PID=10072) to work on /opt/airflow/dags/model_training_pipeline_dag/train_model.py
[2024-11-25T10:39:29.849+0000] {processor.py:829} INFO - Processing file /opt/airflow/dags/model_training_pipeline_dag/train_model.py for tasks to queue
[2024-11-25T10:39:29.853+0000] {logging_mixin.py:151} INFO - [2024-11-25T10:39:29.852+0000] {dagbag.py:539} INFO - Filling up the DagBag from /opt/airflow/dags/model_training_pipeline_dag/train_model.py
[2024-11-25T10:39:36.147+0000] {processor.py:841} WARNING - No viable dags retrieved from /opt/airflow/dags/model_training_pipeline_dag/train_model.py
[2024-11-25T10:39:36.180+0000] {processor.py:179} INFO - Processing /opt/airflow/dags/model_training_pipeline_dag/train_model.py took 6.337 seconds
[2024-11-25T10:40:06.589+0000] {processor.py:157} INFO - Started process (PID=10198) to work on /opt/airflow/dags/model_training_pipeline_dag/train_model.py
[2024-11-25T10:40:06.591+0000] {processor.py:829} INFO - Processing file /opt/airflow/dags/model_training_pipeline_dag/train_model.py for tasks to queue
[2024-11-25T10:40:06.594+0000] {logging_mixin.py:151} INFO - [2024-11-25T10:40:06.593+0000] {dagbag.py:539} INFO - Filling up the DagBag from /opt/airflow/dags/model_training_pipeline_dag/train_model.py
[2024-11-25T10:40:13.203+0000] {processor.py:841} WARNING - No viable dags retrieved from /opt/airflow/dags/model_training_pipeline_dag/train_model.py
[2024-11-25T10:40:13.229+0000] {processor.py:179} INFO - Processing /opt/airflow/dags/model_training_pipeline_dag/train_model.py took 6.645 seconds
[2024-11-25T10:40:43.608+0000] {processor.py:157} INFO - Started process (PID=10339) to work on /opt/airflow/dags/model_training_pipeline_dag/train_model.py
[2024-11-25T10:40:43.610+0000] {processor.py:829} INFO - Processing file /opt/airflow/dags/model_training_pipeline_dag/train_model.py for tasks to queue
[2024-11-25T10:40:43.613+0000] {logging_mixin.py:151} INFO - [2024-11-25T10:40:43.612+0000] {dagbag.py:539} INFO - Filling up the DagBag from /opt/airflow/dags/model_training_pipeline_dag/train_model.py
[2024-11-25T10:40:49.805+0000] {processor.py:841} WARNING - No viable dags retrieved from /opt/airflow/dags/model_training_pipeline_dag/train_model.py
[2024-11-25T10:40:49.834+0000] {processor.py:179} INFO - Processing /opt/airflow/dags/model_training_pipeline_dag/train_model.py took 6.231 seconds
[2024-11-25T10:41:20.357+0000] {processor.py:157} INFO - Started process (PID=10485) to work on /opt/airflow/dags/model_training_pipeline_dag/train_model.py
[2024-11-25T10:41:20.359+0000] {processor.py:829} INFO - Processing file /opt/airflow/dags/model_training_pipeline_dag/train_model.py for tasks to queue
[2024-11-25T10:41:20.363+0000] {logging_mixin.py:151} INFO - [2024-11-25T10:41:20.362+0000] {dagbag.py:539} INFO - Filling up the DagBag from /opt/airflow/dags/model_training_pipeline_dag/train_model.py
[2024-11-25T10:41:26.406+0000] {processor.py:841} WARNING - No viable dags retrieved from /opt/airflow/dags/model_training_pipeline_dag/train_model.py
[2024-11-25T10:41:26.432+0000] {processor.py:179} INFO - Processing /opt/airflow/dags/model_training_pipeline_dag/train_model.py took 6.083 seconds
[2024-11-25T10:41:56.657+0000] {processor.py:157} INFO - Started process (PID=10609) to work on /opt/airflow/dags/model_training_pipeline_dag/train_model.py
[2024-11-25T10:41:56.658+0000] {processor.py:829} INFO - Processing file /opt/airflow/dags/model_training_pipeline_dag/train_model.py for tasks to queue
[2024-11-25T10:41:56.662+0000] {logging_mixin.py:151} INFO - [2024-11-25T10:41:56.661+0000] {dagbag.py:539} INFO - Filling up the DagBag from /opt/airflow/dags/model_training_pipeline_dag/train_model.py
[2024-11-25T10:42:03.011+0000] {processor.py:841} WARNING - No viable dags retrieved from /opt/airflow/dags/model_training_pipeline_dag/train_model.py
[2024-11-25T10:42:03.039+0000] {processor.py:179} INFO - Processing /opt/airflow/dags/model_training_pipeline_dag/train_model.py took 6.387 seconds
[2024-11-25T10:42:33.616+0000] {processor.py:157} INFO - Started process (PID=10767) to work on /opt/airflow/dags/model_training_pipeline_dag/train_model.py
[2024-11-25T10:42:33.617+0000] {processor.py:829} INFO - Processing file /opt/airflow/dags/model_training_pipeline_dag/train_model.py for tasks to queue
[2024-11-25T10:42:33.621+0000] {logging_mixin.py:151} INFO - [2024-11-25T10:42:33.621+0000] {dagbag.py:539} INFO - Filling up the DagBag from /opt/airflow/dags/model_training_pipeline_dag/train_model.py
[2024-11-25T10:42:39.534+0000] {processor.py:841} WARNING - No viable dags retrieved from /opt/airflow/dags/model_training_pipeline_dag/train_model.py
[2024-11-25T10:42:39.558+0000] {processor.py:179} INFO - Processing /opt/airflow/dags/model_training_pipeline_dag/train_model.py took 5.947 seconds
[2024-11-25T10:43:09.910+0000] {processor.py:157} INFO - Started process (PID=10891) to work on /opt/airflow/dags/model_training_pipeline_dag/train_model.py
[2024-11-25T10:43:09.913+0000] {processor.py:829} INFO - Processing file /opt/airflow/dags/model_training_pipeline_dag/train_model.py for tasks to queue
[2024-11-25T10:43:09.919+0000] {logging_mixin.py:151} INFO - [2024-11-25T10:43:09.918+0000] {dagbag.py:539} INFO - Filling up the DagBag from /opt/airflow/dags/model_training_pipeline_dag/train_model.py
[2024-11-25T10:43:17.890+0000] {processor.py:841} WARNING - No viable dags retrieved from /opt/airflow/dags/model_training_pipeline_dag/train_model.py
[2024-11-25T10:43:17.948+0000] {processor.py:179} INFO - Processing /opt/airflow/dags/model_training_pipeline_dag/train_model.py took 8.045 seconds
[2024-11-25T10:43:48.806+0000] {processor.py:157} INFO - Started process (PID=11015) to work on /opt/airflow/dags/model_training_pipeline_dag/train_model.py
[2024-11-25T10:43:48.809+0000] {processor.py:829} INFO - Processing file /opt/airflow/dags/model_training_pipeline_dag/train_model.py for tasks to queue
[2024-11-25T10:43:48.814+0000] {logging_mixin.py:151} INFO - [2024-11-25T10:43:48.814+0000] {dagbag.py:539} INFO - Filling up the DagBag from /opt/airflow/dags/model_training_pipeline_dag/train_model.py
[2024-11-25T10:43:56.764+0000] {processor.py:841} WARNING - No viable dags retrieved from /opt/airflow/dags/model_training_pipeline_dag/train_model.py
[2024-11-25T10:43:56.808+0000] {processor.py:179} INFO - Processing /opt/airflow/dags/model_training_pipeline_dag/train_model.py took 8.010 seconds
[2024-11-25T10:44:30.653+0000] {processor.py:157} INFO - Started process (PID=11139) to work on /opt/airflow/dags/model_training_pipeline_dag/train_model.py
[2024-11-25T10:44:30.657+0000] {processor.py:829} INFO - Processing file /opt/airflow/dags/model_training_pipeline_dag/train_model.py for tasks to queue
[2024-11-25T10:44:30.663+0000] {logging_mixin.py:151} INFO - [2024-11-25T10:44:30.662+0000] {dagbag.py:539} INFO - Filling up the DagBag from /opt/airflow/dags/model_training_pipeline_dag/train_model.py
[2024-11-25T10:44:39.052+0000] {processor.py:841} WARNING - No viable dags retrieved from /opt/airflow/dags/model_training_pipeline_dag/train_model.py
[2024-11-25T10:44:39.093+0000] {processor.py:179} INFO - Processing /opt/airflow/dags/model_training_pipeline_dag/train_model.py took 8.446 seconds
[2024-11-25T10:45:10.096+0000] {processor.py:157} INFO - Started process (PID=11280) to work on /opt/airflow/dags/model_training_pipeline_dag/train_model.py
[2024-11-25T10:45:10.098+0000] {processor.py:829} INFO - Processing file /opt/airflow/dags/model_training_pipeline_dag/train_model.py for tasks to queue
[2024-11-25T10:45:10.101+0000] {logging_mixin.py:151} INFO - [2024-11-25T10:45:10.101+0000] {dagbag.py:539} INFO - Filling up the DagBag from /opt/airflow/dags/model_training_pipeline_dag/train_model.py
[2024-11-25T10:45:19.129+0000] {processor.py:841} WARNING - No viable dags retrieved from /opt/airflow/dags/model_training_pipeline_dag/train_model.py
[2024-11-25T10:45:19.173+0000] {processor.py:179} INFO - Processing /opt/airflow/dags/model_training_pipeline_dag/train_model.py took 9.083 seconds
[2024-11-25T10:45:40.509+0000] {processor.py:157} INFO - Started process (PID=11391) to work on /opt/airflow/dags/model_training_pipeline_dag/train_model.py
[2024-11-25T10:45:40.512+0000] {processor.py:829} INFO - Processing file /opt/airflow/dags/model_training_pipeline_dag/train_model.py for tasks to queue
[2024-11-25T10:45:40.518+0000] {logging_mixin.py:151} INFO - [2024-11-25T10:45:40.517+0000] {dagbag.py:539} INFO - Filling up the DagBag from /opt/airflow/dags/model_training_pipeline_dag/train_model.py
[2024-11-25T10:45:49.206+0000] {processor.py:841} WARNING - No viable dags retrieved from /opt/airflow/dags/model_training_pipeline_dag/train_model.py
[2024-11-25T10:45:49.242+0000] {processor.py:179} INFO - Processing /opt/airflow/dags/model_training_pipeline_dag/train_model.py took 8.740 seconds
[2024-11-25T10:46:19.415+0000] {processor.py:157} INFO - Started process (PID=11548) to work on /opt/airflow/dags/model_training_pipeline_dag/train_model.py
[2024-11-25T10:46:19.417+0000] {processor.py:829} INFO - Processing file /opt/airflow/dags/model_training_pipeline_dag/train_model.py for tasks to queue
[2024-11-25T10:46:19.423+0000] {logging_mixin.py:151} INFO - [2024-11-25T10:46:19.423+0000] {dagbag.py:539} INFO - Filling up the DagBag from /opt/airflow/dags/model_training_pipeline_dag/train_model.py
[2024-11-25T10:46:26.167+0000] {processor.py:841} WARNING - No viable dags retrieved from /opt/airflow/dags/model_training_pipeline_dag/train_model.py
[2024-11-25T10:46:26.196+0000] {processor.py:179} INFO - Processing /opt/airflow/dags/model_training_pipeline_dag/train_model.py took 6.791 seconds
[2024-11-25T10:46:56.635+0000] {processor.py:157} INFO - Started process (PID=11691) to work on /opt/airflow/dags/model_training_pipeline_dag/train_model.py
[2024-11-25T10:46:56.637+0000] {processor.py:829} INFO - Processing file /opt/airflow/dags/model_training_pipeline_dag/train_model.py for tasks to queue
[2024-11-25T10:46:56.640+0000] {logging_mixin.py:151} INFO - [2024-11-25T10:46:56.640+0000] {dagbag.py:539} INFO - Filling up the DagBag from /opt/airflow/dags/model_training_pipeline_dag/train_model.py
[2024-11-25T10:47:02.557+0000] {processor.py:841} WARNING - No viable dags retrieved from /opt/airflow/dags/model_training_pipeline_dag/train_model.py
[2024-11-25T10:47:02.584+0000] {processor.py:179} INFO - Processing /opt/airflow/dags/model_training_pipeline_dag/train_model.py took 5.953 seconds
[2024-11-25T10:47:32.837+0000] {processor.py:157} INFO - Started process (PID=11847) to work on /opt/airflow/dags/model_training_pipeline_dag/train_model.py
[2024-11-25T10:47:32.839+0000] {processor.py:829} INFO - Processing file /opt/airflow/dags/model_training_pipeline_dag/train_model.py for tasks to queue
[2024-11-25T10:47:32.842+0000] {logging_mixin.py:151} INFO - [2024-11-25T10:47:32.842+0000] {dagbag.py:539} INFO - Filling up the DagBag from /opt/airflow/dags/model_training_pipeline_dag/train_model.py
[2024-11-25T10:47:38.470+0000] {processor.py:841} WARNING - No viable dags retrieved from /opt/airflow/dags/model_training_pipeline_dag/train_model.py
[2024-11-25T10:47:38.494+0000] {processor.py:179} INFO - Processing /opt/airflow/dags/model_training_pipeline_dag/train_model.py took 5.664 seconds
[2024-11-25T10:48:08.849+0000] {processor.py:157} INFO - Started process (PID=11973) to work on /opt/airflow/dags/model_training_pipeline_dag/train_model.py
[2024-11-25T10:48:08.851+0000] {processor.py:829} INFO - Processing file /opt/airflow/dags/model_training_pipeline_dag/train_model.py for tasks to queue
[2024-11-25T10:48:08.855+0000] {logging_mixin.py:151} INFO - [2024-11-25T10:48:08.854+0000] {dagbag.py:539} INFO - Filling up the DagBag from /opt/airflow/dags/model_training_pipeline_dag/train_model.py
[2024-11-25T10:48:14.538+0000] {processor.py:841} WARNING - No viable dags retrieved from /opt/airflow/dags/model_training_pipeline_dag/train_model.py
[2024-11-25T10:48:14.564+0000] {processor.py:179} INFO - Processing /opt/airflow/dags/model_training_pipeline_dag/train_model.py took 5.719 seconds
[2024-11-25T10:48:44.721+0000] {processor.py:157} INFO - Started process (PID=12097) to work on /opt/airflow/dags/model_training_pipeline_dag/train_model.py
[2024-11-25T10:48:44.723+0000] {processor.py:829} INFO - Processing file /opt/airflow/dags/model_training_pipeline_dag/train_model.py for tasks to queue
[2024-11-25T10:48:44.728+0000] {logging_mixin.py:151} INFO - [2024-11-25T10:48:44.727+0000] {dagbag.py:539} INFO - Filling up the DagBag from /opt/airflow/dags/model_training_pipeline_dag/train_model.py
[2024-11-25T10:48:50.814+0000] {processor.py:841} WARNING - No viable dags retrieved from /opt/airflow/dags/model_training_pipeline_dag/train_model.py
[2024-11-25T10:48:50.845+0000] {processor.py:179} INFO - Processing /opt/airflow/dags/model_training_pipeline_dag/train_model.py took 6.130 seconds
[2024-11-25T10:49:21.713+0000] {processor.py:157} INFO - Started process (PID=12221) to work on /opt/airflow/dags/model_training_pipeline_dag/train_model.py
[2024-11-25T10:49:21.715+0000] {processor.py:829} INFO - Processing file /opt/airflow/dags/model_training_pipeline_dag/train_model.py for tasks to queue
[2024-11-25T10:49:21.723+0000] {logging_mixin.py:151} INFO - [2024-11-25T10:49:21.723+0000] {dagbag.py:539} INFO - Filling up the DagBag from /opt/airflow/dags/model_training_pipeline_dag/train_model.py
[2024-11-25T10:49:27.455+0000] {processor.py:841} WARNING - No viable dags retrieved from /opt/airflow/dags/model_training_pipeline_dag/train_model.py
[2024-11-25T10:49:27.479+0000] {processor.py:179} INFO - Processing /opt/airflow/dags/model_training_pipeline_dag/train_model.py took 5.773 seconds
[2024-11-25T10:49:57.958+0000] {processor.py:157} INFO - Started process (PID=12350) to work on /opt/airflow/dags/model_training_pipeline_dag/train_model.py
[2024-11-25T10:49:57.961+0000] {processor.py:829} INFO - Processing file /opt/airflow/dags/model_training_pipeline_dag/train_model.py for tasks to queue
[2024-11-25T10:49:57.966+0000] {logging_mixin.py:151} INFO - [2024-11-25T10:49:57.965+0000] {dagbag.py:539} INFO - Filling up the DagBag from /opt/airflow/dags/model_training_pipeline_dag/train_model.py
[2024-11-25T10:50:06.238+0000] {processor.py:841} WARNING - No viable dags retrieved from /opt/airflow/dags/model_training_pipeline_dag/train_model.py
[2024-11-25T10:50:06.278+0000] {processor.py:179} INFO - Processing /opt/airflow/dags/model_training_pipeline_dag/train_model.py took 8.325 seconds
[2024-11-25T10:50:36.752+0000] {processor.py:157} INFO - Started process (PID=12491) to work on /opt/airflow/dags/model_training_pipeline_dag/train_model.py
[2024-11-25T10:50:36.755+0000] {processor.py:829} INFO - Processing file /opt/airflow/dags/model_training_pipeline_dag/train_model.py for tasks to queue
[2024-11-25T10:50:36.760+0000] {logging_mixin.py:151} INFO - [2024-11-25T10:50:36.759+0000] {dagbag.py:539} INFO - Filling up the DagBag from /opt/airflow/dags/model_training_pipeline_dag/train_model.py
[2024-11-25T10:50:44.869+0000] {processor.py:841} WARNING - No viable dags retrieved from /opt/airflow/dags/model_training_pipeline_dag/train_model.py
[2024-11-25T10:50:44.900+0000] {processor.py:179} INFO - Processing /opt/airflow/dags/model_training_pipeline_dag/train_model.py took 8.158 seconds
[2024-11-25T10:51:15.283+0000] {processor.py:157} INFO - Started process (PID=12647) to work on /opt/airflow/dags/model_training_pipeline_dag/train_model.py
[2024-11-25T10:51:15.285+0000] {processor.py:829} INFO - Processing file /opt/airflow/dags/model_training_pipeline_dag/train_model.py for tasks to queue
[2024-11-25T10:51:15.289+0000] {logging_mixin.py:151} INFO - [2024-11-25T10:51:15.288+0000] {dagbag.py:539} INFO - Filling up the DagBag from /opt/airflow/dags/model_training_pipeline_dag/train_model.py
[2024-11-25T10:51:21.184+0000] {processor.py:841} WARNING - No viable dags retrieved from /opt/airflow/dags/model_training_pipeline_dag/train_model.py
[2024-11-25T10:51:21.205+0000] {processor.py:179} INFO - Processing /opt/airflow/dags/model_training_pipeline_dag/train_model.py took 5.929 seconds
[2024-11-25T10:51:25.741+0000] {processor.py:157} INFO - Started process (PID=12705) to work on /opt/airflow/dags/model_training_pipeline_dag/train_model.py
[2024-11-25T10:51:25.743+0000] {processor.py:829} INFO - Processing file /opt/airflow/dags/model_training_pipeline_dag/train_model.py for tasks to queue
[2024-11-25T10:51:25.745+0000] {logging_mixin.py:151} INFO - [2024-11-25T10:51:25.745+0000] {dagbag.py:539} INFO - Filling up the DagBag from /opt/airflow/dags/model_training_pipeline_dag/train_model.py
[2024-11-25T10:51:30.252+0000] {processor.py:841} WARNING - No viable dags retrieved from /opt/airflow/dags/model_training_pipeline_dag/train_model.py
[2024-11-25T10:51:30.282+0000] {processor.py:179} INFO - Processing /opt/airflow/dags/model_training_pipeline_dag/train_model.py took 4.544 seconds
[2024-11-25T10:52:00.827+0000] {processor.py:157} INFO - Started process (PID=12829) to work on /opt/airflow/dags/model_training_pipeline_dag/train_model.py
[2024-11-25T10:52:00.828+0000] {processor.py:829} INFO - Processing file /opt/airflow/dags/model_training_pipeline_dag/train_model.py for tasks to queue
[2024-11-25T10:52:00.830+0000] {logging_mixin.py:151} INFO - [2024-11-25T10:52:00.830+0000] {dagbag.py:539} INFO - Filling up the DagBag from /opt/airflow/dags/model_training_pipeline_dag/train_model.py
[2024-11-25T10:52:03.582+0000] {processor.py:841} WARNING - No viable dags retrieved from /opt/airflow/dags/model_training_pipeline_dag/train_model.py
[2024-11-25T10:52:03.595+0000] {processor.py:179} INFO - Processing /opt/airflow/dags/model_training_pipeline_dag/train_model.py took 2.770 seconds
[2024-11-25T10:52:33.709+0000] {processor.py:157} INFO - Started process (PID=12953) to work on /opt/airflow/dags/model_training_pipeline_dag/train_model.py
[2024-11-25T10:52:33.709+0000] {processor.py:829} INFO - Processing file /opt/airflow/dags/model_training_pipeline_dag/train_model.py for tasks to queue
[2024-11-25T10:52:33.711+0000] {logging_mixin.py:151} INFO - [2024-11-25T10:52:33.711+0000] {dagbag.py:539} INFO - Filling up the DagBag from /opt/airflow/dags/model_training_pipeline_dag/train_model.py
[2024-11-25T10:52:36.589+0000] {processor.py:841} WARNING - No viable dags retrieved from /opt/airflow/dags/model_training_pipeline_dag/train_model.py
[2024-11-25T10:52:36.601+0000] {processor.py:179} INFO - Processing /opt/airflow/dags/model_training_pipeline_dag/train_model.py took 2.895 seconds
[2024-11-25T10:53:06.712+0000] {processor.py:157} INFO - Started process (PID=13077) to work on /opt/airflow/dags/model_training_pipeline_dag/train_model.py
[2024-11-25T10:53:06.713+0000] {processor.py:829} INFO - Processing file /opt/airflow/dags/model_training_pipeline_dag/train_model.py for tasks to queue
[2024-11-25T10:53:06.715+0000] {logging_mixin.py:151} INFO - [2024-11-25T10:53:06.715+0000] {dagbag.py:539} INFO - Filling up the DagBag from /opt/airflow/dags/model_training_pipeline_dag/train_model.py
[2024-11-25T10:53:09.814+0000] {processor.py:841} WARNING - No viable dags retrieved from /opt/airflow/dags/model_training_pipeline_dag/train_model.py
[2024-11-25T10:53:09.827+0000] {processor.py:179} INFO - Processing /opt/airflow/dags/model_training_pipeline_dag/train_model.py took 3.117 seconds
[2024-11-25T10:53:40.780+0000] {processor.py:157} INFO - Started process (PID=13201) to work on /opt/airflow/dags/model_training_pipeline_dag/train_model.py
[2024-11-25T10:53:40.782+0000] {processor.py:829} INFO - Processing file /opt/airflow/dags/model_training_pipeline_dag/train_model.py for tasks to queue
[2024-11-25T10:53:40.785+0000] {logging_mixin.py:151} INFO - [2024-11-25T10:53:40.784+0000] {dagbag.py:539} INFO - Filling up the DagBag from /opt/airflow/dags/model_training_pipeline_dag/train_model.py
[2024-11-25T10:53:44.664+0000] {processor.py:841} WARNING - No viable dags retrieved from /opt/airflow/dags/model_training_pipeline_dag/train_model.py
[2024-11-25T10:53:44.685+0000] {processor.py:179} INFO - Processing /opt/airflow/dags/model_training_pipeline_dag/train_model.py took 3.907 seconds
[2024-11-25T10:54:15.355+0000] {processor.py:157} INFO - Started process (PID=13325) to work on /opt/airflow/dags/model_training_pipeline_dag/train_model.py
[2024-11-25T10:54:15.356+0000] {processor.py:829} INFO - Processing file /opt/airflow/dags/model_training_pipeline_dag/train_model.py for tasks to queue
[2024-11-25T10:54:15.358+0000] {logging_mixin.py:151} INFO - [2024-11-25T10:54:15.357+0000] {dagbag.py:539} INFO - Filling up the DagBag from /opt/airflow/dags/model_training_pipeline_dag/train_model.py
[2024-11-25T10:54:18.298+0000] {processor.py:841} WARNING - No viable dags retrieved from /opt/airflow/dags/model_training_pipeline_dag/train_model.py
[2024-11-25T10:54:18.310+0000] {processor.py:179} INFO - Processing /opt/airflow/dags/model_training_pipeline_dag/train_model.py took 2.957 seconds
[2024-11-25T10:54:48.973+0000] {processor.py:157} INFO - Started process (PID=13449) to work on /opt/airflow/dags/model_training_pipeline_dag/train_model.py
[2024-11-25T10:54:48.974+0000] {processor.py:829} INFO - Processing file /opt/airflow/dags/model_training_pipeline_dag/train_model.py for tasks to queue
[2024-11-25T10:54:48.978+0000] {logging_mixin.py:151} INFO - [2024-11-25T10:54:48.977+0000] {dagbag.py:539} INFO - Filling up the DagBag from /opt/airflow/dags/model_training_pipeline_dag/train_model.py
[2024-11-25T10:54:53.278+0000] {processor.py:841} WARNING - No viable dags retrieved from /opt/airflow/dags/model_training_pipeline_dag/train_model.py
[2024-11-25T10:54:53.300+0000] {processor.py:179} INFO - Processing /opt/airflow/dags/model_training_pipeline_dag/train_model.py took 4.330 seconds
[2024-11-25T10:55:24.004+0000] {processor.py:157} INFO - Started process (PID=13590) to work on /opt/airflow/dags/model_training_pipeline_dag/train_model.py
[2024-11-25T10:55:24.004+0000] {processor.py:829} INFO - Processing file /opt/airflow/dags/model_training_pipeline_dag/train_model.py for tasks to queue
[2024-11-25T10:55:24.006+0000] {logging_mixin.py:151} INFO - [2024-11-25T10:55:24.006+0000] {dagbag.py:539} INFO - Filling up the DagBag from /opt/airflow/dags/model_training_pipeline_dag/train_model.py
[2024-11-25T10:55:26.631+0000] {processor.py:841} WARNING - No viable dags retrieved from /opt/airflow/dags/model_training_pipeline_dag/train_model.py
[2024-11-25T10:55:26.644+0000] {processor.py:179} INFO - Processing /opt/airflow/dags/model_training_pipeline_dag/train_model.py took 2.642 seconds
[2024-11-25T10:55:56.872+0000] {processor.py:157} INFO - Started process (PID=13714) to work on /opt/airflow/dags/model_training_pipeline_dag/train_model.py
[2024-11-25T10:55:56.873+0000] {processor.py:829} INFO - Processing file /opt/airflow/dags/model_training_pipeline_dag/train_model.py for tasks to queue
[2024-11-25T10:55:56.876+0000] {logging_mixin.py:151} INFO - [2024-11-25T10:55:56.876+0000] {dagbag.py:539} INFO - Filling up the DagBag from /opt/airflow/dags/model_training_pipeline_dag/train_model.py
[2024-11-25T10:56:00.647+0000] {processor.py:841} WARNING - No viable dags retrieved from /opt/airflow/dags/model_training_pipeline_dag/train_model.py
[2024-11-25T10:56:00.662+0000] {processor.py:179} INFO - Processing /opt/airflow/dags/model_training_pipeline_dag/train_model.py took 3.793 seconds
[2024-11-25T10:56:31.063+0000] {processor.py:157} INFO - Started process (PID=13843) to work on /opt/airflow/dags/model_training_pipeline_dag/train_model.py
[2024-11-25T10:56:31.064+0000] {processor.py:829} INFO - Processing file /opt/airflow/dags/model_training_pipeline_dag/train_model.py for tasks to queue
[2024-11-25T10:56:31.065+0000] {logging_mixin.py:151} INFO - [2024-11-25T10:56:31.065+0000] {dagbag.py:539} INFO - Filling up the DagBag from /opt/airflow/dags/model_training_pipeline_dag/train_model.py
[2024-11-25T10:56:33.829+0000] {processor.py:841} WARNING - No viable dags retrieved from /opt/airflow/dags/model_training_pipeline_dag/train_model.py
[2024-11-25T10:56:33.841+0000] {processor.py:179} INFO - Processing /opt/airflow/dags/model_training_pipeline_dag/train_model.py took 2.781 seconds
[2024-11-25T10:57:04.568+0000] {processor.py:157} INFO - Started process (PID=13984) to work on /opt/airflow/dags/model_training_pipeline_dag/train_model.py
[2024-11-25T10:57:04.569+0000] {processor.py:829} INFO - Processing file /opt/airflow/dags/model_training_pipeline_dag/train_model.py for tasks to queue
[2024-11-25T10:57:04.571+0000] {logging_mixin.py:151} INFO - [2024-11-25T10:57:04.571+0000] {dagbag.py:539} INFO - Filling up the DagBag from /opt/airflow/dags/model_training_pipeline_dag/train_model.py
[2024-11-25T10:57:07.895+0000] {processor.py:841} WARNING - No viable dags retrieved from /opt/airflow/dags/model_training_pipeline_dag/train_model.py
[2024-11-25T10:57:07.910+0000] {processor.py:179} INFO - Processing /opt/airflow/dags/model_training_pipeline_dag/train_model.py took 3.345 seconds
[2024-11-25T10:57:38.616+0000] {processor.py:157} INFO - Started process (PID=14157) to work on /opt/airflow/dags/model_training_pipeline_dag/train_model.py
[2024-11-25T10:57:38.617+0000] {processor.py:829} INFO - Processing file /opt/airflow/dags/model_training_pipeline_dag/train_model.py for tasks to queue
[2024-11-25T10:57:38.619+0000] {logging_mixin.py:151} INFO - [2024-11-25T10:57:38.618+0000] {dagbag.py:539} INFO - Filling up the DagBag from /opt/airflow/dags/model_training_pipeline_dag/train_model.py
[2024-11-25T10:57:41.566+0000] {processor.py:841} WARNING - No viable dags retrieved from /opt/airflow/dags/model_training_pipeline_dag/train_model.py
[2024-11-25T10:57:41.579+0000] {processor.py:179} INFO - Processing /opt/airflow/dags/model_training_pipeline_dag/train_model.py took 2.966 seconds
[2024-11-25T10:58:11.906+0000] {processor.py:157} INFO - Started process (PID=14283) to work on /opt/airflow/dags/model_training_pipeline_dag/train_model.py
[2024-11-25T10:58:11.907+0000] {processor.py:829} INFO - Processing file /opt/airflow/dags/model_training_pipeline_dag/train_model.py for tasks to queue
[2024-11-25T10:58:11.908+0000] {logging_mixin.py:151} INFO - [2024-11-25T10:58:11.908+0000] {dagbag.py:539} INFO - Filling up the DagBag from /opt/airflow/dags/model_training_pipeline_dag/train_model.py
[2024-11-25T10:58:14.536+0000] {processor.py:841} WARNING - No viable dags retrieved from /opt/airflow/dags/model_training_pipeline_dag/train_model.py
[2024-11-25T10:58:14.549+0000] {processor.py:179} INFO - Processing /opt/airflow/dags/model_training_pipeline_dag/train_model.py took 2.645 seconds
[2024-11-25T10:58:45.012+0000] {processor.py:157} INFO - Started process (PID=14407) to work on /opt/airflow/dags/model_training_pipeline_dag/train_model.py
[2024-11-25T10:58:45.013+0000] {processor.py:829} INFO - Processing file /opt/airflow/dags/model_training_pipeline_dag/train_model.py for tasks to queue
[2024-11-25T10:58:45.015+0000] {logging_mixin.py:151} INFO - [2024-11-25T10:58:45.015+0000] {dagbag.py:539} INFO - Filling up the DagBag from /opt/airflow/dags/model_training_pipeline_dag/train_model.py
[2024-11-25T10:58:47.631+0000] {processor.py:841} WARNING - No viable dags retrieved from /opt/airflow/dags/model_training_pipeline_dag/train_model.py
[2024-11-25T10:58:47.644+0000] {processor.py:179} INFO - Processing /opt/airflow/dags/model_training_pipeline_dag/train_model.py took 2.633 seconds
[2024-11-25T10:59:18.263+0000] {processor.py:157} INFO - Started process (PID=14531) to work on /opt/airflow/dags/model_training_pipeline_dag/train_model.py
[2024-11-25T10:59:18.264+0000] {processor.py:829} INFO - Processing file /opt/airflow/dags/model_training_pipeline_dag/train_model.py for tasks to queue
[2024-11-25T10:59:18.266+0000] {logging_mixin.py:151} INFO - [2024-11-25T10:59:18.265+0000] {dagbag.py:539} INFO - Filling up the DagBag from /opt/airflow/dags/model_training_pipeline_dag/train_model.py
[2024-11-25T10:59:20.998+0000] {processor.py:841} WARNING - No viable dags retrieved from /opt/airflow/dags/model_training_pipeline_dag/train_model.py
[2024-11-25T10:59:21.012+0000] {processor.py:179} INFO - Processing /opt/airflow/dags/model_training_pipeline_dag/train_model.py took 2.751 seconds
[2024-11-25T10:59:51.479+0000] {processor.py:157} INFO - Started process (PID=14655) to work on /opt/airflow/dags/model_training_pipeline_dag/train_model.py
[2024-11-25T10:59:51.480+0000] {processor.py:829} INFO - Processing file /opt/airflow/dags/model_training_pipeline_dag/train_model.py for tasks to queue
[2024-11-25T10:59:51.483+0000] {logging_mixin.py:151} INFO - [2024-11-25T10:59:51.483+0000] {dagbag.py:539} INFO - Filling up the DagBag from /opt/airflow/dags/model_training_pipeline_dag/train_model.py
[2024-11-25T10:59:54.275+0000] {processor.py:841} WARNING - No viable dags retrieved from /opt/airflow/dags/model_training_pipeline_dag/train_model.py
[2024-11-25T10:59:54.288+0000] {processor.py:179} INFO - Processing /opt/airflow/dags/model_training_pipeline_dag/train_model.py took 2.811 seconds
[2024-11-25T11:00:24.456+0000] {processor.py:157} INFO - Started process (PID=14779) to work on /opt/airflow/dags/model_training_pipeline_dag/train_model.py
[2024-11-25T11:00:24.457+0000] {processor.py:829} INFO - Processing file /opt/airflow/dags/model_training_pipeline_dag/train_model.py for tasks to queue
[2024-11-25T11:00:24.459+0000] {logging_mixin.py:151} INFO - [2024-11-25T11:00:24.459+0000] {dagbag.py:539} INFO - Filling up the DagBag from /opt/airflow/dags/model_training_pipeline_dag/train_model.py
[2024-11-25T11:00:27.101+0000] {processor.py:841} WARNING - No viable dags retrieved from /opt/airflow/dags/model_training_pipeline_dag/train_model.py
[2024-11-25T11:00:27.114+0000] {processor.py:179} INFO - Processing /opt/airflow/dags/model_training_pipeline_dag/train_model.py took 2.660 seconds
[2024-11-25T11:00:57.278+0000] {processor.py:157} INFO - Started process (PID=14903) to work on /opt/airflow/dags/model_training_pipeline_dag/train_model.py
[2024-11-25T11:00:57.278+0000] {processor.py:829} INFO - Processing file /opt/airflow/dags/model_training_pipeline_dag/train_model.py for tasks to queue
[2024-11-25T11:00:57.280+0000] {logging_mixin.py:151} INFO - [2024-11-25T11:00:57.280+0000] {dagbag.py:539} INFO - Filling up the DagBag from /opt/airflow/dags/model_training_pipeline_dag/train_model.py
[2024-11-25T11:00:59.886+0000] {processor.py:841} WARNING - No viable dags retrieved from /opt/airflow/dags/model_training_pipeline_dag/train_model.py
[2024-11-25T11:00:59.899+0000] {processor.py:179} INFO - Processing /opt/airflow/dags/model_training_pipeline_dag/train_model.py took 2.624 seconds
[2024-11-25T11:01:30.324+0000] {processor.py:157} INFO - Started process (PID=15027) to work on /opt/airflow/dags/model_training_pipeline_dag/train_model.py
[2024-11-25T11:01:30.325+0000] {processor.py:829} INFO - Processing file /opt/airflow/dags/model_training_pipeline_dag/train_model.py for tasks to queue
[2024-11-25T11:01:30.326+0000] {logging_mixin.py:151} INFO - [2024-11-25T11:01:30.326+0000] {dagbag.py:539} INFO - Filling up the DagBag from /opt/airflow/dags/model_training_pipeline_dag/train_model.py
[2024-11-25T11:01:33.048+0000] {processor.py:841} WARNING - No viable dags retrieved from /opt/airflow/dags/model_training_pipeline_dag/train_model.py
[2024-11-25T11:01:33.061+0000] {processor.py:179} INFO - Processing /opt/airflow/dags/model_training_pipeline_dag/train_model.py took 2.739 seconds
[2024-11-25T11:02:03.771+0000] {processor.py:157} INFO - Started process (PID=15151) to work on /opt/airflow/dags/model_training_pipeline_dag/train_model.py
[2024-11-25T11:02:03.772+0000] {processor.py:829} INFO - Processing file /opt/airflow/dags/model_training_pipeline_dag/train_model.py for tasks to queue
[2024-11-25T11:02:03.774+0000] {logging_mixin.py:151} INFO - [2024-11-25T11:02:03.774+0000] {dagbag.py:539} INFO - Filling up the DagBag from /opt/airflow/dags/model_training_pipeline_dag/train_model.py
[2024-11-25T11:02:06.423+0000] {processor.py:841} WARNING - No viable dags retrieved from /opt/airflow/dags/model_training_pipeline_dag/train_model.py
[2024-11-25T11:02:06.436+0000] {processor.py:179} INFO - Processing /opt/airflow/dags/model_training_pipeline_dag/train_model.py took 2.668 seconds
[2024-11-25T11:02:36.507+0000] {processor.py:157} INFO - Started process (PID=15280) to work on /opt/airflow/dags/model_training_pipeline_dag/train_model.py
[2024-11-25T11:02:36.508+0000] {processor.py:829} INFO - Processing file /opt/airflow/dags/model_training_pipeline_dag/train_model.py for tasks to queue
[2024-11-25T11:02:36.510+0000] {logging_mixin.py:151} INFO - [2024-11-25T11:02:36.509+0000] {dagbag.py:539} INFO - Filling up the DagBag from /opt/airflow/dags/model_training_pipeline_dag/train_model.py
[2024-11-25T11:02:39.277+0000] {processor.py:841} WARNING - No viable dags retrieved from /opt/airflow/dags/model_training_pipeline_dag/train_model.py
[2024-11-25T11:02:39.288+0000] {processor.py:179} INFO - Processing /opt/airflow/dags/model_training_pipeline_dag/train_model.py took 2.784 seconds
[2024-11-25T11:03:09.685+0000] {processor.py:157} INFO - Started process (PID=15404) to work on /opt/airflow/dags/model_training_pipeline_dag/train_model.py
[2024-11-25T11:03:09.686+0000] {processor.py:829} INFO - Processing file /opt/airflow/dags/model_training_pipeline_dag/train_model.py for tasks to queue
[2024-11-25T11:03:09.688+0000] {logging_mixin.py:151} INFO - [2024-11-25T11:03:09.688+0000] {dagbag.py:539} INFO - Filling up the DagBag from /opt/airflow/dags/model_training_pipeline_dag/train_model.py
[2024-11-25T11:03:12.515+0000] {processor.py:841} WARNING - No viable dags retrieved from /opt/airflow/dags/model_training_pipeline_dag/train_model.py
[2024-11-25T11:03:12.528+0000] {processor.py:179} INFO - Processing /opt/airflow/dags/model_training_pipeline_dag/train_model.py took 2.845 seconds
[2024-11-25T11:03:42.681+0000] {processor.py:157} INFO - Started process (PID=15545) to work on /opt/airflow/dags/model_training_pipeline_dag/train_model.py
[2024-11-25T11:03:42.682+0000] {processor.py:829} INFO - Processing file /opt/airflow/dags/model_training_pipeline_dag/train_model.py for tasks to queue
[2024-11-25T11:03:42.684+0000] {logging_mixin.py:151} INFO - [2024-11-25T11:03:42.683+0000] {dagbag.py:539} INFO - Filling up the DagBag from /opt/airflow/dags/model_training_pipeline_dag/train_model.py
[2024-11-25T11:03:45.324+0000] {processor.py:841} WARNING - No viable dags retrieved from /opt/airflow/dags/model_training_pipeline_dag/train_model.py
[2024-11-25T11:03:45.338+0000] {processor.py:179} INFO - Processing /opt/airflow/dags/model_training_pipeline_dag/train_model.py took 2.659 seconds
[2024-11-25T11:04:15.398+0000] {processor.py:157} INFO - Started process (PID=15669) to work on /opt/airflow/dags/model_training_pipeline_dag/train_model.py
[2024-11-25T11:04:15.399+0000] {processor.py:829} INFO - Processing file /opt/airflow/dags/model_training_pipeline_dag/train_model.py for tasks to queue
[2024-11-25T11:04:15.401+0000] {logging_mixin.py:151} INFO - [2024-11-25T11:04:15.401+0000] {dagbag.py:539} INFO - Filling up the DagBag from /opt/airflow/dags/model_training_pipeline_dag/train_model.py
[2024-11-25T11:04:18.005+0000] {processor.py:841} WARNING - No viable dags retrieved from /opt/airflow/dags/model_training_pipeline_dag/train_model.py
[2024-11-25T11:04:18.018+0000] {processor.py:179} INFO - Processing /opt/airflow/dags/model_training_pipeline_dag/train_model.py took 2.622 seconds
[2024-11-25T11:04:48.591+0000] {processor.py:157} INFO - Started process (PID=15793) to work on /opt/airflow/dags/model_training_pipeline_dag/train_model.py
[2024-11-25T11:04:48.593+0000] {processor.py:829} INFO - Processing file /opt/airflow/dags/model_training_pipeline_dag/train_model.py for tasks to queue
[2024-11-25T11:04:48.596+0000] {logging_mixin.py:151} INFO - [2024-11-25T11:04:48.595+0000] {dagbag.py:539} INFO - Filling up the DagBag from /opt/airflow/dags/model_training_pipeline_dag/train_model.py
[2024-11-25T11:04:52.885+0000] {processor.py:841} WARNING - No viable dags retrieved from /opt/airflow/dags/model_training_pipeline_dag/train_model.py
[2024-11-25T11:04:52.903+0000] {processor.py:179} INFO - Processing /opt/airflow/dags/model_training_pipeline_dag/train_model.py took 4.316 seconds
[2024-11-25T11:05:23.310+0000] {processor.py:157} INFO - Started process (PID=15921) to work on /opt/airflow/dags/model_training_pipeline_dag/train_model.py
[2024-11-25T11:05:23.311+0000] {processor.py:829} INFO - Processing file /opt/airflow/dags/model_training_pipeline_dag/train_model.py for tasks to queue
[2024-11-25T11:05:23.314+0000] {logging_mixin.py:151} INFO - [2024-11-25T11:05:23.313+0000] {dagbag.py:539} INFO - Filling up the DagBag from /opt/airflow/dags/model_training_pipeline_dag/train_model.py
[2024-11-25T11:05:27.696+0000] {processor.py:841} WARNING - No viable dags retrieved from /opt/airflow/dags/model_training_pipeline_dag/train_model.py
[2024-11-25T11:05:27.713+0000] {processor.py:179} INFO - Processing /opt/airflow/dags/model_training_pipeline_dag/train_model.py took 4.407 seconds
[2024-11-25T11:05:58.006+0000] {processor.py:157} INFO - Started process (PID=16089) to work on /opt/airflow/dags/model_training_pipeline_dag/train_model.py
[2024-11-25T11:05:58.006+0000] {processor.py:829} INFO - Processing file /opt/airflow/dags/model_training_pipeline_dag/train_model.py for tasks to queue
[2024-11-25T11:05:58.008+0000] {logging_mixin.py:151} INFO - [2024-11-25T11:05:58.008+0000] {dagbag.py:539} INFO - Filling up the DagBag from /opt/airflow/dags/model_training_pipeline_dag/train_model.py
[2024-11-25T11:06:00.970+0000] {processor.py:841} WARNING - No viable dags retrieved from /opt/airflow/dags/model_training_pipeline_dag/train_model.py
[2024-11-25T11:06:00.982+0000] {processor.py:179} INFO - Processing /opt/airflow/dags/model_training_pipeline_dag/train_model.py took 2.979 seconds
[2024-11-25T11:06:31.094+0000] {processor.py:157} INFO - Started process (PID=16247) to work on /opt/airflow/dags/model_training_pipeline_dag/train_model.py
[2024-11-25T11:06:31.095+0000] {processor.py:829} INFO - Processing file /opt/airflow/dags/model_training_pipeline_dag/train_model.py for tasks to queue
[2024-11-25T11:06:31.096+0000] {logging_mixin.py:151} INFO - [2024-11-25T11:06:31.096+0000] {dagbag.py:539} INFO - Filling up the DagBag from /opt/airflow/dags/model_training_pipeline_dag/train_model.py
[2024-11-25T11:06:33.856+0000] {processor.py:841} WARNING - No viable dags retrieved from /opt/airflow/dags/model_training_pipeline_dag/train_model.py
[2024-11-25T11:06:33.869+0000] {processor.py:179} INFO - Processing /opt/airflow/dags/model_training_pipeline_dag/train_model.py took 2.778 seconds
[2024-11-25T11:07:03.968+0000] {processor.py:157} INFO - Started process (PID=16371) to work on /opt/airflow/dags/model_training_pipeline_dag/train_model.py
[2024-11-25T11:07:03.969+0000] {processor.py:829} INFO - Processing file /opt/airflow/dags/model_training_pipeline_dag/train_model.py for tasks to queue
[2024-11-25T11:07:03.970+0000] {logging_mixin.py:151} INFO - [2024-11-25T11:07:03.970+0000] {dagbag.py:539} INFO - Filling up the DagBag from /opt/airflow/dags/model_training_pipeline_dag/train_model.py
[2024-11-25T11:07:07.095+0000] {processor.py:841} WARNING - No viable dags retrieved from /opt/airflow/dags/model_training_pipeline_dag/train_model.py
[2024-11-25T11:07:07.108+0000] {processor.py:179} INFO - Processing /opt/airflow/dags/model_training_pipeline_dag/train_model.py took 3.142 seconds
[2024-11-25T11:07:37.263+0000] {processor.py:157} INFO - Started process (PID=16495) to work on /opt/airflow/dags/model_training_pipeline_dag/train_model.py
[2024-11-25T11:07:37.264+0000] {processor.py:829} INFO - Processing file /opt/airflow/dags/model_training_pipeline_dag/train_model.py for tasks to queue
[2024-11-25T11:07:37.266+0000] {logging_mixin.py:151} INFO - [2024-11-25T11:07:37.265+0000] {dagbag.py:539} INFO - Filling up the DagBag from /opt/airflow/dags/model_training_pipeline_dag/train_model.py
[2024-11-25T11:07:40.662+0000] {processor.py:841} WARNING - No viable dags retrieved from /opt/airflow/dags/model_training_pipeline_dag/train_model.py
[2024-11-25T11:07:40.676+0000] {processor.py:179} INFO - Processing /opt/airflow/dags/model_training_pipeline_dag/train_model.py took 3.417 seconds
[2024-11-25T11:08:10.787+0000] {processor.py:157} INFO - Started process (PID=16624) to work on /opt/airflow/dags/model_training_pipeline_dag/train_model.py
[2024-11-25T11:08:10.788+0000] {processor.py:829} INFO - Processing file /opt/airflow/dags/model_training_pipeline_dag/train_model.py for tasks to queue
[2024-11-25T11:08:10.790+0000] {logging_mixin.py:151} INFO - [2024-11-25T11:08:10.790+0000] {dagbag.py:539} INFO - Filling up the DagBag from /opt/airflow/dags/model_training_pipeline_dag/train_model.py
[2024-11-25T11:08:14.659+0000] {processor.py:841} WARNING - No viable dags retrieved from /opt/airflow/dags/model_training_pipeline_dag/train_model.py
[2024-11-25T11:08:14.675+0000] {processor.py:179} INFO - Processing /opt/airflow/dags/model_training_pipeline_dag/train_model.py took 3.891 seconds
[2024-11-25T11:08:45.284+0000] {processor.py:157} INFO - Started process (PID=16748) to work on /opt/airflow/dags/model_training_pipeline_dag/train_model.py
[2024-11-25T11:08:45.285+0000] {processor.py:829} INFO - Processing file /opt/airflow/dags/model_training_pipeline_dag/train_model.py for tasks to queue
[2024-11-25T11:08:45.288+0000] {logging_mixin.py:151} INFO - [2024-11-25T11:08:45.287+0000] {dagbag.py:539} INFO - Filling up the DagBag from /opt/airflow/dags/model_training_pipeline_dag/train_model.py
[2024-11-25T11:08:49.212+0000] {processor.py:841} WARNING - No viable dags retrieved from /opt/airflow/dags/model_training_pipeline_dag/train_model.py
[2024-11-25T11:08:49.239+0000] {processor.py:179} INFO - Processing /opt/airflow/dags/model_training_pipeline_dag/train_model.py took 3.959 seconds
[2024-11-25T11:09:19.780+0000] {processor.py:157} INFO - Started process (PID=16872) to work on /opt/airflow/dags/model_training_pipeline_dag/train_model.py
[2024-11-25T11:09:19.781+0000] {processor.py:829} INFO - Processing file /opt/airflow/dags/model_training_pipeline_dag/train_model.py for tasks to queue
[2024-11-25T11:09:19.786+0000] {logging_mixin.py:151} INFO - [2024-11-25T11:09:19.785+0000] {dagbag.py:539} INFO - Filling up the DagBag from /opt/airflow/dags/model_training_pipeline_dag/train_model.py
[2024-11-25T11:09:24.167+0000] {processor.py:841} WARNING - No viable dags retrieved from /opt/airflow/dags/model_training_pipeline_dag/train_model.py
[2024-11-25T11:09:24.188+0000] {processor.py:179} INFO - Processing /opt/airflow/dags/model_training_pipeline_dag/train_model.py took 4.412 seconds
[2024-11-25T11:09:54.877+0000] {processor.py:157} INFO - Started process (PID=17010) to work on /opt/airflow/dags/model_training_pipeline_dag/train_model.py
[2024-11-25T11:09:54.878+0000] {processor.py:829} INFO - Processing file /opt/airflow/dags/model_training_pipeline_dag/train_model.py for tasks to queue
[2024-11-25T11:09:54.882+0000] {logging_mixin.py:151} INFO - [2024-11-25T11:09:54.881+0000] {dagbag.py:539} INFO - Filling up the DagBag from /opt/airflow/dags/model_training_pipeline_dag/train_model.py
[2024-11-25T11:09:59.436+0000] {processor.py:841} WARNING - No viable dags retrieved from /opt/airflow/dags/model_training_pipeline_dag/train_model.py
[2024-11-25T11:09:59.460+0000] {processor.py:179} INFO - Processing /opt/airflow/dags/model_training_pipeline_dag/train_model.py took 4.588 seconds
[2024-11-25T11:10:29.796+0000] {processor.py:157} INFO - Started process (PID=17134) to work on /opt/airflow/dags/model_training_pipeline_dag/train_model.py
[2024-11-25T11:10:29.798+0000] {processor.py:829} INFO - Processing file /opt/airflow/dags/model_training_pipeline_dag/train_model.py for tasks to queue
[2024-11-25T11:10:29.802+0000] {logging_mixin.py:151} INFO - [2024-11-25T11:10:29.801+0000] {dagbag.py:539} INFO - Filling up the DagBag from /opt/airflow/dags/model_training_pipeline_dag/train_model.py
[2024-11-25T11:10:35.191+0000] {processor.py:841} WARNING - No viable dags retrieved from /opt/airflow/dags/model_training_pipeline_dag/train_model.py
[2024-11-25T11:10:35.211+0000] {processor.py:179} INFO - Processing /opt/airflow/dags/model_training_pipeline_dag/train_model.py took 5.419 seconds
