[2024-11-23T02:20:51.577+0000] {logging_mixin.py:151} INFO - Changing /opt/***/logs/dag_id=model_training_pipeline/run_id=manual__2024-11-23T02:15:32.684889+00:00/task_id=train_model permission to 509
[2024-11-23T02:20:51.578+0000] {logging_mixin.py:151} INFO - Failed to change /opt/***/logs/dag_id=model_training_pipeline/run_id=manual__2024-11-23T02:15:32.684889+00:00/task_id=train_model permission to 509: [Errno 1] Operation not permitted: '/opt/***/logs/dag_id=model_training_pipeline/run_id=manual__2024-11-23T02:15:32.684889+00:00/task_id=train_model'
[2024-11-23T02:20:51.605+0000] {logging_mixin.py:151} INFO - Changing /opt/***/logs/dag_id=model_training_pipeline/run_id=manual__2024-11-23T02:15:32.684889+00:00/task_id=train_model permission to 509
[2024-11-23T02:20:51.606+0000] {logging_mixin.py:151} INFO - Failed to change /opt/***/logs/dag_id=model_training_pipeline/run_id=manual__2024-11-23T02:15:32.684889+00:00/task_id=train_model permission to 509: [Errno 1] Operation not permitted: '/opt/***/logs/dag_id=model_training_pipeline/run_id=manual__2024-11-23T02:15:32.684889+00:00/task_id=train_model'
[2024-11-23T02:20:51.643+0000] {taskinstance.py:1159} INFO - Dependencies all met for dep_context=non-requeueable deps ti=<TaskInstance: model_training_pipeline.train_model manual__2024-11-23T02:15:32.684889+00:00 [queued]>
[2024-11-23T02:20:51.656+0000] {taskinstance.py:1159} INFO - Dependencies all met for dep_context=requeueable deps ti=<TaskInstance: model_training_pipeline.train_model manual__2024-11-23T02:15:32.684889+00:00 [queued]>
[2024-11-23T02:20:51.657+0000] {taskinstance.py:1361} INFO - Starting attempt 2 of 2
[2024-11-23T02:20:51.675+0000] {taskinstance.py:1382} INFO - Executing <Task(PythonOperator): train_model> on 2024-11-23 02:15:32.684889+00:00
[2024-11-23T02:20:51.691+0000] {standard_task_runner.py:57} INFO - Started process 67718 to run task
[2024-11-23T02:20:51.694+0000] {standard_task_runner.py:84} INFO - Running: ['***', 'tasks', 'run', 'model_training_pipeline', 'train_model', 'manual__2024-11-23T02:15:32.684889+00:00', '--job-id', '357', '--raw', '--subdir', 'DAGS_FOLDER/model_training_pipeline_dag/model_training_dag.py', '--cfg-path', '/tmp/tmpv4d3b5bq']
[2024-11-23T02:20:51.699+0000] {standard_task_runner.py:85} INFO - Job 357: Subtask train_model
[2024-11-23T02:20:51.772+0000] {logging_mixin.py:151} INFO - Changing /opt/***/logs/dag_id=model_training_pipeline/run_id=manual__2024-11-23T02:15:32.684889+00:00/task_id=train_model permission to 509
[2024-11-23T02:20:51.773+0000] {logging_mixin.py:151} INFO - Failed to change /opt/***/logs/dag_id=model_training_pipeline/run_id=manual__2024-11-23T02:15:32.684889+00:00/task_id=train_model permission to 509: [Errno 1] Operation not permitted: '/opt/***/logs/dag_id=model_training_pipeline/run_id=manual__2024-11-23T02:15:32.684889+00:00/task_id=train_model'
[2024-11-23T02:20:51.775+0000] {task_command.py:415} INFO - Running <TaskInstance: model_training_pipeline.train_model manual__2024-11-23T02:15:32.684889+00:00 [running]> on host 16801ac1f6e4
[2024-11-23T02:20:51.883+0000] {taskinstance.py:1660} INFO - Exporting env vars: AIRFLOW_CTX_DAG_OWNER='***' AIRFLOW_CTX_DAG_ID='model_training_pipeline' AIRFLOW_CTX_TASK_ID='train_model' AIRFLOW_CTX_EXECUTION_DATE='2024-11-23T02:15:32.684889+00:00' AIRFLOW_CTX_TRY_NUMBER='2' AIRFLOW_CTX_DAG_RUN_ID='manual__2024-11-23T02:15:32.684889+00:00'
[2024-11-23T02:21:27.100+0000] {local_task_job_runner.py:294} WARNING - State of this instance has been externally set to failed. Terminating instance.
[2024-11-23T02:21:27.104+0000] {process_utils.py:131} INFO - Sending 15 to group 67718. PIDs of all processes in the group: [67718]
[2024-11-23T02:21:27.104+0000] {process_utils.py:86} INFO - Sending the signal 15 to group 67718
[2024-11-23T02:21:27.105+0000] {taskinstance.py:1632} ERROR - Received SIGTERM. Terminating subprocesses.
[2024-11-23T02:21:27.197+0000] {process_utils.py:79} INFO - Process psutil.Process(pid=67718, status='terminated', exitcode=0, started='02:20:50') (67718) terminated with exit code 0
