[2024-11-10T12:33:24.773+0000] {logging_mixin.py:151} INFO - Changing /opt/***/logs/dag_id=noaa_etl_pipeline/run_id=manual__2024-11-10T12:33:22.350677+00:00/task_id=calculate_missing_average_temperature permission to 509
[2024-11-10T12:33:24.774+0000] {logging_mixin.py:151} INFO - Failed to change /opt/***/logs/dag_id=noaa_etl_pipeline/run_id=manual__2024-11-10T12:33:22.350677+00:00/task_id=calculate_missing_average_temperature permission to 509: [Errno 1] Operation not permitted: '/opt/***/logs/dag_id=noaa_etl_pipeline/run_id=manual__2024-11-10T12:33:22.350677+00:00/task_id=calculate_missing_average_temperature'
[2024-11-10T12:33:24.804+0000] {logging_mixin.py:151} INFO - Changing /opt/***/logs/dag_id=noaa_etl_pipeline/run_id=manual__2024-11-10T12:33:22.350677+00:00/task_id=calculate_missing_average_temperature permission to 509
[2024-11-10T12:33:24.804+0000] {logging_mixin.py:151} INFO - Failed to change /opt/***/logs/dag_id=noaa_etl_pipeline/run_id=manual__2024-11-10T12:33:22.350677+00:00/task_id=calculate_missing_average_temperature permission to 509: [Errno 1] Operation not permitted: '/opt/***/logs/dag_id=noaa_etl_pipeline/run_id=manual__2024-11-10T12:33:22.350677+00:00/task_id=calculate_missing_average_temperature'
[2024-11-10T12:33:24.844+0000] {taskinstance.py:1159} INFO - Dependencies all met for dep_context=non-requeueable deps ti=<TaskInstance: noaa_etl_pipeline.calculate_missing_average_temperature manual__2024-11-10T12:33:22.350677+00:00 [queued]>
[2024-11-10T12:33:24.850+0000] {taskinstance.py:1159} INFO - Dependencies all met for dep_context=requeueable deps ti=<TaskInstance: noaa_etl_pipeline.calculate_missing_average_temperature manual__2024-11-10T12:33:22.350677+00:00 [queued]>
[2024-11-10T12:33:24.851+0000] {taskinstance.py:1361} INFO - Starting attempt 1 of 2
[2024-11-10T12:33:24.863+0000] {taskinstance.py:1382} INFO - Executing <Task(PythonOperator): calculate_missing_average_temperature> on 2024-11-10 12:33:22.350677+00:00
[2024-11-10T12:33:24.871+0000] {standard_task_runner.py:57} INFO - Started process 107363 to run task
[2024-11-10T12:33:24.872+0000] {standard_task_runner.py:84} INFO - Running: ['***', 'tasks', 'run', 'noaa_etl_pipeline', 'calculate_missing_average_temperature', 'manual__2024-11-10T12:33:22.350677+00:00', '--job-id', '136', '--raw', '--subdir', 'DAGS_FOLDER/noaa_etl_pipeline_dag/noaa_etl_pipeline_dag.py', '--cfg-path', '/tmp/tmpm5cwir0q']
[2024-11-10T12:33:24.874+0000] {standard_task_runner.py:85} INFO - Job 136: Subtask calculate_missing_average_temperature
[2024-11-10T12:33:24.913+0000] {logging_mixin.py:151} INFO - Changing /opt/***/logs/dag_id=noaa_etl_pipeline/run_id=manual__2024-11-10T12:33:22.350677+00:00/task_id=calculate_missing_average_temperature permission to 509
[2024-11-10T12:33:24.913+0000] {logging_mixin.py:151} INFO - Failed to change /opt/***/logs/dag_id=noaa_etl_pipeline/run_id=manual__2024-11-10T12:33:22.350677+00:00/task_id=calculate_missing_average_temperature permission to 509: [Errno 1] Operation not permitted: '/opt/***/logs/dag_id=noaa_etl_pipeline/run_id=manual__2024-11-10T12:33:22.350677+00:00/task_id=calculate_missing_average_temperature'
[2024-11-10T12:33:24.914+0000] {task_command.py:415} INFO - Running <TaskInstance: noaa_etl_pipeline.calculate_missing_average_temperature manual__2024-11-10T12:33:22.350677+00:00 [running]> on host 16801ac1f6e4
[2024-11-10T12:33:24.988+0000] {taskinstance.py:1660} INFO - Exporting env vars: AIRFLOW_CTX_DAG_OWNER='***' AIRFLOW_CTX_DAG_ID='noaa_etl_pipeline' AIRFLOW_CTX_TASK_ID='calculate_missing_average_temperature' AIRFLOW_CTX_EXECUTION_DATE='2024-11-10T12:33:22.350677+00:00' AIRFLOW_CTX_TRY_NUMBER='1' AIRFLOW_CTX_DAG_RUN_ID='manual__2024-11-10T12:33:22.350677+00:00'
[2024-11-10T12:36:29.731+0000] {logging_mixin.py:151} WARNING - /opt/***/dags/transformation/noaa_api_transformation.py:139 SettingWithCopyWarning:
A value is trying to be set on a copy of a slice from a DataFrame.
Try using .loc[row_indexer,col_indexer] = value instead

See the caveats in the documentation: https://pandas.pydata.org/pandas-docs/stable/user_guide/indexing.html#returning-a-view-versus-a-copy
[2024-11-10T12:36:29.735+0000] {logging_mixin.py:151} WARNING - /opt/***/dags/transformation/noaa_api_transformation.py:140 SettingWithCopyWarning:
A value is trying to be set on a copy of a slice from a DataFrame.
Try using .loc[row_indexer,col_indexer] = value instead

See the caveats in the documentation: https://pandas.pydata.org/pandas-docs/stable/user_guide/indexing.html#returning-a-view-versus-a-copy
[2024-11-10T12:36:29.737+0000] {logging_mixin.py:151} WARNING - /opt/***/dags/transformation/noaa_api_transformation.py:141 SettingWithCopyWarning:
A value is trying to be set on a copy of a slice from a DataFrame.
Try using .loc[row_indexer,col_indexer] = value instead

See the caveats in the documentation: https://pandas.pydata.org/pandas-docs/stable/user_guide/indexing.html#returning-a-view-versus-a-copy
[2024-11-10T12:36:29.741+0000] {logging_mixin.py:151} WARNING - /opt/***/dags/transformation/noaa_api_transformation.py:142 SettingWithCopyWarning:
A value is trying to be set on a copy of a slice from a DataFrame.
Try using .loc[row_indexer,col_indexer] = value instead

See the caveats in the documentation: https://pandas.pydata.org/pandas-docs/stable/user_guide/indexing.html#returning-a-view-versus-a-copy
[2024-11-10T12:36:29.742+0000] {logging_mixin.py:151} WARNING - /opt/***/dags/transformation/noaa_api_transformation.py:143 SettingWithCopyWarning:
A value is trying to be set on a copy of a slice from a DataFrame.
Try using .loc[row_indexer,col_indexer] = value instead

See the caveats in the documentation: https://pandas.pydata.org/pandas-docs/stable/user_guide/indexing.html#returning-a-view-versus-a-copy
[2024-11-10T12:36:57.269+0000] {local_task_job_runner.py:228} INFO - Task exited with return code -9
[2024-11-10T12:36:57.335+0000] {taskinstance.py:2784} INFO - 0 downstream tasks scheduled from follow-on schedule check
