[2024-11-21T10:31:50.528+0000] {logging_mixin.py:151} INFO - Changing /opt/***/logs/dag_id=model_training_pipeline/run_id=manual__2024-11-21T10:31:44.933924+00:00/task_id=train_model permission to 509
[2024-11-21T10:31:50.529+0000] {logging_mixin.py:151} INFO - Failed to change /opt/***/logs/dag_id=model_training_pipeline/run_id=manual__2024-11-21T10:31:44.933924+00:00/task_id=train_model permission to 509: [Errno 1] Operation not permitted: '/opt/***/logs/dag_id=model_training_pipeline/run_id=manual__2024-11-21T10:31:44.933924+00:00/task_id=train_model'
[2024-11-21T10:31:50.554+0000] {logging_mixin.py:151} INFO - Changing /opt/***/logs/dag_id=model_training_pipeline/run_id=manual__2024-11-21T10:31:44.933924+00:00/task_id=train_model permission to 509
[2024-11-21T10:31:50.555+0000] {logging_mixin.py:151} INFO - Failed to change /opt/***/logs/dag_id=model_training_pipeline/run_id=manual__2024-11-21T10:31:44.933924+00:00/task_id=train_model permission to 509: [Errno 1] Operation not permitted: '/opt/***/logs/dag_id=model_training_pipeline/run_id=manual__2024-11-21T10:31:44.933924+00:00/task_id=train_model'
[2024-11-21T10:31:50.578+0000] {taskinstance.py:1159} INFO - Dependencies all met for dep_context=non-requeueable deps ti=<TaskInstance: model_training_pipeline.train_model manual__2024-11-21T10:31:44.933924+00:00 [queued]>
[2024-11-21T10:31:50.585+0000] {taskinstance.py:1159} INFO - Dependencies all met for dep_context=requeueable deps ti=<TaskInstance: model_training_pipeline.train_model manual__2024-11-21T10:31:44.933924+00:00 [queued]>
[2024-11-21T10:31:50.586+0000] {taskinstance.py:1361} INFO - Starting attempt 1 of 2
[2024-11-21T10:31:50.598+0000] {taskinstance.py:1382} INFO - Executing <Task(PythonOperator): train_model> on 2024-11-21 10:31:44.933924+00:00
[2024-11-21T10:31:50.611+0000] {standard_task_runner.py:57} INFO - Started process 18314 to run task
[2024-11-21T10:31:50.614+0000] {standard_task_runner.py:84} INFO - Running: ['***', 'tasks', 'run', 'model_training_pipeline', 'train_model', 'manual__2024-11-21T10:31:44.933924+00:00', '--job-id', '342', '--raw', '--subdir', 'DAGS_FOLDER/model_training_pipeline_dag/model_training_dag.py', '--cfg-path', '/tmp/tmpqjsx33w1']
[2024-11-21T10:31:50.616+0000] {standard_task_runner.py:85} INFO - Job 342: Subtask train_model
[2024-11-21T10:31:50.661+0000] {logging_mixin.py:151} INFO - Changing /opt/***/logs/dag_id=model_training_pipeline/run_id=manual__2024-11-21T10:31:44.933924+00:00/task_id=train_model permission to 509
[2024-11-21T10:31:50.662+0000] {logging_mixin.py:151} INFO - Failed to change /opt/***/logs/dag_id=model_training_pipeline/run_id=manual__2024-11-21T10:31:44.933924+00:00/task_id=train_model permission to 509: [Errno 1] Operation not permitted: '/opt/***/logs/dag_id=model_training_pipeline/run_id=manual__2024-11-21T10:31:44.933924+00:00/task_id=train_model'
[2024-11-21T10:31:50.663+0000] {task_command.py:415} INFO - Running <TaskInstance: model_training_pipeline.train_model manual__2024-11-21T10:31:44.933924+00:00 [running]> on host 16801ac1f6e4
[2024-11-21T10:31:50.752+0000] {taskinstance.py:1660} INFO - Exporting env vars: AIRFLOW_CTX_DAG_OWNER='***' AIRFLOW_CTX_DAG_ID='model_training_pipeline' AIRFLOW_CTX_TASK_ID='train_model' AIRFLOW_CTX_EXECUTION_DATE='2024-11-21T10:31:44.933924+00:00' AIRFLOW_CTX_TRY_NUMBER='1' AIRFLOW_CTX_DAG_RUN_ID='manual__2024-11-21T10:31:44.933924+00:00'
[2024-11-21T10:38:08.274+0000] {logging_mixin.py:151} INFO - Processing training data chunk with 8411 rows
[2024-11-21T10:38:08.276+0000] {logging_mixin.py:151} INFO - Processing test data chunk with 1683 rows
[2024-11-21T10:38:08.296+0000] {logging_mixin.py:151} INFO - Processing training data chunk with 8411 rows
[2024-11-21T10:38:08.296+0000] {logging_mixin.py:151} INFO - Processing test data chunk with 1683 rows
[2024-11-21T10:38:08.313+0000] {logging_mixin.py:151} INFO - Processing training data chunk with 8411 rows
[2024-11-21T10:38:08.314+0000] {logging_mixin.py:151} INFO - Processing test data chunk with 1683 rows
[2024-11-21T10:38:08.331+0000] {logging_mixin.py:151} INFO - Processing training data chunk with 8411 rows
[2024-11-21T10:38:08.332+0000] {logging_mixin.py:151} INFO - Processing test data chunk with 1683 rows
[2024-11-21T10:38:08.348+0000] {logging_mixin.py:151} INFO - Processing training data chunk with 8411 rows
[2024-11-21T10:38:08.349+0000] {logging_mixin.py:151} INFO - Processing test data chunk with 1682 rows
[2024-11-21T10:38:08.365+0000] {logging_mixin.py:151} INFO - Processing training data chunk with 8411 rows
[2024-11-21T10:38:08.365+0000] {logging_mixin.py:151} INFO - Processing test data chunk with 1682 rows
[2024-11-21T10:38:08.383+0000] {logging_mixin.py:151} INFO - Processing training data chunk with 8411 rows
[2024-11-21T10:38:08.383+0000] {logging_mixin.py:151} INFO - Processing test data chunk with 1682 rows
[2024-11-21T10:38:08.401+0000] {logging_mixin.py:151} INFO - Processing training data chunk with 8411 rows
[2024-11-21T10:38:08.402+0000] {logging_mixin.py:151} INFO - Processing test data chunk with 1682 rows
[2024-11-21T10:38:08.418+0000] {logging_mixin.py:151} INFO - Processing training data chunk with 8411 rows
[2024-11-21T10:38:08.419+0000] {logging_mixin.py:151} INFO - Processing test data chunk with 1682 rows
[2024-11-21T10:38:08.436+0000] {logging_mixin.py:151} INFO - Processing training data chunk with 8411 rows
[2024-11-21T10:38:08.436+0000] {logging_mixin.py:151} INFO - Processing test data chunk with 1682 rows
[2024-11-21T10:38:08.453+0000] {logging_mixin.py:151} INFO - Processing training data chunk with 8411 rows
[2024-11-21T10:38:08.453+0000] {logging_mixin.py:151} INFO - Processing test data chunk with 1682 rows
[2024-11-21T10:38:08.471+0000] {logging_mixin.py:151} INFO - Processing training data chunk with 8411 rows
[2024-11-21T10:38:08.471+0000] {logging_mixin.py:151} INFO - Processing test data chunk with 1682 rows
[2024-11-21T10:38:08.489+0000] {logging_mixin.py:151} INFO - Processing training data chunk with 8411 rows
[2024-11-21T10:38:08.490+0000] {logging_mixin.py:151} INFO - Processing test data chunk with 1682 rows
[2024-11-21T10:38:08.508+0000] {logging_mixin.py:151} INFO - Processing training data chunk with 8411 rows
[2024-11-21T10:38:08.508+0000] {logging_mixin.py:151} INFO - Processing test data chunk with 1682 rows
[2024-11-21T10:38:08.527+0000] {logging_mixin.py:151} INFO - Processing training data chunk with 8411 rows
[2024-11-21T10:38:08.528+0000] {logging_mixin.py:151} INFO - Processing test data chunk with 1682 rows
[2024-11-21T10:38:08.545+0000] {logging_mixin.py:151} INFO - Processing training data chunk with 8411 rows
[2024-11-21T10:38:08.546+0000] {logging_mixin.py:151} INFO - Processing test data chunk with 1682 rows
[2024-11-21T10:38:08.562+0000] {logging_mixin.py:151} INFO - Processing training data chunk with 8411 rows
[2024-11-21T10:38:08.563+0000] {logging_mixin.py:151} INFO - Processing test data chunk with 1682 rows
[2024-11-21T10:38:08.583+0000] {logging_mixin.py:151} INFO - Processing training data chunk with 8411 rows
[2024-11-21T10:38:08.583+0000] {logging_mixin.py:151} INFO - Processing test data chunk with 1682 rows
[2024-11-21T10:38:08.601+0000] {logging_mixin.py:151} INFO - Processing training data chunk with 8411 rows
[2024-11-21T10:38:08.602+0000] {logging_mixin.py:151} INFO - Processing test data chunk with 1682 rows
[2024-11-21T10:38:08.620+0000] {logging_mixin.py:151} INFO - Processing training data chunk with 8411 rows
[2024-11-21T10:38:08.621+0000] {logging_mixin.py:151} INFO - Processing test data chunk with 1682 rows
[2024-11-21T10:38:08.710+0000] {logging_mixin.py:151} INFO - Concatenation successful
[2024-11-21T10:38:48.875+0000] {local_task_job_runner.py:228} INFO - Task exited with return code -9
[2024-11-21T10:38:48.928+0000] {taskinstance.py:2784} INFO - 0 downstream tasks scheduled from follow-on schedule check
