[2024-11-08T23:49:53.050+0000] {processor.py:157} INFO - Started process (PID=184) to work on /opt/airflow/dags/eia_natural_gas_monthly_variables_etl_pipeline_dag/convert_values_to_float.py
[2024-11-08T23:49:53.051+0000] {processor.py:829} INFO - Processing file /opt/airflow/dags/eia_natural_gas_monthly_variables_etl_pipeline_dag/convert_values_to_float.py for tasks to queue
[2024-11-08T23:49:53.052+0000] {logging_mixin.py:151} INFO - [2024-11-08T23:49:53.052+0000] {dagbag.py:539} INFO - Filling up the DagBag from /opt/airflow/dags/eia_natural_gas_monthly_variables_etl_pipeline_dag/convert_values_to_float.py
[2024-11-08T23:49:53.085+0000] {logging_mixin.py:151} INFO - [2024-11-08T23:49:53.080+0000] {dagbag.py:347} ERROR - Failed to import: /opt/airflow/dags/eia_natural_gas_monthly_variables_etl_pipeline_dag/convert_values_to_float.py
Traceback (most recent call last):
  File "/home/airflow/.local/lib/python3.8/site-packages/airflow/models/dagbag.py", line 343, in parse
    loader.exec_module(new_module)
  File "<frozen importlib._bootstrap_external>", line 843, in exec_module
  File "<frozen importlib._bootstrap>", line 219, in _call_with_frames_removed
  File "/opt/airflow/dags/eia_natural_gas_monthly_variables_etl_pipeline_dag/convert_values_to_float.py", line 3, in <module>
    from full_program.airflow.dags.utils.config import *
ModuleNotFoundError: No module named 'full_program'
[2024-11-08T23:49:53.088+0000] {processor.py:841} WARNING - No viable dags retrieved from /opt/airflow/dags/eia_natural_gas_monthly_variables_etl_pipeline_dag/convert_values_to_float.py
[2024-11-08T23:49:53.119+0000] {processor.py:179} INFO - Processing /opt/airflow/dags/eia_natural_gas_monthly_variables_etl_pipeline_dag/convert_values_to_float.py took 0.073 seconds
[2024-11-08T23:50:23.263+0000] {processor.py:157} INFO - Started process (PID=245) to work on /opt/airflow/dags/eia_natural_gas_monthly_variables_etl_pipeline_dag/convert_values_to_float.py
[2024-11-08T23:50:23.264+0000] {processor.py:829} INFO - Processing file /opt/airflow/dags/eia_natural_gas_monthly_variables_etl_pipeline_dag/convert_values_to_float.py for tasks to queue
[2024-11-08T23:50:23.265+0000] {logging_mixin.py:151} INFO - [2024-11-08T23:50:23.265+0000] {dagbag.py:539} INFO - Filling up the DagBag from /opt/airflow/dags/eia_natural_gas_monthly_variables_etl_pipeline_dag/convert_values_to_float.py
[2024-11-08T23:50:23.285+0000] {logging_mixin.py:151} INFO - [2024-11-08T23:50:23.281+0000] {dagbag.py:347} ERROR - Failed to import: /opt/airflow/dags/eia_natural_gas_monthly_variables_etl_pipeline_dag/convert_values_to_float.py
Traceback (most recent call last):
  File "/home/airflow/.local/lib/python3.8/site-packages/airflow/models/dagbag.py", line 343, in parse
    loader.exec_module(new_module)
  File "<frozen importlib._bootstrap_external>", line 843, in exec_module
  File "<frozen importlib._bootstrap>", line 219, in _call_with_frames_removed
  File "/opt/airflow/dags/eia_natural_gas_monthly_variables_etl_pipeline_dag/convert_values_to_float.py", line 3, in <module>
    from full_program.airflow.dags.utils.config import *
ModuleNotFoundError: No module named 'full_program'
[2024-11-08T23:50:23.287+0000] {processor.py:841} WARNING - No viable dags retrieved from /opt/airflow/dags/eia_natural_gas_monthly_variables_etl_pipeline_dag/convert_values_to_float.py
[2024-11-08T23:50:23.315+0000] {processor.py:179} INFO - Processing /opt/airflow/dags/eia_natural_gas_monthly_variables_etl_pipeline_dag/convert_values_to_float.py took 0.056 seconds
[2024-11-08T23:50:54.214+0000] {processor.py:157} INFO - Started process (PID=309) to work on /opt/airflow/dags/eia_natural_gas_monthly_variables_etl_pipeline_dag/convert_values_to_float.py
[2024-11-08T23:50:54.215+0000] {processor.py:829} INFO - Processing file /opt/airflow/dags/eia_natural_gas_monthly_variables_etl_pipeline_dag/convert_values_to_float.py for tasks to queue
[2024-11-08T23:50:54.216+0000] {logging_mixin.py:151} INFO - [2024-11-08T23:50:54.215+0000] {dagbag.py:539} INFO - Filling up the DagBag from /opt/airflow/dags/eia_natural_gas_monthly_variables_etl_pipeline_dag/convert_values_to_float.py
[2024-11-08T23:50:54.232+0000] {logging_mixin.py:151} INFO - [2024-11-08T23:50:54.228+0000] {dagbag.py:347} ERROR - Failed to import: /opt/airflow/dags/eia_natural_gas_monthly_variables_etl_pipeline_dag/convert_values_to_float.py
Traceback (most recent call last):
  File "/home/airflow/.local/lib/python3.8/site-packages/airflow/models/dagbag.py", line 343, in parse
    loader.exec_module(new_module)
  File "<frozen importlib._bootstrap_external>", line 843, in exec_module
  File "<frozen importlib._bootstrap>", line 219, in _call_with_frames_removed
  File "/opt/airflow/dags/eia_natural_gas_monthly_variables_etl_pipeline_dag/convert_values_to_float.py", line 3, in <module>
    from full_program.airflow.dags.utils.config import *
ModuleNotFoundError: No module named 'full_program'
[2024-11-08T23:50:54.233+0000] {processor.py:841} WARNING - No viable dags retrieved from /opt/airflow/dags/eia_natural_gas_monthly_variables_etl_pipeline_dag/convert_values_to_float.py
[2024-11-08T23:50:54.258+0000] {processor.py:179} INFO - Processing /opt/airflow/dags/eia_natural_gas_monthly_variables_etl_pipeline_dag/convert_values_to_float.py took 0.047 seconds
[2024-11-08T23:51:24.805+0000] {processor.py:157} INFO - Started process (PID=373) to work on /opt/airflow/dags/eia_natural_gas_monthly_variables_etl_pipeline_dag/convert_values_to_float.py
[2024-11-08T23:51:24.806+0000] {processor.py:829} INFO - Processing file /opt/airflow/dags/eia_natural_gas_monthly_variables_etl_pipeline_dag/convert_values_to_float.py for tasks to queue
[2024-11-08T23:51:24.807+0000] {logging_mixin.py:151} INFO - [2024-11-08T23:51:24.806+0000] {dagbag.py:539} INFO - Filling up the DagBag from /opt/airflow/dags/eia_natural_gas_monthly_variables_etl_pipeline_dag/convert_values_to_float.py
[2024-11-08T23:51:24.827+0000] {logging_mixin.py:151} INFO - [2024-11-08T23:51:24.822+0000] {dagbag.py:347} ERROR - Failed to import: /opt/airflow/dags/eia_natural_gas_monthly_variables_etl_pipeline_dag/convert_values_to_float.py
Traceback (most recent call last):
  File "/home/airflow/.local/lib/python3.8/site-packages/airflow/models/dagbag.py", line 343, in parse
    loader.exec_module(new_module)
  File "<frozen importlib._bootstrap_external>", line 843, in exec_module
  File "<frozen importlib._bootstrap>", line 219, in _call_with_frames_removed
  File "/opt/airflow/dags/eia_natural_gas_monthly_variables_etl_pipeline_dag/convert_values_to_float.py", line 3, in <module>
    from full_program.airflow.dags.utils.config import *
ModuleNotFoundError: No module named 'full_program'
[2024-11-08T23:51:24.829+0000] {processor.py:841} WARNING - No viable dags retrieved from /opt/airflow/dags/eia_natural_gas_monthly_variables_etl_pipeline_dag/convert_values_to_float.py
[2024-11-08T23:51:24.853+0000] {processor.py:179} INFO - Processing /opt/airflow/dags/eia_natural_gas_monthly_variables_etl_pipeline_dag/convert_values_to_float.py took 0.050 seconds
[2024-11-08T23:51:55.579+0000] {processor.py:157} INFO - Started process (PID=437) to work on /opt/airflow/dags/eia_natural_gas_monthly_variables_etl_pipeline_dag/convert_values_to_float.py
[2024-11-08T23:51:55.580+0000] {processor.py:829} INFO - Processing file /opt/airflow/dags/eia_natural_gas_monthly_variables_etl_pipeline_dag/convert_values_to_float.py for tasks to queue
[2024-11-08T23:51:55.581+0000] {logging_mixin.py:151} INFO - [2024-11-08T23:51:55.581+0000] {dagbag.py:539} INFO - Filling up the DagBag from /opt/airflow/dags/eia_natural_gas_monthly_variables_etl_pipeline_dag/convert_values_to_float.py
[2024-11-08T23:51:55.600+0000] {logging_mixin.py:151} INFO - [2024-11-08T23:51:55.596+0000] {dagbag.py:347} ERROR - Failed to import: /opt/airflow/dags/eia_natural_gas_monthly_variables_etl_pipeline_dag/convert_values_to_float.py
Traceback (most recent call last):
  File "/home/airflow/.local/lib/python3.8/site-packages/airflow/models/dagbag.py", line 343, in parse
    loader.exec_module(new_module)
  File "<frozen importlib._bootstrap_external>", line 843, in exec_module
  File "<frozen importlib._bootstrap>", line 219, in _call_with_frames_removed
  File "/opt/airflow/dags/eia_natural_gas_monthly_variables_etl_pipeline_dag/convert_values_to_float.py", line 3, in <module>
    from full_program.airflow.dags.utils.config import *
ModuleNotFoundError: No module named 'full_program'
[2024-11-08T23:51:55.601+0000] {processor.py:841} WARNING - No viable dags retrieved from /opt/airflow/dags/eia_natural_gas_monthly_variables_etl_pipeline_dag/convert_values_to_float.py
[2024-11-08T23:51:55.628+0000] {processor.py:179} INFO - Processing /opt/airflow/dags/eia_natural_gas_monthly_variables_etl_pipeline_dag/convert_values_to_float.py took 0.052 seconds
[2024-11-08T23:52:25.779+0000] {processor.py:157} INFO - Started process (PID=501) to work on /opt/airflow/dags/eia_natural_gas_monthly_variables_etl_pipeline_dag/convert_values_to_float.py
[2024-11-08T23:52:25.780+0000] {processor.py:829} INFO - Processing file /opt/airflow/dags/eia_natural_gas_monthly_variables_etl_pipeline_dag/convert_values_to_float.py for tasks to queue
[2024-11-08T23:52:25.781+0000] {logging_mixin.py:151} INFO - [2024-11-08T23:52:25.781+0000] {dagbag.py:539} INFO - Filling up the DagBag from /opt/airflow/dags/eia_natural_gas_monthly_variables_etl_pipeline_dag/convert_values_to_float.py
[2024-11-08T23:52:25.799+0000] {logging_mixin.py:151} INFO - [2024-11-08T23:52:25.795+0000] {dagbag.py:347} ERROR - Failed to import: /opt/airflow/dags/eia_natural_gas_monthly_variables_etl_pipeline_dag/convert_values_to_float.py
Traceback (most recent call last):
  File "/home/airflow/.local/lib/python3.8/site-packages/airflow/models/dagbag.py", line 343, in parse
    loader.exec_module(new_module)
  File "<frozen importlib._bootstrap_external>", line 843, in exec_module
  File "<frozen importlib._bootstrap>", line 219, in _call_with_frames_removed
  File "/opt/airflow/dags/eia_natural_gas_monthly_variables_etl_pipeline_dag/convert_values_to_float.py", line 3, in <module>
    from full_program.airflow.dags.utils.config import *
ModuleNotFoundError: No module named 'full_program'
[2024-11-08T23:52:25.800+0000] {processor.py:841} WARNING - No viable dags retrieved from /opt/airflow/dags/eia_natural_gas_monthly_variables_etl_pipeline_dag/convert_values_to_float.py
[2024-11-08T23:52:25.822+0000] {processor.py:179} INFO - Processing /opt/airflow/dags/eia_natural_gas_monthly_variables_etl_pipeline_dag/convert_values_to_float.py took 0.045 seconds
[2024-11-08T23:52:56.243+0000] {processor.py:157} INFO - Started process (PID=565) to work on /opt/airflow/dags/eia_natural_gas_monthly_variables_etl_pipeline_dag/convert_values_to_float.py
[2024-11-08T23:52:56.244+0000] {processor.py:829} INFO - Processing file /opt/airflow/dags/eia_natural_gas_monthly_variables_etl_pipeline_dag/convert_values_to_float.py for tasks to queue
[2024-11-08T23:52:56.245+0000] {logging_mixin.py:151} INFO - [2024-11-08T23:52:56.245+0000] {dagbag.py:539} INFO - Filling up the DagBag from /opt/airflow/dags/eia_natural_gas_monthly_variables_etl_pipeline_dag/convert_values_to_float.py
[2024-11-08T23:52:56.265+0000] {logging_mixin.py:151} INFO - [2024-11-08T23:52:56.260+0000] {dagbag.py:347} ERROR - Failed to import: /opt/airflow/dags/eia_natural_gas_monthly_variables_etl_pipeline_dag/convert_values_to_float.py
Traceback (most recent call last):
  File "/home/airflow/.local/lib/python3.8/site-packages/airflow/models/dagbag.py", line 343, in parse
    loader.exec_module(new_module)
  File "<frozen importlib._bootstrap_external>", line 843, in exec_module
  File "<frozen importlib._bootstrap>", line 219, in _call_with_frames_removed
  File "/opt/airflow/dags/eia_natural_gas_monthly_variables_etl_pipeline_dag/convert_values_to_float.py", line 3, in <module>
    from full_program.airflow.dags.utils.config import *
ModuleNotFoundError: No module named 'full_program'
[2024-11-08T23:52:56.266+0000] {processor.py:841} WARNING - No viable dags retrieved from /opt/airflow/dags/eia_natural_gas_monthly_variables_etl_pipeline_dag/convert_values_to_float.py
[2024-11-08T23:52:56.291+0000] {processor.py:179} INFO - Processing /opt/airflow/dags/eia_natural_gas_monthly_variables_etl_pipeline_dag/convert_values_to_float.py took 0.050 seconds
[2024-11-08T23:53:27.002+0000] {processor.py:157} INFO - Started process (PID=629) to work on /opt/airflow/dags/eia_natural_gas_monthly_variables_etl_pipeline_dag/convert_values_to_float.py
[2024-11-08T23:53:27.003+0000] {processor.py:829} INFO - Processing file /opt/airflow/dags/eia_natural_gas_monthly_variables_etl_pipeline_dag/convert_values_to_float.py for tasks to queue
[2024-11-08T23:53:27.004+0000] {logging_mixin.py:151} INFO - [2024-11-08T23:53:27.004+0000] {dagbag.py:539} INFO - Filling up the DagBag from /opt/airflow/dags/eia_natural_gas_monthly_variables_etl_pipeline_dag/convert_values_to_float.py
[2024-11-08T23:53:27.020+0000] {logging_mixin.py:151} INFO - [2024-11-08T23:53:27.017+0000] {dagbag.py:347} ERROR - Failed to import: /opt/airflow/dags/eia_natural_gas_monthly_variables_etl_pipeline_dag/convert_values_to_float.py
Traceback (most recent call last):
  File "/home/airflow/.local/lib/python3.8/site-packages/airflow/models/dagbag.py", line 343, in parse
    loader.exec_module(new_module)
  File "<frozen importlib._bootstrap_external>", line 843, in exec_module
  File "<frozen importlib._bootstrap>", line 219, in _call_with_frames_removed
  File "/opt/airflow/dags/eia_natural_gas_monthly_variables_etl_pipeline_dag/convert_values_to_float.py", line 3, in <module>
    from full_program.airflow.dags.utils.config import *
ModuleNotFoundError: No module named 'full_program'
[2024-11-08T23:53:27.022+0000] {processor.py:841} WARNING - No viable dags retrieved from /opt/airflow/dags/eia_natural_gas_monthly_variables_etl_pipeline_dag/convert_values_to_float.py
[2024-11-08T23:53:27.042+0000] {processor.py:179} INFO - Processing /opt/airflow/dags/eia_natural_gas_monthly_variables_etl_pipeline_dag/convert_values_to_float.py took 0.043 seconds
[2024-11-08T23:53:57.616+0000] {processor.py:157} INFO - Started process (PID=693) to work on /opt/airflow/dags/eia_natural_gas_monthly_variables_etl_pipeline_dag/convert_values_to_float.py
[2024-11-08T23:53:57.617+0000] {processor.py:829} INFO - Processing file /opt/airflow/dags/eia_natural_gas_monthly_variables_etl_pipeline_dag/convert_values_to_float.py for tasks to queue
[2024-11-08T23:53:57.618+0000] {logging_mixin.py:151} INFO - [2024-11-08T23:53:57.618+0000] {dagbag.py:539} INFO - Filling up the DagBag from /opt/airflow/dags/eia_natural_gas_monthly_variables_etl_pipeline_dag/convert_values_to_float.py
[2024-11-08T23:53:57.636+0000] {logging_mixin.py:151} INFO - [2024-11-08T23:53:57.633+0000] {dagbag.py:347} ERROR - Failed to import: /opt/airflow/dags/eia_natural_gas_monthly_variables_etl_pipeline_dag/convert_values_to_float.py
Traceback (most recent call last):
  File "/home/airflow/.local/lib/python3.8/site-packages/airflow/models/dagbag.py", line 343, in parse
    loader.exec_module(new_module)
  File "<frozen importlib._bootstrap_external>", line 843, in exec_module
  File "<frozen importlib._bootstrap>", line 219, in _call_with_frames_removed
  File "/opt/airflow/dags/eia_natural_gas_monthly_variables_etl_pipeline_dag/convert_values_to_float.py", line 3, in <module>
    from full_program.airflow.dags.utils.config import *
ModuleNotFoundError: No module named 'full_program'
[2024-11-08T23:53:57.638+0000] {processor.py:841} WARNING - No viable dags retrieved from /opt/airflow/dags/eia_natural_gas_monthly_variables_etl_pipeline_dag/convert_values_to_float.py
[2024-11-08T23:53:57.663+0000] {processor.py:179} INFO - Processing /opt/airflow/dags/eia_natural_gas_monthly_variables_etl_pipeline_dag/convert_values_to_float.py took 0.050 seconds
[2024-11-08T23:54:28.004+0000] {processor.py:157} INFO - Started process (PID=757) to work on /opt/airflow/dags/eia_natural_gas_monthly_variables_etl_pipeline_dag/convert_values_to_float.py
[2024-11-08T23:54:28.005+0000] {processor.py:829} INFO - Processing file /opt/airflow/dags/eia_natural_gas_monthly_variables_etl_pipeline_dag/convert_values_to_float.py for tasks to queue
[2024-11-08T23:54:28.006+0000] {logging_mixin.py:151} INFO - [2024-11-08T23:54:28.005+0000] {dagbag.py:539} INFO - Filling up the DagBag from /opt/airflow/dags/eia_natural_gas_monthly_variables_etl_pipeline_dag/convert_values_to_float.py
[2024-11-08T23:54:28.021+0000] {logging_mixin.py:151} INFO - [2024-11-08T23:54:28.018+0000] {dagbag.py:347} ERROR - Failed to import: /opt/airflow/dags/eia_natural_gas_monthly_variables_etl_pipeline_dag/convert_values_to_float.py
Traceback (most recent call last):
  File "/home/airflow/.local/lib/python3.8/site-packages/airflow/models/dagbag.py", line 343, in parse
    loader.exec_module(new_module)
  File "<frozen importlib._bootstrap_external>", line 843, in exec_module
  File "<frozen importlib._bootstrap>", line 219, in _call_with_frames_removed
  File "/opt/airflow/dags/eia_natural_gas_monthly_variables_etl_pipeline_dag/convert_values_to_float.py", line 3, in <module>
    from full_program.airflow.dags.utils.config import *
ModuleNotFoundError: No module named 'full_program'
[2024-11-08T23:54:28.022+0000] {processor.py:841} WARNING - No viable dags retrieved from /opt/airflow/dags/eia_natural_gas_monthly_variables_etl_pipeline_dag/convert_values_to_float.py
[2024-11-08T23:54:28.045+0000] {processor.py:179} INFO - Processing /opt/airflow/dags/eia_natural_gas_monthly_variables_etl_pipeline_dag/convert_values_to_float.py took 0.044 seconds
[2024-11-08T23:54:58.729+0000] {processor.py:157} INFO - Started process (PID=821) to work on /opt/airflow/dags/eia_natural_gas_monthly_variables_etl_pipeline_dag/convert_values_to_float.py
[2024-11-08T23:54:58.730+0000] {processor.py:829} INFO - Processing file /opt/airflow/dags/eia_natural_gas_monthly_variables_etl_pipeline_dag/convert_values_to_float.py for tasks to queue
[2024-11-08T23:54:58.731+0000] {logging_mixin.py:151} INFO - [2024-11-08T23:54:58.731+0000] {dagbag.py:539} INFO - Filling up the DagBag from /opt/airflow/dags/eia_natural_gas_monthly_variables_etl_pipeline_dag/convert_values_to_float.py
[2024-11-08T23:54:58.746+0000] {logging_mixin.py:151} INFO - [2024-11-08T23:54:58.743+0000] {dagbag.py:347} ERROR - Failed to import: /opt/airflow/dags/eia_natural_gas_monthly_variables_etl_pipeline_dag/convert_values_to_float.py
Traceback (most recent call last):
  File "/home/airflow/.local/lib/python3.8/site-packages/airflow/models/dagbag.py", line 343, in parse
    loader.exec_module(new_module)
  File "<frozen importlib._bootstrap_external>", line 843, in exec_module
  File "<frozen importlib._bootstrap>", line 219, in _call_with_frames_removed
  File "/opt/airflow/dags/eia_natural_gas_monthly_variables_etl_pipeline_dag/convert_values_to_float.py", line 3, in <module>
    from full_program.airflow.dags.utils.config import *
ModuleNotFoundError: No module named 'full_program'
[2024-11-08T23:54:58.748+0000] {processor.py:841} WARNING - No viable dags retrieved from /opt/airflow/dags/eia_natural_gas_monthly_variables_etl_pipeline_dag/convert_values_to_float.py
[2024-11-08T23:54:58.774+0000] {processor.py:179} INFO - Processing /opt/airflow/dags/eia_natural_gas_monthly_variables_etl_pipeline_dag/convert_values_to_float.py took 0.048 seconds
[2024-11-08T23:55:28.854+0000] {processor.py:157} INFO - Started process (PID=883) to work on /opt/airflow/dags/eia_natural_gas_monthly_variables_etl_pipeline_dag/convert_values_to_float.py
[2024-11-08T23:55:28.855+0000] {processor.py:829} INFO - Processing file /opt/airflow/dags/eia_natural_gas_monthly_variables_etl_pipeline_dag/convert_values_to_float.py for tasks to queue
[2024-11-08T23:55:28.856+0000] {logging_mixin.py:151} INFO - [2024-11-08T23:55:28.856+0000] {dagbag.py:539} INFO - Filling up the DagBag from /opt/airflow/dags/eia_natural_gas_monthly_variables_etl_pipeline_dag/convert_values_to_float.py
[2024-11-08T23:55:28.877+0000] {logging_mixin.py:151} INFO - [2024-11-08T23:55:28.872+0000] {dagbag.py:347} ERROR - Failed to import: /opt/airflow/dags/eia_natural_gas_monthly_variables_etl_pipeline_dag/convert_values_to_float.py
Traceback (most recent call last):
  File "/home/airflow/.local/lib/python3.8/site-packages/airflow/models/dagbag.py", line 343, in parse
    loader.exec_module(new_module)
  File "<frozen importlib._bootstrap_external>", line 843, in exec_module
  File "<frozen importlib._bootstrap>", line 219, in _call_with_frames_removed
  File "/opt/airflow/dags/eia_natural_gas_monthly_variables_etl_pipeline_dag/convert_values_to_float.py", line 3, in <module>
    from full_program.airflow.dags.utils.config import *
ModuleNotFoundError: No module named 'full_program'
[2024-11-08T23:55:28.879+0000] {processor.py:841} WARNING - No viable dags retrieved from /opt/airflow/dags/eia_natural_gas_monthly_variables_etl_pipeline_dag/convert_values_to_float.py
[2024-11-08T23:55:28.902+0000] {processor.py:179} INFO - Processing /opt/airflow/dags/eia_natural_gas_monthly_variables_etl_pipeline_dag/convert_values_to_float.py took 0.052 seconds
[2024-11-08T23:55:59.049+0000] {processor.py:157} INFO - Started process (PID=947) to work on /opt/airflow/dags/eia_natural_gas_monthly_variables_etl_pipeline_dag/convert_values_to_float.py
[2024-11-08T23:55:59.051+0000] {processor.py:829} INFO - Processing file /opt/airflow/dags/eia_natural_gas_monthly_variables_etl_pipeline_dag/convert_values_to_float.py for tasks to queue
[2024-11-08T23:55:59.052+0000] {logging_mixin.py:151} INFO - [2024-11-08T23:55:59.052+0000] {dagbag.py:539} INFO - Filling up the DagBag from /opt/airflow/dags/eia_natural_gas_monthly_variables_etl_pipeline_dag/convert_values_to_float.py
[2024-11-08T23:55:59.075+0000] {logging_mixin.py:151} INFO - [2024-11-08T23:55:59.071+0000] {dagbag.py:347} ERROR - Failed to import: /opt/airflow/dags/eia_natural_gas_monthly_variables_etl_pipeline_dag/convert_values_to_float.py
Traceback (most recent call last):
  File "/home/airflow/.local/lib/python3.8/site-packages/airflow/models/dagbag.py", line 343, in parse
    loader.exec_module(new_module)
  File "<frozen importlib._bootstrap_external>", line 843, in exec_module
  File "<frozen importlib._bootstrap>", line 219, in _call_with_frames_removed
  File "/opt/airflow/dags/eia_natural_gas_monthly_variables_etl_pipeline_dag/convert_values_to_float.py", line 3, in <module>
    from full_program.airflow.dags.utils.config import *
ModuleNotFoundError: No module named 'full_program'
[2024-11-08T23:55:59.076+0000] {processor.py:841} WARNING - No viable dags retrieved from /opt/airflow/dags/eia_natural_gas_monthly_variables_etl_pipeline_dag/convert_values_to_float.py
[2024-11-08T23:55:59.098+0000] {processor.py:179} INFO - Processing /opt/airflow/dags/eia_natural_gas_monthly_variables_etl_pipeline_dag/convert_values_to_float.py took 0.052 seconds
[2024-11-08T23:56:30.070+0000] {processor.py:157} INFO - Started process (PID=1013) to work on /opt/airflow/dags/eia_natural_gas_monthly_variables_etl_pipeline_dag/convert_values_to_float.py
[2024-11-08T23:56:30.071+0000] {processor.py:829} INFO - Processing file /opt/airflow/dags/eia_natural_gas_monthly_variables_etl_pipeline_dag/convert_values_to_float.py for tasks to queue
[2024-11-08T23:56:30.072+0000] {logging_mixin.py:151} INFO - [2024-11-08T23:56:30.072+0000] {dagbag.py:539} INFO - Filling up the DagBag from /opt/airflow/dags/eia_natural_gas_monthly_variables_etl_pipeline_dag/convert_values_to_float.py
[2024-11-08T23:56:30.087+0000] {logging_mixin.py:151} INFO - [2024-11-08T23:56:30.084+0000] {dagbag.py:347} ERROR - Failed to import: /opt/airflow/dags/eia_natural_gas_monthly_variables_etl_pipeline_dag/convert_values_to_float.py
Traceback (most recent call last):
  File "/home/airflow/.local/lib/python3.8/site-packages/airflow/models/dagbag.py", line 343, in parse
    loader.exec_module(new_module)
  File "<frozen importlib._bootstrap_external>", line 843, in exec_module
  File "<frozen importlib._bootstrap>", line 219, in _call_with_frames_removed
  File "/opt/airflow/dags/eia_natural_gas_monthly_variables_etl_pipeline_dag/convert_values_to_float.py", line 3, in <module>
    from full_program.airflow.dags.utils.config import *
ModuleNotFoundError: No module named 'full_program'
[2024-11-08T23:56:30.088+0000] {processor.py:841} WARNING - No viable dags retrieved from /opt/airflow/dags/eia_natural_gas_monthly_variables_etl_pipeline_dag/convert_values_to_float.py
[2024-11-08T23:56:30.109+0000] {processor.py:179} INFO - Processing /opt/airflow/dags/eia_natural_gas_monthly_variables_etl_pipeline_dag/convert_values_to_float.py took 0.041 seconds
[2024-11-08T23:57:01.002+0000] {processor.py:157} INFO - Started process (PID=1077) to work on /opt/airflow/dags/eia_natural_gas_monthly_variables_etl_pipeline_dag/convert_values_to_float.py
[2024-11-08T23:57:01.003+0000] {processor.py:829} INFO - Processing file /opt/airflow/dags/eia_natural_gas_monthly_variables_etl_pipeline_dag/convert_values_to_float.py for tasks to queue
[2024-11-08T23:57:01.004+0000] {logging_mixin.py:151} INFO - [2024-11-08T23:57:01.004+0000] {dagbag.py:539} INFO - Filling up the DagBag from /opt/airflow/dags/eia_natural_gas_monthly_variables_etl_pipeline_dag/convert_values_to_float.py
[2024-11-08T23:57:01.020+0000] {logging_mixin.py:151} INFO - [2024-11-08T23:57:01.016+0000] {dagbag.py:347} ERROR - Failed to import: /opt/airflow/dags/eia_natural_gas_monthly_variables_etl_pipeline_dag/convert_values_to_float.py
Traceback (most recent call last):
  File "/home/airflow/.local/lib/python3.8/site-packages/airflow/models/dagbag.py", line 343, in parse
    loader.exec_module(new_module)
  File "<frozen importlib._bootstrap_external>", line 843, in exec_module
  File "<frozen importlib._bootstrap>", line 219, in _call_with_frames_removed
  File "/opt/airflow/dags/eia_natural_gas_monthly_variables_etl_pipeline_dag/convert_values_to_float.py", line 3, in <module>
    from full_program.airflow.dags.utils.config import *
ModuleNotFoundError: No module named 'full_program'
[2024-11-08T23:57:01.021+0000] {processor.py:841} WARNING - No viable dags retrieved from /opt/airflow/dags/eia_natural_gas_monthly_variables_etl_pipeline_dag/convert_values_to_float.py
[2024-11-08T23:57:01.041+0000] {processor.py:179} INFO - Processing /opt/airflow/dags/eia_natural_gas_monthly_variables_etl_pipeline_dag/convert_values_to_float.py took 0.042 seconds
[2024-11-08T23:57:31.234+0000] {processor.py:157} INFO - Started process (PID=1141) to work on /opt/airflow/dags/eia_natural_gas_monthly_variables_etl_pipeline_dag/convert_values_to_float.py
[2024-11-08T23:57:31.235+0000] {processor.py:829} INFO - Processing file /opt/airflow/dags/eia_natural_gas_monthly_variables_etl_pipeline_dag/convert_values_to_float.py for tasks to queue
[2024-11-08T23:57:31.236+0000] {logging_mixin.py:151} INFO - [2024-11-08T23:57:31.236+0000] {dagbag.py:539} INFO - Filling up the DagBag from /opt/airflow/dags/eia_natural_gas_monthly_variables_etl_pipeline_dag/convert_values_to_float.py
[2024-11-08T23:57:31.251+0000] {logging_mixin.py:151} INFO - [2024-11-08T23:57:31.247+0000] {dagbag.py:347} ERROR - Failed to import: /opt/airflow/dags/eia_natural_gas_monthly_variables_etl_pipeline_dag/convert_values_to_float.py
Traceback (most recent call last):
  File "/home/airflow/.local/lib/python3.8/site-packages/airflow/models/dagbag.py", line 343, in parse
    loader.exec_module(new_module)
  File "<frozen importlib._bootstrap_external>", line 843, in exec_module
  File "<frozen importlib._bootstrap>", line 219, in _call_with_frames_removed
  File "/opt/airflow/dags/eia_natural_gas_monthly_variables_etl_pipeline_dag/convert_values_to_float.py", line 3, in <module>
    from full_program.airflow.dags.utils.config import *
ModuleNotFoundError: No module named 'full_program'
[2024-11-08T23:57:31.253+0000] {processor.py:841} WARNING - No viable dags retrieved from /opt/airflow/dags/eia_natural_gas_monthly_variables_etl_pipeline_dag/convert_values_to_float.py
[2024-11-08T23:57:31.273+0000] {processor.py:179} INFO - Processing /opt/airflow/dags/eia_natural_gas_monthly_variables_etl_pipeline_dag/convert_values_to_float.py took 0.041 seconds
[2024-11-08T23:58:01.735+0000] {processor.py:157} INFO - Started process (PID=1205) to work on /opt/airflow/dags/eia_natural_gas_monthly_variables_etl_pipeline_dag/convert_values_to_float.py
[2024-11-08T23:58:01.736+0000] {processor.py:829} INFO - Processing file /opt/airflow/dags/eia_natural_gas_monthly_variables_etl_pipeline_dag/convert_values_to_float.py for tasks to queue
[2024-11-08T23:58:01.737+0000] {logging_mixin.py:151} INFO - [2024-11-08T23:58:01.737+0000] {dagbag.py:539} INFO - Filling up the DagBag from /opt/airflow/dags/eia_natural_gas_monthly_variables_etl_pipeline_dag/convert_values_to_float.py
[2024-11-08T23:58:01.780+0000] {logging_mixin.py:151} INFO - [2024-11-08T23:58:01.772+0000] {dagbag.py:347} ERROR - Failed to import: /opt/airflow/dags/eia_natural_gas_monthly_variables_etl_pipeline_dag/convert_values_to_float.py
Traceback (most recent call last):
  File "/home/airflow/.local/lib/python3.8/site-packages/airflow/models/dagbag.py", line 343, in parse
    loader.exec_module(new_module)
  File "<frozen importlib._bootstrap_external>", line 843, in exec_module
  File "<frozen importlib._bootstrap>", line 219, in _call_with_frames_removed
  File "/opt/airflow/dags/eia_natural_gas_monthly_variables_etl_pipeline_dag/convert_values_to_float.py", line 3, in <module>
    from full_program.airflow.dags.utils.config import *
ModuleNotFoundError: No module named 'full_program'
[2024-11-08T23:58:01.784+0000] {processor.py:841} WARNING - No viable dags retrieved from /opt/airflow/dags/eia_natural_gas_monthly_variables_etl_pipeline_dag/convert_values_to_float.py
[2024-11-08T23:58:01.810+0000] {processor.py:179} INFO - Processing /opt/airflow/dags/eia_natural_gas_monthly_variables_etl_pipeline_dag/convert_values_to_float.py took 0.079 seconds
[2024-11-08T23:58:32.881+0000] {processor.py:157} INFO - Started process (PID=1269) to work on /opt/airflow/dags/eia_natural_gas_monthly_variables_etl_pipeline_dag/convert_values_to_float.py
[2024-11-08T23:58:32.882+0000] {processor.py:829} INFO - Processing file /opt/airflow/dags/eia_natural_gas_monthly_variables_etl_pipeline_dag/convert_values_to_float.py for tasks to queue
[2024-11-08T23:58:32.883+0000] {logging_mixin.py:151} INFO - [2024-11-08T23:58:32.882+0000] {dagbag.py:539} INFO - Filling up the DagBag from /opt/airflow/dags/eia_natural_gas_monthly_variables_etl_pipeline_dag/convert_values_to_float.py
[2024-11-08T23:58:32.899+0000] {logging_mixin.py:151} INFO - [2024-11-08T23:58:32.895+0000] {dagbag.py:347} ERROR - Failed to import: /opt/airflow/dags/eia_natural_gas_monthly_variables_etl_pipeline_dag/convert_values_to_float.py
Traceback (most recent call last):
  File "/home/airflow/.local/lib/python3.8/site-packages/airflow/models/dagbag.py", line 343, in parse
    loader.exec_module(new_module)
  File "<frozen importlib._bootstrap_external>", line 843, in exec_module
  File "<frozen importlib._bootstrap>", line 219, in _call_with_frames_removed
  File "/opt/airflow/dags/eia_natural_gas_monthly_variables_etl_pipeline_dag/convert_values_to_float.py", line 3, in <module>
    from full_program.airflow.dags.utils.config import *
ModuleNotFoundError: No module named 'full_program'
[2024-11-08T23:58:32.900+0000] {processor.py:841} WARNING - No viable dags retrieved from /opt/airflow/dags/eia_natural_gas_monthly_variables_etl_pipeline_dag/convert_values_to_float.py
[2024-11-08T23:58:32.920+0000] {processor.py:179} INFO - Processing /opt/airflow/dags/eia_natural_gas_monthly_variables_etl_pipeline_dag/convert_values_to_float.py took 0.042 seconds
[2024-11-08T23:59:03.951+0000] {processor.py:157} INFO - Started process (PID=1333) to work on /opt/airflow/dags/eia_natural_gas_monthly_variables_etl_pipeline_dag/convert_values_to_float.py
[2024-11-08T23:59:03.952+0000] {processor.py:829} INFO - Processing file /opt/airflow/dags/eia_natural_gas_monthly_variables_etl_pipeline_dag/convert_values_to_float.py for tasks to queue
[2024-11-08T23:59:03.954+0000] {logging_mixin.py:151} INFO - [2024-11-08T23:59:03.953+0000] {dagbag.py:539} INFO - Filling up the DagBag from /opt/airflow/dags/eia_natural_gas_monthly_variables_etl_pipeline_dag/convert_values_to_float.py
[2024-11-08T23:59:03.972+0000] {logging_mixin.py:151} INFO - [2024-11-08T23:59:03.968+0000] {dagbag.py:347} ERROR - Failed to import: /opt/airflow/dags/eia_natural_gas_monthly_variables_etl_pipeline_dag/convert_values_to_float.py
Traceback (most recent call last):
  File "/home/airflow/.local/lib/python3.8/site-packages/airflow/models/dagbag.py", line 343, in parse
    loader.exec_module(new_module)
  File "<frozen importlib._bootstrap_external>", line 843, in exec_module
  File "<frozen importlib._bootstrap>", line 219, in _call_with_frames_removed
  File "/opt/airflow/dags/eia_natural_gas_monthly_variables_etl_pipeline_dag/convert_values_to_float.py", line 3, in <module>
    from full_program.airflow.dags.utils.config import *
ModuleNotFoundError: No module named 'full_program'
[2024-11-08T23:59:03.973+0000] {processor.py:841} WARNING - No viable dags retrieved from /opt/airflow/dags/eia_natural_gas_monthly_variables_etl_pipeline_dag/convert_values_to_float.py
[2024-11-08T23:59:03.996+0000] {processor.py:179} INFO - Processing /opt/airflow/dags/eia_natural_gas_monthly_variables_etl_pipeline_dag/convert_values_to_float.py took 0.048 seconds
[2024-11-08T23:59:34.854+0000] {processor.py:157} INFO - Started process (PID=1397) to work on /opt/airflow/dags/eia_natural_gas_monthly_variables_etl_pipeline_dag/convert_values_to_float.py
[2024-11-08T23:59:34.855+0000] {processor.py:829} INFO - Processing file /opt/airflow/dags/eia_natural_gas_monthly_variables_etl_pipeline_dag/convert_values_to_float.py for tasks to queue
[2024-11-08T23:59:34.856+0000] {logging_mixin.py:151} INFO - [2024-11-08T23:59:34.856+0000] {dagbag.py:539} INFO - Filling up the DagBag from /opt/airflow/dags/eia_natural_gas_monthly_variables_etl_pipeline_dag/convert_values_to_float.py
[2024-11-08T23:59:34.875+0000] {logging_mixin.py:151} INFO - [2024-11-08T23:59:34.870+0000] {dagbag.py:347} ERROR - Failed to import: /opt/airflow/dags/eia_natural_gas_monthly_variables_etl_pipeline_dag/convert_values_to_float.py
Traceback (most recent call last):
  File "/home/airflow/.local/lib/python3.8/site-packages/airflow/models/dagbag.py", line 343, in parse
    loader.exec_module(new_module)
  File "<frozen importlib._bootstrap_external>", line 843, in exec_module
  File "<frozen importlib._bootstrap>", line 219, in _call_with_frames_removed
  File "/opt/airflow/dags/eia_natural_gas_monthly_variables_etl_pipeline_dag/convert_values_to_float.py", line 3, in <module>
    from full_program.airflow.dags.utils.config import *
ModuleNotFoundError: No module named 'full_program'
[2024-11-08T23:59:34.876+0000] {processor.py:841} WARNING - No viable dags retrieved from /opt/airflow/dags/eia_natural_gas_monthly_variables_etl_pipeline_dag/convert_values_to_float.py
[2024-11-08T23:59:34.908+0000] {processor.py:179} INFO - Processing /opt/airflow/dags/eia_natural_gas_monthly_variables_etl_pipeline_dag/convert_values_to_float.py took 0.058 seconds
