[2024-11-08T23:49:56.639+0000] {processor.py:157} INFO - Started process (PID=203) to work on /opt/airflow/dags/eia_natural_gas_monthly_variables_etl_pipeline_dag/drop_nulls.py
[2024-11-08T23:49:56.640+0000] {processor.py:829} INFO - Processing file /opt/airflow/dags/eia_natural_gas_monthly_variables_etl_pipeline_dag/drop_nulls.py for tasks to queue
[2024-11-08T23:49:56.641+0000] {logging_mixin.py:151} INFO - [2024-11-08T23:49:56.641+0000] {dagbag.py:539} INFO - Filling up the DagBag from /opt/airflow/dags/eia_natural_gas_monthly_variables_etl_pipeline_dag/drop_nulls.py
[2024-11-08T23:49:56.670+0000] {logging_mixin.py:151} INFO - [2024-11-08T23:49:56.664+0000] {dagbag.py:347} ERROR - Failed to import: /opt/airflow/dags/eia_natural_gas_monthly_variables_etl_pipeline_dag/drop_nulls.py
Traceback (most recent call last):
  File "/home/airflow/.local/lib/python3.8/site-packages/airflow/models/dagbag.py", line 343, in parse
    loader.exec_module(new_module)
  File "<frozen importlib._bootstrap_external>", line 843, in exec_module
  File "<frozen importlib._bootstrap>", line 219, in _call_with_frames_removed
  File "/opt/airflow/dags/eia_natural_gas_monthly_variables_etl_pipeline_dag/drop_nulls.py", line 3, in <module>
    from full_program.airflow.dags.utils.config import *
ModuleNotFoundError: No module named 'full_program'
[2024-11-08T23:49:56.672+0000] {processor.py:841} WARNING - No viable dags retrieved from /opt/airflow/dags/eia_natural_gas_monthly_variables_etl_pipeline_dag/drop_nulls.py
[2024-11-08T23:49:56.747+0000] {processor.py:179} INFO - Processing /opt/airflow/dags/eia_natural_gas_monthly_variables_etl_pipeline_dag/drop_nulls.py took 0.110 seconds
[2024-11-08T23:50:28.529+0000] {processor.py:157} INFO - Started process (PID=267) to work on /opt/airflow/dags/eia_natural_gas_monthly_variables_etl_pipeline_dag/drop_nulls.py
[2024-11-08T23:50:28.530+0000] {processor.py:829} INFO - Processing file /opt/airflow/dags/eia_natural_gas_monthly_variables_etl_pipeline_dag/drop_nulls.py for tasks to queue
[2024-11-08T23:50:28.531+0000] {logging_mixin.py:151} INFO - [2024-11-08T23:50:28.531+0000] {dagbag.py:539} INFO - Filling up the DagBag from /opt/airflow/dags/eia_natural_gas_monthly_variables_etl_pipeline_dag/drop_nulls.py
[2024-11-08T23:50:28.551+0000] {logging_mixin.py:151} INFO - [2024-11-08T23:50:28.547+0000] {dagbag.py:347} ERROR - Failed to import: /opt/airflow/dags/eia_natural_gas_monthly_variables_etl_pipeline_dag/drop_nulls.py
Traceback (most recent call last):
  File "/home/airflow/.local/lib/python3.8/site-packages/airflow/models/dagbag.py", line 343, in parse
    loader.exec_module(new_module)
  File "<frozen importlib._bootstrap_external>", line 843, in exec_module
  File "<frozen importlib._bootstrap>", line 219, in _call_with_frames_removed
  File "/opt/airflow/dags/eia_natural_gas_monthly_variables_etl_pipeline_dag/drop_nulls.py", line 3, in <module>
    from full_program.airflow.dags.utils.config import *
ModuleNotFoundError: No module named 'full_program'
[2024-11-08T23:50:28.553+0000] {processor.py:841} WARNING - No viable dags retrieved from /opt/airflow/dags/eia_natural_gas_monthly_variables_etl_pipeline_dag/drop_nulls.py
[2024-11-08T23:50:28.579+0000] {processor.py:179} INFO - Processing /opt/airflow/dags/eia_natural_gas_monthly_variables_etl_pipeline_dag/drop_nulls.py took 0.052 seconds
[2024-11-08T23:51:00.630+0000] {processor.py:157} INFO - Started process (PID=331) to work on /opt/airflow/dags/eia_natural_gas_monthly_variables_etl_pipeline_dag/drop_nulls.py
[2024-11-08T23:51:00.631+0000] {processor.py:829} INFO - Processing file /opt/airflow/dags/eia_natural_gas_monthly_variables_etl_pipeline_dag/drop_nulls.py for tasks to queue
[2024-11-08T23:51:00.632+0000] {logging_mixin.py:151} INFO - [2024-11-08T23:51:00.632+0000] {dagbag.py:539} INFO - Filling up the DagBag from /opt/airflow/dags/eia_natural_gas_monthly_variables_etl_pipeline_dag/drop_nulls.py
[2024-11-08T23:51:00.652+0000] {logging_mixin.py:151} INFO - [2024-11-08T23:51:00.645+0000] {dagbag.py:347} ERROR - Failed to import: /opt/airflow/dags/eia_natural_gas_monthly_variables_etl_pipeline_dag/drop_nulls.py
Traceback (most recent call last):
  File "/home/airflow/.local/lib/python3.8/site-packages/airflow/models/dagbag.py", line 343, in parse
    loader.exec_module(new_module)
  File "<frozen importlib._bootstrap_external>", line 843, in exec_module
  File "<frozen importlib._bootstrap>", line 219, in _call_with_frames_removed
  File "/opt/airflow/dags/eia_natural_gas_monthly_variables_etl_pipeline_dag/drop_nulls.py", line 3, in <module>
    from full_program.airflow.dags.utils.config import *
ModuleNotFoundError: No module named 'full_program'
[2024-11-08T23:51:00.654+0000] {processor.py:841} WARNING - No viable dags retrieved from /opt/airflow/dags/eia_natural_gas_monthly_variables_etl_pipeline_dag/drop_nulls.py
[2024-11-08T23:51:00.683+0000] {processor.py:179} INFO - Processing /opt/airflow/dags/eia_natural_gas_monthly_variables_etl_pipeline_dag/drop_nulls.py took 0.057 seconds
[2024-11-08T23:51:31.739+0000] {processor.py:157} INFO - Started process (PID=393) to work on /opt/airflow/dags/eia_natural_gas_monthly_variables_etl_pipeline_dag/drop_nulls.py
[2024-11-08T23:51:31.740+0000] {processor.py:829} INFO - Processing file /opt/airflow/dags/eia_natural_gas_monthly_variables_etl_pipeline_dag/drop_nulls.py for tasks to queue
[2024-11-08T23:51:31.741+0000] {logging_mixin.py:151} INFO - [2024-11-08T23:51:31.741+0000] {dagbag.py:539} INFO - Filling up the DagBag from /opt/airflow/dags/eia_natural_gas_monthly_variables_etl_pipeline_dag/drop_nulls.py
[2024-11-08T23:51:31.765+0000] {logging_mixin.py:151} INFO - [2024-11-08T23:51:31.761+0000] {dagbag.py:347} ERROR - Failed to import: /opt/airflow/dags/eia_natural_gas_monthly_variables_etl_pipeline_dag/drop_nulls.py
Traceback (most recent call last):
  File "/home/airflow/.local/lib/python3.8/site-packages/airflow/models/dagbag.py", line 343, in parse
    loader.exec_module(new_module)
  File "<frozen importlib._bootstrap_external>", line 843, in exec_module
  File "<frozen importlib._bootstrap>", line 219, in _call_with_frames_removed
  File "/opt/airflow/dags/eia_natural_gas_monthly_variables_etl_pipeline_dag/drop_nulls.py", line 3, in <module>
    from full_program.airflow.dags.utils.config import *
ModuleNotFoundError: No module named 'full_program'
[2024-11-08T23:51:31.766+0000] {processor.py:841} WARNING - No viable dags retrieved from /opt/airflow/dags/eia_natural_gas_monthly_variables_etl_pipeline_dag/drop_nulls.py
[2024-11-08T23:51:31.788+0000] {processor.py:179} INFO - Processing /opt/airflow/dags/eia_natural_gas_monthly_variables_etl_pipeline_dag/drop_nulls.py took 0.052 seconds
[2024-11-08T23:52:02.616+0000] {processor.py:157} INFO - Started process (PID=459) to work on /opt/airflow/dags/eia_natural_gas_monthly_variables_etl_pipeline_dag/drop_nulls.py
[2024-11-08T23:52:02.617+0000] {processor.py:829} INFO - Processing file /opt/airflow/dags/eia_natural_gas_monthly_variables_etl_pipeline_dag/drop_nulls.py for tasks to queue
[2024-11-08T23:52:02.618+0000] {logging_mixin.py:151} INFO - [2024-11-08T23:52:02.617+0000] {dagbag.py:539} INFO - Filling up the DagBag from /opt/airflow/dags/eia_natural_gas_monthly_variables_etl_pipeline_dag/drop_nulls.py
[2024-11-08T23:52:02.634+0000] {logging_mixin.py:151} INFO - [2024-11-08T23:52:02.630+0000] {dagbag.py:347} ERROR - Failed to import: /opt/airflow/dags/eia_natural_gas_monthly_variables_etl_pipeline_dag/drop_nulls.py
Traceback (most recent call last):
  File "/home/airflow/.local/lib/python3.8/site-packages/airflow/models/dagbag.py", line 343, in parse
    loader.exec_module(new_module)
  File "<frozen importlib._bootstrap_external>", line 843, in exec_module
  File "<frozen importlib._bootstrap>", line 219, in _call_with_frames_removed
  File "/opt/airflow/dags/eia_natural_gas_monthly_variables_etl_pipeline_dag/drop_nulls.py", line 3, in <module>
    from full_program.airflow.dags.utils.config import *
ModuleNotFoundError: No module named 'full_program'
[2024-11-08T23:52:02.641+0000] {processor.py:841} WARNING - No viable dags retrieved from /opt/airflow/dags/eia_natural_gas_monthly_variables_etl_pipeline_dag/drop_nulls.py
[2024-11-08T23:52:02.665+0000] {processor.py:179} INFO - Processing /opt/airflow/dags/eia_natural_gas_monthly_variables_etl_pipeline_dag/drop_nulls.py took 0.052 seconds
[2024-11-08T23:52:34.102+0000] {processor.py:157} INFO - Started process (PID=523) to work on /opt/airflow/dags/eia_natural_gas_monthly_variables_etl_pipeline_dag/drop_nulls.py
[2024-11-08T23:52:34.103+0000] {processor.py:829} INFO - Processing file /opt/airflow/dags/eia_natural_gas_monthly_variables_etl_pipeline_dag/drop_nulls.py for tasks to queue
[2024-11-08T23:52:34.103+0000] {logging_mixin.py:151} INFO - [2024-11-08T23:52:34.103+0000] {dagbag.py:539} INFO - Filling up the DagBag from /opt/airflow/dags/eia_natural_gas_monthly_variables_etl_pipeline_dag/drop_nulls.py
[2024-11-08T23:52:34.118+0000] {logging_mixin.py:151} INFO - [2024-11-08T23:52:34.115+0000] {dagbag.py:347} ERROR - Failed to import: /opt/airflow/dags/eia_natural_gas_monthly_variables_etl_pipeline_dag/drop_nulls.py
Traceback (most recent call last):
  File "/home/airflow/.local/lib/python3.8/site-packages/airflow/models/dagbag.py", line 343, in parse
    loader.exec_module(new_module)
  File "<frozen importlib._bootstrap_external>", line 843, in exec_module
  File "<frozen importlib._bootstrap>", line 219, in _call_with_frames_removed
  File "/opt/airflow/dags/eia_natural_gas_monthly_variables_etl_pipeline_dag/drop_nulls.py", line 3, in <module>
    from full_program.airflow.dags.utils.config import *
ModuleNotFoundError: No module named 'full_program'
[2024-11-08T23:52:34.120+0000] {processor.py:841} WARNING - No viable dags retrieved from /opt/airflow/dags/eia_natural_gas_monthly_variables_etl_pipeline_dag/drop_nulls.py
[2024-11-08T23:52:34.142+0000] {processor.py:179} INFO - Processing /opt/airflow/dags/eia_natural_gas_monthly_variables_etl_pipeline_dag/drop_nulls.py took 0.043 seconds
[2024-11-08T23:53:06.071+0000] {processor.py:157} INFO - Started process (PID=587) to work on /opt/airflow/dags/eia_natural_gas_monthly_variables_etl_pipeline_dag/drop_nulls.py
[2024-11-08T23:53:06.074+0000] {processor.py:829} INFO - Processing file /opt/airflow/dags/eia_natural_gas_monthly_variables_etl_pipeline_dag/drop_nulls.py for tasks to queue
[2024-11-08T23:53:06.077+0000] {logging_mixin.py:151} INFO - [2024-11-08T23:53:06.077+0000] {dagbag.py:539} INFO - Filling up the DagBag from /opt/airflow/dags/eia_natural_gas_monthly_variables_etl_pipeline_dag/drop_nulls.py
[2024-11-08T23:53:06.109+0000] {logging_mixin.py:151} INFO - [2024-11-08T23:53:06.096+0000] {dagbag.py:347} ERROR - Failed to import: /opt/airflow/dags/eia_natural_gas_monthly_variables_etl_pipeline_dag/drop_nulls.py
Traceback (most recent call last):
  File "/home/airflow/.local/lib/python3.8/site-packages/airflow/models/dagbag.py", line 343, in parse
    loader.exec_module(new_module)
  File "<frozen importlib._bootstrap_external>", line 843, in exec_module
  File "<frozen importlib._bootstrap>", line 219, in _call_with_frames_removed
  File "/opt/airflow/dags/eia_natural_gas_monthly_variables_etl_pipeline_dag/drop_nulls.py", line 3, in <module>
    from full_program.airflow.dags.utils.config import *
ModuleNotFoundError: No module named 'full_program'
[2024-11-08T23:53:06.111+0000] {processor.py:841} WARNING - No viable dags retrieved from /opt/airflow/dags/eia_natural_gas_monthly_variables_etl_pipeline_dag/drop_nulls.py
[2024-11-08T23:53:06.141+0000] {processor.py:179} INFO - Processing /opt/airflow/dags/eia_natural_gas_monthly_variables_etl_pipeline_dag/drop_nulls.py took 0.073 seconds
[2024-11-08T23:53:37.179+0000] {processor.py:157} INFO - Started process (PID=651) to work on /opt/airflow/dags/eia_natural_gas_monthly_variables_etl_pipeline_dag/drop_nulls.py
[2024-11-08T23:53:37.180+0000] {processor.py:829} INFO - Processing file /opt/airflow/dags/eia_natural_gas_monthly_variables_etl_pipeline_dag/drop_nulls.py for tasks to queue
[2024-11-08T23:53:37.181+0000] {logging_mixin.py:151} INFO - [2024-11-08T23:53:37.181+0000] {dagbag.py:539} INFO - Filling up the DagBag from /opt/airflow/dags/eia_natural_gas_monthly_variables_etl_pipeline_dag/drop_nulls.py
[2024-11-08T23:53:37.203+0000] {logging_mixin.py:151} INFO - [2024-11-08T23:53:37.198+0000] {dagbag.py:347} ERROR - Failed to import: /opt/airflow/dags/eia_natural_gas_monthly_variables_etl_pipeline_dag/drop_nulls.py
Traceback (most recent call last):
  File "/home/airflow/.local/lib/python3.8/site-packages/airflow/models/dagbag.py", line 343, in parse
    loader.exec_module(new_module)
  File "<frozen importlib._bootstrap_external>", line 843, in exec_module
  File "<frozen importlib._bootstrap>", line 219, in _call_with_frames_removed
  File "/opt/airflow/dags/eia_natural_gas_monthly_variables_etl_pipeline_dag/drop_nulls.py", line 3, in <module>
    from full_program.airflow.dags.utils.config import *
ModuleNotFoundError: No module named 'full_program'
[2024-11-08T23:53:37.204+0000] {processor.py:841} WARNING - No viable dags retrieved from /opt/airflow/dags/eia_natural_gas_monthly_variables_etl_pipeline_dag/drop_nulls.py
[2024-11-08T23:53:37.234+0000] {processor.py:179} INFO - Processing /opt/airflow/dags/eia_natural_gas_monthly_variables_etl_pipeline_dag/drop_nulls.py took 0.058 seconds
[2024-11-08T23:54:08.698+0000] {processor.py:157} INFO - Started process (PID=715) to work on /opt/airflow/dags/eia_natural_gas_monthly_variables_etl_pipeline_dag/drop_nulls.py
[2024-11-08T23:54:08.699+0000] {processor.py:829} INFO - Processing file /opt/airflow/dags/eia_natural_gas_monthly_variables_etl_pipeline_dag/drop_nulls.py for tasks to queue
[2024-11-08T23:54:08.700+0000] {logging_mixin.py:151} INFO - [2024-11-08T23:54:08.700+0000] {dagbag.py:539} INFO - Filling up the DagBag from /opt/airflow/dags/eia_natural_gas_monthly_variables_etl_pipeline_dag/drop_nulls.py
[2024-11-08T23:54:08.723+0000] {logging_mixin.py:151} INFO - [2024-11-08T23:54:08.719+0000] {dagbag.py:347} ERROR - Failed to import: /opt/airflow/dags/eia_natural_gas_monthly_variables_etl_pipeline_dag/drop_nulls.py
Traceback (most recent call last):
  File "/home/airflow/.local/lib/python3.8/site-packages/airflow/models/dagbag.py", line 343, in parse
    loader.exec_module(new_module)
  File "<frozen importlib._bootstrap_external>", line 843, in exec_module
  File "<frozen importlib._bootstrap>", line 219, in _call_with_frames_removed
  File "/opt/airflow/dags/eia_natural_gas_monthly_variables_etl_pipeline_dag/drop_nulls.py", line 3, in <module>
    from full_program.airflow.dags.utils.config import *
ModuleNotFoundError: No module named 'full_program'
[2024-11-08T23:54:08.724+0000] {processor.py:841} WARNING - No viable dags retrieved from /opt/airflow/dags/eia_natural_gas_monthly_variables_etl_pipeline_dag/drop_nulls.py
[2024-11-08T23:54:08.757+0000] {processor.py:179} INFO - Processing /opt/airflow/dags/eia_natural_gas_monthly_variables_etl_pipeline_dag/drop_nulls.py took 0.062 seconds
[2024-11-08T23:54:39.874+0000] {processor.py:157} INFO - Started process (PID=779) to work on /opt/airflow/dags/eia_natural_gas_monthly_variables_etl_pipeline_dag/drop_nulls.py
[2024-11-08T23:54:39.875+0000] {processor.py:829} INFO - Processing file /opt/airflow/dags/eia_natural_gas_monthly_variables_etl_pipeline_dag/drop_nulls.py for tasks to queue
[2024-11-08T23:54:39.876+0000] {logging_mixin.py:151} INFO - [2024-11-08T23:54:39.875+0000] {dagbag.py:539} INFO - Filling up the DagBag from /opt/airflow/dags/eia_natural_gas_monthly_variables_etl_pipeline_dag/drop_nulls.py
[2024-11-08T23:54:39.891+0000] {logging_mixin.py:151} INFO - [2024-11-08T23:54:39.888+0000] {dagbag.py:347} ERROR - Failed to import: /opt/airflow/dags/eia_natural_gas_monthly_variables_etl_pipeline_dag/drop_nulls.py
Traceback (most recent call last):
  File "/home/airflow/.local/lib/python3.8/site-packages/airflow/models/dagbag.py", line 343, in parse
    loader.exec_module(new_module)
  File "<frozen importlib._bootstrap_external>", line 843, in exec_module
  File "<frozen importlib._bootstrap>", line 219, in _call_with_frames_removed
  File "/opt/airflow/dags/eia_natural_gas_monthly_variables_etl_pipeline_dag/drop_nulls.py", line 3, in <module>
    from full_program.airflow.dags.utils.config import *
ModuleNotFoundError: No module named 'full_program'
[2024-11-08T23:54:39.893+0000] {processor.py:841} WARNING - No viable dags retrieved from /opt/airflow/dags/eia_natural_gas_monthly_variables_etl_pipeline_dag/drop_nulls.py
[2024-11-08T23:54:39.915+0000] {processor.py:179} INFO - Processing /opt/airflow/dags/eia_natural_gas_monthly_variables_etl_pipeline_dag/drop_nulls.py took 0.044 seconds
[2024-11-08T23:55:10.597+0000] {processor.py:157} INFO - Started process (PID=841) to work on /opt/airflow/dags/eia_natural_gas_monthly_variables_etl_pipeline_dag/drop_nulls.py
[2024-11-08T23:55:10.598+0000] {processor.py:829} INFO - Processing file /opt/airflow/dags/eia_natural_gas_monthly_variables_etl_pipeline_dag/drop_nulls.py for tasks to queue
[2024-11-08T23:55:10.600+0000] {logging_mixin.py:151} INFO - [2024-11-08T23:55:10.600+0000] {dagbag.py:539} INFO - Filling up the DagBag from /opt/airflow/dags/eia_natural_gas_monthly_variables_etl_pipeline_dag/drop_nulls.py
[2024-11-08T23:55:10.640+0000] {logging_mixin.py:151} INFO - [2024-11-08T23:55:10.636+0000] {dagbag.py:347} ERROR - Failed to import: /opt/airflow/dags/eia_natural_gas_monthly_variables_etl_pipeline_dag/drop_nulls.py
Traceback (most recent call last):
  File "/home/airflow/.local/lib/python3.8/site-packages/airflow/models/dagbag.py", line 343, in parse
    loader.exec_module(new_module)
  File "<frozen importlib._bootstrap_external>", line 843, in exec_module
  File "<frozen importlib._bootstrap>", line 219, in _call_with_frames_removed
  File "/opt/airflow/dags/eia_natural_gas_monthly_variables_etl_pipeline_dag/drop_nulls.py", line 3, in <module>
    from full_program.airflow.dags.utils.config import *
ModuleNotFoundError: No module named 'full_program'
[2024-11-08T23:55:10.642+0000] {processor.py:841} WARNING - No viable dags retrieved from /opt/airflow/dags/eia_natural_gas_monthly_variables_etl_pipeline_dag/drop_nulls.py
[2024-11-08T23:55:10.666+0000] {processor.py:179} INFO - Processing /opt/airflow/dags/eia_natural_gas_monthly_variables_etl_pipeline_dag/drop_nulls.py took 0.074 seconds
[2024-11-08T23:55:41.805+0000] {processor.py:157} INFO - Started process (PID=905) to work on /opt/airflow/dags/eia_natural_gas_monthly_variables_etl_pipeline_dag/drop_nulls.py
[2024-11-08T23:55:41.806+0000] {processor.py:829} INFO - Processing file /opt/airflow/dags/eia_natural_gas_monthly_variables_etl_pipeline_dag/drop_nulls.py for tasks to queue
[2024-11-08T23:55:41.807+0000] {logging_mixin.py:151} INFO - [2024-11-08T23:55:41.807+0000] {dagbag.py:539} INFO - Filling up the DagBag from /opt/airflow/dags/eia_natural_gas_monthly_variables_etl_pipeline_dag/drop_nulls.py
[2024-11-08T23:55:41.833+0000] {logging_mixin.py:151} INFO - [2024-11-08T23:55:41.828+0000] {dagbag.py:347} ERROR - Failed to import: /opt/airflow/dags/eia_natural_gas_monthly_variables_etl_pipeline_dag/drop_nulls.py
Traceback (most recent call last):
  File "/home/airflow/.local/lib/python3.8/site-packages/airflow/models/dagbag.py", line 343, in parse
    loader.exec_module(new_module)
  File "<frozen importlib._bootstrap_external>", line 843, in exec_module
  File "<frozen importlib._bootstrap>", line 219, in _call_with_frames_removed
  File "/opt/airflow/dags/eia_natural_gas_monthly_variables_etl_pipeline_dag/drop_nulls.py", line 3, in <module>
    from full_program.airflow.dags.utils.config import *
ModuleNotFoundError: No module named 'full_program'
[2024-11-08T23:55:41.834+0000] {processor.py:841} WARNING - No viable dags retrieved from /opt/airflow/dags/eia_natural_gas_monthly_variables_etl_pipeline_dag/drop_nulls.py
[2024-11-08T23:55:41.857+0000] {processor.py:179} INFO - Processing /opt/airflow/dags/eia_natural_gas_monthly_variables_etl_pipeline_dag/drop_nulls.py took 0.055 seconds
[2024-11-08T23:56:12.934+0000] {processor.py:157} INFO - Started process (PID=969) to work on /opt/airflow/dags/eia_natural_gas_monthly_variables_etl_pipeline_dag/drop_nulls.py
[2024-11-08T23:56:12.935+0000] {processor.py:829} INFO - Processing file /opt/airflow/dags/eia_natural_gas_monthly_variables_etl_pipeline_dag/drop_nulls.py for tasks to queue
[2024-11-08T23:56:12.936+0000] {logging_mixin.py:151} INFO - [2024-11-08T23:56:12.936+0000] {dagbag.py:539} INFO - Filling up the DagBag from /opt/airflow/dags/eia_natural_gas_monthly_variables_etl_pipeline_dag/drop_nulls.py
[2024-11-08T23:56:12.953+0000] {logging_mixin.py:151} INFO - [2024-11-08T23:56:12.949+0000] {dagbag.py:347} ERROR - Failed to import: /opt/airflow/dags/eia_natural_gas_monthly_variables_etl_pipeline_dag/drop_nulls.py
Traceback (most recent call last):
  File "/home/airflow/.local/lib/python3.8/site-packages/airflow/models/dagbag.py", line 343, in parse
    loader.exec_module(new_module)
  File "<frozen importlib._bootstrap_external>", line 843, in exec_module
  File "<frozen importlib._bootstrap>", line 219, in _call_with_frames_removed
  File "/opt/airflow/dags/eia_natural_gas_monthly_variables_etl_pipeline_dag/drop_nulls.py", line 3, in <module>
    from full_program.airflow.dags.utils.config import *
ModuleNotFoundError: No module named 'full_program'
[2024-11-08T23:56:12.954+0000] {processor.py:841} WARNING - No viable dags retrieved from /opt/airflow/dags/eia_natural_gas_monthly_variables_etl_pipeline_dag/drop_nulls.py
[2024-11-08T23:56:12.991+0000] {processor.py:179} INFO - Processing /opt/airflow/dags/eia_natural_gas_monthly_variables_etl_pipeline_dag/drop_nulls.py took 0.059 seconds
[2024-11-08T23:56:43.963+0000] {processor.py:157} INFO - Started process (PID=1035) to work on /opt/airflow/dags/eia_natural_gas_monthly_variables_etl_pipeline_dag/drop_nulls.py
[2024-11-08T23:56:43.964+0000] {processor.py:829} INFO - Processing file /opt/airflow/dags/eia_natural_gas_monthly_variables_etl_pipeline_dag/drop_nulls.py for tasks to queue
[2024-11-08T23:56:43.965+0000] {logging_mixin.py:151} INFO - [2024-11-08T23:56:43.964+0000] {dagbag.py:539} INFO - Filling up the DagBag from /opt/airflow/dags/eia_natural_gas_monthly_variables_etl_pipeline_dag/drop_nulls.py
[2024-11-08T23:56:43.980+0000] {logging_mixin.py:151} INFO - [2024-11-08T23:56:43.977+0000] {dagbag.py:347} ERROR - Failed to import: /opt/airflow/dags/eia_natural_gas_monthly_variables_etl_pipeline_dag/drop_nulls.py
Traceback (most recent call last):
  File "/home/airflow/.local/lib/python3.8/site-packages/airflow/models/dagbag.py", line 343, in parse
    loader.exec_module(new_module)
  File "<frozen importlib._bootstrap_external>", line 843, in exec_module
  File "<frozen importlib._bootstrap>", line 219, in _call_with_frames_removed
  File "/opt/airflow/dags/eia_natural_gas_monthly_variables_etl_pipeline_dag/drop_nulls.py", line 3, in <module>
    from full_program.airflow.dags.utils.config import *
ModuleNotFoundError: No module named 'full_program'
[2024-11-08T23:56:43.981+0000] {processor.py:841} WARNING - No viable dags retrieved from /opt/airflow/dags/eia_natural_gas_monthly_variables_etl_pipeline_dag/drop_nulls.py
[2024-11-08T23:56:44.002+0000] {processor.py:179} INFO - Processing /opt/airflow/dags/eia_natural_gas_monthly_variables_etl_pipeline_dag/drop_nulls.py took 0.042 seconds
[2024-11-08T23:57:14.946+0000] {processor.py:157} INFO - Started process (PID=1099) to work on /opt/airflow/dags/eia_natural_gas_monthly_variables_etl_pipeline_dag/drop_nulls.py
[2024-11-08T23:57:14.947+0000] {processor.py:829} INFO - Processing file /opt/airflow/dags/eia_natural_gas_monthly_variables_etl_pipeline_dag/drop_nulls.py for tasks to queue
[2024-11-08T23:57:14.948+0000] {logging_mixin.py:151} INFO - [2024-11-08T23:57:14.948+0000] {dagbag.py:539} INFO - Filling up the DagBag from /opt/airflow/dags/eia_natural_gas_monthly_variables_etl_pipeline_dag/drop_nulls.py
[2024-11-08T23:57:14.965+0000] {logging_mixin.py:151} INFO - [2024-11-08T23:57:14.961+0000] {dagbag.py:347} ERROR - Failed to import: /opt/airflow/dags/eia_natural_gas_monthly_variables_etl_pipeline_dag/drop_nulls.py
Traceback (most recent call last):
  File "/home/airflow/.local/lib/python3.8/site-packages/airflow/models/dagbag.py", line 343, in parse
    loader.exec_module(new_module)
  File "<frozen importlib._bootstrap_external>", line 843, in exec_module
  File "<frozen importlib._bootstrap>", line 219, in _call_with_frames_removed
  File "/opt/airflow/dags/eia_natural_gas_monthly_variables_etl_pipeline_dag/drop_nulls.py", line 3, in <module>
    from full_program.airflow.dags.utils.config import *
ModuleNotFoundError: No module named 'full_program'
[2024-11-08T23:57:14.967+0000] {processor.py:841} WARNING - No viable dags retrieved from /opt/airflow/dags/eia_natural_gas_monthly_variables_etl_pipeline_dag/drop_nulls.py
[2024-11-08T23:57:14.988+0000] {processor.py:179} INFO - Processing /opt/airflow/dags/eia_natural_gas_monthly_variables_etl_pipeline_dag/drop_nulls.py took 0.045 seconds
[2024-11-08T23:57:45.995+0000] {processor.py:157} INFO - Started process (PID=1161) to work on /opt/airflow/dags/eia_natural_gas_monthly_variables_etl_pipeline_dag/drop_nulls.py
[2024-11-08T23:57:45.996+0000] {processor.py:829} INFO - Processing file /opt/airflow/dags/eia_natural_gas_monthly_variables_etl_pipeline_dag/drop_nulls.py for tasks to queue
[2024-11-08T23:57:45.998+0000] {logging_mixin.py:151} INFO - [2024-11-08T23:57:45.997+0000] {dagbag.py:539} INFO - Filling up the DagBag from /opt/airflow/dags/eia_natural_gas_monthly_variables_etl_pipeline_dag/drop_nulls.py
[2024-11-08T23:57:46.078+0000] {logging_mixin.py:151} INFO - [2024-11-08T23:57:46.060+0000] {dagbag.py:347} ERROR - Failed to import: /opt/airflow/dags/eia_natural_gas_monthly_variables_etl_pipeline_dag/drop_nulls.py
Traceback (most recent call last):
  File "/home/airflow/.local/lib/python3.8/site-packages/airflow/models/dagbag.py", line 343, in parse
    loader.exec_module(new_module)
  File "<frozen importlib._bootstrap_external>", line 843, in exec_module
  File "<frozen importlib._bootstrap>", line 219, in _call_with_frames_removed
  File "/opt/airflow/dags/eia_natural_gas_monthly_variables_etl_pipeline_dag/drop_nulls.py", line 3, in <module>
    from full_program.airflow.dags.utils.config import *
ModuleNotFoundError: No module named 'full_program'
[2024-11-08T23:57:46.087+0000] {processor.py:841} WARNING - No viable dags retrieved from /opt/airflow/dags/eia_natural_gas_monthly_variables_etl_pipeline_dag/drop_nulls.py
[2024-11-08T23:57:46.123+0000] {processor.py:179} INFO - Processing /opt/airflow/dags/eia_natural_gas_monthly_variables_etl_pipeline_dag/drop_nulls.py took 0.132 seconds
[2024-11-08T23:58:16.765+0000] {processor.py:157} INFO - Started process (PID=1225) to work on /opt/airflow/dags/eia_natural_gas_monthly_variables_etl_pipeline_dag/drop_nulls.py
[2024-11-08T23:58:16.765+0000] {processor.py:829} INFO - Processing file /opt/airflow/dags/eia_natural_gas_monthly_variables_etl_pipeline_dag/drop_nulls.py for tasks to queue
[2024-11-08T23:58:16.766+0000] {logging_mixin.py:151} INFO - [2024-11-08T23:58:16.766+0000] {dagbag.py:539} INFO - Filling up the DagBag from /opt/airflow/dags/eia_natural_gas_monthly_variables_etl_pipeline_dag/drop_nulls.py
[2024-11-08T23:58:16.789+0000] {logging_mixin.py:151} INFO - [2024-11-08T23:58:16.780+0000] {dagbag.py:347} ERROR - Failed to import: /opt/airflow/dags/eia_natural_gas_monthly_variables_etl_pipeline_dag/drop_nulls.py
Traceback (most recent call last):
  File "/home/airflow/.local/lib/python3.8/site-packages/airflow/models/dagbag.py", line 343, in parse
    loader.exec_module(new_module)
  File "<frozen importlib._bootstrap_external>", line 843, in exec_module
  File "<frozen importlib._bootstrap>", line 219, in _call_with_frames_removed
  File "/opt/airflow/dags/eia_natural_gas_monthly_variables_etl_pipeline_dag/drop_nulls.py", line 3, in <module>
    from full_program.airflow.dags.utils.config import *
ModuleNotFoundError: No module named 'full_program'
[2024-11-08T23:58:16.791+0000] {processor.py:841} WARNING - No viable dags retrieved from /opt/airflow/dags/eia_natural_gas_monthly_variables_etl_pipeline_dag/drop_nulls.py
[2024-11-08T23:58:16.814+0000] {processor.py:179} INFO - Processing /opt/airflow/dags/eia_natural_gas_monthly_variables_etl_pipeline_dag/drop_nulls.py took 0.052 seconds
[2024-11-08T23:58:47.811+0000] {processor.py:157} INFO - Started process (PID=1289) to work on /opt/airflow/dags/eia_natural_gas_monthly_variables_etl_pipeline_dag/drop_nulls.py
[2024-11-08T23:58:47.812+0000] {processor.py:829} INFO - Processing file /opt/airflow/dags/eia_natural_gas_monthly_variables_etl_pipeline_dag/drop_nulls.py for tasks to queue
[2024-11-08T23:58:47.813+0000] {logging_mixin.py:151} INFO - [2024-11-08T23:58:47.813+0000] {dagbag.py:539} INFO - Filling up the DagBag from /opt/airflow/dags/eia_natural_gas_monthly_variables_etl_pipeline_dag/drop_nulls.py
[2024-11-08T23:58:47.829+0000] {logging_mixin.py:151} INFO - [2024-11-08T23:58:47.826+0000] {dagbag.py:347} ERROR - Failed to import: /opt/airflow/dags/eia_natural_gas_monthly_variables_etl_pipeline_dag/drop_nulls.py
Traceback (most recent call last):
  File "/home/airflow/.local/lib/python3.8/site-packages/airflow/models/dagbag.py", line 343, in parse
    loader.exec_module(new_module)
  File "<frozen importlib._bootstrap_external>", line 843, in exec_module
  File "<frozen importlib._bootstrap>", line 219, in _call_with_frames_removed
  File "/opt/airflow/dags/eia_natural_gas_monthly_variables_etl_pipeline_dag/drop_nulls.py", line 3, in <module>
    from full_program.airflow.dags.utils.config import *
ModuleNotFoundError: No module named 'full_program'
[2024-11-08T23:58:47.830+0000] {processor.py:841} WARNING - No viable dags retrieved from /opt/airflow/dags/eia_natural_gas_monthly_variables_etl_pipeline_dag/drop_nulls.py
[2024-11-08T23:58:47.851+0000] {processor.py:179} INFO - Processing /opt/airflow/dags/eia_natural_gas_monthly_variables_etl_pipeline_dag/drop_nulls.py took 0.043 seconds
[2024-11-08T23:59:18.858+0000] {processor.py:157} INFO - Started process (PID=1355) to work on /opt/airflow/dags/eia_natural_gas_monthly_variables_etl_pipeline_dag/drop_nulls.py
[2024-11-08T23:59:18.859+0000] {processor.py:829} INFO - Processing file /opt/airflow/dags/eia_natural_gas_monthly_variables_etl_pipeline_dag/drop_nulls.py for tasks to queue
[2024-11-08T23:59:18.861+0000] {logging_mixin.py:151} INFO - [2024-11-08T23:59:18.860+0000] {dagbag.py:539} INFO - Filling up the DagBag from /opt/airflow/dags/eia_natural_gas_monthly_variables_etl_pipeline_dag/drop_nulls.py
[2024-11-08T23:59:18.880+0000] {logging_mixin.py:151} INFO - [2024-11-08T23:59:18.876+0000] {dagbag.py:347} ERROR - Failed to import: /opt/airflow/dags/eia_natural_gas_monthly_variables_etl_pipeline_dag/drop_nulls.py
Traceback (most recent call last):
  File "/home/airflow/.local/lib/python3.8/site-packages/airflow/models/dagbag.py", line 343, in parse
    loader.exec_module(new_module)
  File "<frozen importlib._bootstrap_external>", line 843, in exec_module
  File "<frozen importlib._bootstrap>", line 219, in _call_with_frames_removed
  File "/opt/airflow/dags/eia_natural_gas_monthly_variables_etl_pipeline_dag/drop_nulls.py", line 3, in <module>
    from full_program.airflow.dags.utils.config import *
ModuleNotFoundError: No module named 'full_program'
[2024-11-08T23:59:18.882+0000] {processor.py:841} WARNING - No viable dags retrieved from /opt/airflow/dags/eia_natural_gas_monthly_variables_etl_pipeline_dag/drop_nulls.py
[2024-11-08T23:59:18.910+0000] {processor.py:179} INFO - Processing /opt/airflow/dags/eia_natural_gas_monthly_variables_etl_pipeline_dag/drop_nulls.py took 0.055 seconds
[2024-11-08T23:59:49.807+0000] {processor.py:157} INFO - Started process (PID=1419) to work on /opt/airflow/dags/eia_natural_gas_monthly_variables_etl_pipeline_dag/drop_nulls.py
[2024-11-08T23:59:49.808+0000] {processor.py:829} INFO - Processing file /opt/airflow/dags/eia_natural_gas_monthly_variables_etl_pipeline_dag/drop_nulls.py for tasks to queue
[2024-11-08T23:59:49.809+0000] {logging_mixin.py:151} INFO - [2024-11-08T23:59:49.808+0000] {dagbag.py:539} INFO - Filling up the DagBag from /opt/airflow/dags/eia_natural_gas_monthly_variables_etl_pipeline_dag/drop_nulls.py
[2024-11-08T23:59:49.825+0000] {logging_mixin.py:151} INFO - [2024-11-08T23:59:49.821+0000] {dagbag.py:347} ERROR - Failed to import: /opt/airflow/dags/eia_natural_gas_monthly_variables_etl_pipeline_dag/drop_nulls.py
Traceback (most recent call last):
  File "/home/airflow/.local/lib/python3.8/site-packages/airflow/models/dagbag.py", line 343, in parse
    loader.exec_module(new_module)
  File "<frozen importlib._bootstrap_external>", line 843, in exec_module
  File "<frozen importlib._bootstrap>", line 219, in _call_with_frames_removed
  File "/opt/airflow/dags/eia_natural_gas_monthly_variables_etl_pipeline_dag/drop_nulls.py", line 3, in <module>
    from full_program.airflow.dags.utils.config import *
ModuleNotFoundError: No module named 'full_program'
[2024-11-08T23:59:49.827+0000] {processor.py:841} WARNING - No viable dags retrieved from /opt/airflow/dags/eia_natural_gas_monthly_variables_etl_pipeline_dag/drop_nulls.py
[2024-11-08T23:59:49.849+0000] {processor.py:179} INFO - Processing /opt/airflow/dags/eia_natural_gas_monthly_variables_etl_pipeline_dag/drop_nulls.py took 0.046 seconds
