[2024-11-08T23:49:52.869+0000] {processor.py:157} INFO - Started process (PID=179) to work on /opt/airflow/dags/eia_natural_gas_monthly_variables_etl_pipeline_dag/drop_columns.py
[2024-11-08T23:49:52.871+0000] {processor.py:829} INFO - Processing file /opt/airflow/dags/eia_natural_gas_monthly_variables_etl_pipeline_dag/drop_columns.py for tasks to queue
[2024-11-08T23:49:52.873+0000] {logging_mixin.py:151} INFO - [2024-11-08T23:49:52.872+0000] {dagbag.py:539} INFO - Filling up the DagBag from /opt/airflow/dags/eia_natural_gas_monthly_variables_etl_pipeline_dag/drop_columns.py
[2024-11-08T23:49:52.945+0000] {logging_mixin.py:151} INFO - [2024-11-08T23:49:52.940+0000] {dagbag.py:347} ERROR - Failed to import: /opt/airflow/dags/eia_natural_gas_monthly_variables_etl_pipeline_dag/drop_columns.py
Traceback (most recent call last):
  File "/home/airflow/.local/lib/python3.8/site-packages/airflow/models/dagbag.py", line 343, in parse
    loader.exec_module(new_module)
  File "<frozen importlib._bootstrap_external>", line 843, in exec_module
  File "<frozen importlib._bootstrap>", line 219, in _call_with_frames_removed
  File "/opt/airflow/dags/eia_natural_gas_monthly_variables_etl_pipeline_dag/drop_columns.py", line 3, in <module>
    from full_program.airflow.dags.utils.config import *
ModuleNotFoundError: No module named 'full_program'
[2024-11-08T23:49:52.949+0000] {processor.py:841} WARNING - No viable dags retrieved from /opt/airflow/dags/eia_natural_gas_monthly_variables_etl_pipeline_dag/drop_columns.py
[2024-11-08T23:49:52.995+0000] {processor.py:179} INFO - Processing /opt/airflow/dags/eia_natural_gas_monthly_variables_etl_pipeline_dag/drop_columns.py took 0.130 seconds
[2024-11-08T23:50:23.139+0000] {processor.py:157} INFO - Started process (PID=238) to work on /opt/airflow/dags/eia_natural_gas_monthly_variables_etl_pipeline_dag/drop_columns.py
[2024-11-08T23:50:23.140+0000] {processor.py:829} INFO - Processing file /opt/airflow/dags/eia_natural_gas_monthly_variables_etl_pipeline_dag/drop_columns.py for tasks to queue
[2024-11-08T23:50:23.142+0000] {logging_mixin.py:151} INFO - [2024-11-08T23:50:23.141+0000] {dagbag.py:539} INFO - Filling up the DagBag from /opt/airflow/dags/eia_natural_gas_monthly_variables_etl_pipeline_dag/drop_columns.py
[2024-11-08T23:50:23.164+0000] {logging_mixin.py:151} INFO - [2024-11-08T23:50:23.158+0000] {dagbag.py:347} ERROR - Failed to import: /opt/airflow/dags/eia_natural_gas_monthly_variables_etl_pipeline_dag/drop_columns.py
Traceback (most recent call last):
  File "/home/airflow/.local/lib/python3.8/site-packages/airflow/models/dagbag.py", line 343, in parse
    loader.exec_module(new_module)
  File "<frozen importlib._bootstrap_external>", line 843, in exec_module
  File "<frozen importlib._bootstrap>", line 219, in _call_with_frames_removed
  File "/opt/airflow/dags/eia_natural_gas_monthly_variables_etl_pipeline_dag/drop_columns.py", line 3, in <module>
    from full_program.airflow.dags.utils.config import *
ModuleNotFoundError: No module named 'full_program'
[2024-11-08T23:50:23.166+0000] {processor.py:841} WARNING - No viable dags retrieved from /opt/airflow/dags/eia_natural_gas_monthly_variables_etl_pipeline_dag/drop_columns.py
[2024-11-08T23:50:23.206+0000] {processor.py:179} INFO - Processing /opt/airflow/dags/eia_natural_gas_monthly_variables_etl_pipeline_dag/drop_columns.py took 0.070 seconds
[2024-11-08T23:50:54.101+0000] {processor.py:157} INFO - Started process (PID=302) to work on /opt/airflow/dags/eia_natural_gas_monthly_variables_etl_pipeline_dag/drop_columns.py
[2024-11-08T23:50:54.103+0000] {processor.py:829} INFO - Processing file /opt/airflow/dags/eia_natural_gas_monthly_variables_etl_pipeline_dag/drop_columns.py for tasks to queue
[2024-11-08T23:50:54.105+0000] {logging_mixin.py:151} INFO - [2024-11-08T23:50:54.104+0000] {dagbag.py:539} INFO - Filling up the DagBag from /opt/airflow/dags/eia_natural_gas_monthly_variables_etl_pipeline_dag/drop_columns.py
[2024-11-08T23:50:54.142+0000] {logging_mixin.py:151} INFO - [2024-11-08T23:50:54.136+0000] {dagbag.py:347} ERROR - Failed to import: /opt/airflow/dags/eia_natural_gas_monthly_variables_etl_pipeline_dag/drop_columns.py
Traceback (most recent call last):
  File "/home/airflow/.local/lib/python3.8/site-packages/airflow/models/dagbag.py", line 343, in parse
    loader.exec_module(new_module)
  File "<frozen importlib._bootstrap_external>", line 843, in exec_module
  File "<frozen importlib._bootstrap>", line 219, in _call_with_frames_removed
  File "/opt/airflow/dags/eia_natural_gas_monthly_variables_etl_pipeline_dag/drop_columns.py", line 3, in <module>
    from full_program.airflow.dags.utils.config import *
ModuleNotFoundError: No module named 'full_program'
[2024-11-08T23:50:54.144+0000] {processor.py:841} WARNING - No viable dags retrieved from /opt/airflow/dags/eia_natural_gas_monthly_variables_etl_pipeline_dag/drop_columns.py
[2024-11-08T23:50:54.186+0000] {processor.py:179} INFO - Processing /opt/airflow/dags/eia_natural_gas_monthly_variables_etl_pipeline_dag/drop_columns.py took 0.092 seconds
[2024-11-08T23:51:24.720+0000] {processor.py:157} INFO - Started process (PID=366) to work on /opt/airflow/dags/eia_natural_gas_monthly_variables_etl_pipeline_dag/drop_columns.py
[2024-11-08T23:51:24.721+0000] {processor.py:829} INFO - Processing file /opt/airflow/dags/eia_natural_gas_monthly_variables_etl_pipeline_dag/drop_columns.py for tasks to queue
[2024-11-08T23:51:24.722+0000] {logging_mixin.py:151} INFO - [2024-11-08T23:51:24.721+0000] {dagbag.py:539} INFO - Filling up the DagBag from /opt/airflow/dags/eia_natural_gas_monthly_variables_etl_pipeline_dag/drop_columns.py
[2024-11-08T23:51:24.738+0000] {logging_mixin.py:151} INFO - [2024-11-08T23:51:24.734+0000] {dagbag.py:347} ERROR - Failed to import: /opt/airflow/dags/eia_natural_gas_monthly_variables_etl_pipeline_dag/drop_columns.py
Traceback (most recent call last):
  File "/home/airflow/.local/lib/python3.8/site-packages/airflow/models/dagbag.py", line 343, in parse
    loader.exec_module(new_module)
  File "<frozen importlib._bootstrap_external>", line 843, in exec_module
  File "<frozen importlib._bootstrap>", line 219, in _call_with_frames_removed
  File "/opt/airflow/dags/eia_natural_gas_monthly_variables_etl_pipeline_dag/drop_columns.py", line 3, in <module>
    from full_program.airflow.dags.utils.config import *
ModuleNotFoundError: No module named 'full_program'
[2024-11-08T23:51:24.739+0000] {processor.py:841} WARNING - No viable dags retrieved from /opt/airflow/dags/eia_natural_gas_monthly_variables_etl_pipeline_dag/drop_columns.py
[2024-11-08T23:51:24.766+0000] {processor.py:179} INFO - Processing /opt/airflow/dags/eia_natural_gas_monthly_variables_etl_pipeline_dag/drop_columns.py took 0.050 seconds
[2024-11-08T23:51:55.472+0000] {processor.py:157} INFO - Started process (PID=430) to work on /opt/airflow/dags/eia_natural_gas_monthly_variables_etl_pipeline_dag/drop_columns.py
[2024-11-08T23:51:55.474+0000] {processor.py:829} INFO - Processing file /opt/airflow/dags/eia_natural_gas_monthly_variables_etl_pipeline_dag/drop_columns.py for tasks to queue
[2024-11-08T23:51:55.476+0000] {logging_mixin.py:151} INFO - [2024-11-08T23:51:55.475+0000] {dagbag.py:539} INFO - Filling up the DagBag from /opt/airflow/dags/eia_natural_gas_monthly_variables_etl_pipeline_dag/drop_columns.py
[2024-11-08T23:51:55.495+0000] {logging_mixin.py:151} INFO - [2024-11-08T23:51:55.490+0000] {dagbag.py:347} ERROR - Failed to import: /opt/airflow/dags/eia_natural_gas_monthly_variables_etl_pipeline_dag/drop_columns.py
Traceback (most recent call last):
  File "/home/airflow/.local/lib/python3.8/site-packages/airflow/models/dagbag.py", line 343, in parse
    loader.exec_module(new_module)
  File "<frozen importlib._bootstrap_external>", line 843, in exec_module
  File "<frozen importlib._bootstrap>", line 219, in _call_with_frames_removed
  File "/opt/airflow/dags/eia_natural_gas_monthly_variables_etl_pipeline_dag/drop_columns.py", line 3, in <module>
    from full_program.airflow.dags.utils.config import *
ModuleNotFoundError: No module named 'full_program'
[2024-11-08T23:51:55.496+0000] {processor.py:841} WARNING - No viable dags retrieved from /opt/airflow/dags/eia_natural_gas_monthly_variables_etl_pipeline_dag/drop_columns.py
[2024-11-08T23:51:55.535+0000] {processor.py:179} INFO - Processing /opt/airflow/dags/eia_natural_gas_monthly_variables_etl_pipeline_dag/drop_columns.py took 0.070 seconds
[2024-11-08T23:52:25.669+0000] {processor.py:157} INFO - Started process (PID=494) to work on /opt/airflow/dags/eia_natural_gas_monthly_variables_etl_pipeline_dag/drop_columns.py
[2024-11-08T23:52:25.670+0000] {processor.py:829} INFO - Processing file /opt/airflow/dags/eia_natural_gas_monthly_variables_etl_pipeline_dag/drop_columns.py for tasks to queue
[2024-11-08T23:52:25.671+0000] {logging_mixin.py:151} INFO - [2024-11-08T23:52:25.671+0000] {dagbag.py:539} INFO - Filling up the DagBag from /opt/airflow/dags/eia_natural_gas_monthly_variables_etl_pipeline_dag/drop_columns.py
[2024-11-08T23:52:25.690+0000] {logging_mixin.py:151} INFO - [2024-11-08T23:52:25.685+0000] {dagbag.py:347} ERROR - Failed to import: /opt/airflow/dags/eia_natural_gas_monthly_variables_etl_pipeline_dag/drop_columns.py
Traceback (most recent call last):
  File "/home/airflow/.local/lib/python3.8/site-packages/airflow/models/dagbag.py", line 343, in parse
    loader.exec_module(new_module)
  File "<frozen importlib._bootstrap_external>", line 843, in exec_module
  File "<frozen importlib._bootstrap>", line 219, in _call_with_frames_removed
  File "/opt/airflow/dags/eia_natural_gas_monthly_variables_etl_pipeline_dag/drop_columns.py", line 3, in <module>
    from full_program.airflow.dags.utils.config import *
ModuleNotFoundError: No module named 'full_program'
[2024-11-08T23:52:25.692+0000] {processor.py:841} WARNING - No viable dags retrieved from /opt/airflow/dags/eia_natural_gas_monthly_variables_etl_pipeline_dag/drop_columns.py
[2024-11-08T23:52:25.725+0000] {processor.py:179} INFO - Processing /opt/airflow/dags/eia_natural_gas_monthly_variables_etl_pipeline_dag/drop_columns.py took 0.059 seconds
[2024-11-08T23:52:56.129+0000] {processor.py:157} INFO - Started process (PID=558) to work on /opt/airflow/dags/eia_natural_gas_monthly_variables_etl_pipeline_dag/drop_columns.py
[2024-11-08T23:52:56.130+0000] {processor.py:829} INFO - Processing file /opt/airflow/dags/eia_natural_gas_monthly_variables_etl_pipeline_dag/drop_columns.py for tasks to queue
[2024-11-08T23:52:56.131+0000] {logging_mixin.py:151} INFO - [2024-11-08T23:52:56.131+0000] {dagbag.py:539} INFO - Filling up the DagBag from /opt/airflow/dags/eia_natural_gas_monthly_variables_etl_pipeline_dag/drop_columns.py
[2024-11-08T23:52:56.177+0000] {logging_mixin.py:151} INFO - [2024-11-08T23:52:56.172+0000] {dagbag.py:347} ERROR - Failed to import: /opt/airflow/dags/eia_natural_gas_monthly_variables_etl_pipeline_dag/drop_columns.py
Traceback (most recent call last):
  File "/home/airflow/.local/lib/python3.8/site-packages/airflow/models/dagbag.py", line 343, in parse
    loader.exec_module(new_module)
  File "<frozen importlib._bootstrap_external>", line 843, in exec_module
  File "<frozen importlib._bootstrap>", line 219, in _call_with_frames_removed
  File "/opt/airflow/dags/eia_natural_gas_monthly_variables_etl_pipeline_dag/drop_columns.py", line 3, in <module>
    from full_program.airflow.dags.utils.config import *
ModuleNotFoundError: No module named 'full_program'
[2024-11-08T23:52:56.179+0000] {processor.py:841} WARNING - No viable dags retrieved from /opt/airflow/dags/eia_natural_gas_monthly_variables_etl_pipeline_dag/drop_columns.py
[2024-11-08T23:52:56.207+0000] {processor.py:179} INFO - Processing /opt/airflow/dags/eia_natural_gas_monthly_variables_etl_pipeline_dag/drop_columns.py took 0.082 seconds
[2024-11-08T23:53:26.931+0000] {processor.py:157} INFO - Started process (PID=622) to work on /opt/airflow/dags/eia_natural_gas_monthly_variables_etl_pipeline_dag/drop_columns.py
[2024-11-08T23:53:26.932+0000] {processor.py:829} INFO - Processing file /opt/airflow/dags/eia_natural_gas_monthly_variables_etl_pipeline_dag/drop_columns.py for tasks to queue
[2024-11-08T23:53:26.933+0000] {logging_mixin.py:151} INFO - [2024-11-08T23:53:26.933+0000] {dagbag.py:539} INFO - Filling up the DagBag from /opt/airflow/dags/eia_natural_gas_monthly_variables_etl_pipeline_dag/drop_columns.py
[2024-11-08T23:53:26.949+0000] {logging_mixin.py:151} INFO - [2024-11-08T23:53:26.945+0000] {dagbag.py:347} ERROR - Failed to import: /opt/airflow/dags/eia_natural_gas_monthly_variables_etl_pipeline_dag/drop_columns.py
Traceback (most recent call last):
  File "/home/airflow/.local/lib/python3.8/site-packages/airflow/models/dagbag.py", line 343, in parse
    loader.exec_module(new_module)
  File "<frozen importlib._bootstrap_external>", line 843, in exec_module
  File "<frozen importlib._bootstrap>", line 219, in _call_with_frames_removed
  File "/opt/airflow/dags/eia_natural_gas_monthly_variables_etl_pipeline_dag/drop_columns.py", line 3, in <module>
    from full_program.airflow.dags.utils.config import *
ModuleNotFoundError: No module named 'full_program'
[2024-11-08T23:53:26.951+0000] {processor.py:841} WARNING - No viable dags retrieved from /opt/airflow/dags/eia_natural_gas_monthly_variables_etl_pipeline_dag/drop_columns.py
[2024-11-08T23:53:26.972+0000] {processor.py:179} INFO - Processing /opt/airflow/dags/eia_natural_gas_monthly_variables_etl_pipeline_dag/drop_columns.py took 0.044 seconds
[2024-11-08T23:53:57.526+0000] {processor.py:157} INFO - Started process (PID=686) to work on /opt/airflow/dags/eia_natural_gas_monthly_variables_etl_pipeline_dag/drop_columns.py
[2024-11-08T23:53:57.528+0000] {processor.py:829} INFO - Processing file /opt/airflow/dags/eia_natural_gas_monthly_variables_etl_pipeline_dag/drop_columns.py for tasks to queue
[2024-11-08T23:53:57.529+0000] {logging_mixin.py:151} INFO - [2024-11-08T23:53:57.529+0000] {dagbag.py:539} INFO - Filling up the DagBag from /opt/airflow/dags/eia_natural_gas_monthly_variables_etl_pipeline_dag/drop_columns.py
[2024-11-08T23:53:57.549+0000] {logging_mixin.py:151} INFO - [2024-11-08T23:53:57.545+0000] {dagbag.py:347} ERROR - Failed to import: /opt/airflow/dags/eia_natural_gas_monthly_variables_etl_pipeline_dag/drop_columns.py
Traceback (most recent call last):
  File "/home/airflow/.local/lib/python3.8/site-packages/airflow/models/dagbag.py", line 343, in parse
    loader.exec_module(new_module)
  File "<frozen importlib._bootstrap_external>", line 843, in exec_module
  File "<frozen importlib._bootstrap>", line 219, in _call_with_frames_removed
  File "/opt/airflow/dags/eia_natural_gas_monthly_variables_etl_pipeline_dag/drop_columns.py", line 3, in <module>
    from full_program.airflow.dags.utils.config import *
ModuleNotFoundError: No module named 'full_program'
[2024-11-08T23:53:57.551+0000] {processor.py:841} WARNING - No viable dags retrieved from /opt/airflow/dags/eia_natural_gas_monthly_variables_etl_pipeline_dag/drop_columns.py
[2024-11-08T23:53:57.587+0000] {processor.py:179} INFO - Processing /opt/airflow/dags/eia_natural_gas_monthly_variables_etl_pipeline_dag/drop_columns.py took 0.076 seconds
[2024-11-08T23:54:27.929+0000] {processor.py:157} INFO - Started process (PID=750) to work on /opt/airflow/dags/eia_natural_gas_monthly_variables_etl_pipeline_dag/drop_columns.py
[2024-11-08T23:54:27.930+0000] {processor.py:829} INFO - Processing file /opt/airflow/dags/eia_natural_gas_monthly_variables_etl_pipeline_dag/drop_columns.py for tasks to queue
[2024-11-08T23:54:27.932+0000] {logging_mixin.py:151} INFO - [2024-11-08T23:54:27.932+0000] {dagbag.py:539} INFO - Filling up the DagBag from /opt/airflow/dags/eia_natural_gas_monthly_variables_etl_pipeline_dag/drop_columns.py
[2024-11-08T23:54:27.948+0000] {logging_mixin.py:151} INFO - [2024-11-08T23:54:27.945+0000] {dagbag.py:347} ERROR - Failed to import: /opt/airflow/dags/eia_natural_gas_monthly_variables_etl_pipeline_dag/drop_columns.py
Traceback (most recent call last):
  File "/home/airflow/.local/lib/python3.8/site-packages/airflow/models/dagbag.py", line 343, in parse
    loader.exec_module(new_module)
  File "<frozen importlib._bootstrap_external>", line 843, in exec_module
  File "<frozen importlib._bootstrap>", line 219, in _call_with_frames_removed
  File "/opt/airflow/dags/eia_natural_gas_monthly_variables_etl_pipeline_dag/drop_columns.py", line 3, in <module>
    from full_program.airflow.dags.utils.config import *
ModuleNotFoundError: No module named 'full_program'
[2024-11-08T23:54:27.951+0000] {processor.py:841} WARNING - No viable dags retrieved from /opt/airflow/dags/eia_natural_gas_monthly_variables_etl_pipeline_dag/drop_columns.py
[2024-11-08T23:54:27.976+0000] {processor.py:179} INFO - Processing /opt/airflow/dags/eia_natural_gas_monthly_variables_etl_pipeline_dag/drop_columns.py took 0.050 seconds
[2024-11-08T23:54:58.642+0000] {processor.py:157} INFO - Started process (PID=814) to work on /opt/airflow/dags/eia_natural_gas_monthly_variables_etl_pipeline_dag/drop_columns.py
[2024-11-08T23:54:58.643+0000] {processor.py:829} INFO - Processing file /opt/airflow/dags/eia_natural_gas_monthly_variables_etl_pipeline_dag/drop_columns.py for tasks to queue
[2024-11-08T23:54:58.644+0000] {logging_mixin.py:151} INFO - [2024-11-08T23:54:58.644+0000] {dagbag.py:539} INFO - Filling up the DagBag from /opt/airflow/dags/eia_natural_gas_monthly_variables_etl_pipeline_dag/drop_columns.py
[2024-11-08T23:54:58.660+0000] {logging_mixin.py:151} INFO - [2024-11-08T23:54:58.656+0000] {dagbag.py:347} ERROR - Failed to import: /opt/airflow/dags/eia_natural_gas_monthly_variables_etl_pipeline_dag/drop_columns.py
Traceback (most recent call last):
  File "/home/airflow/.local/lib/python3.8/site-packages/airflow/models/dagbag.py", line 343, in parse
    loader.exec_module(new_module)
  File "<frozen importlib._bootstrap_external>", line 843, in exec_module
  File "<frozen importlib._bootstrap>", line 219, in _call_with_frames_removed
  File "/opt/airflow/dags/eia_natural_gas_monthly_variables_etl_pipeline_dag/drop_columns.py", line 3, in <module>
    from full_program.airflow.dags.utils.config import *
ModuleNotFoundError: No module named 'full_program'
[2024-11-08T23:54:58.661+0000] {processor.py:841} WARNING - No viable dags retrieved from /opt/airflow/dags/eia_natural_gas_monthly_variables_etl_pipeline_dag/drop_columns.py
[2024-11-08T23:54:58.688+0000] {processor.py:179} INFO - Processing /opt/airflow/dags/eia_natural_gas_monthly_variables_etl_pipeline_dag/drop_columns.py took 0.050 seconds
[2024-11-08T23:55:28.845+0000] {processor.py:157} INFO - Started process (PID=880) to work on /opt/airflow/dags/eia_natural_gas_monthly_variables_etl_pipeline_dag/drop_columns.py
[2024-11-08T23:55:28.847+0000] {processor.py:829} INFO - Processing file /opt/airflow/dags/eia_natural_gas_monthly_variables_etl_pipeline_dag/drop_columns.py for tasks to queue
[2024-11-08T23:55:28.848+0000] {logging_mixin.py:151} INFO - [2024-11-08T23:55:28.848+0000] {dagbag.py:539} INFO - Filling up the DagBag from /opt/airflow/dags/eia_natural_gas_monthly_variables_etl_pipeline_dag/drop_columns.py
[2024-11-08T23:55:28.868+0000] {logging_mixin.py:151} INFO - [2024-11-08T23:55:28.864+0000] {dagbag.py:347} ERROR - Failed to import: /opt/airflow/dags/eia_natural_gas_monthly_variables_etl_pipeline_dag/drop_columns.py
Traceback (most recent call last):
  File "/home/airflow/.local/lib/python3.8/site-packages/airflow/models/dagbag.py", line 343, in parse
    loader.exec_module(new_module)
  File "<frozen importlib._bootstrap_external>", line 843, in exec_module
  File "<frozen importlib._bootstrap>", line 219, in _call_with_frames_removed
  File "/opt/airflow/dags/eia_natural_gas_monthly_variables_etl_pipeline_dag/drop_columns.py", line 3, in <module>
    from full_program.airflow.dags.utils.config import *
ModuleNotFoundError: No module named 'full_program'
[2024-11-08T23:55:28.869+0000] {processor.py:841} WARNING - No viable dags retrieved from /opt/airflow/dags/eia_natural_gas_monthly_variables_etl_pipeline_dag/drop_columns.py
[2024-11-08T23:55:28.894+0000] {processor.py:179} INFO - Processing /opt/airflow/dags/eia_natural_gas_monthly_variables_etl_pipeline_dag/drop_columns.py took 0.053 seconds
[2024-11-08T23:55:59.028+0000] {processor.py:157} INFO - Started process (PID=944) to work on /opt/airflow/dags/eia_natural_gas_monthly_variables_etl_pipeline_dag/drop_columns.py
[2024-11-08T23:55:59.029+0000] {processor.py:829} INFO - Processing file /opt/airflow/dags/eia_natural_gas_monthly_variables_etl_pipeline_dag/drop_columns.py for tasks to queue
[2024-11-08T23:55:59.030+0000] {logging_mixin.py:151} INFO - [2024-11-08T23:55:59.030+0000] {dagbag.py:539} INFO - Filling up the DagBag from /opt/airflow/dags/eia_natural_gas_monthly_variables_etl_pipeline_dag/drop_columns.py
[2024-11-08T23:55:59.057+0000] {logging_mixin.py:151} INFO - [2024-11-08T23:55:59.054+0000] {dagbag.py:347} ERROR - Failed to import: /opt/airflow/dags/eia_natural_gas_monthly_variables_etl_pipeline_dag/drop_columns.py
Traceback (most recent call last):
  File "/home/airflow/.local/lib/python3.8/site-packages/airflow/models/dagbag.py", line 343, in parse
    loader.exec_module(new_module)
  File "<frozen importlib._bootstrap_external>", line 843, in exec_module
  File "<frozen importlib._bootstrap>", line 219, in _call_with_frames_removed
  File "/opt/airflow/dags/eia_natural_gas_monthly_variables_etl_pipeline_dag/drop_columns.py", line 3, in <module>
    from full_program.airflow.dags.utils.config import *
ModuleNotFoundError: No module named 'full_program'
[2024-11-08T23:55:59.059+0000] {processor.py:841} WARNING - No viable dags retrieved from /opt/airflow/dags/eia_natural_gas_monthly_variables_etl_pipeline_dag/drop_columns.py
[2024-11-08T23:55:59.078+0000] {processor.py:179} INFO - Processing /opt/airflow/dags/eia_natural_gas_monthly_variables_etl_pipeline_dag/drop_columns.py took 0.054 seconds
[2024-11-08T23:56:29.993+0000] {processor.py:157} INFO - Started process (PID=1006) to work on /opt/airflow/dags/eia_natural_gas_monthly_variables_etl_pipeline_dag/drop_columns.py
[2024-11-08T23:56:29.994+0000] {processor.py:829} INFO - Processing file /opt/airflow/dags/eia_natural_gas_monthly_variables_etl_pipeline_dag/drop_columns.py for tasks to queue
[2024-11-08T23:56:29.995+0000] {logging_mixin.py:151} INFO - [2024-11-08T23:56:29.995+0000] {dagbag.py:539} INFO - Filling up the DagBag from /opt/airflow/dags/eia_natural_gas_monthly_variables_etl_pipeline_dag/drop_columns.py
[2024-11-08T23:56:30.016+0000] {logging_mixin.py:151} INFO - [2024-11-08T23:56:30.012+0000] {dagbag.py:347} ERROR - Failed to import: /opt/airflow/dags/eia_natural_gas_monthly_variables_etl_pipeline_dag/drop_columns.py
Traceback (most recent call last):
  File "/home/airflow/.local/lib/python3.8/site-packages/airflow/models/dagbag.py", line 343, in parse
    loader.exec_module(new_module)
  File "<frozen importlib._bootstrap_external>", line 843, in exec_module
  File "<frozen importlib._bootstrap>", line 219, in _call_with_frames_removed
  File "/opt/airflow/dags/eia_natural_gas_monthly_variables_etl_pipeline_dag/drop_columns.py", line 3, in <module>
    from full_program.airflow.dags.utils.config import *
ModuleNotFoundError: No module named 'full_program'
[2024-11-08T23:56:30.018+0000] {processor.py:841} WARNING - No viable dags retrieved from /opt/airflow/dags/eia_natural_gas_monthly_variables_etl_pipeline_dag/drop_columns.py
[2024-11-08T23:56:30.039+0000] {processor.py:179} INFO - Processing /opt/airflow/dags/eia_natural_gas_monthly_variables_etl_pipeline_dag/drop_columns.py took 0.051 seconds
[2024-11-08T23:57:00.932+0000] {processor.py:157} INFO - Started process (PID=1070) to work on /opt/airflow/dags/eia_natural_gas_monthly_variables_etl_pipeline_dag/drop_columns.py
[2024-11-08T23:57:00.933+0000] {processor.py:829} INFO - Processing file /opt/airflow/dags/eia_natural_gas_monthly_variables_etl_pipeline_dag/drop_columns.py for tasks to queue
[2024-11-08T23:57:00.934+0000] {logging_mixin.py:151} INFO - [2024-11-08T23:57:00.934+0000] {dagbag.py:539} INFO - Filling up the DagBag from /opt/airflow/dags/eia_natural_gas_monthly_variables_etl_pipeline_dag/drop_columns.py
[2024-11-08T23:57:00.949+0000] {logging_mixin.py:151} INFO - [2024-11-08T23:57:00.945+0000] {dagbag.py:347} ERROR - Failed to import: /opt/airflow/dags/eia_natural_gas_monthly_variables_etl_pipeline_dag/drop_columns.py
Traceback (most recent call last):
  File "/home/airflow/.local/lib/python3.8/site-packages/airflow/models/dagbag.py", line 343, in parse
    loader.exec_module(new_module)
  File "<frozen importlib._bootstrap_external>", line 843, in exec_module
  File "<frozen importlib._bootstrap>", line 219, in _call_with_frames_removed
  File "/opt/airflow/dags/eia_natural_gas_monthly_variables_etl_pipeline_dag/drop_columns.py", line 3, in <module>
    from full_program.airflow.dags.utils.config import *
ModuleNotFoundError: No module named 'full_program'
[2024-11-08T23:57:00.950+0000] {processor.py:841} WARNING - No viable dags retrieved from /opt/airflow/dags/eia_natural_gas_monthly_variables_etl_pipeline_dag/drop_columns.py
[2024-11-08T23:57:00.969+0000] {processor.py:179} INFO - Processing /opt/airflow/dags/eia_natural_gas_monthly_variables_etl_pipeline_dag/drop_columns.py took 0.039 seconds
[2024-11-08T23:57:31.158+0000] {processor.py:157} INFO - Started process (PID=1134) to work on /opt/airflow/dags/eia_natural_gas_monthly_variables_etl_pipeline_dag/drop_columns.py
[2024-11-08T23:57:31.159+0000] {processor.py:829} INFO - Processing file /opt/airflow/dags/eia_natural_gas_monthly_variables_etl_pipeline_dag/drop_columns.py for tasks to queue
[2024-11-08T23:57:31.160+0000] {logging_mixin.py:151} INFO - [2024-11-08T23:57:31.159+0000] {dagbag.py:539} INFO - Filling up the DagBag from /opt/airflow/dags/eia_natural_gas_monthly_variables_etl_pipeline_dag/drop_columns.py
[2024-11-08T23:57:31.176+0000] {logging_mixin.py:151} INFO - [2024-11-08T23:57:31.173+0000] {dagbag.py:347} ERROR - Failed to import: /opt/airflow/dags/eia_natural_gas_monthly_variables_etl_pipeline_dag/drop_columns.py
Traceback (most recent call last):
  File "/home/airflow/.local/lib/python3.8/site-packages/airflow/models/dagbag.py", line 343, in parse
    loader.exec_module(new_module)
  File "<frozen importlib._bootstrap_external>", line 843, in exec_module
  File "<frozen importlib._bootstrap>", line 219, in _call_with_frames_removed
  File "/opt/airflow/dags/eia_natural_gas_monthly_variables_etl_pipeline_dag/drop_columns.py", line 3, in <module>
    from full_program.airflow.dags.utils.config import *
ModuleNotFoundError: No module named 'full_program'
[2024-11-08T23:57:31.178+0000] {processor.py:841} WARNING - No viable dags retrieved from /opt/airflow/dags/eia_natural_gas_monthly_variables_etl_pipeline_dag/drop_columns.py
[2024-11-08T23:57:31.199+0000] {processor.py:179} INFO - Processing /opt/airflow/dags/eia_natural_gas_monthly_variables_etl_pipeline_dag/drop_columns.py took 0.045 seconds
[2024-11-08T23:58:01.595+0000] {processor.py:157} INFO - Started process (PID=1198) to work on /opt/airflow/dags/eia_natural_gas_monthly_variables_etl_pipeline_dag/drop_columns.py
[2024-11-08T23:58:01.597+0000] {processor.py:829} INFO - Processing file /opt/airflow/dags/eia_natural_gas_monthly_variables_etl_pipeline_dag/drop_columns.py for tasks to queue
[2024-11-08T23:58:01.598+0000] {logging_mixin.py:151} INFO - [2024-11-08T23:58:01.598+0000] {dagbag.py:539} INFO - Filling up the DagBag from /opt/airflow/dags/eia_natural_gas_monthly_variables_etl_pipeline_dag/drop_columns.py
[2024-11-08T23:58:01.640+0000] {logging_mixin.py:151} INFO - [2024-11-08T23:58:01.631+0000] {dagbag.py:347} ERROR - Failed to import: /opt/airflow/dags/eia_natural_gas_monthly_variables_etl_pipeline_dag/drop_columns.py
Traceback (most recent call last):
  File "/home/airflow/.local/lib/python3.8/site-packages/airflow/models/dagbag.py", line 343, in parse
    loader.exec_module(new_module)
  File "<frozen importlib._bootstrap_external>", line 843, in exec_module
  File "<frozen importlib._bootstrap>", line 219, in _call_with_frames_removed
  File "/opt/airflow/dags/eia_natural_gas_monthly_variables_etl_pipeline_dag/drop_columns.py", line 3, in <module>
    from full_program.airflow.dags.utils.config import *
ModuleNotFoundError: No module named 'full_program'
[2024-11-08T23:58:01.644+0000] {processor.py:841} WARNING - No viable dags retrieved from /opt/airflow/dags/eia_natural_gas_monthly_variables_etl_pipeline_dag/drop_columns.py
[2024-11-08T23:58:01.670+0000] {processor.py:179} INFO - Processing /opt/airflow/dags/eia_natural_gas_monthly_variables_etl_pipeline_dag/drop_columns.py took 0.079 seconds
[2024-11-08T23:58:31.860+0000] {processor.py:157} INFO - Started process (PID=1262) to work on /opt/airflow/dags/eia_natural_gas_monthly_variables_etl_pipeline_dag/drop_columns.py
[2024-11-08T23:58:31.861+0000] {processor.py:829} INFO - Processing file /opt/airflow/dags/eia_natural_gas_monthly_variables_etl_pipeline_dag/drop_columns.py for tasks to queue
[2024-11-08T23:58:31.862+0000] {logging_mixin.py:151} INFO - [2024-11-08T23:58:31.861+0000] {dagbag.py:539} INFO - Filling up the DagBag from /opt/airflow/dags/eia_natural_gas_monthly_variables_etl_pipeline_dag/drop_columns.py
[2024-11-08T23:58:31.884+0000] {logging_mixin.py:151} INFO - [2024-11-08T23:58:31.880+0000] {dagbag.py:347} ERROR - Failed to import: /opt/airflow/dags/eia_natural_gas_monthly_variables_etl_pipeline_dag/drop_columns.py
Traceback (most recent call last):
  File "/home/airflow/.local/lib/python3.8/site-packages/airflow/models/dagbag.py", line 343, in parse
    loader.exec_module(new_module)
  File "<frozen importlib._bootstrap_external>", line 843, in exec_module
  File "<frozen importlib._bootstrap>", line 219, in _call_with_frames_removed
  File "/opt/airflow/dags/eia_natural_gas_monthly_variables_etl_pipeline_dag/drop_columns.py", line 3, in <module>
    from full_program.airflow.dags.utils.config import *
ModuleNotFoundError: No module named 'full_program'
[2024-11-08T23:58:31.886+0000] {processor.py:841} WARNING - No viable dags retrieved from /opt/airflow/dags/eia_natural_gas_monthly_variables_etl_pipeline_dag/drop_columns.py
[2024-11-08T23:58:31.908+0000] {processor.py:179} INFO - Processing /opt/airflow/dags/eia_natural_gas_monthly_variables_etl_pipeline_dag/drop_columns.py took 0.052 seconds
[2024-11-08T23:59:02.854+0000] {processor.py:157} INFO - Started process (PID=1326) to work on /opt/airflow/dags/eia_natural_gas_monthly_variables_etl_pipeline_dag/drop_columns.py
[2024-11-08T23:59:02.855+0000] {processor.py:829} INFO - Processing file /opt/airflow/dags/eia_natural_gas_monthly_variables_etl_pipeline_dag/drop_columns.py for tasks to queue
[2024-11-08T23:59:02.856+0000] {logging_mixin.py:151} INFO - [2024-11-08T23:59:02.856+0000] {dagbag.py:539} INFO - Filling up the DagBag from /opt/airflow/dags/eia_natural_gas_monthly_variables_etl_pipeline_dag/drop_columns.py
[2024-11-08T23:59:02.874+0000] {logging_mixin.py:151} INFO - [2024-11-08T23:59:02.869+0000] {dagbag.py:347} ERROR - Failed to import: /opt/airflow/dags/eia_natural_gas_monthly_variables_etl_pipeline_dag/drop_columns.py
Traceback (most recent call last):
  File "/home/airflow/.local/lib/python3.8/site-packages/airflow/models/dagbag.py", line 343, in parse
    loader.exec_module(new_module)
  File "<frozen importlib._bootstrap_external>", line 843, in exec_module
  File "<frozen importlib._bootstrap>", line 219, in _call_with_frames_removed
  File "/opt/airflow/dags/eia_natural_gas_monthly_variables_etl_pipeline_dag/drop_columns.py", line 3, in <module>
    from full_program.airflow.dags.utils.config import *
ModuleNotFoundError: No module named 'full_program'
[2024-11-08T23:59:02.875+0000] {processor.py:841} WARNING - No viable dags retrieved from /opt/airflow/dags/eia_natural_gas_monthly_variables_etl_pipeline_dag/drop_columns.py
[2024-11-08T23:59:02.901+0000] {processor.py:179} INFO - Processing /opt/airflow/dags/eia_natural_gas_monthly_variables_etl_pipeline_dag/drop_columns.py took 0.050 seconds
[2024-11-08T23:59:33.819+0000] {processor.py:157} INFO - Started process (PID=1390) to work on /opt/airflow/dags/eia_natural_gas_monthly_variables_etl_pipeline_dag/drop_columns.py
[2024-11-08T23:59:33.820+0000] {processor.py:829} INFO - Processing file /opt/airflow/dags/eia_natural_gas_monthly_variables_etl_pipeline_dag/drop_columns.py for tasks to queue
[2024-11-08T23:59:33.821+0000] {logging_mixin.py:151} INFO - [2024-11-08T23:59:33.821+0000] {dagbag.py:539} INFO - Filling up the DagBag from /opt/airflow/dags/eia_natural_gas_monthly_variables_etl_pipeline_dag/drop_columns.py
[2024-11-08T23:59:33.838+0000] {logging_mixin.py:151} INFO - [2024-11-08T23:59:33.834+0000] {dagbag.py:347} ERROR - Failed to import: /opt/airflow/dags/eia_natural_gas_monthly_variables_etl_pipeline_dag/drop_columns.py
Traceback (most recent call last):
  File "/home/airflow/.local/lib/python3.8/site-packages/airflow/models/dagbag.py", line 343, in parse
    loader.exec_module(new_module)
  File "<frozen importlib._bootstrap_external>", line 843, in exec_module
  File "<frozen importlib._bootstrap>", line 219, in _call_with_frames_removed
  File "/opt/airflow/dags/eia_natural_gas_monthly_variables_etl_pipeline_dag/drop_columns.py", line 3, in <module>
    from full_program.airflow.dags.utils.config import *
ModuleNotFoundError: No module named 'full_program'
[2024-11-08T23:59:33.839+0000] {processor.py:841} WARNING - No viable dags retrieved from /opt/airflow/dags/eia_natural_gas_monthly_variables_etl_pipeline_dag/drop_columns.py
[2024-11-08T23:59:33.866+0000] {processor.py:179} INFO - Processing /opt/airflow/dags/eia_natural_gas_monthly_variables_etl_pipeline_dag/drop_columns.py took 0.050 seconds
