[2024-11-10T02:34:48.669+0000] {logging_mixin.py:151} INFO - Changing /opt/***/logs/dag_id=heating_oil_spot_prices_etl_pipeline/run_id=manual__2024-11-10T02:34:46.924864+00:00/task_id=heating_oil_spot_prices_extraction permission to 509
[2024-11-10T02:34:48.670+0000] {logging_mixin.py:151} INFO - Failed to change /opt/***/logs/dag_id=heating_oil_spot_prices_etl_pipeline/run_id=manual__2024-11-10T02:34:46.924864+00:00/task_id=heating_oil_spot_prices_extraction permission to 509: [Errno 1] Operation not permitted: '/opt/***/logs/dag_id=heating_oil_spot_prices_etl_pipeline/run_id=manual__2024-11-10T02:34:46.924864+00:00/task_id=heating_oil_spot_prices_extraction'
[2024-11-10T02:34:48.700+0000] {logging_mixin.py:151} INFO - Changing /opt/***/logs/dag_id=heating_oil_spot_prices_etl_pipeline/run_id=manual__2024-11-10T02:34:46.924864+00:00/task_id=heating_oil_spot_prices_extraction permission to 509
[2024-11-10T02:34:48.700+0000] {logging_mixin.py:151} INFO - Failed to change /opt/***/logs/dag_id=heating_oil_spot_prices_etl_pipeline/run_id=manual__2024-11-10T02:34:46.924864+00:00/task_id=heating_oil_spot_prices_extraction permission to 509: [Errno 1] Operation not permitted: '/opt/***/logs/dag_id=heating_oil_spot_prices_etl_pipeline/run_id=manual__2024-11-10T02:34:46.924864+00:00/task_id=heating_oil_spot_prices_extraction'
[2024-11-10T02:34:48.729+0000] {taskinstance.py:1159} INFO - Dependencies all met for dep_context=non-requeueable deps ti=<TaskInstance: heating_oil_spot_prices_etl_pipeline.heating_oil_spot_prices_extraction manual__2024-11-10T02:34:46.924864+00:00 [queued]>
[2024-11-10T02:34:48.736+0000] {taskinstance.py:1159} INFO - Dependencies all met for dep_context=requeueable deps ti=<TaskInstance: heating_oil_spot_prices_etl_pipeline.heating_oil_spot_prices_extraction manual__2024-11-10T02:34:46.924864+00:00 [queued]>
[2024-11-10T02:34:48.736+0000] {taskinstance.py:1361} INFO - Starting attempt 1 of 2
[2024-11-10T02:34:48.748+0000] {taskinstance.py:1382} INFO - Executing <Task(PythonOperator): heating_oil_spot_prices_extraction> on 2024-11-10 02:34:46.924864+00:00
[2024-11-10T02:34:48.754+0000] {standard_task_runner.py:57} INFO - Started process 25964 to run task
[2024-11-10T02:34:48.756+0000] {standard_task_runner.py:84} INFO - Running: ['***', 'tasks', 'run', 'heating_oil_spot_prices_etl_pipeline', 'heating_oil_spot_prices_extraction', 'manual__2024-11-10T02:34:46.924864+00:00', '--job-id', '40', '--raw', '--subdir', 'DAGS_FOLDER/eia_heating_oil_spot_prices_etl_pipeline_dag/eia_heating_oil_spot_prices_etl_pipeline_dag.py', '--cfg-path', '/tmp/tmp4czl1_0u']
[2024-11-10T02:34:48.757+0000] {standard_task_runner.py:85} INFO - Job 40: Subtask heating_oil_spot_prices_extraction
[2024-11-10T02:34:48.798+0000] {logging_mixin.py:151} INFO - Changing /opt/***/logs/dag_id=heating_oil_spot_prices_etl_pipeline/run_id=manual__2024-11-10T02:34:46.924864+00:00/task_id=heating_oil_spot_prices_extraction permission to 509
[2024-11-10T02:34:48.798+0000] {logging_mixin.py:151} INFO - Failed to change /opt/***/logs/dag_id=heating_oil_spot_prices_etl_pipeline/run_id=manual__2024-11-10T02:34:46.924864+00:00/task_id=heating_oil_spot_prices_extraction permission to 509: [Errno 1] Operation not permitted: '/opt/***/logs/dag_id=heating_oil_spot_prices_etl_pipeline/run_id=manual__2024-11-10T02:34:46.924864+00:00/task_id=heating_oil_spot_prices_extraction'
[2024-11-10T02:34:48.800+0000] {task_command.py:415} INFO - Running <TaskInstance: heating_oil_spot_prices_etl_pipeline.heating_oil_spot_prices_extraction manual__2024-11-10T02:34:46.924864+00:00 [running]> on host 16801ac1f6e4
[2024-11-10T02:34:48.862+0000] {taskinstance.py:1660} INFO - Exporting env vars: AIRFLOW_CTX_DAG_OWNER='***' AIRFLOW_CTX_DAG_ID='heating_oil_spot_prices_etl_pipeline' AIRFLOW_CTX_TASK_ID='heating_oil_spot_prices_extraction' AIRFLOW_CTX_EXECUTION_DATE='2024-11-10T02:34:46.924864+00:00' AIRFLOW_CTX_TRY_NUMBER='1' AIRFLOW_CTX_DAG_RUN_ID='manual__2024-11-10T02:34:46.924864+00:00'
[2024-11-10T02:34:50.031+0000] {logging_mixin.py:151} INFO - Error retrieving metadata: An error occurred (NoSuchKey) when calling the GetObject operation: The specified key does not exist.
[2024-11-10T02:34:55.266+0000] {logging_mixin.py:151} INFO - Error retrieving metadata: An error occurred (NoSuchKey) when calling the GetObject operation: The specified key does not exist.
[2024-11-10T02:35:01.258+0000] {logging_mixin.py:151} INFO - Error retrieving metadata: An error occurred (NoSuchKey) when calling the GetObject operation: The specified key does not exist.
[2024-11-10T02:35:14.282+0000] {logging_mixin.py:151} INFO - Error retrieving metadata: An error occurred (NoSuchKey) when calling the GetObject operation: The specified key does not exist.
[2024-11-10T02:35:19.613+0000] {python.py:194} INFO - Done. Returned value was: None
[2024-11-10T02:35:19.625+0000] {taskinstance.py:1400} INFO - Marking task as SUCCESS. dag_id=heating_oil_spot_prices_etl_pipeline, task_id=heating_oil_spot_prices_extraction, execution_date=20241110T023446, start_date=20241110T023448, end_date=20241110T023519
[2024-11-10T02:35:19.645+0000] {local_task_job_runner.py:228} INFO - Task exited with return code 0
[2024-11-10T02:35:19.667+0000] {taskinstance.py:2784} INFO - 0 downstream tasks scheduled from follow-on schedule check
