[2024-11-20T12:44:15.839+0000] {logging_mixin.py:151} INFO - Changing /opt/***/logs/dag_id=model_training_pipeline/run_id=manual__2024-11-20T12:44:11.493278+00:00/task_id=train_model permission to 509
[2024-11-20T12:44:15.840+0000] {logging_mixin.py:151} INFO - Failed to change /opt/***/logs/dag_id=model_training_pipeline/run_id=manual__2024-11-20T12:44:11.493278+00:00/task_id=train_model permission to 509: [Errno 1] Operation not permitted: '/opt/***/logs/dag_id=model_training_pipeline/run_id=manual__2024-11-20T12:44:11.493278+00:00/task_id=train_model'
[2024-11-20T12:44:15.880+0000] {logging_mixin.py:151} INFO - Changing /opt/***/logs/dag_id=model_training_pipeline/run_id=manual__2024-11-20T12:44:11.493278+00:00/task_id=train_model permission to 509
[2024-11-20T12:44:15.881+0000] {logging_mixin.py:151} INFO - Failed to change /opt/***/logs/dag_id=model_training_pipeline/run_id=manual__2024-11-20T12:44:11.493278+00:00/task_id=train_model permission to 509: [Errno 1] Operation not permitted: '/opt/***/logs/dag_id=model_training_pipeline/run_id=manual__2024-11-20T12:44:11.493278+00:00/task_id=train_model'
[2024-11-20T12:44:15.917+0000] {taskinstance.py:1159} INFO - Dependencies all met for dep_context=non-requeueable deps ti=<TaskInstance: model_training_pipeline.train_model manual__2024-11-20T12:44:11.493278+00:00 [queued]>
[2024-11-20T12:44:15.941+0000] {taskinstance.py:1159} INFO - Dependencies all met for dep_context=requeueable deps ti=<TaskInstance: model_training_pipeline.train_model manual__2024-11-20T12:44:11.493278+00:00 [queued]>
[2024-11-20T12:44:15.942+0000] {taskinstance.py:1361} INFO - Starting attempt 1 of 2
[2024-11-20T12:44:15.964+0000] {taskinstance.py:1382} INFO - Executing <Task(PythonOperator): train_model> on 2024-11-20 12:44:11.493278+00:00
[2024-11-20T12:44:15.975+0000] {standard_task_runner.py:57} INFO - Started process 10599 to run task
[2024-11-20T12:44:15.977+0000] {standard_task_runner.py:84} INFO - Running: ['***', 'tasks', 'run', 'model_training_pipeline', 'train_model', 'manual__2024-11-20T12:44:11.493278+00:00', '--job-id', '334', '--raw', '--subdir', 'DAGS_FOLDER/model_training_pipeline_dag/model_training_dag.py', '--cfg-path', '/tmp/tmpt0kf7gez']
[2024-11-20T12:44:15.980+0000] {standard_task_runner.py:85} INFO - Job 334: Subtask train_model
[2024-11-20T12:44:16.038+0000] {logging_mixin.py:151} INFO - Changing /opt/***/logs/dag_id=model_training_pipeline/run_id=manual__2024-11-20T12:44:11.493278+00:00/task_id=train_model permission to 509
[2024-11-20T12:44:16.039+0000] {logging_mixin.py:151} INFO - Failed to change /opt/***/logs/dag_id=model_training_pipeline/run_id=manual__2024-11-20T12:44:11.493278+00:00/task_id=train_model permission to 509: [Errno 1] Operation not permitted: '/opt/***/logs/dag_id=model_training_pipeline/run_id=manual__2024-11-20T12:44:11.493278+00:00/task_id=train_model'
[2024-11-20T12:44:16.040+0000] {task_command.py:415} INFO - Running <TaskInstance: model_training_pipeline.train_model manual__2024-11-20T12:44:11.493278+00:00 [running]> on host 16801ac1f6e4
[2024-11-20T12:44:16.120+0000] {taskinstance.py:1660} INFO - Exporting env vars: AIRFLOW_CTX_DAG_OWNER='***' AIRFLOW_CTX_DAG_ID='model_training_pipeline' AIRFLOW_CTX_TASK_ID='train_model' AIRFLOW_CTX_EXECUTION_DATE='2024-11-20T12:44:11.493278+00:00' AIRFLOW_CTX_TRY_NUMBER='1' AIRFLOW_CTX_DAG_RUN_ID='manual__2024-11-20T12:44:11.493278+00:00'
[2024-11-20T12:48:05.950+0000] {logging_mixin.py:151} INFO - Processing training data chunk with 8411 rows
[2024-11-20T12:48:05.964+0000] {taskinstance.py:1943} ERROR - Task failed with exception
Traceback (most recent call last):
  File "/home/airflow/.local/lib/python3.8/site-packages/airflow/operators/python.py", line 192, in execute
    return_value = self.execute_callable()
  File "/home/airflow/.local/lib/python3.8/site-packages/airflow/operators/python.py", line 209, in execute_callable
    return self.python_callable(*self.op_args, **self.op_kwargs)
  File "/opt/airflow/dags/model_training_pipeline_dag/train_model.py", line 49, in train_model
    transformed_chunk = EtlTransforms.normalise_training_data(df=chunk)
TypeError: normalise_training_data() got an unexpected keyword argument 'df'
[2024-11-20T12:48:06.006+0000] {taskinstance.py:1400} INFO - Marking task as UP_FOR_RETRY. dag_id=model_training_pipeline, task_id=train_model, execution_date=20241120T124411, start_date=20241120T124415, end_date=20241120T124806
[2024-11-20T12:48:06.042+0000] {standard_task_runner.py:104} ERROR - Failed to execute job 334 for task train_model (normalise_training_data() got an unexpected keyword argument 'df'; 10599)
[2024-11-20T12:48:06.122+0000] {local_task_job_runner.py:228} INFO - Task exited with return code 1
[2024-11-20T12:48:06.182+0000] {taskinstance.py:2784} INFO - 0 downstream tasks scheduled from follow-on schedule check
