[2024-11-10T00:53:56.119+0000] {logging_mixin.py:151} INFO - Changing /opt/***/logs/dag_id=noaa_etl_pipeline/run_id=manual__2024-11-10T00:53:11.771091+00:00/task_id=noaa_extraction permission to 509
[2024-11-10T00:53:56.119+0000] {logging_mixin.py:151} INFO - Failed to change /opt/***/logs/dag_id=noaa_etl_pipeline/run_id=manual__2024-11-10T00:53:11.771091+00:00/task_id=noaa_extraction permission to 509: [Errno 1] Operation not permitted: '/opt/***/logs/dag_id=noaa_etl_pipeline/run_id=manual__2024-11-10T00:53:11.771091+00:00/task_id=noaa_extraction'
[2024-11-10T00:53:56.150+0000] {logging_mixin.py:151} INFO - Changing /opt/***/logs/dag_id=noaa_etl_pipeline/run_id=manual__2024-11-10T00:53:11.771091+00:00/task_id=noaa_extraction permission to 509
[2024-11-10T00:53:56.150+0000] {logging_mixin.py:151} INFO - Failed to change /opt/***/logs/dag_id=noaa_etl_pipeline/run_id=manual__2024-11-10T00:53:11.771091+00:00/task_id=noaa_extraction permission to 509: [Errno 1] Operation not permitted: '/opt/***/logs/dag_id=noaa_etl_pipeline/run_id=manual__2024-11-10T00:53:11.771091+00:00/task_id=noaa_extraction'
[2024-11-10T00:53:56.187+0000] {taskinstance.py:1159} INFO - Dependencies all met for dep_context=non-requeueable deps ti=<TaskInstance: noaa_etl_pipeline.noaa_extraction manual__2024-11-10T00:53:11.771091+00:00 [queued]>
[2024-11-10T00:53:56.196+0000] {taskinstance.py:1159} INFO - Dependencies all met for dep_context=requeueable deps ti=<TaskInstance: noaa_etl_pipeline.noaa_extraction manual__2024-11-10T00:53:11.771091+00:00 [queued]>
[2024-11-10T00:53:56.196+0000] {taskinstance.py:1361} INFO - Starting attempt 2 of 2
[2024-11-10T00:53:56.212+0000] {taskinstance.py:1382} INFO - Executing <Task(PythonOperator): noaa_extraction> on 2024-11-10 00:53:11.771091+00:00
[2024-11-10T00:53:56.221+0000] {standard_task_runner.py:57} INFO - Started process 8565 to run task
[2024-11-10T00:53:56.223+0000] {standard_task_runner.py:84} INFO - Running: ['***', 'tasks', 'run', 'noaa_etl_pipeline', 'noaa_extraction', 'manual__2024-11-10T00:53:11.771091+00:00', '--job-id', '5', '--raw', '--subdir', 'DAGS_FOLDER/noaa_etl_pipeline_dag/noaa_etl_pipeline_dag.py', '--cfg-path', '/tmp/tmpdwwnhwti']
[2024-11-10T00:53:56.226+0000] {standard_task_runner.py:85} INFO - Job 5: Subtask noaa_extraction
[2024-11-10T00:53:56.279+0000] {logging_mixin.py:151} INFO - Changing /opt/***/logs/dag_id=noaa_etl_pipeline/run_id=manual__2024-11-10T00:53:11.771091+00:00/task_id=noaa_extraction permission to 509
[2024-11-10T00:53:56.279+0000] {logging_mixin.py:151} INFO - Failed to change /opt/***/logs/dag_id=noaa_etl_pipeline/run_id=manual__2024-11-10T00:53:11.771091+00:00/task_id=noaa_extraction permission to 509: [Errno 1] Operation not permitted: '/opt/***/logs/dag_id=noaa_etl_pipeline/run_id=manual__2024-11-10T00:53:11.771091+00:00/task_id=noaa_extraction'
[2024-11-10T00:53:56.281+0000] {task_command.py:415} INFO - Running <TaskInstance: noaa_etl_pipeline.noaa_extraction manual__2024-11-10T00:53:11.771091+00:00 [running]> on host 16801ac1f6e4
[2024-11-10T00:53:56.369+0000] {taskinstance.py:1660} INFO - Exporting env vars: AIRFLOW_CTX_DAG_OWNER='***' AIRFLOW_CTX_DAG_ID='noaa_etl_pipeline' AIRFLOW_CTX_TASK_ID='noaa_extraction' AIRFLOW_CTX_EXECUTION_DATE='2024-11-10T00:53:11.771091+00:00' AIRFLOW_CTX_TRY_NUMBER='2' AIRFLOW_CTX_DAG_RUN_ID='manual__2024-11-10T00:53:11.771091+00:00'
[2024-11-10T00:53:59.865+0000] {logging_mixin.py:151} INFO - Error retrieving metadata: An error occurred (NoSuchKey) when calling the GetObject operation: The specified key does not exist.
[2024-11-10T00:53:59.868+0000] {logging_mixin.py:151} INFO - 1999-01-04
[2024-11-10T00:54:04.585+0000] {taskinstance.py:1943} ERROR - Task failed with exception
Traceback (most recent call last):
  File "/home/airflow/.local/lib/python3.8/site-packages/airflow/operators/python.py", line 192, in execute
    return_value = self.execute_callable()
  File "/home/airflow/.local/lib/python3.8/site-packages/airflow/operators/python.py", line 209, in execute_callable
    return self.python_callable(*self.op_args, **self.op_kwargs)
  File "/opt/airflow/dags/noaa_etl_pipeline_dag/extraction.py", line 32, in noaa_extraction
    noaa.extract(parameters=parameters, folder='full_program/extraction/daily_weather/',
  File "/opt/airflow/dags/extraction/noaa_api.py", line 139, in extract
    record['city'] = self.locations.get(record['station'])[0]
TypeError: 'NoneType' object is not subscriptable
[2024-11-10T00:54:04.600+0000] {taskinstance.py:1400} INFO - Marking task as FAILED. dag_id=noaa_etl_pipeline, task_id=noaa_extraction, execution_date=20241110T005311, start_date=20241110T005356, end_date=20241110T005404
[2024-11-10T00:54:04.619+0000] {standard_task_runner.py:104} ERROR - Failed to execute job 5 for task noaa_extraction ('NoneType' object is not subscriptable; 8565)
[2024-11-10T00:54:04.630+0000] {local_task_job_runner.py:228} INFO - Task exited with return code 1
[2024-11-10T00:54:04.655+0000] {taskinstance.py:2784} INFO - 0 downstream tasks scheduled from follow-on schedule check
