[2024-11-10T00:53:16.051+0000] {logging_mixin.py:151} INFO - Changing /opt/***/logs/dag_id=noaa_etl_pipeline/run_id=manual__2024-11-10T00:53:11.771091+00:00/task_id=noaa_extraction permission to 509
[2024-11-10T00:53:16.052+0000] {logging_mixin.py:151} INFO - Failed to change /opt/***/logs/dag_id=noaa_etl_pipeline/run_id=manual__2024-11-10T00:53:11.771091+00:00/task_id=noaa_extraction permission to 509: [Errno 1] Operation not permitted: '/opt/***/logs/dag_id=noaa_etl_pipeline/run_id=manual__2024-11-10T00:53:11.771091+00:00/task_id=noaa_extraction'
[2024-11-10T00:53:16.091+0000] {logging_mixin.py:151} INFO - Changing /opt/***/logs/dag_id=noaa_etl_pipeline/run_id=manual__2024-11-10T00:53:11.771091+00:00/task_id=noaa_extraction permission to 509
[2024-11-10T00:53:16.092+0000] {logging_mixin.py:151} INFO - Failed to change /opt/***/logs/dag_id=noaa_etl_pipeline/run_id=manual__2024-11-10T00:53:11.771091+00:00/task_id=noaa_extraction permission to 509: [Errno 1] Operation not permitted: '/opt/***/logs/dag_id=noaa_etl_pipeline/run_id=manual__2024-11-10T00:53:11.771091+00:00/task_id=noaa_extraction'
[2024-11-10T00:53:16.151+0000] {taskinstance.py:1159} INFO - Dependencies all met for dep_context=non-requeueable deps ti=<TaskInstance: noaa_etl_pipeline.noaa_extraction manual__2024-11-10T00:53:11.771091+00:00 [queued]>
[2024-11-10T00:53:16.163+0000] {taskinstance.py:1159} INFO - Dependencies all met for dep_context=requeueable deps ti=<TaskInstance: noaa_etl_pipeline.noaa_extraction manual__2024-11-10T00:53:11.771091+00:00 [queued]>
[2024-11-10T00:53:16.164+0000] {taskinstance.py:1361} INFO - Starting attempt 1 of 2
[2024-11-10T00:53:16.180+0000] {taskinstance.py:1382} INFO - Executing <Task(PythonOperator): noaa_extraction> on 2024-11-10 00:53:11.771091+00:00
[2024-11-10T00:53:16.192+0000] {standard_task_runner.py:57} INFO - Started process 8424 to run task
[2024-11-10T00:53:16.194+0000] {standard_task_runner.py:84} INFO - Running: ['***', 'tasks', 'run', 'noaa_etl_pipeline', 'noaa_extraction', 'manual__2024-11-10T00:53:11.771091+00:00', '--job-id', '4', '--raw', '--subdir', 'DAGS_FOLDER/noaa_etl_pipeline_dag/noaa_etl_pipeline_dag.py', '--cfg-path', '/tmp/tmpyzmh2dkr']
[2024-11-10T00:53:16.196+0000] {standard_task_runner.py:85} INFO - Job 4: Subtask noaa_extraction
[2024-11-10T00:53:16.250+0000] {logging_mixin.py:151} INFO - Changing /opt/***/logs/dag_id=noaa_etl_pipeline/run_id=manual__2024-11-10T00:53:11.771091+00:00/task_id=noaa_extraction permission to 509
[2024-11-10T00:53:16.250+0000] {logging_mixin.py:151} INFO - Failed to change /opt/***/logs/dag_id=noaa_etl_pipeline/run_id=manual__2024-11-10T00:53:11.771091+00:00/task_id=noaa_extraction permission to 509: [Errno 1] Operation not permitted: '/opt/***/logs/dag_id=noaa_etl_pipeline/run_id=manual__2024-11-10T00:53:11.771091+00:00/task_id=noaa_extraction'
[2024-11-10T00:53:16.253+0000] {task_command.py:415} INFO - Running <TaskInstance: noaa_etl_pipeline.noaa_extraction manual__2024-11-10T00:53:11.771091+00:00 [running]> on host 16801ac1f6e4
[2024-11-10T00:53:16.419+0000] {taskinstance.py:1660} INFO - Exporting env vars: AIRFLOW_CTX_DAG_OWNER='***' AIRFLOW_CTX_DAG_ID='noaa_etl_pipeline' AIRFLOW_CTX_TASK_ID='noaa_extraction' AIRFLOW_CTX_EXECUTION_DATE='2024-11-10T00:53:11.771091+00:00' AIRFLOW_CTX_TRY_NUMBER='1' AIRFLOW_CTX_DAG_RUN_ID='manual__2024-11-10T00:53:11.771091+00:00'
[2024-11-10T00:53:19.955+0000] {logging_mixin.py:151} INFO - Error retrieving metadata: An error occurred (NoSuchKey) when calling the GetObject operation: The specified key does not exist.
[2024-11-10T00:53:19.960+0000] {logging_mixin.py:151} INFO - 1999-01-04
[2024-11-10T00:53:24.087+0000] {taskinstance.py:1943} ERROR - Task failed with exception
Traceback (most recent call last):
  File "/home/airflow/.local/lib/python3.8/site-packages/airflow/operators/python.py", line 192, in execute
    return_value = self.execute_callable()
  File "/home/airflow/.local/lib/python3.8/site-packages/airflow/operators/python.py", line 209, in execute_callable
    return self.python_callable(*self.op_args, **self.op_kwargs)
  File "/opt/airflow/dags/noaa_etl_pipeline_dag/extraction.py", line 32, in noaa_extraction
    noaa.extract(parameters=parameters, folder='full_program/extraction/daily_weather/',
  File "/opt/airflow/dags/extraction/noaa_api.py", line 139, in extract
    record['city'] = self.locations.get(record['station'])[0]
TypeError: 'NoneType' object is not subscriptable
[2024-11-10T00:53:24.127+0000] {taskinstance.py:1400} INFO - Marking task as UP_FOR_RETRY. dag_id=noaa_etl_pipeline, task_id=noaa_extraction, execution_date=20241110T005311, start_date=20241110T005316, end_date=20241110T005324
[2024-11-10T00:53:24.143+0000] {standard_task_runner.py:104} ERROR - Failed to execute job 4 for task noaa_extraction ('NoneType' object is not subscriptable; 8424)
[2024-11-10T00:53:24.164+0000] {local_task_job_runner.py:228} INFO - Task exited with return code 1
[2024-11-10T00:53:24.188+0000] {taskinstance.py:2784} INFO - 0 downstream tasks scheduled from follow-on schedule check
