[2024-11-23T06:52:37.678+0000] {logging_mixin.py:151} INFO - Changing /opt/***/logs/dag_id=model_training_pipeline/run_id=manual__2024-11-23T06:49:59.583911+00:00/task_id=train_model permission to 509
[2024-11-23T06:52:37.678+0000] {logging_mixin.py:151} INFO - Failed to change /opt/***/logs/dag_id=model_training_pipeline/run_id=manual__2024-11-23T06:49:59.583911+00:00/task_id=train_model permission to 509: [Errno 1] Operation not permitted: '/opt/***/logs/dag_id=model_training_pipeline/run_id=manual__2024-11-23T06:49:59.583911+00:00/task_id=train_model'
[2024-11-23T06:52:37.702+0000] {logging_mixin.py:151} INFO - Changing /opt/***/logs/dag_id=model_training_pipeline/run_id=manual__2024-11-23T06:49:59.583911+00:00/task_id=train_model permission to 509
[2024-11-23T06:52:37.703+0000] {logging_mixin.py:151} INFO - Failed to change /opt/***/logs/dag_id=model_training_pipeline/run_id=manual__2024-11-23T06:49:59.583911+00:00/task_id=train_model permission to 509: [Errno 1] Operation not permitted: '/opt/***/logs/dag_id=model_training_pipeline/run_id=manual__2024-11-23T06:49:59.583911+00:00/task_id=train_model'
[2024-11-23T06:52:37.725+0000] {taskinstance.py:1159} INFO - Dependencies all met for dep_context=non-requeueable deps ti=<TaskInstance: model_training_pipeline.train_model manual__2024-11-23T06:49:59.583911+00:00 [queued]>
[2024-11-23T06:52:37.732+0000] {taskinstance.py:1159} INFO - Dependencies all met for dep_context=requeueable deps ti=<TaskInstance: model_training_pipeline.train_model manual__2024-11-23T06:49:59.583911+00:00 [queued]>
[2024-11-23T06:52:37.733+0000] {taskinstance.py:1361} INFO - Starting attempt 2 of 2
[2024-11-23T06:52:37.745+0000] {taskinstance.py:1382} INFO - Executing <Task(PythonOperator): train_model> on 2024-11-23 06:49:59.583911+00:00
[2024-11-23T06:52:37.755+0000] {standard_task_runner.py:57} INFO - Started process 16351 to run task
[2024-11-23T06:52:37.757+0000] {standard_task_runner.py:84} INFO - Running: ['***', 'tasks', 'run', 'model_training_pipeline', 'train_model', 'manual__2024-11-23T06:49:59.583911+00:00', '--job-id', '377', '--raw', '--subdir', 'DAGS_FOLDER/model_training_pipeline_dag/model_training_dag.py', '--cfg-path', '/tmp/tmp5v_ktx7h']
[2024-11-23T06:52:37.760+0000] {standard_task_runner.py:85} INFO - Job 377: Subtask train_model
[2024-11-23T06:52:37.800+0000] {logging_mixin.py:151} INFO - Changing /opt/***/logs/dag_id=model_training_pipeline/run_id=manual__2024-11-23T06:49:59.583911+00:00/task_id=train_model permission to 509
[2024-11-23T06:52:37.801+0000] {logging_mixin.py:151} INFO - Failed to change /opt/***/logs/dag_id=model_training_pipeline/run_id=manual__2024-11-23T06:49:59.583911+00:00/task_id=train_model permission to 509: [Errno 1] Operation not permitted: '/opt/***/logs/dag_id=model_training_pipeline/run_id=manual__2024-11-23T06:49:59.583911+00:00/task_id=train_model'
[2024-11-23T06:52:37.802+0000] {task_command.py:415} INFO - Running <TaskInstance: model_training_pipeline.train_model manual__2024-11-23T06:49:59.583911+00:00 [running]> on host 2445c017a334
[2024-11-23T06:52:37.873+0000] {taskinstance.py:1660} INFO - Exporting env vars: AIRFLOW_CTX_DAG_OWNER='***' AIRFLOW_CTX_DAG_ID='model_training_pipeline' AIRFLOW_CTX_TASK_ID='train_model' AIRFLOW_CTX_EXECUTION_DATE='2024-11-23T06:49:59.583911+00:00' AIRFLOW_CTX_TRY_NUMBER='2' AIRFLOW_CTX_DAG_RUN_ID='manual__2024-11-23T06:49:59.583911+00:00'
[2024-11-23T06:54:26.886+0000] {taskinstance.py:1943} ERROR - Task failed with exception
Traceback (most recent call last):
  File "/home/airflow/.local/lib/python3.8/site-packages/airflow/operators/python.py", line 192, in execute
    return_value = self.execute_callable()
  File "/home/airflow/.local/lib/python3.8/site-packages/airflow/operators/python.py", line 209, in execute_callable
    return self.python_callable(*self.op_args, **self.op_kwargs)
  File "/opt/airflow/dags/model_training_pipeline_dag/train_model.py", line 28, in train_model
    curated_training_data_df = EtlTransforms.json_to_df(data=curated_training_data_json) # Add date to index back
TypeError: json_to_df() missing 1 required positional argument: 'date_as_index'
[2024-11-23T06:54:26.905+0000] {taskinstance.py:1400} INFO - Marking task as FAILED. dag_id=model_training_pipeline, task_id=train_model, execution_date=20241123T064959, start_date=20241123T065237, end_date=20241123T065426
[2024-11-23T06:54:26.919+0000] {standard_task_runner.py:104} ERROR - Failed to execute job 377 for task train_model (json_to_df() missing 1 required positional argument: 'date_as_index'; 16351)
[2024-11-23T06:54:26.976+0000] {local_task_job_runner.py:228} INFO - Task exited with return code 1
[2024-11-23T06:54:26.991+0000] {taskinstance.py:2784} INFO - 0 downstream tasks scheduled from follow-on schedule check
