[2024-11-21T11:08:39.734+0000] {logging_mixin.py:151} INFO - Changing /opt/***/logs/dag_id=model_training_pipeline/run_id=manual__2024-11-21T11:08:33.107882+00:00/task_id=train_model permission to 509
[2024-11-21T11:08:39.734+0000] {logging_mixin.py:151} INFO - Failed to change /opt/***/logs/dag_id=model_training_pipeline/run_id=manual__2024-11-21T11:08:33.107882+00:00/task_id=train_model permission to 509: [Errno 1] Operation not permitted: '/opt/***/logs/dag_id=model_training_pipeline/run_id=manual__2024-11-21T11:08:33.107882+00:00/task_id=train_model'
[2024-11-21T11:08:39.764+0000] {logging_mixin.py:151} INFO - Changing /opt/***/logs/dag_id=model_training_pipeline/run_id=manual__2024-11-21T11:08:33.107882+00:00/task_id=train_model permission to 509
[2024-11-21T11:08:39.765+0000] {logging_mixin.py:151} INFO - Failed to change /opt/***/logs/dag_id=model_training_pipeline/run_id=manual__2024-11-21T11:08:33.107882+00:00/task_id=train_model permission to 509: [Errno 1] Operation not permitted: '/opt/***/logs/dag_id=model_training_pipeline/run_id=manual__2024-11-21T11:08:33.107882+00:00/task_id=train_model'
[2024-11-21T11:08:39.788+0000] {taskinstance.py:1159} INFO - Dependencies all met for dep_context=non-requeueable deps ti=<TaskInstance: model_training_pipeline.train_model manual__2024-11-21T11:08:33.107882+00:00 [queued]>
[2024-11-21T11:08:39.795+0000] {taskinstance.py:1159} INFO - Dependencies all met for dep_context=requeueable deps ti=<TaskInstance: model_training_pipeline.train_model manual__2024-11-21T11:08:33.107882+00:00 [queued]>
[2024-11-21T11:08:39.796+0000] {taskinstance.py:1361} INFO - Starting attempt 1 of 2
[2024-11-21T11:08:39.809+0000] {taskinstance.py:1382} INFO - Executing <Task(PythonOperator): train_model> on 2024-11-21 11:08:33.107882+00:00
[2024-11-21T11:08:39.820+0000] {standard_task_runner.py:57} INFO - Started process 25630 to run task
[2024-11-21T11:08:39.822+0000] {standard_task_runner.py:84} INFO - Running: ['***', 'tasks', 'run', 'model_training_pipeline', 'train_model', 'manual__2024-11-21T11:08:33.107882+00:00', '--job-id', '346', '--raw', '--subdir', 'DAGS_FOLDER/model_training_pipeline_dag/model_training_dag.py', '--cfg-path', '/tmp/tmpcfrnptwu']
[2024-11-21T11:08:39.824+0000] {standard_task_runner.py:85} INFO - Job 346: Subtask train_model
[2024-11-21T11:08:39.867+0000] {logging_mixin.py:151} INFO - Changing /opt/***/logs/dag_id=model_training_pipeline/run_id=manual__2024-11-21T11:08:33.107882+00:00/task_id=train_model permission to 509
[2024-11-21T11:08:39.868+0000] {logging_mixin.py:151} INFO - Failed to change /opt/***/logs/dag_id=model_training_pipeline/run_id=manual__2024-11-21T11:08:33.107882+00:00/task_id=train_model permission to 509: [Errno 1] Operation not permitted: '/opt/***/logs/dag_id=model_training_pipeline/run_id=manual__2024-11-21T11:08:33.107882+00:00/task_id=train_model'
[2024-11-21T11:08:39.869+0000] {task_command.py:415} INFO - Running <TaskInstance: model_training_pipeline.train_model manual__2024-11-21T11:08:33.107882+00:00 [running]> on host 16801ac1f6e4
[2024-11-21T11:08:39.943+0000] {taskinstance.py:1660} INFO - Exporting env vars: AIRFLOW_CTX_DAG_OWNER='***' AIRFLOW_CTX_DAG_ID='model_training_pipeline' AIRFLOW_CTX_TASK_ID='train_model' AIRFLOW_CTX_EXECUTION_DATE='2024-11-21T11:08:33.107882+00:00' AIRFLOW_CTX_TRY_NUMBER='1' AIRFLOW_CTX_DAG_RUN_ID='manual__2024-11-21T11:08:33.107882+00:00'
[2024-11-21T11:16:57.118+0000] {logging_mixin.py:151} INFO - Processing training data chunk with 8411 rows
[2024-11-21T11:16:57.119+0000] {logging_mixin.py:151} INFO - Processing test data chunk with 1683 rows
[2024-11-21T11:16:57.143+0000] {logging_mixin.py:151} INFO - Processing training data chunk with 8411 rows
[2024-11-21T11:16:57.145+0000] {logging_mixin.py:151} INFO - Processing test data chunk with 1683 rows
[2024-11-21T11:16:57.164+0000] {logging_mixin.py:151} INFO - Processing training data chunk with 8411 rows
[2024-11-21T11:16:57.165+0000] {logging_mixin.py:151} INFO - Processing test data chunk with 1683 rows
[2024-11-21T11:16:57.185+0000] {logging_mixin.py:151} INFO - Processing training data chunk with 8411 rows
[2024-11-21T11:16:57.185+0000] {logging_mixin.py:151} INFO - Processing test data chunk with 1683 rows
[2024-11-21T11:16:57.205+0000] {logging_mixin.py:151} INFO - Processing training data chunk with 8411 rows
[2024-11-21T11:16:57.206+0000] {logging_mixin.py:151} INFO - Processing test data chunk with 1682 rows
[2024-11-21T11:16:57.226+0000] {logging_mixin.py:151} INFO - Processing training data chunk with 8411 rows
[2024-11-21T11:16:57.227+0000] {logging_mixin.py:151} INFO - Processing test data chunk with 1682 rows
[2024-11-21T11:16:57.245+0000] {logging_mixin.py:151} INFO - Processing training data chunk with 8411 rows
[2024-11-21T11:16:57.246+0000] {logging_mixin.py:151} INFO - Processing test data chunk with 1682 rows
[2024-11-21T11:16:57.266+0000] {logging_mixin.py:151} INFO - Processing training data chunk with 8411 rows
[2024-11-21T11:16:57.267+0000] {logging_mixin.py:151} INFO - Processing test data chunk with 1682 rows
[2024-11-21T11:16:57.293+0000] {logging_mixin.py:151} INFO - Processing training data chunk with 8411 rows
[2024-11-21T11:16:57.294+0000] {logging_mixin.py:151} INFO - Processing test data chunk with 1682 rows
[2024-11-21T11:16:57.314+0000] {logging_mixin.py:151} INFO - Processing training data chunk with 8411 rows
[2024-11-21T11:16:57.314+0000] {logging_mixin.py:151} INFO - Processing test data chunk with 1682 rows
[2024-11-21T11:16:57.336+0000] {logging_mixin.py:151} INFO - Processing training data chunk with 8411 rows
[2024-11-21T11:16:57.336+0000] {logging_mixin.py:151} INFO - Processing test data chunk with 1682 rows
[2024-11-21T11:16:57.358+0000] {logging_mixin.py:151} INFO - Processing training data chunk with 8411 rows
[2024-11-21T11:16:57.359+0000] {logging_mixin.py:151} INFO - Processing test data chunk with 1682 rows
[2024-11-21T11:16:57.379+0000] {logging_mixin.py:151} INFO - Processing training data chunk with 8411 rows
[2024-11-21T11:16:57.380+0000] {logging_mixin.py:151} INFO - Processing test data chunk with 1682 rows
[2024-11-21T11:16:57.402+0000] {logging_mixin.py:151} INFO - Processing training data chunk with 8411 rows
[2024-11-21T11:16:57.402+0000] {logging_mixin.py:151} INFO - Processing test data chunk with 1682 rows
[2024-11-21T11:16:57.423+0000] {logging_mixin.py:151} INFO - Processing training data chunk with 8411 rows
[2024-11-21T11:16:57.424+0000] {logging_mixin.py:151} INFO - Processing test data chunk with 1682 rows
[2024-11-21T11:16:57.451+0000] {logging_mixin.py:151} INFO - Processing training data chunk with 8411 rows
[2024-11-21T11:16:57.452+0000] {logging_mixin.py:151} INFO - Processing test data chunk with 1682 rows
[2024-11-21T11:16:57.473+0000] {logging_mixin.py:151} INFO - Processing training data chunk with 8411 rows
[2024-11-21T11:16:57.474+0000] {logging_mixin.py:151} INFO - Processing test data chunk with 1682 rows
[2024-11-21T11:16:57.497+0000] {logging_mixin.py:151} INFO - Processing training data chunk with 8411 rows
[2024-11-21T11:16:57.498+0000] {logging_mixin.py:151} INFO - Processing test data chunk with 1682 rows
[2024-11-21T11:16:57.517+0000] {logging_mixin.py:151} INFO - Processing training data chunk with 8411 rows
[2024-11-21T11:16:57.518+0000] {logging_mixin.py:151} INFO - Processing test data chunk with 1682 rows
[2024-11-21T11:16:57.544+0000] {logging_mixin.py:151} INFO - Processing training data chunk with 8411 rows
[2024-11-21T11:16:57.545+0000] {logging_mixin.py:151} INFO - Processing test data chunk with 1682 rows
[2024-11-21T11:16:57.647+0000] {logging_mixin.py:151} INFO - 168220
[2024-11-21T11:16:57.648+0000] {logging_mixin.py:151} INFO - 33644
[2024-11-21T11:17:36.146+0000] {local_task_job_runner.py:228} INFO - Task exited with return code -9
[2024-11-21T11:17:36.181+0000] {taskinstance.py:2784} INFO - 0 downstream tasks scheduled from follow-on schedule check
