[2024-11-21T11:18:27.006+0000] {logging_mixin.py:151} INFO - Changing /opt/***/logs/dag_id=model_training_pipeline/run_id=manual__2024-11-21T11:08:33.107882+00:00/task_id=train_model permission to 509
[2024-11-21T11:18:27.007+0000] {logging_mixin.py:151} INFO - Failed to change /opt/***/logs/dag_id=model_training_pipeline/run_id=manual__2024-11-21T11:08:33.107882+00:00/task_id=train_model permission to 509: [Errno 1] Operation not permitted: '/opt/***/logs/dag_id=model_training_pipeline/run_id=manual__2024-11-21T11:08:33.107882+00:00/task_id=train_model'
[2024-11-21T11:18:27.043+0000] {logging_mixin.py:151} INFO - Changing /opt/***/logs/dag_id=model_training_pipeline/run_id=manual__2024-11-21T11:08:33.107882+00:00/task_id=train_model permission to 509
[2024-11-21T11:18:27.044+0000] {logging_mixin.py:151} INFO - Failed to change /opt/***/logs/dag_id=model_training_pipeline/run_id=manual__2024-11-21T11:08:33.107882+00:00/task_id=train_model permission to 509: [Errno 1] Operation not permitted: '/opt/***/logs/dag_id=model_training_pipeline/run_id=manual__2024-11-21T11:08:33.107882+00:00/task_id=train_model'
[2024-11-21T11:18:27.069+0000] {taskinstance.py:1159} INFO - Dependencies all met for dep_context=non-requeueable deps ti=<TaskInstance: model_training_pipeline.train_model manual__2024-11-21T11:08:33.107882+00:00 [queued]>
[2024-11-21T11:18:27.079+0000] {taskinstance.py:1159} INFO - Dependencies all met for dep_context=requeueable deps ti=<TaskInstance: model_training_pipeline.train_model manual__2024-11-21T11:08:33.107882+00:00 [queued]>
[2024-11-21T11:18:27.079+0000] {taskinstance.py:1361} INFO - Starting attempt 2 of 2
[2024-11-21T11:18:27.093+0000] {taskinstance.py:1382} INFO - Executing <Task(PythonOperator): train_model> on 2024-11-21 11:08:33.107882+00:00
[2024-11-21T11:18:27.106+0000] {standard_task_runner.py:57} INFO - Started process 27645 to run task
[2024-11-21T11:18:27.108+0000] {standard_task_runner.py:84} INFO - Running: ['***', 'tasks', 'run', 'model_training_pipeline', 'train_model', 'manual__2024-11-21T11:08:33.107882+00:00', '--job-id', '347', '--raw', '--subdir', 'DAGS_FOLDER/model_training_pipeline_dag/model_training_dag.py', '--cfg-path', '/tmp/tmpejdq3oeo']
[2024-11-21T11:18:27.111+0000] {standard_task_runner.py:85} INFO - Job 347: Subtask train_model
[2024-11-21T11:18:27.156+0000] {logging_mixin.py:151} INFO - Changing /opt/***/logs/dag_id=model_training_pipeline/run_id=manual__2024-11-21T11:08:33.107882+00:00/task_id=train_model permission to 509
[2024-11-21T11:18:27.157+0000] {logging_mixin.py:151} INFO - Failed to change /opt/***/logs/dag_id=model_training_pipeline/run_id=manual__2024-11-21T11:08:33.107882+00:00/task_id=train_model permission to 509: [Errno 1] Operation not permitted: '/opt/***/logs/dag_id=model_training_pipeline/run_id=manual__2024-11-21T11:08:33.107882+00:00/task_id=train_model'
[2024-11-21T11:18:27.158+0000] {task_command.py:415} INFO - Running <TaskInstance: model_training_pipeline.train_model manual__2024-11-21T11:08:33.107882+00:00 [running]> on host 16801ac1f6e4
[2024-11-21T11:18:27.244+0000] {taskinstance.py:1660} INFO - Exporting env vars: AIRFLOW_CTX_DAG_OWNER='***' AIRFLOW_CTX_DAG_ID='model_training_pipeline' AIRFLOW_CTX_TASK_ID='train_model' AIRFLOW_CTX_EXECUTION_DATE='2024-11-21T11:08:33.107882+00:00' AIRFLOW_CTX_TRY_NUMBER='2' AIRFLOW_CTX_DAG_RUN_ID='manual__2024-11-21T11:08:33.107882+00:00'
[2024-11-21T11:23:50.357+0000] {logging_mixin.py:151} INFO - Processing training data chunk with 8411 rows
[2024-11-21T11:23:50.359+0000] {logging_mixin.py:151} INFO - Processing test data chunk with 1683 rows
[2024-11-21T11:23:50.404+0000] {logging_mixin.py:151} INFO - Processing training data chunk with 8411 rows
[2024-11-21T11:23:50.405+0000] {logging_mixin.py:151} INFO - Processing test data chunk with 1683 rows
[2024-11-21T11:23:50.450+0000] {logging_mixin.py:151} INFO - Processing training data chunk with 8411 rows
[2024-11-21T11:23:50.452+0000] {logging_mixin.py:151} INFO - Processing test data chunk with 1683 rows
[2024-11-21T11:23:50.489+0000] {logging_mixin.py:151} INFO - Processing training data chunk with 8411 rows
[2024-11-21T11:23:50.491+0000] {logging_mixin.py:151} INFO - Processing test data chunk with 1683 rows
[2024-11-21T11:23:50.529+0000] {logging_mixin.py:151} INFO - Processing training data chunk with 8411 rows
[2024-11-21T11:23:50.530+0000] {logging_mixin.py:151} INFO - Processing test data chunk with 1682 rows
[2024-11-21T11:23:50.570+0000] {logging_mixin.py:151} INFO - Processing training data chunk with 8411 rows
[2024-11-21T11:23:50.572+0000] {logging_mixin.py:151} INFO - Processing test data chunk with 1682 rows
[2024-11-21T11:23:50.616+0000] {logging_mixin.py:151} INFO - Processing training data chunk with 8411 rows
[2024-11-21T11:23:50.617+0000] {logging_mixin.py:151} INFO - Processing test data chunk with 1682 rows
[2024-11-21T11:23:50.655+0000] {logging_mixin.py:151} INFO - Processing training data chunk with 8411 rows
[2024-11-21T11:23:50.656+0000] {logging_mixin.py:151} INFO - Processing test data chunk with 1682 rows
[2024-11-21T11:23:50.691+0000] {logging_mixin.py:151} INFO - Processing training data chunk with 8411 rows
[2024-11-21T11:23:50.692+0000] {logging_mixin.py:151} INFO - Processing test data chunk with 1682 rows
[2024-11-21T11:23:50.729+0000] {logging_mixin.py:151} INFO - Processing training data chunk with 8411 rows
[2024-11-21T11:23:50.730+0000] {logging_mixin.py:151} INFO - Processing test data chunk with 1682 rows
[2024-11-21T11:23:50.767+0000] {logging_mixin.py:151} INFO - Processing training data chunk with 8411 rows
[2024-11-21T11:23:50.768+0000] {logging_mixin.py:151} INFO - Processing test data chunk with 1682 rows
[2024-11-21T11:23:50.801+0000] {logging_mixin.py:151} INFO - Processing training data chunk with 8411 rows
[2024-11-21T11:23:50.803+0000] {logging_mixin.py:151} INFO - Processing test data chunk with 1682 rows
[2024-11-21T11:23:50.839+0000] {logging_mixin.py:151} INFO - Processing training data chunk with 8411 rows
[2024-11-21T11:23:50.841+0000] {logging_mixin.py:151} INFO - Processing test data chunk with 1682 rows
[2024-11-21T11:23:50.881+0000] {logging_mixin.py:151} INFO - Processing training data chunk with 8411 rows
[2024-11-21T11:23:50.883+0000] {logging_mixin.py:151} INFO - Processing test data chunk with 1682 rows
[2024-11-21T11:23:50.919+0000] {logging_mixin.py:151} INFO - Processing training data chunk with 8411 rows
[2024-11-21T11:23:50.921+0000] {logging_mixin.py:151} INFO - Processing test data chunk with 1682 rows
[2024-11-21T11:23:50.961+0000] {logging_mixin.py:151} INFO - Processing training data chunk with 8411 rows
[2024-11-21T11:23:50.962+0000] {logging_mixin.py:151} INFO - Processing test data chunk with 1682 rows
[2024-11-21T11:23:51.005+0000] {logging_mixin.py:151} INFO - Processing training data chunk with 8411 rows
[2024-11-21T11:23:51.006+0000] {logging_mixin.py:151} INFO - Processing test data chunk with 1682 rows
[2024-11-21T11:23:51.051+0000] {logging_mixin.py:151} INFO - Processing training data chunk with 8411 rows
[2024-11-21T11:23:51.053+0000] {logging_mixin.py:151} INFO - Processing test data chunk with 1682 rows
[2024-11-21T11:23:51.088+0000] {logging_mixin.py:151} INFO - Processing training data chunk with 8411 rows
[2024-11-21T11:23:51.090+0000] {logging_mixin.py:151} INFO - Processing test data chunk with 1682 rows
[2024-11-21T11:23:51.131+0000] {logging_mixin.py:151} INFO - Processing training data chunk with 8411 rows
[2024-11-21T11:23:51.133+0000] {logging_mixin.py:151} INFO - Processing test data chunk with 1682 rows
[2024-11-21T11:23:51.285+0000] {logging_mixin.py:151} INFO - 168220
[2024-11-21T11:23:51.286+0000] {logging_mixin.py:151} INFO - 33644
[2024-11-21T11:24:33.298+0000] {local_task_job_runner.py:228} INFO - Task exited with return code -9
[2024-11-21T11:24:33.332+0000] {taskinstance.py:2784} INFO - 0 downstream tasks scheduled from follow-on schedule check
