[2024-11-23T07:26:51.075+0000] {logging_mixin.py:151} INFO - Changing /opt/***/logs/dag_id=model_training_pipeline/run_id=manual__2024-11-23T07:22:50.410853+00:00/task_id=train_model permission to 509
[2024-11-23T07:26:51.076+0000] {logging_mixin.py:151} INFO - Failed to change /opt/***/logs/dag_id=model_training_pipeline/run_id=manual__2024-11-23T07:22:50.410853+00:00/task_id=train_model permission to 509: [Errno 1] Operation not permitted: '/opt/***/logs/dag_id=model_training_pipeline/run_id=manual__2024-11-23T07:22:50.410853+00:00/task_id=train_model'
[2024-11-23T07:26:51.103+0000] {logging_mixin.py:151} INFO - Changing /opt/***/logs/dag_id=model_training_pipeline/run_id=manual__2024-11-23T07:22:50.410853+00:00/task_id=train_model permission to 509
[2024-11-23T07:26:51.104+0000] {logging_mixin.py:151} INFO - Failed to change /opt/***/logs/dag_id=model_training_pipeline/run_id=manual__2024-11-23T07:22:50.410853+00:00/task_id=train_model permission to 509: [Errno 1] Operation not permitted: '/opt/***/logs/dag_id=model_training_pipeline/run_id=manual__2024-11-23T07:22:50.410853+00:00/task_id=train_model'
[2024-11-23T07:26:51.127+0000] {taskinstance.py:1159} INFO - Dependencies all met for dep_context=non-requeueable deps ti=<TaskInstance: model_training_pipeline.train_model manual__2024-11-23T07:22:50.410853+00:00 [queued]>
[2024-11-23T07:26:51.135+0000] {taskinstance.py:1159} INFO - Dependencies all met for dep_context=requeueable deps ti=<TaskInstance: model_training_pipeline.train_model manual__2024-11-23T07:22:50.410853+00:00 [queued]>
[2024-11-23T07:26:51.135+0000] {taskinstance.py:1361} INFO - Starting attempt 2 of 2
[2024-11-23T07:26:51.149+0000] {taskinstance.py:1382} INFO - Executing <Task(PythonOperator): train_model> on 2024-11-23 07:22:50.410853+00:00
[2024-11-23T07:26:51.160+0000] {standard_task_runner.py:57} INFO - Started process 23518 to run task
[2024-11-23T07:26:51.162+0000] {standard_task_runner.py:84} INFO - Running: ['***', 'tasks', 'run', 'model_training_pipeline', 'train_model', 'manual__2024-11-23T07:22:50.410853+00:00', '--job-id', '385', '--raw', '--subdir', 'DAGS_FOLDER/model_training_pipeline_dag/model_training_dag.py', '--cfg-path', '/tmp/tmpt_5y0pb1']
[2024-11-23T07:26:51.164+0000] {standard_task_runner.py:85} INFO - Job 385: Subtask train_model
[2024-11-23T07:26:51.206+0000] {logging_mixin.py:151} INFO - Changing /opt/***/logs/dag_id=model_training_pipeline/run_id=manual__2024-11-23T07:22:50.410853+00:00/task_id=train_model permission to 509
[2024-11-23T07:26:51.206+0000] {logging_mixin.py:151} INFO - Failed to change /opt/***/logs/dag_id=model_training_pipeline/run_id=manual__2024-11-23T07:22:50.410853+00:00/task_id=train_model permission to 509: [Errno 1] Operation not permitted: '/opt/***/logs/dag_id=model_training_pipeline/run_id=manual__2024-11-23T07:22:50.410853+00:00/task_id=train_model'
[2024-11-23T07:26:51.207+0000] {task_command.py:415} INFO - Running <TaskInstance: model_training_pipeline.train_model manual__2024-11-23T07:22:50.410853+00:00 [running]> on host 2445c017a334
[2024-11-23T07:26:51.284+0000] {taskinstance.py:1660} INFO - Exporting env vars: AIRFLOW_CTX_DAG_OWNER='***' AIRFLOW_CTX_DAG_ID='model_training_pipeline' AIRFLOW_CTX_TASK_ID='train_model' AIRFLOW_CTX_EXECUTION_DATE='2024-11-23T07:22:50.410853+00:00' AIRFLOW_CTX_TRY_NUMBER='2' AIRFLOW_CTX_DAG_RUN_ID='manual__2024-11-23T07:22:50.410853+00:00'
[2024-11-23T07:29:20.103+0000] {logging_mixin.py:151} INFO - Data has been normalised
[2024-11-23T07:29:20.827+0000] {logging_mixin.py:151} WARNING - 2024/11/23 07:29:20 WARNING mlflow.utils.git_utils: Failed to import Git (the Git executable is probably not on your PATH), so Git SHA is not available. Error: Failed to initialize: Bad git executable.
The git executable must be specified in one of the following ways:
    - be included in your $PATH
    - be set via $GIT_PYTHON_GIT_EXECUTABLE
    - explicitly set via git.refresh(<full-path-to-git-executable>)

All git commands will error until this is rectified.

This initial message can be silenced or aggravated in the future by setting the
$GIT_PYTHON_REFRESH environment variable. Use one of the following values:
    - quiet|q|silence|s|silent|none|n|0: for no message or exception
    - warn|w|warning|log|l|1: for a warning message (logging level CRITICAL, displayed by default)
    - error|e|exception|raise|r|2: for a raised exception

Example:
    export GIT_PYTHON_REFRESH=quiet
[2024-11-23T07:29:20.976+0000] {logging_mixin.py:151} INFO -  X_train columns : Index(['price_heating_oil ($/GAL)', 'imports', 'lng_imports',
       'natural_gas_rigs_in_operation', 'price_1day_lag ($/MMBTU)',
       'price_2day_lag ($/MMBTU)', 'price_3day_lag ($/MMBTU)',
       'heating_oil_natural_gas_price_ratio',
       '7day_ew_volatility price ($/MMBTU)',
       '14day_ew_volatility price ($/MMBTU)',
       '30day_ew_volatility price ($/MMBTU)',
       '60day_ew_volatility price ($/MMBTU)',
       '7day_rolling_average price ($/MMBTU)',
       '14day_rolling_average price ($/MMBTU)',
       '30day_rolling_average price ($/MMBTU)',
       '7day_rolling_median price ($/MMBTU)',
       '14day_rolling_median price ($/MMBTU)',
       '30day_rolling_median price ($/MMBTU)',
       'total_consumption_total_underground_storage_ratio', 'is_dec_or_jan',
       'hdd_max', 'cdd_max', 'min_tavg', 'max_tavg', 'max_abs_tavg_diff',
       'max_abs_tavg_diff_relative_to_daily_median'],
      dtype='object')
[2024-11-23T07:29:20.988+0000] {logging_mixin.py:151} INFO -  Null values by column: price_heating_oil ($/GAL)                            0
imports                                              0
lng_imports                                          0
natural_gas_rigs_in_operation                        0
price_1day_lag ($/MMBTU)                             0
price_2day_lag ($/MMBTU)                             0
price_3day_lag ($/MMBTU)                             0
heating_oil_natural_gas_price_ratio                  0
7day_ew_volatility price ($/MMBTU)                   0
14day_ew_volatility price ($/MMBTU)                  0
30day_ew_volatility price ($/MMBTU)                  0
60day_ew_volatility price ($/MMBTU)                  0
7day_rolling_average price ($/MMBTU)                 0
14day_rolling_average price ($/MMBTU)                0
30day_rolling_average price ($/MMBTU)                0
7day_rolling_median price ($/MMBTU)                  0
14day_rolling_median price ($/MMBTU)                 0
30day_rolling_median price ($/MMBTU)                 0
total_consumption_total_underground_storage_ratio    0
is_dec_or_jan                                        0
hdd_max                                              0
cdd_max                                              0
min_tavg                                             0
max_tavg                                             0
max_abs_tavg_diff                                    0
max_abs_tavg_diff_relative_to_daily_median           0
dtype: int64
[2024-11-23T07:29:20.988+0000] {logging_mixin.py:151} INFO - X_train shape: (168220, 26)
[2024-11-23T07:29:20.989+0000] {logging_mixin.py:151} INFO - X_test shape: (33644, 26)
[2024-11-23T07:29:21.009+0000] {logging_mixin.py:151} INFO - Batch shape: (128, 30, 26), (128,)
[2024-11-23T07:29:21.102+0000] {logging_mixin.py:151} INFO - Epoch 1/150
[2024-11-23T07:30:12.391+0000] {local_task_job_runner.py:228} INFO - Task exited with return code -9
[2024-11-23T07:30:12.500+0000] {taskinstance.py:2784} INFO - 0 downstream tasks scheduled from follow-on schedule check
