[2024-11-21T10:17:54.207+0000] {logging_mixin.py:151} INFO - Changing /opt/***/logs/dag_id=model_training_pipeline/run_id=manual__2024-11-21T10:17:46.337766+00:00/task_id=train_model permission to 509
[2024-11-21T10:17:54.208+0000] {logging_mixin.py:151} INFO - Failed to change /opt/***/logs/dag_id=model_training_pipeline/run_id=manual__2024-11-21T10:17:46.337766+00:00/task_id=train_model permission to 509: [Errno 1] Operation not permitted: '/opt/***/logs/dag_id=model_training_pipeline/run_id=manual__2024-11-21T10:17:46.337766+00:00/task_id=train_model'
[2024-11-21T10:17:54.248+0000] {logging_mixin.py:151} INFO - Changing /opt/***/logs/dag_id=model_training_pipeline/run_id=manual__2024-11-21T10:17:46.337766+00:00/task_id=train_model permission to 509
[2024-11-21T10:17:54.249+0000] {logging_mixin.py:151} INFO - Failed to change /opt/***/logs/dag_id=model_training_pipeline/run_id=manual__2024-11-21T10:17:46.337766+00:00/task_id=train_model permission to 509: [Errno 1] Operation not permitted: '/opt/***/logs/dag_id=model_training_pipeline/run_id=manual__2024-11-21T10:17:46.337766+00:00/task_id=train_model'
[2024-11-21T10:17:54.280+0000] {taskinstance.py:1159} INFO - Dependencies all met for dep_context=non-requeueable deps ti=<TaskInstance: model_training_pipeline.train_model manual__2024-11-21T10:17:46.337766+00:00 [queued]>
[2024-11-21T10:17:54.292+0000] {taskinstance.py:1159} INFO - Dependencies all met for dep_context=requeueable deps ti=<TaskInstance: model_training_pipeline.train_model manual__2024-11-21T10:17:46.337766+00:00 [queued]>
[2024-11-21T10:17:54.292+0000] {taskinstance.py:1361} INFO - Starting attempt 1 of 2
[2024-11-21T10:17:54.312+0000] {taskinstance.py:1382} INFO - Executing <Task(PythonOperator): train_model> on 2024-11-21 10:17:46.337766+00:00
[2024-11-21T10:17:54.327+0000] {standard_task_runner.py:57} INFO - Started process 15516 to run task
[2024-11-21T10:17:54.331+0000] {standard_task_runner.py:84} INFO - Running: ['***', 'tasks', 'run', 'model_training_pipeline', 'train_model', 'manual__2024-11-21T10:17:46.337766+00:00', '--job-id', '340', '--raw', '--subdir', 'DAGS_FOLDER/model_training_pipeline_dag/model_training_dag.py', '--cfg-path', '/tmp/tmp8te_pnkg']
[2024-11-21T10:17:54.335+0000] {standard_task_runner.py:85} INFO - Job 340: Subtask train_model
[2024-11-21T10:17:54.395+0000] {logging_mixin.py:151} INFO - Changing /opt/***/logs/dag_id=model_training_pipeline/run_id=manual__2024-11-21T10:17:46.337766+00:00/task_id=train_model permission to 509
[2024-11-21T10:17:54.396+0000] {logging_mixin.py:151} INFO - Failed to change /opt/***/logs/dag_id=model_training_pipeline/run_id=manual__2024-11-21T10:17:46.337766+00:00/task_id=train_model permission to 509: [Errno 1] Operation not permitted: '/opt/***/logs/dag_id=model_training_pipeline/run_id=manual__2024-11-21T10:17:46.337766+00:00/task_id=train_model'
[2024-11-21T10:17:54.398+0000] {task_command.py:415} INFO - Running <TaskInstance: model_training_pipeline.train_model manual__2024-11-21T10:17:46.337766+00:00 [running]> on host 16801ac1f6e4
[2024-11-21T10:17:54.506+0000] {taskinstance.py:1660} INFO - Exporting env vars: AIRFLOW_CTX_DAG_OWNER='***' AIRFLOW_CTX_DAG_ID='model_training_pipeline' AIRFLOW_CTX_TASK_ID='train_model' AIRFLOW_CTX_EXECUTION_DATE='2024-11-21T10:17:46.337766+00:00' AIRFLOW_CTX_TRY_NUMBER='1' AIRFLOW_CTX_DAG_RUN_ID='manual__2024-11-21T10:17:46.337766+00:00'
[2024-11-21T10:25:05.677+0000] {logging_mixin.py:151} INFO - Processing training data chunk with 8411 rows
[2024-11-21T10:25:05.678+0000] {logging_mixin.py:151} INFO - Processing test data chunk with 1683 rows
[2024-11-21T10:25:05.701+0000] {logging_mixin.py:151} INFO - Processing training data chunk with 8411 rows
[2024-11-21T10:25:05.701+0000] {logging_mixin.py:151} INFO - Processing test data chunk with 1683 rows
[2024-11-21T10:25:05.720+0000] {logging_mixin.py:151} INFO - Processing training data chunk with 8411 rows
[2024-11-21T10:25:05.721+0000] {logging_mixin.py:151} INFO - Processing test data chunk with 1683 rows
[2024-11-21T10:25:05.747+0000] {logging_mixin.py:151} INFO - Processing training data chunk with 8411 rows
[2024-11-21T10:25:05.748+0000] {logging_mixin.py:151} INFO - Processing test data chunk with 1683 rows
[2024-11-21T10:25:05.767+0000] {logging_mixin.py:151} INFO - Processing training data chunk with 8411 rows
[2024-11-21T10:25:05.768+0000] {logging_mixin.py:151} INFO - Processing test data chunk with 1682 rows
[2024-11-21T10:25:05.788+0000] {logging_mixin.py:151} INFO - Processing training data chunk with 8411 rows
[2024-11-21T10:25:05.789+0000] {logging_mixin.py:151} INFO - Processing test data chunk with 1682 rows
[2024-11-21T10:25:05.807+0000] {logging_mixin.py:151} INFO - Processing training data chunk with 8411 rows
[2024-11-21T10:25:05.808+0000] {logging_mixin.py:151} INFO - Processing test data chunk with 1682 rows
[2024-11-21T10:25:05.826+0000] {logging_mixin.py:151} INFO - Processing training data chunk with 8411 rows
[2024-11-21T10:25:05.826+0000] {logging_mixin.py:151} INFO - Processing test data chunk with 1682 rows
[2024-11-21T10:25:05.845+0000] {logging_mixin.py:151} INFO - Processing training data chunk with 8411 rows
[2024-11-21T10:25:05.846+0000] {logging_mixin.py:151} INFO - Processing test data chunk with 1682 rows
[2024-11-21T10:25:05.864+0000] {logging_mixin.py:151} INFO - Processing training data chunk with 8411 rows
[2024-11-21T10:25:05.864+0000] {logging_mixin.py:151} INFO - Processing test data chunk with 1682 rows
[2024-11-21T10:25:05.882+0000] {logging_mixin.py:151} INFO - Processing training data chunk with 8411 rows
[2024-11-21T10:25:05.883+0000] {logging_mixin.py:151} INFO - Processing test data chunk with 1682 rows
[2024-11-21T10:25:05.902+0000] {logging_mixin.py:151} INFO - Processing training data chunk with 8411 rows
[2024-11-21T10:25:05.903+0000] {logging_mixin.py:151} INFO - Processing test data chunk with 1682 rows
[2024-11-21T10:25:05.922+0000] {logging_mixin.py:151} INFO - Processing training data chunk with 8411 rows
[2024-11-21T10:25:05.923+0000] {logging_mixin.py:151} INFO - Processing test data chunk with 1682 rows
[2024-11-21T10:25:05.940+0000] {logging_mixin.py:151} INFO - Processing training data chunk with 8411 rows
[2024-11-21T10:25:05.941+0000] {logging_mixin.py:151} INFO - Processing test data chunk with 1682 rows
[2024-11-21T10:25:05.959+0000] {logging_mixin.py:151} INFO - Processing training data chunk with 8411 rows
[2024-11-21T10:25:05.959+0000] {logging_mixin.py:151} INFO - Processing test data chunk with 1682 rows
[2024-11-21T10:25:05.977+0000] {logging_mixin.py:151} INFO - Processing training data chunk with 8411 rows
[2024-11-21T10:25:05.978+0000] {logging_mixin.py:151} INFO - Processing test data chunk with 1682 rows
[2024-11-21T10:25:05.994+0000] {logging_mixin.py:151} INFO - Processing training data chunk with 8411 rows
[2024-11-21T10:25:05.994+0000] {logging_mixin.py:151} INFO - Processing test data chunk with 1682 rows
[2024-11-21T10:25:06.014+0000] {logging_mixin.py:151} INFO - Processing training data chunk with 8411 rows
[2024-11-21T10:25:06.015+0000] {logging_mixin.py:151} INFO - Processing test data chunk with 1682 rows
[2024-11-21T10:25:06.032+0000] {logging_mixin.py:151} INFO - Processing training data chunk with 8411 rows
[2024-11-21T10:25:06.033+0000] {logging_mixin.py:151} INFO - Processing test data chunk with 1682 rows
[2024-11-21T10:25:06.053+0000] {logging_mixin.py:151} INFO - Processing training data chunk with 8411 rows
[2024-11-21T10:25:06.053+0000] {logging_mixin.py:151} INFO - Processing test data chunk with 1682 rows
[2024-11-21T10:25:43.946+0000] {local_task_job_runner.py:228} INFO - Task exited with return code -9
[2024-11-21T10:25:44.013+0000] {taskinstance.py:2784} INFO - 0 downstream tasks scheduled from follow-on schedule check
