[2024-11-21T10:42:09.262+0000] {logging_mixin.py:151} INFO - Changing /opt/***/logs/dag_id=model_training_pipeline/run_id=manual__2024-11-21T10:42:04.969430+00:00/task_id=train_model permission to 509
[2024-11-21T10:42:09.263+0000] {logging_mixin.py:151} INFO - Failed to change /opt/***/logs/dag_id=model_training_pipeline/run_id=manual__2024-11-21T10:42:04.969430+00:00/task_id=train_model permission to 509: [Errno 1] Operation not permitted: '/opt/***/logs/dag_id=model_training_pipeline/run_id=manual__2024-11-21T10:42:04.969430+00:00/task_id=train_model'
[2024-11-21T10:42:09.289+0000] {logging_mixin.py:151} INFO - Changing /opt/***/logs/dag_id=model_training_pipeline/run_id=manual__2024-11-21T10:42:04.969430+00:00/task_id=train_model permission to 509
[2024-11-21T10:42:09.289+0000] {logging_mixin.py:151} INFO - Failed to change /opt/***/logs/dag_id=model_training_pipeline/run_id=manual__2024-11-21T10:42:04.969430+00:00/task_id=train_model permission to 509: [Errno 1] Operation not permitted: '/opt/***/logs/dag_id=model_training_pipeline/run_id=manual__2024-11-21T10:42:04.969430+00:00/task_id=train_model'
[2024-11-21T10:42:09.313+0000] {taskinstance.py:1159} INFO - Dependencies all met for dep_context=non-requeueable deps ti=<TaskInstance: model_training_pipeline.train_model manual__2024-11-21T10:42:04.969430+00:00 [queued]>
[2024-11-21T10:42:09.323+0000] {taskinstance.py:1159} INFO - Dependencies all met for dep_context=requeueable deps ti=<TaskInstance: model_training_pipeline.train_model manual__2024-11-21T10:42:04.969430+00:00 [queued]>
[2024-11-21T10:42:09.324+0000] {taskinstance.py:1361} INFO - Starting attempt 1 of 2
[2024-11-21T10:42:09.338+0000] {taskinstance.py:1382} INFO - Executing <Task(PythonOperator): train_model> on 2024-11-21 10:42:04.969430+00:00
[2024-11-21T10:42:09.351+0000] {standard_task_runner.py:57} INFO - Started process 20363 to run task
[2024-11-21T10:42:09.354+0000] {standard_task_runner.py:84} INFO - Running: ['***', 'tasks', 'run', 'model_training_pipeline', 'train_model', 'manual__2024-11-21T10:42:04.969430+00:00', '--job-id', '344', '--raw', '--subdir', 'DAGS_FOLDER/model_training_pipeline_dag/model_training_dag.py', '--cfg-path', '/tmp/tmp1qifjoiz']
[2024-11-21T10:42:09.356+0000] {standard_task_runner.py:85} INFO - Job 344: Subtask train_model
[2024-11-21T10:42:09.407+0000] {logging_mixin.py:151} INFO - Changing /opt/***/logs/dag_id=model_training_pipeline/run_id=manual__2024-11-21T10:42:04.969430+00:00/task_id=train_model permission to 509
[2024-11-21T10:42:09.408+0000] {logging_mixin.py:151} INFO - Failed to change /opt/***/logs/dag_id=model_training_pipeline/run_id=manual__2024-11-21T10:42:04.969430+00:00/task_id=train_model permission to 509: [Errno 1] Operation not permitted: '/opt/***/logs/dag_id=model_training_pipeline/run_id=manual__2024-11-21T10:42:04.969430+00:00/task_id=train_model'
[2024-11-21T10:42:09.409+0000] {task_command.py:415} INFO - Running <TaskInstance: model_training_pipeline.train_model manual__2024-11-21T10:42:04.969430+00:00 [running]> on host 16801ac1f6e4
[2024-11-21T10:42:09.493+0000] {taskinstance.py:1660} INFO - Exporting env vars: AIRFLOW_CTX_DAG_OWNER='***' AIRFLOW_CTX_DAG_ID='model_training_pipeline' AIRFLOW_CTX_TASK_ID='train_model' AIRFLOW_CTX_EXECUTION_DATE='2024-11-21T10:42:04.969430+00:00' AIRFLOW_CTX_TRY_NUMBER='1' AIRFLOW_CTX_DAG_RUN_ID='manual__2024-11-21T10:42:04.969430+00:00'
[2024-11-21T10:49:04.406+0000] {logging_mixin.py:151} INFO - Processing training data chunk with 8411 rows
[2024-11-21T10:49:04.407+0000] {logging_mixin.py:151} INFO - Processing test data chunk with 1683 rows
[2024-11-21T10:49:04.427+0000] {logging_mixin.py:151} INFO - Processing training data chunk with 8411 rows
[2024-11-21T10:49:04.427+0000] {logging_mixin.py:151} INFO - Processing test data chunk with 1683 rows
[2024-11-21T10:49:04.444+0000] {logging_mixin.py:151} INFO - Processing training data chunk with 8411 rows
[2024-11-21T10:49:04.444+0000] {logging_mixin.py:151} INFO - Processing test data chunk with 1683 rows
[2024-11-21T10:49:04.460+0000] {logging_mixin.py:151} INFO - Processing training data chunk with 8411 rows
[2024-11-21T10:49:04.461+0000] {logging_mixin.py:151} INFO - Processing test data chunk with 1683 rows
[2024-11-21T10:49:04.478+0000] {logging_mixin.py:151} INFO - Processing training data chunk with 8411 rows
[2024-11-21T10:49:04.479+0000] {logging_mixin.py:151} INFO - Processing test data chunk with 1682 rows
[2024-11-21T10:49:04.495+0000] {logging_mixin.py:151} INFO - Processing training data chunk with 8411 rows
[2024-11-21T10:49:04.496+0000] {logging_mixin.py:151} INFO - Processing test data chunk with 1682 rows
[2024-11-21T10:49:04.512+0000] {logging_mixin.py:151} INFO - Processing training data chunk with 8411 rows
[2024-11-21T10:49:04.512+0000] {logging_mixin.py:151} INFO - Processing test data chunk with 1682 rows
[2024-11-21T10:49:04.528+0000] {logging_mixin.py:151} INFO - Processing training data chunk with 8411 rows
[2024-11-21T10:49:04.529+0000] {logging_mixin.py:151} INFO - Processing test data chunk with 1682 rows
[2024-11-21T10:49:04.547+0000] {logging_mixin.py:151} INFO - Processing training data chunk with 8411 rows
[2024-11-21T10:49:04.548+0000] {logging_mixin.py:151} INFO - Processing test data chunk with 1682 rows
[2024-11-21T10:49:04.564+0000] {logging_mixin.py:151} INFO - Processing training data chunk with 8411 rows
[2024-11-21T10:49:04.564+0000] {logging_mixin.py:151} INFO - Processing test data chunk with 1682 rows
[2024-11-21T10:49:04.580+0000] {logging_mixin.py:151} INFO - Processing training data chunk with 8411 rows
[2024-11-21T10:49:04.581+0000] {logging_mixin.py:151} INFO - Processing test data chunk with 1682 rows
[2024-11-21T10:49:04.597+0000] {logging_mixin.py:151} INFO - Processing training data chunk with 8411 rows
[2024-11-21T10:49:04.598+0000] {logging_mixin.py:151} INFO - Processing test data chunk with 1682 rows
[2024-11-21T10:49:04.615+0000] {logging_mixin.py:151} INFO - Processing training data chunk with 8411 rows
[2024-11-21T10:49:04.615+0000] {logging_mixin.py:151} INFO - Processing test data chunk with 1682 rows
[2024-11-21T10:49:04.631+0000] {logging_mixin.py:151} INFO - Processing training data chunk with 8411 rows
[2024-11-21T10:49:04.632+0000] {logging_mixin.py:151} INFO - Processing test data chunk with 1682 rows
[2024-11-21T10:49:04.647+0000] {logging_mixin.py:151} INFO - Processing training data chunk with 8411 rows
[2024-11-21T10:49:04.648+0000] {logging_mixin.py:151} INFO - Processing test data chunk with 1682 rows
[2024-11-21T10:49:04.665+0000] {logging_mixin.py:151} INFO - Processing training data chunk with 8411 rows
[2024-11-21T10:49:04.665+0000] {logging_mixin.py:151} INFO - Processing test data chunk with 1682 rows
[2024-11-21T10:49:04.682+0000] {logging_mixin.py:151} INFO - Processing training data chunk with 8411 rows
[2024-11-21T10:49:04.683+0000] {logging_mixin.py:151} INFO - Processing test data chunk with 1682 rows
[2024-11-21T10:49:04.700+0000] {logging_mixin.py:151} INFO - Processing training data chunk with 8411 rows
[2024-11-21T10:49:04.700+0000] {logging_mixin.py:151} INFO - Processing test data chunk with 1682 rows
[2024-11-21T10:49:04.718+0000] {logging_mixin.py:151} INFO - Processing training data chunk with 8411 rows
[2024-11-21T10:49:04.718+0000] {logging_mixin.py:151} INFO - Processing test data chunk with 1682 rows
[2024-11-21T10:49:04.736+0000] {logging_mixin.py:151} INFO - Processing training data chunk with 8411 rows
[2024-11-21T10:49:04.737+0000] {logging_mixin.py:151} INFO - Processing test data chunk with 1682 rows
[2024-11-21T10:49:04.809+0000] {logging_mixin.py:151} INFO - 168220
[2024-11-21T10:49:04.810+0000] {logging_mixin.py:151} INFO - 33644
[2024-11-21T10:49:46.815+0000] {local_task_job_runner.py:228} INFO - Task exited with return code -9
[2024-11-21T10:49:46.908+0000] {taskinstance.py:2784} INFO - 0 downstream tasks scheduled from follow-on schedule check
