[2024-11-21T10:49:58.150+0000] {logging_mixin.py:151} INFO - Changing /opt/***/logs/dag_id=model_training_pipeline/run_id=manual__2024-11-21T10:42:04.969430+00:00/task_id=train_model permission to 509
[2024-11-21T10:49:58.150+0000] {logging_mixin.py:151} INFO - Failed to change /opt/***/logs/dag_id=model_training_pipeline/run_id=manual__2024-11-21T10:42:04.969430+00:00/task_id=train_model permission to 509: [Errno 1] Operation not permitted: '/opt/***/logs/dag_id=model_training_pipeline/run_id=manual__2024-11-21T10:42:04.969430+00:00/task_id=train_model'
[2024-11-21T10:49:58.180+0000] {logging_mixin.py:151} INFO - Changing /opt/***/logs/dag_id=model_training_pipeline/run_id=manual__2024-11-21T10:42:04.969430+00:00/task_id=train_model permission to 509
[2024-11-21T10:49:58.181+0000] {logging_mixin.py:151} INFO - Failed to change /opt/***/logs/dag_id=model_training_pipeline/run_id=manual__2024-11-21T10:42:04.969430+00:00/task_id=train_model permission to 509: [Errno 1] Operation not permitted: '/opt/***/logs/dag_id=model_training_pipeline/run_id=manual__2024-11-21T10:42:04.969430+00:00/task_id=train_model'
[2024-11-21T10:49:58.207+0000] {taskinstance.py:1159} INFO - Dependencies all met for dep_context=non-requeueable deps ti=<TaskInstance: model_training_pipeline.train_model manual__2024-11-21T10:42:04.969430+00:00 [queued]>
[2024-11-21T10:49:58.216+0000] {taskinstance.py:1159} INFO - Dependencies all met for dep_context=requeueable deps ti=<TaskInstance: model_training_pipeline.train_model manual__2024-11-21T10:42:04.969430+00:00 [queued]>
[2024-11-21T10:49:58.217+0000] {taskinstance.py:1361} INFO - Starting attempt 2 of 2
[2024-11-21T10:49:58.230+0000] {taskinstance.py:1382} INFO - Executing <Task(PythonOperator): train_model> on 2024-11-21 10:42:04.969430+00:00
[2024-11-21T10:49:58.246+0000] {standard_task_runner.py:57} INFO - Started process 21880 to run task
[2024-11-21T10:49:58.248+0000] {standard_task_runner.py:84} INFO - Running: ['***', 'tasks', 'run', 'model_training_pipeline', 'train_model', 'manual__2024-11-21T10:42:04.969430+00:00', '--job-id', '345', '--raw', '--subdir', 'DAGS_FOLDER/model_training_pipeline_dag/model_training_dag.py', '--cfg-path', '/tmp/tmpseo1_pgb']
[2024-11-21T10:49:58.251+0000] {standard_task_runner.py:85} INFO - Job 345: Subtask train_model
[2024-11-21T10:49:58.297+0000] {logging_mixin.py:151} INFO - Changing /opt/***/logs/dag_id=model_training_pipeline/run_id=manual__2024-11-21T10:42:04.969430+00:00/task_id=train_model permission to 509
[2024-11-21T10:49:58.298+0000] {logging_mixin.py:151} INFO - Failed to change /opt/***/logs/dag_id=model_training_pipeline/run_id=manual__2024-11-21T10:42:04.969430+00:00/task_id=train_model permission to 509: [Errno 1] Operation not permitted: '/opt/***/logs/dag_id=model_training_pipeline/run_id=manual__2024-11-21T10:42:04.969430+00:00/task_id=train_model'
[2024-11-21T10:49:58.299+0000] {task_command.py:415} INFO - Running <TaskInstance: model_training_pipeline.train_model manual__2024-11-21T10:42:04.969430+00:00 [running]> on host 16801ac1f6e4
[2024-11-21T10:49:58.377+0000] {taskinstance.py:1660} INFO - Exporting env vars: AIRFLOW_CTX_DAG_OWNER='***' AIRFLOW_CTX_DAG_ID='model_training_pipeline' AIRFLOW_CTX_TASK_ID='train_model' AIRFLOW_CTX_EXECUTION_DATE='2024-11-21T10:42:04.969430+00:00' AIRFLOW_CTX_TRY_NUMBER='2' AIRFLOW_CTX_DAG_RUN_ID='manual__2024-11-21T10:42:04.969430+00:00'
[2024-11-21T10:55:30.223+0000] {logging_mixin.py:151} INFO - Processing training data chunk with 8411 rows
[2024-11-21T10:55:30.224+0000] {logging_mixin.py:151} INFO - Processing test data chunk with 1683 rows
[2024-11-21T10:55:30.261+0000] {logging_mixin.py:151} INFO - Processing training data chunk with 8411 rows
[2024-11-21T10:55:30.262+0000] {logging_mixin.py:151} INFO - Processing test data chunk with 1683 rows
[2024-11-21T10:55:30.296+0000] {logging_mixin.py:151} INFO - Processing training data chunk with 8411 rows
[2024-11-21T10:55:30.297+0000] {logging_mixin.py:151} INFO - Processing test data chunk with 1683 rows
[2024-11-21T10:55:30.327+0000] {logging_mixin.py:151} INFO - Processing training data chunk with 8411 rows
[2024-11-21T10:55:30.328+0000] {logging_mixin.py:151} INFO - Processing test data chunk with 1683 rows
[2024-11-21T10:55:30.359+0000] {logging_mixin.py:151} INFO - Processing training data chunk with 8411 rows
[2024-11-21T10:55:30.360+0000] {logging_mixin.py:151} INFO - Processing test data chunk with 1682 rows
[2024-11-21T10:55:30.385+0000] {logging_mixin.py:151} INFO - Processing training data chunk with 8411 rows
[2024-11-21T10:55:30.386+0000] {logging_mixin.py:151} INFO - Processing test data chunk with 1682 rows
[2024-11-21T10:55:30.413+0000] {logging_mixin.py:151} INFO - Processing training data chunk with 8411 rows
[2024-11-21T10:55:30.414+0000] {logging_mixin.py:151} INFO - Processing test data chunk with 1682 rows
[2024-11-21T10:55:30.443+0000] {logging_mixin.py:151} INFO - Processing training data chunk with 8411 rows
[2024-11-21T10:55:30.444+0000] {logging_mixin.py:151} INFO - Processing test data chunk with 1682 rows
[2024-11-21T10:55:30.467+0000] {logging_mixin.py:151} INFO - Processing training data chunk with 8411 rows
[2024-11-21T10:55:30.468+0000] {logging_mixin.py:151} INFO - Processing test data chunk with 1682 rows
[2024-11-21T10:55:30.491+0000] {logging_mixin.py:151} INFO - Processing training data chunk with 8411 rows
[2024-11-21T10:55:30.492+0000] {logging_mixin.py:151} INFO - Processing test data chunk with 1682 rows
[2024-11-21T10:55:30.520+0000] {logging_mixin.py:151} INFO - Processing training data chunk with 8411 rows
[2024-11-21T10:55:30.521+0000] {logging_mixin.py:151} INFO - Processing test data chunk with 1682 rows
[2024-11-21T10:55:30.548+0000] {logging_mixin.py:151} INFO - Processing training data chunk with 8411 rows
[2024-11-21T10:55:30.549+0000] {logging_mixin.py:151} INFO - Processing test data chunk with 1682 rows
[2024-11-21T10:55:30.575+0000] {logging_mixin.py:151} INFO - Processing training data chunk with 8411 rows
[2024-11-21T10:55:30.576+0000] {logging_mixin.py:151} INFO - Processing test data chunk with 1682 rows
[2024-11-21T10:55:30.598+0000] {logging_mixin.py:151} INFO - Processing training data chunk with 8411 rows
[2024-11-21T10:55:30.599+0000] {logging_mixin.py:151} INFO - Processing test data chunk with 1682 rows
[2024-11-21T10:55:30.619+0000] {logging_mixin.py:151} INFO - Processing training data chunk with 8411 rows
[2024-11-21T10:55:30.620+0000] {logging_mixin.py:151} INFO - Processing test data chunk with 1682 rows
[2024-11-21T10:55:30.645+0000] {logging_mixin.py:151} INFO - Processing training data chunk with 8411 rows
[2024-11-21T10:55:30.646+0000] {logging_mixin.py:151} INFO - Processing test data chunk with 1682 rows
[2024-11-21T10:55:30.671+0000] {logging_mixin.py:151} INFO - Processing training data chunk with 8411 rows
[2024-11-21T10:55:30.672+0000] {logging_mixin.py:151} INFO - Processing test data chunk with 1682 rows
[2024-11-21T10:55:30.696+0000] {logging_mixin.py:151} INFO - Processing training data chunk with 8411 rows
[2024-11-21T10:55:30.697+0000] {logging_mixin.py:151} INFO - Processing test data chunk with 1682 rows
[2024-11-21T10:55:30.721+0000] {logging_mixin.py:151} INFO - Processing training data chunk with 8411 rows
[2024-11-21T10:55:30.722+0000] {logging_mixin.py:151} INFO - Processing test data chunk with 1682 rows
[2024-11-21T10:55:30.745+0000] {logging_mixin.py:151} INFO - Processing training data chunk with 8411 rows
[2024-11-21T10:55:30.746+0000] {logging_mixin.py:151} INFO - Processing test data chunk with 1682 rows
[2024-11-21T10:55:30.856+0000] {logging_mixin.py:151} INFO - 168220
[2024-11-21T10:55:30.857+0000] {logging_mixin.py:151} INFO - 33644
[2024-11-21T10:55:56.429+0000] {local_task_job_runner.py:228} INFO - Task exited with return code -9
[2024-11-21T10:55:56.494+0000] {taskinstance.py:2784} INFO - 0 downstream tasks scheduled from follow-on schedule check
