[2024-11-10T02:51:38.864+0000] {logging_mixin.py:151} INFO - Changing /opt/***/logs/dag_id=natural_gas_spot_prices_etl_pipeline/run_id=manual__2024-11-10T02:51:15.182650+00:00/task_id=drop_columns permission to 509
[2024-11-10T02:51:38.865+0000] {logging_mixin.py:151} INFO - Failed to change /opt/***/logs/dag_id=natural_gas_spot_prices_etl_pipeline/run_id=manual__2024-11-10T02:51:15.182650+00:00/task_id=drop_columns permission to 509: [Errno 1] Operation not permitted: '/opt/***/logs/dag_id=natural_gas_spot_prices_etl_pipeline/run_id=manual__2024-11-10T02:51:15.182650+00:00/task_id=drop_columns'
[2024-11-10T02:51:38.892+0000] {logging_mixin.py:151} INFO - Changing /opt/***/logs/dag_id=natural_gas_spot_prices_etl_pipeline/run_id=manual__2024-11-10T02:51:15.182650+00:00/task_id=drop_columns permission to 509
[2024-11-10T02:51:38.892+0000] {logging_mixin.py:151} INFO - Failed to change /opt/***/logs/dag_id=natural_gas_spot_prices_etl_pipeline/run_id=manual__2024-11-10T02:51:15.182650+00:00/task_id=drop_columns permission to 509: [Errno 1] Operation not permitted: '/opt/***/logs/dag_id=natural_gas_spot_prices_etl_pipeline/run_id=manual__2024-11-10T02:51:15.182650+00:00/task_id=drop_columns'
[2024-11-10T02:51:38.922+0000] {taskinstance.py:1159} INFO - Dependencies all met for dep_context=non-requeueable deps ti=<TaskInstance: natural_gas_spot_prices_etl_pipeline.drop_columns manual__2024-11-10T02:51:15.182650+00:00 [queued]>
[2024-11-10T02:51:38.931+0000] {taskinstance.py:1159} INFO - Dependencies all met for dep_context=requeueable deps ti=<TaskInstance: natural_gas_spot_prices_etl_pipeline.drop_columns manual__2024-11-10T02:51:15.182650+00:00 [queued]>
[2024-11-10T02:51:38.931+0000] {taskinstance.py:1361} INFO - Starting attempt 1 of 2
[2024-11-10T02:51:38.947+0000] {taskinstance.py:1382} INFO - Executing <Task(PythonOperator): drop_columns> on 2024-11-10 02:51:15.182650+00:00
[2024-11-10T02:51:38.954+0000] {standard_task_runner.py:57} INFO - Started process 28986 to run task
[2024-11-10T02:51:38.956+0000] {standard_task_runner.py:84} INFO - Running: ['***', 'tasks', 'run', 'natural_gas_spot_prices_etl_pipeline', 'drop_columns', 'manual__2024-11-10T02:51:15.182650+00:00', '--job-id', '53', '--raw', '--subdir', 'DAGS_FOLDER/eia_natural_gas_spot_prices_etl_pipeline_dag/eia_natural_gas_spot_prices_etl_pipeline_dag.py', '--cfg-path', '/tmp/tmpb0k92xe9']
[2024-11-10T02:51:38.958+0000] {standard_task_runner.py:85} INFO - Job 53: Subtask drop_columns
[2024-11-10T02:51:38.999+0000] {logging_mixin.py:151} INFO - Changing /opt/***/logs/dag_id=natural_gas_spot_prices_etl_pipeline/run_id=manual__2024-11-10T02:51:15.182650+00:00/task_id=drop_columns permission to 509
[2024-11-10T02:51:38.999+0000] {logging_mixin.py:151} INFO - Failed to change /opt/***/logs/dag_id=natural_gas_spot_prices_etl_pipeline/run_id=manual__2024-11-10T02:51:15.182650+00:00/task_id=drop_columns permission to 509: [Errno 1] Operation not permitted: '/opt/***/logs/dag_id=natural_gas_spot_prices_etl_pipeline/run_id=manual__2024-11-10T02:51:15.182650+00:00/task_id=drop_columns'
[2024-11-10T02:51:39.000+0000] {task_command.py:415} INFO - Running <TaskInstance: natural_gas_spot_prices_etl_pipeline.drop_columns manual__2024-11-10T02:51:15.182650+00:00 [running]> on host 16801ac1f6e4
[2024-11-10T02:51:39.077+0000] {taskinstance.py:1660} INFO - Exporting env vars: AIRFLOW_CTX_DAG_OWNER='***' AIRFLOW_CTX_DAG_ID='natural_gas_spot_prices_etl_pipeline' AIRFLOW_CTX_TASK_ID='drop_columns' AIRFLOW_CTX_EXECUTION_DATE='2024-11-10T02:51:15.182650+00:00' AIRFLOW_CTX_TRY_NUMBER='1' AIRFLOW_CTX_DAG_RUN_ID='manual__2024-11-10T02:51:15.182650+00:00'
[2024-11-10T02:51:39.079+0000] {logging_mixin.py:151} INFO - full_program/extraction/natural_gas_spot_prices/ natural_gas_spot_prices_20241110
[2024-11-10T02:51:48.016+0000] {python.py:194} INFO - Done. Returned value was: None
[2024-11-10T02:51:48.026+0000] {taskinstance.py:1400} INFO - Marking task as SUCCESS. dag_id=natural_gas_spot_prices_etl_pipeline, task_id=drop_columns, execution_date=20241110T025115, start_date=20241110T025138, end_date=20241110T025148
[2024-11-10T02:51:48.078+0000] {local_task_job_runner.py:228} INFO - Task exited with return code 0
[2024-11-10T02:51:48.103+0000] {taskinstance.py:2784} INFO - 1 downstream tasks scheduled from follow-on schedule check
