[2024-11-23T03:35:28.987+0000] {logging_mixin.py:151} INFO - Changing /opt/***/logs/dag_id=model_training_pipeline/run_id=manual__2024-11-23T03:25:32.918865+00:00/task_id=train_model permission to 509
[2024-11-23T03:35:28.987+0000] {logging_mixin.py:151} INFO - Failed to change /opt/***/logs/dag_id=model_training_pipeline/run_id=manual__2024-11-23T03:25:32.918865+00:00/task_id=train_model permission to 509: [Errno 1] Operation not permitted: '/opt/***/logs/dag_id=model_training_pipeline/run_id=manual__2024-11-23T03:25:32.918865+00:00/task_id=train_model'
[2024-11-23T03:35:29.012+0000] {logging_mixin.py:151} INFO - Changing /opt/***/logs/dag_id=model_training_pipeline/run_id=manual__2024-11-23T03:25:32.918865+00:00/task_id=train_model permission to 509
[2024-11-23T03:35:29.013+0000] {logging_mixin.py:151} INFO - Failed to change /opt/***/logs/dag_id=model_training_pipeline/run_id=manual__2024-11-23T03:25:32.918865+00:00/task_id=train_model permission to 509: [Errno 1] Operation not permitted: '/opt/***/logs/dag_id=model_training_pipeline/run_id=manual__2024-11-23T03:25:32.918865+00:00/task_id=train_model'
[2024-11-23T03:35:29.033+0000] {taskinstance.py:1159} INFO - Dependencies all met for dep_context=non-requeueable deps ti=<TaskInstance: model_training_pipeline.train_model manual__2024-11-23T03:25:32.918865+00:00 [queued]>
[2024-11-23T03:35:29.040+0000] {taskinstance.py:1159} INFO - Dependencies all met for dep_context=requeueable deps ti=<TaskInstance: model_training_pipeline.train_model manual__2024-11-23T03:25:32.918865+00:00 [queued]>
[2024-11-23T03:35:29.040+0000] {taskinstance.py:1361} INFO - Starting attempt 2 of 2
[2024-11-23T03:35:29.051+0000] {taskinstance.py:1382} INFO - Executing <Task(PythonOperator): train_model> on 2024-11-23 03:25:32.918865+00:00
[2024-11-23T03:35:29.061+0000] {standard_task_runner.py:57} INFO - Started process 83108 to run task
[2024-11-23T03:35:29.063+0000] {standard_task_runner.py:84} INFO - Running: ['***', 'tasks', 'run', 'model_training_pipeline', 'train_model', 'manual__2024-11-23T03:25:32.918865+00:00', '--job-id', '366', '--raw', '--subdir', 'DAGS_FOLDER/model_training_pipeline_dag/model_training_dag.py', '--cfg-path', '/tmp/tmpz0s041wl']
[2024-11-23T03:35:29.065+0000] {standard_task_runner.py:85} INFO - Job 366: Subtask train_model
[2024-11-23T03:35:29.105+0000] {logging_mixin.py:151} INFO - Changing /opt/***/logs/dag_id=model_training_pipeline/run_id=manual__2024-11-23T03:25:32.918865+00:00/task_id=train_model permission to 509
[2024-11-23T03:35:29.106+0000] {logging_mixin.py:151} INFO - Failed to change /opt/***/logs/dag_id=model_training_pipeline/run_id=manual__2024-11-23T03:25:32.918865+00:00/task_id=train_model permission to 509: [Errno 1] Operation not permitted: '/opt/***/logs/dag_id=model_training_pipeline/run_id=manual__2024-11-23T03:25:32.918865+00:00/task_id=train_model'
[2024-11-23T03:35:29.107+0000] {task_command.py:415} INFO - Running <TaskInstance: model_training_pipeline.train_model manual__2024-11-23T03:25:32.918865+00:00 [running]> on host 16801ac1f6e4
[2024-11-23T03:35:29.177+0000] {taskinstance.py:1660} INFO - Exporting env vars: AIRFLOW_CTX_DAG_OWNER='***' AIRFLOW_CTX_DAG_ID='model_training_pipeline' AIRFLOW_CTX_TASK_ID='train_model' AIRFLOW_CTX_EXECUTION_DATE='2024-11-23T03:25:32.918865+00:00' AIRFLOW_CTX_TRY_NUMBER='2' AIRFLOW_CTX_DAG_RUN_ID='manual__2024-11-23T03:25:32.918865+00:00'
[2024-11-23T03:41:03.939+0000] {logging_mixin.py:151} INFO - Data has been normalised
[2024-11-23T03:41:04.441+0000] {logging_mixin.py:151} WARNING - 2024/11/23 03:41:04 WARNING mlflow.utils.git_utils: Failed to import Git (the Git executable is probably not on your PATH), so Git SHA is not available. Error: Failed to initialize: Bad git executable.
The git executable must be specified in one of the following ways:
    - be included in your $PATH
    - be set via $GIT_PYTHON_GIT_EXECUTABLE
    - explicitly set via git.refresh(<full-path-to-git-executable>)

All git commands will error until this is rectified.

This initial message can be silenced or aggravated in the future by setting the
$GIT_PYTHON_REFRESH environment variable. Use one of the following values:
    - quiet|q|silence|s|silent|none|n|0: for no message or exception
    - warn|w|warning|log|l|1: for a warning message (logging level CRITICAL, displayed by default)
    - error|e|exception|raise|r|2: for a raised exception

Example:
    export GIT_PYTHON_REFRESH=quiet
[2024-11-23T03:41:04.558+0000] {logging_mixin.py:151} INFO -  X_train columns : Index(['price_heating_oil ($/GAL)', 'commercial_consumption', 'imports',
       'lng_imports', 'residential_consumption', 'total_underground_storage',
       'natural_gas_rigs_in_operation', 'city', 'state', 'quarter', 'awnd',
       'snow', 'tavg', 'tmax', 'tmin', 'price_1day_lag ($/MMBTU)',
       'price_2day_lag ($/MMBTU)', 'price_3day_lag ($/MMBTU)',
       'heating_oil_natural_gas_price_ratio',
       '7day_ew_volatility price ($/MMBTU)',
       '14day_ew_volatility price ($/MMBTU)',
       '30day_ew_volatility price ($/MMBTU)',
       '60day_ew_volatility price ($/MMBTU)',
       '7day_rolling_average price ($/MMBTU)',
       '14day_rolling_average price ($/MMBTU)',
       '30day_rolling_average price ($/MMBTU)',
       '7day_rolling_median price ($/MMBTU)',
       '14day_rolling_median price ($/MMBTU)',
       '30day_rolling_median price ($/MMBTU)',
       'total_consumption_total_underground_storage_ratio', 'is_dec_or_jan',
       'hdd_max', 'cdd_max', 'wci', 'wci_sum', 'snow_sum', 'min_tavg',
       'max_tavg', 'max_abs_tavg_diff',
       'max_abs_tavg_diff_relative_to_daily_median'],
      dtype='object')
[2024-11-23T03:41:04.558+0000] {logging_mixin.py:151} INFO - X_train shape: (168220, 40)
[2024-11-23T03:41:04.559+0000] {logging_mixin.py:151} INFO - X_test shape: (33644, 40)
[2024-11-23T03:41:04.578+0000] {logging_mixin.py:151} WARNING - 2024/11/23 03:41:04 INFO mlflow.tracking._tracking_service.client: 🏃 View run GRU_7_day_horizon_30_20241123 at: http://mlflow:5000/#/experiments/1/runs/50a9a98d2a7e4155b89a38a360dcf3a6.
[2024-11-23T03:41:04.579+0000] {logging_mixin.py:151} WARNING - 2024/11/23 03:41:04 INFO mlflow.tracking._tracking_service.client: 🧪 View experiment at: http://mlflow:5000/#/experiments/1.
[2024-11-23T03:41:04.593+0000] {taskinstance.py:1943} ERROR - Task failed with exception
Traceback (most recent call last):
  File "/home/airflow/.local/lib/python3.8/site-packages/airflow/operators/python.py", line 192, in execute
    return_value = self.execute_callable()
  File "/home/airflow/.local/lib/python3.8/site-packages/airflow/operators/python.py", line 209, in execute_callable
    return self.python_callable(*self.op_args, **self.op_kwargs)
  File "/opt/airflow/dags/model_training_pipeline_dag/train_model.py", line 74, in train_model
    Model.train_model(x_train=X_train, y_train=y_train, x_test=X_test, y_test=y_test, time_steps=30, experiment_id=experiment_id, forecast_horizon=7, batch_size=128)
  File "/opt/airflow/dags/modelling/model.py", line 52, in train_model
    x_batch, y_batch = next(train_gen)
  File "/opt/airflow/dags/transformation/etl_transforms.py", line 276, in create_sequences
    y_batch.append(y.iloc[i + sequence_length].to_numpy().reshape(-1, 1))
AttributeError: 'numpy.float64' object has no attribute 'to_numpy'
[2024-11-23T03:41:04.609+0000] {taskinstance.py:1400} INFO - Marking task as FAILED. dag_id=model_training_pipeline, task_id=train_model, execution_date=20241123T032532, start_date=20241123T033529, end_date=20241123T034104
[2024-11-23T03:41:04.622+0000] {standard_task_runner.py:104} ERROR - Failed to execute job 366 for task train_model ('numpy.float64' object has no attribute 'to_numpy'; 83108)
[2024-11-23T03:41:04.690+0000] {local_task_job_runner.py:228} INFO - Task exited with return code 1
[2024-11-23T03:41:04.738+0000] {taskinstance.py:2784} INFO - 0 downstream tasks scheduled from follow-on schedule check
