[2024-11-21T11:46:59.006+0000] {logging_mixin.py:151} INFO - Changing /opt/***/logs/dag_id=model_training_pipeline/run_id=manual__2024-11-21T11:41:10.177198+00:00/task_id=train_model permission to 509
[2024-11-21T11:46:59.007+0000] {logging_mixin.py:151} INFO - Failed to change /opt/***/logs/dag_id=model_training_pipeline/run_id=manual__2024-11-21T11:41:10.177198+00:00/task_id=train_model permission to 509: [Errno 1] Operation not permitted: '/opt/***/logs/dag_id=model_training_pipeline/run_id=manual__2024-11-21T11:41:10.177198+00:00/task_id=train_model'
[2024-11-21T11:46:59.044+0000] {logging_mixin.py:151} INFO - Changing /opt/***/logs/dag_id=model_training_pipeline/run_id=manual__2024-11-21T11:41:10.177198+00:00/task_id=train_model permission to 509
[2024-11-21T11:46:59.045+0000] {logging_mixin.py:151} INFO - Failed to change /opt/***/logs/dag_id=model_training_pipeline/run_id=manual__2024-11-21T11:41:10.177198+00:00/task_id=train_model permission to 509: [Errno 1] Operation not permitted: '/opt/***/logs/dag_id=model_training_pipeline/run_id=manual__2024-11-21T11:41:10.177198+00:00/task_id=train_model'
[2024-11-21T11:46:59.074+0000] {taskinstance.py:1159} INFO - Dependencies all met for dep_context=non-requeueable deps ti=<TaskInstance: model_training_pipeline.train_model manual__2024-11-21T11:41:10.177198+00:00 [queued]>
[2024-11-21T11:46:59.082+0000] {taskinstance.py:1159} INFO - Dependencies all met for dep_context=requeueable deps ti=<TaskInstance: model_training_pipeline.train_model manual__2024-11-21T11:41:10.177198+00:00 [queued]>
[2024-11-21T11:46:59.083+0000] {taskinstance.py:1361} INFO - Starting attempt 2 of 2
[2024-11-21T11:46:59.099+0000] {taskinstance.py:1382} INFO - Executing <Task(PythonOperator): train_model> on 2024-11-21 11:41:10.177198+00:00
[2024-11-21T11:46:59.113+0000] {standard_task_runner.py:57} INFO - Started process 3564 to run task
[2024-11-21T11:46:59.115+0000] {standard_task_runner.py:84} INFO - Running: ['***', 'tasks', 'run', 'model_training_pipeline', 'train_model', 'manual__2024-11-21T11:41:10.177198+00:00', '--job-id', '353', '--raw', '--subdir', 'DAGS_FOLDER/model_training_pipeline_dag/model_training_dag.py', '--cfg-path', '/tmp/tmpw3eyo5_9']
[2024-11-21T11:46:59.118+0000] {standard_task_runner.py:85} INFO - Job 353: Subtask train_model
[2024-11-21T11:46:59.175+0000] {logging_mixin.py:151} INFO - Changing /opt/***/logs/dag_id=model_training_pipeline/run_id=manual__2024-11-21T11:41:10.177198+00:00/task_id=train_model permission to 509
[2024-11-21T11:46:59.176+0000] {logging_mixin.py:151} INFO - Failed to change /opt/***/logs/dag_id=model_training_pipeline/run_id=manual__2024-11-21T11:41:10.177198+00:00/task_id=train_model permission to 509: [Errno 1] Operation not permitted: '/opt/***/logs/dag_id=model_training_pipeline/run_id=manual__2024-11-21T11:41:10.177198+00:00/task_id=train_model'
[2024-11-21T11:46:59.178+0000] {task_command.py:415} INFO - Running <TaskInstance: model_training_pipeline.train_model manual__2024-11-21T11:41:10.177198+00:00 [running]> on host 16801ac1f6e4
[2024-11-21T11:46:59.270+0000] {taskinstance.py:1660} INFO - Exporting env vars: AIRFLOW_CTX_DAG_OWNER='***' AIRFLOW_CTX_DAG_ID='model_training_pipeline' AIRFLOW_CTX_TASK_ID='train_model' AIRFLOW_CTX_EXECUTION_DATE='2024-11-21T11:41:10.177198+00:00' AIRFLOW_CTX_TRY_NUMBER='2' AIRFLOW_CTX_DAG_RUN_ID='manual__2024-11-21T11:41:10.177198+00:00'
[2024-11-21T11:51:13.285+0000] {logging_mixin.py:151} INFO - Processing training data chunk with 8411 rows
[2024-11-21T11:51:13.286+0000] {logging_mixin.py:151} INFO - Processing test data chunk with 1683 rows
[2024-11-21T11:51:13.318+0000] {logging_mixin.py:151} INFO - Processing training data chunk with 8411 rows
[2024-11-21T11:51:13.319+0000] {logging_mixin.py:151} INFO - Processing test data chunk with 1683 rows
[2024-11-21T11:51:13.345+0000] {logging_mixin.py:151} INFO - Processing training data chunk with 8411 rows
[2024-11-21T11:51:13.346+0000] {logging_mixin.py:151} INFO - Processing test data chunk with 1683 rows
[2024-11-21T11:51:13.371+0000] {logging_mixin.py:151} INFO - Processing training data chunk with 8411 rows
[2024-11-21T11:51:13.371+0000] {logging_mixin.py:151} INFO - Processing test data chunk with 1683 rows
[2024-11-21T11:51:13.397+0000] {logging_mixin.py:151} INFO - Processing training data chunk with 8411 rows
[2024-11-21T11:51:13.398+0000] {logging_mixin.py:151} INFO - Processing test data chunk with 1682 rows
[2024-11-21T11:51:13.425+0000] {logging_mixin.py:151} INFO - Processing training data chunk with 8411 rows
[2024-11-21T11:51:13.426+0000] {logging_mixin.py:151} INFO - Processing test data chunk with 1682 rows
[2024-11-21T11:51:13.453+0000] {logging_mixin.py:151} INFO - Processing training data chunk with 8411 rows
[2024-11-21T11:51:13.454+0000] {logging_mixin.py:151} INFO - Processing test data chunk with 1682 rows
[2024-11-21T11:51:13.481+0000] {logging_mixin.py:151} INFO - Processing training data chunk with 8411 rows
[2024-11-21T11:51:13.482+0000] {logging_mixin.py:151} INFO - Processing test data chunk with 1682 rows
[2024-11-21T11:51:13.512+0000] {logging_mixin.py:151} INFO - Processing training data chunk with 8411 rows
[2024-11-21T11:51:13.513+0000] {logging_mixin.py:151} INFO - Processing test data chunk with 1682 rows
[2024-11-21T11:51:13.543+0000] {logging_mixin.py:151} INFO - Processing training data chunk with 8411 rows
[2024-11-21T11:51:13.544+0000] {logging_mixin.py:151} INFO - Processing test data chunk with 1682 rows
[2024-11-21T11:51:13.573+0000] {logging_mixin.py:151} INFO - Processing training data chunk with 8411 rows
[2024-11-21T11:51:13.574+0000] {logging_mixin.py:151} INFO - Processing test data chunk with 1682 rows
[2024-11-21T11:51:13.604+0000] {logging_mixin.py:151} INFO - Processing training data chunk with 8411 rows
[2024-11-21T11:51:13.605+0000] {logging_mixin.py:151} INFO - Processing test data chunk with 1682 rows
[2024-11-21T11:51:13.637+0000] {logging_mixin.py:151} INFO - Processing training data chunk with 8411 rows
[2024-11-21T11:51:13.638+0000] {logging_mixin.py:151} INFO - Processing test data chunk with 1682 rows
[2024-11-21T11:51:13.670+0000] {logging_mixin.py:151} INFO - Processing training data chunk with 8411 rows
[2024-11-21T11:51:13.671+0000] {logging_mixin.py:151} INFO - Processing test data chunk with 1682 rows
[2024-11-21T11:51:13.706+0000] {logging_mixin.py:151} INFO - Processing training data chunk with 8411 rows
[2024-11-21T11:51:13.706+0000] {logging_mixin.py:151} INFO - Processing test data chunk with 1682 rows
[2024-11-21T11:51:13.737+0000] {logging_mixin.py:151} INFO - Processing training data chunk with 8411 rows
[2024-11-21T11:51:13.738+0000] {logging_mixin.py:151} INFO - Processing test data chunk with 1682 rows
[2024-11-21T11:51:13.769+0000] {logging_mixin.py:151} INFO - Processing training data chunk with 8411 rows
[2024-11-21T11:51:13.770+0000] {logging_mixin.py:151} INFO - Processing test data chunk with 1682 rows
[2024-11-21T11:51:13.802+0000] {logging_mixin.py:151} INFO - Processing training data chunk with 8411 rows
[2024-11-21T11:51:13.803+0000] {logging_mixin.py:151} INFO - Processing test data chunk with 1682 rows
[2024-11-21T11:51:13.831+0000] {logging_mixin.py:151} INFO - Processing training data chunk with 8411 rows
[2024-11-21T11:51:13.832+0000] {logging_mixin.py:151} INFO - Processing test data chunk with 1682 rows
[2024-11-21T11:51:13.864+0000] {logging_mixin.py:151} INFO - Processing training data chunk with 8411 rows
[2024-11-21T11:51:13.865+0000] {logging_mixin.py:151} INFO - Processing test data chunk with 1682 rows
[2024-11-21T11:51:13.978+0000] {logging_mixin.py:151} INFO - 168220
[2024-11-21T11:51:13.979+0000] {logging_mixin.py:151} INFO - 33644
[2024-11-21T11:51:56.570+0000] {local_task_job_runner.py:228} INFO - Task exited with return code -9
[2024-11-21T11:51:56.619+0000] {taskinstance.py:2784} INFO - 0 downstream tasks scheduled from follow-on schedule check
