[2024-11-23T02:55:59.933+0000] {logging_mixin.py:151} INFO - Changing /opt/***/logs/dag_id=model_training_pipeline/run_id=manual__2024-11-23T02:55:55.075644+00:00/task_id=train_model permission to 509
[2024-11-23T02:55:59.933+0000] {logging_mixin.py:151} INFO - Failed to change /opt/***/logs/dag_id=model_training_pipeline/run_id=manual__2024-11-23T02:55:55.075644+00:00/task_id=train_model permission to 509: [Errno 1] Operation not permitted: '/opt/***/logs/dag_id=model_training_pipeline/run_id=manual__2024-11-23T02:55:55.075644+00:00/task_id=train_model'
[2024-11-23T02:55:59.958+0000] {logging_mixin.py:151} INFO - Changing /opt/***/logs/dag_id=model_training_pipeline/run_id=manual__2024-11-23T02:55:55.075644+00:00/task_id=train_model permission to 509
[2024-11-23T02:55:59.959+0000] {logging_mixin.py:151} INFO - Failed to change /opt/***/logs/dag_id=model_training_pipeline/run_id=manual__2024-11-23T02:55:55.075644+00:00/task_id=train_model permission to 509: [Errno 1] Operation not permitted: '/opt/***/logs/dag_id=model_training_pipeline/run_id=manual__2024-11-23T02:55:55.075644+00:00/task_id=train_model'
[2024-11-23T02:55:59.980+0000] {taskinstance.py:1159} INFO - Dependencies all met for dep_context=non-requeueable deps ti=<TaskInstance: model_training_pipeline.train_model manual__2024-11-23T02:55:55.075644+00:00 [queued]>
[2024-11-23T02:55:59.988+0000] {taskinstance.py:1159} INFO - Dependencies all met for dep_context=requeueable deps ti=<TaskInstance: model_training_pipeline.train_model manual__2024-11-23T02:55:55.075644+00:00 [queued]>
[2024-11-23T02:55:59.988+0000] {taskinstance.py:1361} INFO - Starting attempt 1 of 2
[2024-11-23T02:55:59.999+0000] {taskinstance.py:1382} INFO - Executing <Task(PythonOperator): train_model> on 2024-11-23 02:55:55.075644+00:00
[2024-11-23T02:56:00.014+0000] {standard_task_runner.py:57} INFO - Started process 75016 to run task
[2024-11-23T02:56:00.016+0000] {standard_task_runner.py:84} INFO - Running: ['***', 'tasks', 'run', 'model_training_pipeline', 'train_model', 'manual__2024-11-23T02:55:55.075644+00:00', '--job-id', '362', '--raw', '--subdir', 'DAGS_FOLDER/model_training_pipeline_dag/model_training_dag.py', '--cfg-path', '/tmp/tmpojmuoz31']
[2024-11-23T02:56:00.019+0000] {standard_task_runner.py:85} INFO - Job 362: Subtask train_model
[2024-11-23T02:56:00.061+0000] {logging_mixin.py:151} INFO - Changing /opt/***/logs/dag_id=model_training_pipeline/run_id=manual__2024-11-23T02:55:55.075644+00:00/task_id=train_model permission to 509
[2024-11-23T02:56:00.062+0000] {logging_mixin.py:151} INFO - Failed to change /opt/***/logs/dag_id=model_training_pipeline/run_id=manual__2024-11-23T02:55:55.075644+00:00/task_id=train_model permission to 509: [Errno 1] Operation not permitted: '/opt/***/logs/dag_id=model_training_pipeline/run_id=manual__2024-11-23T02:55:55.075644+00:00/task_id=train_model'
[2024-11-23T02:56:00.063+0000] {task_command.py:415} INFO - Running <TaskInstance: model_training_pipeline.train_model manual__2024-11-23T02:55:55.075644+00:00 [running]> on host 16801ac1f6e4
[2024-11-23T02:56:00.135+0000] {taskinstance.py:1660} INFO - Exporting env vars: AIRFLOW_CTX_DAG_OWNER='***' AIRFLOW_CTX_DAG_ID='model_training_pipeline' AIRFLOW_CTX_TASK_ID='train_model' AIRFLOW_CTX_EXECUTION_DATE='2024-11-23T02:55:55.075644+00:00' AIRFLOW_CTX_TRY_NUMBER='1' AIRFLOW_CTX_DAG_RUN_ID='manual__2024-11-23T02:55:55.075644+00:00'
[2024-11-23T02:56:30.335+0000] {local_task_job_runner.py:294} WARNING - State of this instance has been externally set to failed. Terminating instance.
[2024-11-23T02:56:30.343+0000] {process_utils.py:131} INFO - Sending 15 to group 75016. PIDs of all processes in the group: [75016]
[2024-11-23T02:56:30.344+0000] {process_utils.py:86} INFO - Sending the signal 15 to group 75016
[2024-11-23T02:56:30.346+0000] {taskinstance.py:1632} ERROR - Received SIGTERM. Terminating subprocesses.
[2024-11-23T02:56:30.438+0000] {process_utils.py:79} INFO - Process psutil.Process(pid=75016, status='terminated', exitcode=0, started='02:56:00') (75016) terminated with exit code 0
