[2024-11-10T06:35:36.289+0000] {logging_mixin.py:151} INFO - Changing /opt/***/logs/dag_id=natural_gas_spot_prices_etl_pipeline/run_id=manual__2024-11-10T06:35:33.808937+00:00/task_id=natural_gas_spot_prices_extraction permission to 509
[2024-11-10T06:35:36.290+0000] {logging_mixin.py:151} INFO - Failed to change /opt/***/logs/dag_id=natural_gas_spot_prices_etl_pipeline/run_id=manual__2024-11-10T06:35:33.808937+00:00/task_id=natural_gas_spot_prices_extraction permission to 509: [Errno 1] Operation not permitted: '/opt/***/logs/dag_id=natural_gas_spot_prices_etl_pipeline/run_id=manual__2024-11-10T06:35:33.808937+00:00/task_id=natural_gas_spot_prices_extraction'
[2024-11-10T06:35:36.316+0000] {logging_mixin.py:151} INFO - Changing /opt/***/logs/dag_id=natural_gas_spot_prices_etl_pipeline/run_id=manual__2024-11-10T06:35:33.808937+00:00/task_id=natural_gas_spot_prices_extraction permission to 509
[2024-11-10T06:35:36.317+0000] {logging_mixin.py:151} INFO - Failed to change /opt/***/logs/dag_id=natural_gas_spot_prices_etl_pipeline/run_id=manual__2024-11-10T06:35:33.808937+00:00/task_id=natural_gas_spot_prices_extraction permission to 509: [Errno 1] Operation not permitted: '/opt/***/logs/dag_id=natural_gas_spot_prices_etl_pipeline/run_id=manual__2024-11-10T06:35:33.808937+00:00/task_id=natural_gas_spot_prices_extraction'
[2024-11-10T06:35:36.349+0000] {taskinstance.py:1159} INFO - Dependencies all met for dep_context=non-requeueable deps ti=<TaskInstance: natural_gas_spot_prices_etl_pipeline.natural_gas_spot_prices_extraction manual__2024-11-10T06:35:33.808937+00:00 [queued]>
[2024-11-10T06:35:36.356+0000] {taskinstance.py:1159} INFO - Dependencies all met for dep_context=requeueable deps ti=<TaskInstance: natural_gas_spot_prices_etl_pipeline.natural_gas_spot_prices_extraction manual__2024-11-10T06:35:33.808937+00:00 [queued]>
[2024-11-10T06:35:36.357+0000] {taskinstance.py:1361} INFO - Starting attempt 1 of 2
[2024-11-10T06:35:36.370+0000] {taskinstance.py:1382} INFO - Executing <Task(PythonOperator): natural_gas_spot_prices_extraction> on 2024-11-10 06:35:33.808937+00:00
[2024-11-10T06:35:36.378+0000] {standard_task_runner.py:57} INFO - Started process 63005 to run task
[2024-11-10T06:35:36.380+0000] {standard_task_runner.py:84} INFO - Running: ['***', 'tasks', 'run', 'natural_gas_spot_prices_etl_pipeline', 'natural_gas_spot_prices_extraction', 'manual__2024-11-10T06:35:33.808937+00:00', '--job-id', '68', '--raw', '--subdir', 'DAGS_FOLDER/eia_natural_gas_spot_prices_etl_pipeline_dag/eia_natural_gas_spot_prices_etl_pipeline_dag.py', '--cfg-path', '/tmp/tmpueu_nkxl']
[2024-11-10T06:35:36.382+0000] {standard_task_runner.py:85} INFO - Job 68: Subtask natural_gas_spot_prices_extraction
[2024-11-10T06:35:36.422+0000] {logging_mixin.py:151} INFO - Changing /opt/***/logs/dag_id=natural_gas_spot_prices_etl_pipeline/run_id=manual__2024-11-10T06:35:33.808937+00:00/task_id=natural_gas_spot_prices_extraction permission to 509
[2024-11-10T06:35:36.422+0000] {logging_mixin.py:151} INFO - Failed to change /opt/***/logs/dag_id=natural_gas_spot_prices_etl_pipeline/run_id=manual__2024-11-10T06:35:33.808937+00:00/task_id=natural_gas_spot_prices_extraction permission to 509: [Errno 1] Operation not permitted: '/opt/***/logs/dag_id=natural_gas_spot_prices_etl_pipeline/run_id=manual__2024-11-10T06:35:33.808937+00:00/task_id=natural_gas_spot_prices_extraction'
[2024-11-10T06:35:36.424+0000] {task_command.py:415} INFO - Running <TaskInstance: natural_gas_spot_prices_etl_pipeline.natural_gas_spot_prices_extraction manual__2024-11-10T06:35:33.808937+00:00 [running]> on host 16801ac1f6e4
[2024-11-10T06:35:36.499+0000] {taskinstance.py:1660} INFO - Exporting env vars: AIRFLOW_CTX_DAG_OWNER='***' AIRFLOW_CTX_DAG_ID='natural_gas_spot_prices_etl_pipeline' AIRFLOW_CTX_TASK_ID='natural_gas_spot_prices_extraction' AIRFLOW_CTX_EXECUTION_DATE='2024-11-10T06:35:33.808937+00:00' AIRFLOW_CTX_TRY_NUMBER='1' AIRFLOW_CTX_DAG_RUN_ID='manual__2024-11-10T06:35:33.808937+00:00'
[2024-11-10T06:35:37.765+0000] {logging_mixin.py:151} INFO - Error retrieving metadata: An error occurred (NoSuchKey) when calling the GetObject operation: The specified key does not exist.
[2024-11-10T06:35:42.289+0000] {logging_mixin.py:151} INFO - Error retrieving metadata: An error occurred (NoSuchKey) when calling the GetObject operation: The specified key does not exist.
[2024-11-10T06:35:46.238+0000] {logging_mixin.py:151} INFO - Error retrieving metadata: An error occurred (NoSuchKey) when calling the GetObject operation: The specified key does not exist.
[2024-11-10T06:35:53.798+0000] {logging_mixin.py:151} INFO - Error retrieving metadata: An error occurred (NoSuchKey) when calling the GetObject operation: The specified key does not exist.
[2024-11-10T06:35:55.101+0000] {python.py:194} INFO - Done. Returned value was: None
[2024-11-10T06:35:55.112+0000] {taskinstance.py:1400} INFO - Marking task as SUCCESS. dag_id=natural_gas_spot_prices_etl_pipeline, task_id=natural_gas_spot_prices_extraction, execution_date=20241110T063533, start_date=20241110T063536, end_date=20241110T063555
[2024-11-10T06:35:55.167+0000] {local_task_job_runner.py:228} INFO - Task exited with return code 0
[2024-11-10T06:35:55.192+0000] {taskinstance.py:2784} INFO - 1 downstream tasks scheduled from follow-on schedule check
