[2024-11-16T11:11:17.067+0000] {logging_mixin.py:151} INFO - Changing /opt/***/logs/dag_id=model_training_pipeline/run_id=manual__2024-11-16T11:11:11.633959+00:00/task_id=invoke_lambda_function permission to 509
[2024-11-16T11:11:17.067+0000] {logging_mixin.py:151} INFO - Failed to change /opt/***/logs/dag_id=model_training_pipeline/run_id=manual__2024-11-16T11:11:11.633959+00:00/task_id=invoke_lambda_function permission to 509: [Errno 1] Operation not permitted: '/opt/***/logs/dag_id=model_training_pipeline/run_id=manual__2024-11-16T11:11:11.633959+00:00/task_id=invoke_lambda_function'
[2024-11-16T11:11:17.091+0000] {logging_mixin.py:151} INFO - Changing /opt/***/logs/dag_id=model_training_pipeline/run_id=manual__2024-11-16T11:11:11.633959+00:00/task_id=invoke_lambda_function permission to 509
[2024-11-16T11:11:17.092+0000] {logging_mixin.py:151} INFO - Failed to change /opt/***/logs/dag_id=model_training_pipeline/run_id=manual__2024-11-16T11:11:11.633959+00:00/task_id=invoke_lambda_function permission to 509: [Errno 1] Operation not permitted: '/opt/***/logs/dag_id=model_training_pipeline/run_id=manual__2024-11-16T11:11:11.633959+00:00/task_id=invoke_lambda_function'
[2024-11-16T11:11:17.113+0000] {taskinstance.py:1159} INFO - Dependencies all met for dep_context=non-requeueable deps ti=<TaskInstance: model_training_pipeline.invoke_lambda_function manual__2024-11-16T11:11:11.633959+00:00 [queued]>
[2024-11-16T11:11:17.121+0000] {taskinstance.py:1159} INFO - Dependencies all met for dep_context=requeueable deps ti=<TaskInstance: model_training_pipeline.invoke_lambda_function manual__2024-11-16T11:11:11.633959+00:00 [queued]>
[2024-11-16T11:11:17.121+0000] {taskinstance.py:1361} INFO - Starting attempt 1 of 2
[2024-11-16T11:11:17.134+0000] {taskinstance.py:1382} INFO - Executing <Task(LambdaInvokeFunctionOperator): invoke_lambda_function> on 2024-11-16 11:11:11.633959+00:00
[2024-11-16T11:11:17.144+0000] {standard_task_runner.py:57} INFO - Started process 78844 to run task
[2024-11-16T11:11:17.146+0000] {standard_task_runner.py:84} INFO - Running: ['***', 'tasks', 'run', 'model_training_pipeline', 'invoke_lambda_function', 'manual__2024-11-16T11:11:11.633959+00:00', '--job-id', '240', '--raw', '--subdir', 'DAGS_FOLDER/model_training_pipeline_dag/model_training_dag.py', '--cfg-path', '/tmp/tmpp_ru559x']
[2024-11-16T11:11:17.148+0000] {standard_task_runner.py:85} INFO - Job 240: Subtask invoke_lambda_function
[2024-11-16T11:11:17.186+0000] {logging_mixin.py:151} INFO - Changing /opt/***/logs/dag_id=model_training_pipeline/run_id=manual__2024-11-16T11:11:11.633959+00:00/task_id=invoke_lambda_function permission to 509
[2024-11-16T11:11:17.186+0000] {logging_mixin.py:151} INFO - Failed to change /opt/***/logs/dag_id=model_training_pipeline/run_id=manual__2024-11-16T11:11:11.633959+00:00/task_id=invoke_lambda_function permission to 509: [Errno 1] Operation not permitted: '/opt/***/logs/dag_id=model_training_pipeline/run_id=manual__2024-11-16T11:11:11.633959+00:00/task_id=invoke_lambda_function'
[2024-11-16T11:11:17.187+0000] {task_command.py:415} INFO - Running <TaskInstance: model_training_pipeline.invoke_lambda_function manual__2024-11-16T11:11:11.633959+00:00 [running]> on host 16801ac1f6e4
[2024-11-16T11:11:17.260+0000] {taskinstance.py:1660} INFO - Exporting env vars: AIRFLOW_CTX_DAG_OWNER='***' AIRFLOW_CTX_DAG_ID='model_training_pipeline' AIRFLOW_CTX_TASK_ID='invoke_lambda_function' AIRFLOW_CTX_EXECUTION_DATE='2024-11-16T11:11:11.633959+00:00' AIRFLOW_CTX_TRY_NUMBER='1' AIRFLOW_CTX_DAG_RUN_ID='manual__2024-11-16T11:11:11.633959+00:00'
[2024-11-16T11:11:17.262+0000] {lambda_function.py:177} INFO - Invoking AWS Lambda function: natural_gas_spot_prices_transformation_trigger with payload: None
[2024-11-16T11:11:17.272+0000] {base.py:73} INFO - Using connection ID 'aws_connection' for task execution.
[2024-11-16T11:11:17.273+0000] {connection_wrapper.py:340} INFO - AWS Connection (conn_id='aws_connection', conn_type='aws') credentials retrieved from login and password.
[2024-11-16T11:11:19.271+0000] {taskinstance.py:1943} ERROR - Task failed with exception
Traceback (most recent call last):
  File "/home/airflow/.local/lib/python3.8/site-packages/airflow/providers/amazon/aws/operators/lambda_function.py", line 178, in execute
    response = self.hook.invoke_lambda(
  File "/home/airflow/.local/lib/python3.8/site-packages/airflow/providers/amazon/aws/hooks/lambda_function.py", line 79, in invoke_lambda
    return self.conn.invoke(**trim_none_values(invoke_args))
  File "/home/airflow/.local/lib/python3.8/site-packages/botocore/client.py", line 535, in _api_call
    return self._make_api_call(operation_name, kwargs)
  File "/home/airflow/.local/lib/python3.8/site-packages/botocore/client.py", line 980, in _make_api_call
    raise error_class(parsed_response, operation_name)
botocore.exceptions.ClientError: An error occurred (ValidationException) when calling the Invoke operation: 1 validation error detected: Value 'tail' at 'logType' failed to satisfy constraint: Member must satisfy enum value set: [Tail, None]
[2024-11-16T11:11:19.282+0000] {taskinstance.py:1400} INFO - Marking task as UP_FOR_RETRY. dag_id=model_training_pipeline, task_id=invoke_lambda_function, execution_date=20241116T111111, start_date=20241116T111117, end_date=20241116T111119
[2024-11-16T11:11:19.296+0000] {standard_task_runner.py:104} ERROR - Failed to execute job 240 for task invoke_lambda_function (An error occurred (ValidationException) when calling the Invoke operation: 1 validation error detected: Value 'tail' at 'logType' failed to satisfy constraint: Member must satisfy enum value set: [Tail, None]; 78844)
[2024-11-16T11:11:19.328+0000] {local_task_job_runner.py:228} INFO - Task exited with return code 1
[2024-11-16T11:11:19.353+0000] {taskinstance.py:2784} INFO - 0 downstream tasks scheduled from follow-on schedule check
