[2024-11-10T01:40:44.175+0000] {logging_mixin.py:151} INFO - Changing /opt/***/logs/dag_id=natural_gas_spot_prices_etl_pipeline/run_id=manual__2024-11-10T01:40:01.598444+00:00/task_id=drop_columns permission to 509
[2024-11-10T01:40:44.175+0000] {logging_mixin.py:151} INFO - Failed to change /opt/***/logs/dag_id=natural_gas_spot_prices_etl_pipeline/run_id=manual__2024-11-10T01:40:01.598444+00:00/task_id=drop_columns permission to 509: [Errno 1] Operation not permitted: '/opt/***/logs/dag_id=natural_gas_spot_prices_etl_pipeline/run_id=manual__2024-11-10T01:40:01.598444+00:00/task_id=drop_columns'
[2024-11-10T01:40:44.206+0000] {logging_mixin.py:151} INFO - Changing /opt/***/logs/dag_id=natural_gas_spot_prices_etl_pipeline/run_id=manual__2024-11-10T01:40:01.598444+00:00/task_id=drop_columns permission to 509
[2024-11-10T01:40:44.207+0000] {logging_mixin.py:151} INFO - Failed to change /opt/***/logs/dag_id=natural_gas_spot_prices_etl_pipeline/run_id=manual__2024-11-10T01:40:01.598444+00:00/task_id=drop_columns permission to 509: [Errno 1] Operation not permitted: '/opt/***/logs/dag_id=natural_gas_spot_prices_etl_pipeline/run_id=manual__2024-11-10T01:40:01.598444+00:00/task_id=drop_columns'
[2024-11-10T01:40:44.249+0000] {taskinstance.py:1159} INFO - Dependencies all met for dep_context=non-requeueable deps ti=<TaskInstance: natural_gas_spot_prices_etl_pipeline.drop_columns manual__2024-11-10T01:40:01.598444+00:00 [queued]>
[2024-11-10T01:40:44.259+0000] {taskinstance.py:1159} INFO - Dependencies all met for dep_context=requeueable deps ti=<TaskInstance: natural_gas_spot_prices_etl_pipeline.drop_columns manual__2024-11-10T01:40:01.598444+00:00 [queued]>
[2024-11-10T01:40:44.259+0000] {taskinstance.py:1361} INFO - Starting attempt 2 of 2
[2024-11-10T01:40:44.274+0000] {taskinstance.py:1382} INFO - Executing <Task(PythonOperator): drop_columns> on 2024-11-10 01:40:01.598444+00:00
[2024-11-10T01:40:44.283+0000] {standard_task_runner.py:57} INFO - Started process 16591 to run task
[2024-11-10T01:40:44.286+0000] {standard_task_runner.py:84} INFO - Running: ['***', 'tasks', 'run', 'natural_gas_spot_prices_etl_pipeline', 'drop_columns', 'manual__2024-11-10T01:40:01.598444+00:00', '--job-id', '15', '--raw', '--subdir', 'DAGS_FOLDER/eia_natural_gas_spot_prices_etl_pipeline_dag/eia_natural_gas_spot_prices_etl_pipeline_dag.py', '--cfg-path', '/tmp/tmp9717kws7']
[2024-11-10T01:40:44.288+0000] {standard_task_runner.py:85} INFO - Job 15: Subtask drop_columns
[2024-11-10T01:40:44.344+0000] {logging_mixin.py:151} INFO - Changing /opt/***/logs/dag_id=natural_gas_spot_prices_etl_pipeline/run_id=manual__2024-11-10T01:40:01.598444+00:00/task_id=drop_columns permission to 509
[2024-11-10T01:40:44.344+0000] {logging_mixin.py:151} INFO - Failed to change /opt/***/logs/dag_id=natural_gas_spot_prices_etl_pipeline/run_id=manual__2024-11-10T01:40:01.598444+00:00/task_id=drop_columns permission to 509: [Errno 1] Operation not permitted: '/opt/***/logs/dag_id=natural_gas_spot_prices_etl_pipeline/run_id=manual__2024-11-10T01:40:01.598444+00:00/task_id=drop_columns'
[2024-11-10T01:40:44.346+0000] {task_command.py:415} INFO - Running <TaskInstance: natural_gas_spot_prices_etl_pipeline.drop_columns manual__2024-11-10T01:40:01.598444+00:00 [running]> on host 16801ac1f6e4
[2024-11-10T01:40:44.425+0000] {taskinstance.py:1660} INFO - Exporting env vars: AIRFLOW_CTX_DAG_OWNER='***' AIRFLOW_CTX_DAG_ID='natural_gas_spot_prices_etl_pipeline' AIRFLOW_CTX_TASK_ID='drop_columns' AIRFLOW_CTX_EXECUTION_DATE='2024-11-10T01:40:01.598444+00:00' AIRFLOW_CTX_TRY_NUMBER='2' AIRFLOW_CTX_DAG_RUN_ID='manual__2024-11-10T01:40:01.598444+00:00'
[2024-11-10T01:40:45.627+0000] {logging_mixin.py:151} INFO - Error retrieving metadata: An error occurred (NoSuchKey) when calling the GetObject operation: The specified key does not exist.
[2024-11-10T01:40:45.633+0000] {taskinstance.py:1943} ERROR - Task failed with exception
Traceback (most recent call last):
  File "/home/airflow/.local/lib/python3.8/site-packages/airflow/operators/python.py", line 192, in execute
    return_value = self.execute_callable()
  File "/home/airflow/.local/lib/python3.8/site-packages/airflow/operators/python.py", line 209, in execute_callable
    return self.python_callable(*self.op_args, **self.op_kwargs)
  File "/opt/airflow/dags/eia_natural_gas_spot_prices_etl_pipeline_dag/drop_columns.py", line 21, in drop_columns
    natural_gas_spot_prices_df = EtlTransforms.drop_columns(df=natural_gas_spot_prices_df, columns=['duoarea', 'area-name', 'product', 'product-name', 'process',
  File "/opt/airflow/dags/transformation/etl_transforms.py", line 89, in drop_columns
    df = df.drop(columns=columns, axis=1)
  File "/home/airflow/.local/lib/python3.8/site-packages/pandas/core/frame.py", line 5258, in drop
    return super().drop(
  File "/home/airflow/.local/lib/python3.8/site-packages/pandas/core/generic.py", line 4549, in drop
    obj = obj._drop_axis(labels, axis, level=level, errors=errors)
  File "/home/airflow/.local/lib/python3.8/site-packages/pandas/core/generic.py", line 4591, in _drop_axis
    new_axis = axis.drop(labels, errors=errors)
  File "/home/airflow/.local/lib/python3.8/site-packages/pandas/core/indexes/base.py", line 6699, in drop
    raise KeyError(f"{list(labels[mask])} not found in axis")
KeyError: "['duoarea', 'area-name', 'product', 'product-name', 'process', 'process-name', 'series', 'series-description', 'units'] not found in axis"
[2024-11-10T01:40:45.655+0000] {taskinstance.py:1400} INFO - Marking task as FAILED. dag_id=natural_gas_spot_prices_etl_pipeline, task_id=drop_columns, execution_date=20241110T014001, start_date=20241110T014044, end_date=20241110T014045
[2024-11-10T01:40:45.669+0000] {standard_task_runner.py:104} ERROR - Failed to execute job 15 for task drop_columns ("['duoarea', 'area-name', 'product', 'product-name', 'process', 'process-name', 'series', 'series-description', 'units'] not found in axis"; 16591)
[2024-11-10T01:40:45.705+0000] {local_task_job_runner.py:228} INFO - Task exited with return code 1
[2024-11-10T01:40:45.734+0000] {taskinstance.py:2784} INFO - 0 downstream tasks scheduled from follow-on schedule check
