[2024-11-23T06:47:34.957+0000] {logging_mixin.py:151} INFO - Changing /opt/***/logs/dag_id=model_training_pipeline/run_id=manual__2024-11-23T06:44:47.132603+00:00/task_id=train_model permission to 509
[2024-11-23T06:47:34.958+0000] {logging_mixin.py:151} INFO - Failed to change /opt/***/logs/dag_id=model_training_pipeline/run_id=manual__2024-11-23T06:44:47.132603+00:00/task_id=train_model permission to 509: [Errno 1] Operation not permitted: '/opt/***/logs/dag_id=model_training_pipeline/run_id=manual__2024-11-23T06:44:47.132603+00:00/task_id=train_model'
[2024-11-23T06:47:34.985+0000] {logging_mixin.py:151} INFO - Changing /opt/***/logs/dag_id=model_training_pipeline/run_id=manual__2024-11-23T06:44:47.132603+00:00/task_id=train_model permission to 509
[2024-11-23T06:47:34.986+0000] {logging_mixin.py:151} INFO - Failed to change /opt/***/logs/dag_id=model_training_pipeline/run_id=manual__2024-11-23T06:44:47.132603+00:00/task_id=train_model permission to 509: [Errno 1] Operation not permitted: '/opt/***/logs/dag_id=model_training_pipeline/run_id=manual__2024-11-23T06:44:47.132603+00:00/task_id=train_model'
[2024-11-23T06:47:35.009+0000] {taskinstance.py:1159} INFO - Dependencies all met for dep_context=non-requeueable deps ti=<TaskInstance: model_training_pipeline.train_model manual__2024-11-23T06:44:47.132603+00:00 [queued]>
[2024-11-23T06:47:35.017+0000] {taskinstance.py:1159} INFO - Dependencies all met for dep_context=requeueable deps ti=<TaskInstance: model_training_pipeline.train_model manual__2024-11-23T06:44:47.132603+00:00 [queued]>
[2024-11-23T06:47:35.017+0000] {taskinstance.py:1361} INFO - Starting attempt 2 of 2
[2024-11-23T06:47:35.029+0000] {taskinstance.py:1382} INFO - Executing <Task(PythonOperator): train_model> on 2024-11-23 06:44:47.132603+00:00
[2024-11-23T06:47:35.039+0000] {standard_task_runner.py:57} INFO - Started process 15270 to run task
[2024-11-23T06:47:35.042+0000] {standard_task_runner.py:84} INFO - Running: ['***', 'tasks', 'run', 'model_training_pipeline', 'train_model', 'manual__2024-11-23T06:44:47.132603+00:00', '--job-id', '375', '--raw', '--subdir', 'DAGS_FOLDER/model_training_pipeline_dag/model_training_dag.py', '--cfg-path', '/tmp/tmpso5ijzir']
[2024-11-23T06:47:35.045+0000] {standard_task_runner.py:85} INFO - Job 375: Subtask train_model
[2024-11-23T06:47:35.089+0000] {logging_mixin.py:151} INFO - Changing /opt/***/logs/dag_id=model_training_pipeline/run_id=manual__2024-11-23T06:44:47.132603+00:00/task_id=train_model permission to 509
[2024-11-23T06:47:35.090+0000] {logging_mixin.py:151} INFO - Failed to change /opt/***/logs/dag_id=model_training_pipeline/run_id=manual__2024-11-23T06:44:47.132603+00:00/task_id=train_model permission to 509: [Errno 1] Operation not permitted: '/opt/***/logs/dag_id=model_training_pipeline/run_id=manual__2024-11-23T06:44:47.132603+00:00/task_id=train_model'
[2024-11-23T06:47:35.091+0000] {task_command.py:415} INFO - Running <TaskInstance: model_training_pipeline.train_model manual__2024-11-23T06:44:47.132603+00:00 [running]> on host 2445c017a334
[2024-11-23T06:47:35.162+0000] {taskinstance.py:1660} INFO - Exporting env vars: AIRFLOW_CTX_DAG_OWNER='***' AIRFLOW_CTX_DAG_ID='model_training_pipeline' AIRFLOW_CTX_TASK_ID='train_model' AIRFLOW_CTX_EXECUTION_DATE='2024-11-23T06:44:47.132603+00:00' AIRFLOW_CTX_TRY_NUMBER='2' AIRFLOW_CTX_DAG_RUN_ID='manual__2024-11-23T06:44:47.132603+00:00'
[2024-11-23T06:50:01.659+0000] {local_task_job_runner.py:294} WARNING - State of this instance has been externally set to failed. Terminating instance.
[2024-11-23T06:50:01.663+0000] {process_utils.py:131} INFO - Sending 15 to group 15270. PIDs of all processes in the group: [15270]
[2024-11-23T06:50:01.664+0000] {process_utils.py:86} INFO - Sending the signal 15 to group 15270
[2024-11-23T06:50:01.664+0000] {taskinstance.py:1632} ERROR - Received SIGTERM. Terminating subprocesses.
[2024-11-23T06:50:01.716+0000] {process_utils.py:79} INFO - Process psutil.Process(pid=15270, status='terminated', exitcode=0, started='06:47:34') (15270) terminated with exit code 0
