[2024-11-10T08:59:00.817+0000] {logging_mixin.py:151} INFO - Changing /opt/***/logs/dag_id=noaa_etl_pipeline/run_id=manual__2024-11-10T08:58:58.734411+00:00/task_id=noaa_extraction permission to 509
[2024-11-10T08:59:00.818+0000] {logging_mixin.py:151} INFO - Failed to change /opt/***/logs/dag_id=noaa_etl_pipeline/run_id=manual__2024-11-10T08:58:58.734411+00:00/task_id=noaa_extraction permission to 509: [Errno 1] Operation not permitted: '/opt/***/logs/dag_id=noaa_etl_pipeline/run_id=manual__2024-11-10T08:58:58.734411+00:00/task_id=noaa_extraction'
[2024-11-10T08:59:00.853+0000] {logging_mixin.py:151} INFO - Changing /opt/***/logs/dag_id=noaa_etl_pipeline/run_id=manual__2024-11-10T08:58:58.734411+00:00/task_id=noaa_extraction permission to 509
[2024-11-10T08:59:00.854+0000] {logging_mixin.py:151} INFO - Failed to change /opt/***/logs/dag_id=noaa_etl_pipeline/run_id=manual__2024-11-10T08:58:58.734411+00:00/task_id=noaa_extraction permission to 509: [Errno 1] Operation not permitted: '/opt/***/logs/dag_id=noaa_etl_pipeline/run_id=manual__2024-11-10T08:58:58.734411+00:00/task_id=noaa_extraction'
[2024-11-10T08:59:00.888+0000] {taskinstance.py:1159} INFO - Dependencies all met for dep_context=non-requeueable deps ti=<TaskInstance: noaa_etl_pipeline.noaa_extraction manual__2024-11-10T08:58:58.734411+00:00 [queued]>
[2024-11-10T08:59:00.895+0000] {taskinstance.py:1159} INFO - Dependencies all met for dep_context=requeueable deps ti=<TaskInstance: noaa_etl_pipeline.noaa_extraction manual__2024-11-10T08:58:58.734411+00:00 [queued]>
[2024-11-10T08:59:00.895+0000] {taskinstance.py:1361} INFO - Starting attempt 1 of 2
[2024-11-10T08:59:00.908+0000] {taskinstance.py:1382} INFO - Executing <Task(PythonOperator): noaa_extraction> on 2024-11-10 08:58:58.734411+00:00
[2024-11-10T08:59:00.917+0000] {standard_task_runner.py:57} INFO - Started process 82093 to run task
[2024-11-10T08:59:00.920+0000] {standard_task_runner.py:84} INFO - Running: ['***', 'tasks', 'run', 'noaa_etl_pipeline', 'noaa_extraction', 'manual__2024-11-10T08:58:58.734411+00:00', '--job-id', '126', '--raw', '--subdir', 'DAGS_FOLDER/noaa_etl_pipeline_dag/noaa_etl_pipeline_dag.py', '--cfg-path', '/tmp/tmpwo3bus27']
[2024-11-10T08:59:00.922+0000] {standard_task_runner.py:85} INFO - Job 126: Subtask noaa_extraction
[2024-11-10T08:59:00.962+0000] {logging_mixin.py:151} INFO - Changing /opt/***/logs/dag_id=noaa_etl_pipeline/run_id=manual__2024-11-10T08:58:58.734411+00:00/task_id=noaa_extraction permission to 509
[2024-11-10T08:59:00.962+0000] {logging_mixin.py:151} INFO - Failed to change /opt/***/logs/dag_id=noaa_etl_pipeline/run_id=manual__2024-11-10T08:58:58.734411+00:00/task_id=noaa_extraction permission to 509: [Errno 1] Operation not permitted: '/opt/***/logs/dag_id=noaa_etl_pipeline/run_id=manual__2024-11-10T08:58:58.734411+00:00/task_id=noaa_extraction'
[2024-11-10T08:59:00.963+0000] {task_command.py:415} INFO - Running <TaskInstance: noaa_etl_pipeline.noaa_extraction manual__2024-11-10T08:58:58.734411+00:00 [running]> on host 16801ac1f6e4
[2024-11-10T08:59:01.038+0000] {taskinstance.py:1660} INFO - Exporting env vars: AIRFLOW_CTX_DAG_OWNER='***' AIRFLOW_CTX_DAG_ID='noaa_etl_pipeline' AIRFLOW_CTX_TASK_ID='noaa_extraction' AIRFLOW_CTX_EXECUTION_DATE='2024-11-10T08:58:58.734411+00:00' AIRFLOW_CTX_TRY_NUMBER='1' AIRFLOW_CTX_DAG_RUN_ID='manual__2024-11-10T08:58:58.734411+00:00'
[2024-11-10T08:59:02.311+0000] {logging_mixin.py:151} INFO - 1999-01-04
[2024-11-10T08:59:05.249+0000] {logging_mixin.py:151} INFO - 1999-01-10
[2024-11-10T08:59:07.808+0000] {logging_mixin.py:151} INFO - 1999-01-16
[2024-11-10T08:59:09.577+0000] {logging_mixin.py:151} INFO - 1999-01-22
[2024-11-10T08:59:11.353+0000] {logging_mixin.py:151} INFO - 1999-01-28
[2024-11-10T08:59:14.703+0000] {logging_mixin.py:151} INFO - 1999-02-03
[2024-11-10T08:59:16.472+0000] {logging_mixin.py:151} INFO - 1999-02-09
[2024-11-10T08:59:18.242+0000] {logging_mixin.py:151} INFO - 1999-02-15
[2024-11-10T08:59:20.605+0000] {logging_mixin.py:151} INFO - 1999-02-21
[2024-11-10T08:59:22.667+0000] {logging_mixin.py:151} INFO - 1999-02-27
[2024-11-10T08:59:24.989+0000] {logging_mixin.py:151} INFO - 1999-03-05
[2024-11-10T08:59:26.814+0000] {logging_mixin.py:151} INFO - 1999-03-11
[2024-11-10T08:59:28.904+0000] {logging_mixin.py:151} INFO - 1999-03-17
[2024-11-10T08:59:32.381+0000] {logging_mixin.py:151} INFO - 1999-03-23
[2024-11-10T08:59:34.549+0000] {logging_mixin.py:151} INFO - 1999-03-29
[2024-11-10T08:59:36.857+0000] {logging_mixin.py:151} INFO - 1999-04-04
[2024-11-10T08:59:38.622+0000] {logging_mixin.py:151} INFO - 1999-04-10
[2024-11-10T08:59:40.451+0000] {logging_mixin.py:151} INFO - 1999-04-16
[2024-11-10T08:59:42.316+0000] {logging_mixin.py:151} INFO - 1999-04-22
[2024-11-10T08:59:44.660+0000] {logging_mixin.py:151} INFO - 1999-04-28
[2024-11-10T08:59:46.959+0000] {logging_mixin.py:151} INFO - 1999-05-04
[2024-11-10T08:59:48.721+0000] {logging_mixin.py:151} INFO - 1999-05-10
[2024-11-10T08:59:50.966+0000] {logging_mixin.py:151} INFO - 1999-05-16
[2024-11-10T08:59:52.813+0000] {logging_mixin.py:151} INFO - 1999-05-22
[2024-11-10T08:59:55.107+0000] {logging_mixin.py:151} INFO - 1999-05-28
[2024-11-10T08:59:56.884+0000] {logging_mixin.py:151} INFO - 1999-06-03
[2024-11-10T08:59:58.765+0000] {logging_mixin.py:151} INFO - 1999-06-09
[2024-11-10T09:00:00.538+0000] {logging_mixin.py:151} INFO - 1999-06-15
[2024-11-10T09:00:02.449+0000] {logging_mixin.py:151} INFO - 1999-06-21
[2024-11-10T09:00:04.784+0000] {logging_mixin.py:151} INFO - 1999-06-27
[2024-11-10T09:00:09.000+0000] {logging_mixin.py:151} INFO - 1999-07-03
[2024-11-10T09:00:11.186+0000] {logging_mixin.py:151} INFO - 1999-07-09
[2024-11-10T09:00:13.356+0000] {logging_mixin.py:151} INFO - 1999-07-15
[2024-11-10T09:00:20.362+0000] {logging_mixin.py:151} INFO - 1999-07-21
[2024-11-10T09:00:22.763+0000] {logging_mixin.py:151} INFO - 1999-07-27
[2024-11-10T09:00:25.510+0000] {logging_mixin.py:151} INFO - 1999-08-02
[2024-11-10T09:00:27.771+0000] {logging_mixin.py:151} INFO - 1999-08-08
[2024-11-10T09:00:29.952+0000] {logging_mixin.py:151} INFO - 1999-08-14
[2024-11-10T09:00:32.191+0000] {logging_mixin.py:151} INFO - 1999-08-20
[2024-11-10T09:00:33.969+0000] {logging_mixin.py:151} INFO - 1999-08-26
[2024-11-10T09:00:36.280+0000] {logging_mixin.py:151} INFO - 1999-09-01
[2024-11-10T09:00:38.031+0000] {logging_mixin.py:151} INFO - 1999-09-07
[2024-11-10T09:00:39.990+0000] {logging_mixin.py:151} INFO - 1999-09-13
[2024-11-10T09:00:42.411+0000] {logging_mixin.py:151} INFO - 1999-09-19
[2024-11-10T09:00:44.270+0000] {logging_mixin.py:151} INFO - 1999-09-25
[2024-11-10T09:00:47.130+0000] {logging_mixin.py:151} INFO - 1999-10-01
[2024-11-10T09:00:49.344+0000] {logging_mixin.py:151} INFO - 1999-10-07
[2024-11-10T09:00:51.160+0000] {logging_mixin.py:151} INFO - 1999-10-13
[2024-11-10T09:00:53.628+0000] {logging_mixin.py:151} INFO - 1999-10-19
[2024-11-10T09:00:55.997+0000] {logging_mixin.py:151} INFO - 1999-10-25
[2024-11-10T09:00:57.852+0000] {logging_mixin.py:151} INFO - 1999-10-31
[2024-11-10T09:01:00.040+0000] {logging_mixin.py:151} INFO - 1999-11-06
[2024-11-10T09:01:02.432+0000] {logging_mixin.py:151} INFO - 1999-11-12
[2024-11-10T09:01:04.346+0000] {logging_mixin.py:151} INFO - 1999-11-18
[2024-11-10T09:01:06.156+0000] {logging_mixin.py:151} INFO - 1999-11-24
[2024-11-10T09:01:08.940+0000] {logging_mixin.py:151} INFO - 1999-11-30
[2024-11-10T09:01:11.646+0000] {logging_mixin.py:151} INFO - 1999-12-06
[2024-11-10T09:01:13.893+0000] {logging_mixin.py:151} INFO - 1999-12-12
[2024-11-10T09:01:16.108+0000] {logging_mixin.py:151} INFO - 1999-12-18
[2024-11-10T09:01:18.506+0000] {logging_mixin.py:151} INFO - 1999-12-24
[2024-11-10T09:01:20.905+0000] {logging_mixin.py:151} INFO - 1999-12-30
[2024-11-10T09:01:25.235+0000] {logging_mixin.py:151} INFO - 2000-01-05
[2024-11-10T09:01:27.648+0000] {logging_mixin.py:151} INFO - 2000-01-11
[2024-11-10T09:01:50.159+0000] {logging_mixin.py:151} INFO - 2000-01-17
[2024-11-10T09:01:52.454+0000] {logging_mixin.py:151} INFO - 2000-01-23
[2024-11-10T09:01:54.887+0000] {logging_mixin.py:151} INFO - 2000-01-29
[2024-11-10T09:01:58.481+0000] {logging_mixin.py:151} INFO - 2000-02-04
[2024-11-10T09:02:08.119+0000] {logging_mixin.py:151} INFO - 2000-02-10
[2024-11-10T09:02:17.617+0000] {logging_mixin.py:151} INFO - 2000-02-16
[2024-11-10T09:02:20.119+0000] {logging_mixin.py:151} INFO - 2000-02-22
[2024-11-10T09:02:22.318+0000] {logging_mixin.py:151} INFO - 2000-02-28
[2024-11-10T09:02:25.546+0000] {logging_mixin.py:151} INFO - 2000-03-05
[2024-11-10T09:02:27.720+0000] {logging_mixin.py:151} INFO - 2000-03-11
[2024-11-10T09:02:30.332+0000] {logging_mixin.py:151} INFO - 2000-03-17
[2024-11-10T09:02:34.853+0000] {logging_mixin.py:151} INFO - 2000-03-23
[2024-11-10T09:02:37.287+0000] {logging_mixin.py:151} INFO - 2000-03-29
[2024-11-10T09:02:41.602+0000] {logging_mixin.py:151} INFO - 2000-04-04
[2024-11-10T09:02:44.434+0000] {logging_mixin.py:151} INFO - 2000-04-10
[2024-11-10T09:02:48.075+0000] {logging_mixin.py:151} INFO - 2000-04-16
[2024-11-10T09:02:51.147+0000] {logging_mixin.py:151} INFO - 2000-04-22
[2024-11-10T09:02:54.208+0000] {logging_mixin.py:151} INFO - 2000-04-28
[2024-11-10T09:02:57.070+0000] {logging_mixin.py:151} INFO - 2000-05-04
[2024-11-10T09:02:59.381+0000] {logging_mixin.py:151} INFO - 2000-05-10
[2024-11-10T09:03:02.095+0000] {logging_mixin.py:151} INFO - 2000-05-16
[2024-11-10T09:03:04.575+0000] {logging_mixin.py:151} INFO - 2000-05-22
[2024-11-10T09:03:14.395+0000] {logging_mixin.py:151} INFO - 2000-05-28
[2024-11-10T09:03:17.542+0000] {logging_mixin.py:151} INFO - 2000-06-03
[2024-11-10T09:03:19.867+0000] {logging_mixin.py:151} INFO - 2000-06-09
[2024-11-10T09:03:22.284+0000] {logging_mixin.py:151} INFO - 2000-06-15
[2024-11-10T09:03:26.010+0000] {logging_mixin.py:151} INFO - 2000-06-21
[2024-11-10T09:03:28.323+0000] {logging_mixin.py:151} INFO - 2000-06-27
[2024-11-10T09:03:31.680+0000] {logging_mixin.py:151} INFO - 2000-07-03
[2024-11-10T09:03:33.931+0000] {logging_mixin.py:151} INFO - 2000-07-09
[2024-11-10T09:03:36.322+0000] {logging_mixin.py:151} INFO - 2000-07-15
[2024-11-10T09:03:38.899+0000] {logging_mixin.py:151} INFO - 2000-07-21
[2024-11-10T09:03:44.270+0000] {logging_mixin.py:151} INFO - 2000-07-27
[2024-11-10T09:03:47.457+0000] {logging_mixin.py:151} INFO - 2000-08-02
[2024-11-10T09:03:50.340+0000] {logging_mixin.py:151} INFO - 2000-08-08
[2024-11-10T09:04:00.690+0000] {logging_mixin.py:151} INFO - 2000-08-14
[2024-11-10T09:04:03.592+0000] {logging_mixin.py:151} INFO - 2000-08-20
[2024-11-10T09:04:27.625+0000] {logging_mixin.py:151} INFO - 2000-08-26
[2024-11-10T09:04:30.455+0000] {logging_mixin.py:151} INFO - 2000-09-01
[2024-11-10T09:04:32.832+0000] {logging_mixin.py:151} INFO - 2000-09-07
[2024-11-10T09:04:35.189+0000] {logging_mixin.py:151} INFO - 2000-09-13
[2024-11-10T09:04:37.489+0000] {logging_mixin.py:151} INFO - 2000-09-19
[2024-11-10T09:04:39.762+0000] {logging_mixin.py:151} INFO - 2000-09-25
[2024-11-10T09:04:57.000+0000] {logging_mixin.py:151} INFO - 2000-10-01
[2024-11-10T09:04:59.303+0000] {logging_mixin.py:151} INFO - 2000-10-07
[2024-11-10T09:05:01.640+0000] {logging_mixin.py:151} INFO - 2000-10-13
[2024-11-10T09:05:03.862+0000] {logging_mixin.py:151} INFO - 2000-10-19
[2024-11-10T09:05:05.704+0000] {logging_mixin.py:151} INFO - 2000-10-25
[2024-11-10T09:05:08.148+0000] {logging_mixin.py:151} INFO - 2000-10-31
[2024-11-10T09:05:10.974+0000] {logging_mixin.py:151} INFO - 2000-11-06
[2024-11-10T09:05:13.352+0000] {logging_mixin.py:151} INFO - 2000-11-12
[2024-11-10T09:05:15.827+0000] {logging_mixin.py:151} INFO - 2000-11-18
[2024-11-10T09:05:18.302+0000] {logging_mixin.py:151} INFO - 2000-11-24
[2024-11-10T09:05:20.844+0000] {logging_mixin.py:151} INFO - 2000-11-30
[2024-11-10T09:05:24.967+0000] {logging_mixin.py:151} INFO - 2000-12-06
[2024-11-10T09:05:27.460+0000] {logging_mixin.py:151} INFO - 2000-12-12
[2024-11-10T09:05:29.715+0000] {logging_mixin.py:151} INFO - 2000-12-18
[2024-11-10T09:05:32.192+0000] {logging_mixin.py:151} INFO - 2000-12-24
[2024-11-10T09:05:34.681+0000] {logging_mixin.py:151} INFO - 2000-12-30
[2024-11-10T09:05:37.509+0000] {logging_mixin.py:151} INFO - 2001-01-05
[2024-11-10T09:05:40.178+0000] {logging_mixin.py:151} INFO - 2001-01-11
[2024-11-10T09:05:42.925+0000] {logging_mixin.py:151} INFO - 2001-01-17
[2024-11-10T09:05:45.176+0000] {logging_mixin.py:151} INFO - 2001-01-23
[2024-11-10T09:05:47.612+0000] {logging_mixin.py:151} INFO - 2001-01-29
[2024-11-10T09:05:50.967+0000] {logging_mixin.py:151} INFO - 2001-02-04
[2024-11-10T09:06:00.824+0000] {logging_mixin.py:151} INFO - 2001-02-10
[2024-11-10T09:06:04.192+0000] {logging_mixin.py:151} INFO - 2001-02-16
[2024-11-10T09:06:06.565+0000] {logging_mixin.py:151} INFO - 2001-02-22
[2024-11-10T09:06:09.014+0000] {logging_mixin.py:151} INFO - 2001-02-28
[2024-11-10T09:06:12.043+0000] {logging_mixin.py:151} INFO - 2001-03-06
[2024-11-10T09:06:14.549+0000] {logging_mixin.py:151} INFO - 2001-03-12
[2024-11-10T09:06:19.015+0000] {logging_mixin.py:151} INFO - 2001-03-18
[2024-11-10T09:06:21.617+0000] {logging_mixin.py:151} INFO - 2001-03-24
[2024-11-10T09:06:23.976+0000] {logging_mixin.py:151} INFO - 2001-03-30
[2024-11-10T09:06:27.471+0000] {logging_mixin.py:151} INFO - 2001-04-05
[2024-11-10T09:06:31.795+0000] {logging_mixin.py:151} INFO - 2001-04-11
[2024-11-10T09:06:34.190+0000] {logging_mixin.py:151} INFO - 2001-04-17
[2024-11-10T09:06:36.587+0000] {logging_mixin.py:151} INFO - 2001-04-23
[2024-11-10T09:06:38.701+0000] {logging_mixin.py:151} INFO - 2001-04-29
[2024-11-10T09:06:42.108+0000] {logging_mixin.py:151} INFO - 2001-05-05
[2024-11-10T09:06:44.596+0000] {logging_mixin.py:151} INFO - 2001-05-11
[2024-11-10T09:06:46.945+0000] {logging_mixin.py:151} INFO - 2001-05-17
[2024-11-10T09:06:49.384+0000] {logging_mixin.py:151} INFO - 2001-05-23
[2024-11-10T09:06:51.861+0000] {logging_mixin.py:151} INFO - 2001-05-29
[2024-11-10T09:06:54.927+0000] {logging_mixin.py:151} INFO - 2001-06-04
[2024-11-10T09:06:59.293+0000] {logging_mixin.py:151} INFO - 2001-06-10
[2024-11-10T09:07:01.714+0000] {logging_mixin.py:151} INFO - 2001-06-16
[2024-11-10T09:07:11.823+0000] {logging_mixin.py:151} INFO - 2001-06-22
[2024-11-10T09:07:14.542+0000] {logging_mixin.py:151} INFO - 2001-06-28
[2024-11-10T09:07:20.323+0000] {logging_mixin.py:151} INFO - 2001-07-04
[2024-11-10T09:07:22.818+0000] {logging_mixin.py:151} INFO - 2001-07-10
[2024-11-10T09:07:25.219+0000] {logging_mixin.py:151} INFO - 2001-07-16
[2024-11-10T09:07:27.722+0000] {logging_mixin.py:151} INFO - 2001-07-22
[2024-11-10T09:07:32.610+0000] {logging_mixin.py:151} INFO - 2001-07-28
[2024-11-10T09:07:35.396+0000] {logging_mixin.py:151} INFO - 2001-08-03
[2024-11-10T09:07:44.836+0000] {logging_mixin.py:151} INFO - 2001-08-09
[2024-11-10T09:07:47.197+0000] {logging_mixin.py:151} INFO - 2001-08-15
[2024-11-10T09:07:49.752+0000] {logging_mixin.py:151} INFO - 2001-08-21
[2024-11-10T09:07:54.040+0000] {logging_mixin.py:151} INFO - 2001-08-27
[2024-11-10T09:07:57.124+0000] {logging_mixin.py:151} INFO - 2001-09-02
[2024-11-10T09:07:59.529+0000] {logging_mixin.py:151} INFO - 2001-09-08
[2024-11-10T09:08:02.040+0000] {logging_mixin.py:151} INFO - 2001-09-14
[2024-11-10T09:08:04.428+0000] {logging_mixin.py:151} INFO - 2001-09-20
[2024-11-10T09:08:09.092+0000] {logging_mixin.py:151} INFO - 2001-09-26
[2024-11-10T09:08:12.284+0000] {logging_mixin.py:151} INFO - 2001-10-02
[2024-11-10T09:08:14.590+0000] {logging_mixin.py:151} INFO - 2001-10-08
[2024-11-10T09:08:16.886+0000] {logging_mixin.py:151} INFO - 2001-10-14
[2024-11-10T09:08:26.342+0000] {logging_mixin.py:151} INFO - 2001-10-20
[2024-11-10T09:08:28.548+0000] {logging_mixin.py:151} INFO - 2001-10-26
[2024-11-10T09:08:30.704+0000] {logging_mixin.py:151} INFO - 2001-11-01
[2024-11-10T09:08:32.897+0000] {logging_mixin.py:151} INFO - 2001-11-07
[2024-11-10T09:08:34.823+0000] {logging_mixin.py:151} INFO - 2001-11-13
[2024-11-10T09:08:41.218+0000] {logging_mixin.py:151} INFO - 2001-11-19
[2024-11-10T09:08:43.556+0000] {logging_mixin.py:151} INFO - 2001-11-25
[2024-11-10T09:08:45.616+0000] {logging_mixin.py:151} INFO - 2001-12-01
[2024-11-10T09:08:47.612+0000] {logging_mixin.py:151} INFO - 2001-12-07
[2024-11-10T09:08:49.710+0000] {logging_mixin.py:151} INFO - 2001-12-13
[2024-11-10T09:08:52.323+0000] {logging_mixin.py:151} INFO - 2001-12-19
[2024-11-10T09:08:54.401+0000] {logging_mixin.py:151} INFO - 2001-12-25
[2024-11-10T09:08:56.186+0000] {logging_mixin.py:151} INFO - 2001-12-31
[2024-11-10T09:08:58.112+0000] {logging_mixin.py:151} INFO - 2002-01-06
[2024-11-10T09:08:59.950+0000] {logging_mixin.py:151} INFO - 2002-01-12
[2024-11-10T09:09:01.720+0000] {logging_mixin.py:151} INFO - 2002-01-18
[2024-11-10T09:09:06.019+0000] {logging_mixin.py:151} INFO - 2002-01-24
[2024-11-10T09:09:10.172+0000] {logging_mixin.py:151} INFO - 2002-01-30
[2024-11-10T09:09:12.366+0000] {logging_mixin.py:151} INFO - 2002-02-05
[2024-11-10T09:09:14.319+0000] {logging_mixin.py:151} INFO - 2002-02-11
[2024-11-10T09:09:16.132+0000] {logging_mixin.py:151} INFO - 2002-02-17
[2024-11-10T09:09:17.963+0000] {logging_mixin.py:151} INFO - 2002-02-23
[2024-11-10T09:09:21.039+0000] {logging_mixin.py:151} INFO - 2002-03-01
[2024-11-10T09:09:22.817+0000] {logging_mixin.py:151} INFO - 2002-03-07
[2024-11-10T09:09:24.642+0000] {logging_mixin.py:151} INFO - 2002-03-13
[2024-11-10T09:09:28.964+0000] {logging_mixin.py:151} INFO - 2002-03-19
[2024-11-10T09:09:31.024+0000] {logging_mixin.py:151} INFO - 2002-03-25
[2024-11-10T09:09:33.279+0000] {logging_mixin.py:151} INFO - 2002-03-31
[2024-11-10T09:09:35.400+0000] {logging_mixin.py:151} INFO - 2002-04-06
[2024-11-10T09:09:37.386+0000] {logging_mixin.py:151} INFO - 2002-04-12
[2024-11-10T09:09:39.838+0000] {logging_mixin.py:151} INFO - 2002-04-18
[2024-11-10T09:09:42.175+0000] {logging_mixin.py:151} INFO - 2002-04-24
[2024-11-10T09:09:44.309+0000] {logging_mixin.py:151} INFO - 2002-04-30
[2024-11-10T09:09:46.618+0000] {logging_mixin.py:151} INFO - 2002-05-06
[2024-11-10T09:09:49.179+0000] {logging_mixin.py:151} INFO - 2002-05-12
[2024-11-10T09:09:53.563+0000] {logging_mixin.py:151} INFO - 2002-05-18
[2024-11-10T09:09:55.708+0000] {logging_mixin.py:151} INFO - 2002-05-24
[2024-11-10T09:09:58.368+0000] {logging_mixin.py:151} INFO - 2002-05-30
[2024-11-10T09:10:01.079+0000] {logging_mixin.py:151} INFO - 2002-06-05
[2024-11-10T09:10:03.471+0000] {logging_mixin.py:151} INFO - 2002-06-11
[2024-11-10T09:10:05.808+0000] {logging_mixin.py:151} INFO - 2002-06-17
[2024-11-10T09:10:07.992+0000] {logging_mixin.py:151} INFO - 2002-06-23
[2024-11-10T09:10:09.826+0000] {logging_mixin.py:151} INFO - 2002-06-29
[2024-11-10T09:10:12.181+0000] {logging_mixin.py:151} INFO - 2002-07-05
[2024-11-10T09:10:14.021+0000] {logging_mixin.py:151} INFO - 2002-07-11
[2024-11-10T09:10:15.927+0000] {logging_mixin.py:151} INFO - 2002-07-17
[2024-11-10T09:10:18.385+0000] {logging_mixin.py:151} INFO - 2002-07-23
[2024-11-10T09:10:20.288+0000] {logging_mixin.py:151} INFO - 2002-07-29
[2024-11-10T09:10:22.235+0000] {logging_mixin.py:151} INFO - 2002-08-04
[2024-11-10T09:10:24.238+0000] {logging_mixin.py:151} INFO - 2002-08-10
[2024-11-10T09:10:26.063+0000] {logging_mixin.py:151} INFO - 2002-08-16
[2024-11-10T09:10:28.258+0000] {logging_mixin.py:151} INFO - 2002-08-22
[2024-11-10T09:10:30.701+0000] {logging_mixin.py:151} INFO - 2002-08-28
[2024-11-10T09:10:33.535+0000] {logging_mixin.py:151} INFO - 2002-09-03
[2024-11-10T09:10:36.234+0000] {logging_mixin.py:151} INFO - 2002-09-09
[2024-11-10T09:10:38.174+0000] {logging_mixin.py:151} INFO - 2002-09-15
[2024-11-10T09:10:40.055+0000] {logging_mixin.py:151} INFO - 2002-09-21
[2024-11-10T09:10:48.918+0000] {logging_mixin.py:151} INFO - 2002-09-27
[2024-11-10T09:10:50.781+0000] {logging_mixin.py:151} INFO - 2002-10-03
[2024-11-10T09:10:52.586+0000] {logging_mixin.py:151} INFO - 2002-10-09
[2024-11-10T09:10:54.415+0000] {logging_mixin.py:151} INFO - 2002-10-15
[2024-11-10T09:10:56.326+0000] {logging_mixin.py:151} INFO - 2002-10-21
[2024-11-10T09:10:58.620+0000] {logging_mixin.py:151} INFO - 2002-10-27
[2024-11-10T09:11:00.683+0000] {logging_mixin.py:151} INFO - 2002-11-02
[2024-11-10T09:11:03.160+0000] {logging_mixin.py:151} INFO - 2002-11-08
[2024-11-10T09:11:05.112+0000] {logging_mixin.py:151} INFO - 2002-11-14
[2024-11-10T09:11:14.151+0000] {logging_mixin.py:151} INFO - 2002-11-20
[2024-11-10T09:11:16.033+0000] {logging_mixin.py:151} INFO - 2002-11-26
[2024-11-10T09:11:18.047+0000] {logging_mixin.py:151} INFO - 2002-12-02
[2024-11-10T09:11:26.835+0000] {logging_mixin.py:151} INFO - 2002-12-08
[2024-11-10T09:11:28.958+0000] {logging_mixin.py:151} INFO - 2002-12-14
[2024-11-10T09:11:30.752+0000] {logging_mixin.py:151} INFO - 2002-12-20
[2024-11-10T09:11:32.742+0000] {logging_mixin.py:151} INFO - 2002-12-26
[2024-11-10T09:11:35.001+0000] {logging_mixin.py:151} INFO - 2003-01-01
[2024-11-10T09:11:36.854+0000] {logging_mixin.py:151} INFO - 2003-01-07
[2024-11-10T09:11:39.121+0000] {logging_mixin.py:151} INFO - 2003-01-13
[2024-11-10T09:11:41.263+0000] {logging_mixin.py:151} INFO - 2003-01-19
[2024-11-10T09:11:43.498+0000] {logging_mixin.py:151} INFO - 2003-01-25
[2024-11-10T09:11:45.278+0000] {logging_mixin.py:151} INFO - 2003-01-31
[2024-11-10T09:11:47.952+0000] {logging_mixin.py:151} INFO - 2003-02-06
[2024-11-10T09:11:50.378+0000] {logging_mixin.py:151} INFO - 2003-02-12
[2024-11-10T09:11:52.652+0000] {logging_mixin.py:151} INFO - 2003-02-18
[2024-11-10T09:11:54.453+0000] {logging_mixin.py:151} INFO - 2003-02-24
[2024-11-10T09:11:57.206+0000] {logging_mixin.py:151} INFO - 2003-03-02
[2024-11-10T09:11:59.921+0000] {logging_mixin.py:151} INFO - 2003-03-08
[2024-11-10T09:12:02.637+0000] {logging_mixin.py:151} INFO - 2003-03-14
[2024-11-10T09:12:04.886+0000] {logging_mixin.py:151} INFO - 2003-03-20
[2024-11-10T09:12:07.337+0000] {logging_mixin.py:151} INFO - 2003-03-26
[2024-11-10T09:12:10.257+0000] {logging_mixin.py:151} INFO - 2003-04-01
[2024-11-10T09:12:12.023+0000] {logging_mixin.py:151} INFO - 2003-04-07
[2024-11-10T09:12:13.796+0000] {logging_mixin.py:151} INFO - 2003-04-13
[2024-11-10T09:12:16.007+0000] {logging_mixin.py:151} INFO - 2003-04-19
[2024-11-10T09:12:17.816+0000] {logging_mixin.py:151} INFO - 2003-04-25
[2024-11-10T09:12:19.765+0000] {logging_mixin.py:151} INFO - 2003-05-01
[2024-11-10T09:12:21.947+0000] {logging_mixin.py:151} INFO - 2003-05-07
[2024-11-10T09:12:24.084+0000] {logging_mixin.py:151} INFO - 2003-05-13
[2024-11-10T09:12:26.324+0000] {logging_mixin.py:151} INFO - 2003-05-19
[2024-11-10T09:12:28.103+0000] {logging_mixin.py:151} INFO - 2003-05-25
[2024-11-10T09:12:29.864+0000] {logging_mixin.py:151} INFO - 2003-05-31
[2024-11-10T09:12:32.058+0000] {logging_mixin.py:151} INFO - 2003-06-06
[2024-11-10T09:12:34.180+0000] {logging_mixin.py:151} INFO - 2003-06-12
[2024-11-10T09:12:36.436+0000] {logging_mixin.py:151} INFO - 2003-06-18
[2024-11-10T09:12:38.666+0000] {logging_mixin.py:151} INFO - 2003-06-24
[2024-11-10T09:12:40.915+0000] {logging_mixin.py:151} INFO - 2003-06-30
[2024-11-10T09:12:43.501+0000] {logging_mixin.py:151} INFO - 2003-07-06
[2024-11-10T09:12:45.884+0000] {logging_mixin.py:151} INFO - 2003-07-12
[2024-11-10T09:12:47.700+0000] {logging_mixin.py:151} INFO - 2003-07-18
[2024-11-10T09:12:50.248+0000] {logging_mixin.py:151} INFO - 2003-07-24
[2024-11-10T09:12:52.259+0000] {logging_mixin.py:151} INFO - 2003-07-30
[2024-11-10T09:12:55.095+0000] {logging_mixin.py:151} INFO - 2003-08-05
[2024-11-10T09:12:57.516+0000] {logging_mixin.py:151} INFO - 2003-08-11
[2024-11-10T09:12:59.752+0000] {logging_mixin.py:151} INFO - 2003-08-17
[2024-11-10T09:13:01.875+0000] {logging_mixin.py:151} INFO - 2003-08-23
[2024-11-10T09:13:04.049+0000] {logging_mixin.py:151} INFO - 2003-08-29
[2024-11-10T09:13:06.760+0000] {logging_mixin.py:151} INFO - 2003-09-04
[2024-11-10T09:13:16.235+0000] {logging_mixin.py:151} INFO - 2003-09-10
[2024-11-10T09:13:18.530+0000] {logging_mixin.py:151} INFO - 2003-09-16
[2024-11-10T09:13:21.068+0000] {logging_mixin.py:151} INFO - 2003-09-22
[2024-11-10T09:13:23.425+0000] {logging_mixin.py:151} INFO - 2003-09-28
[2024-11-10T09:13:26.224+0000] {logging_mixin.py:151} INFO - 2003-10-04
[2024-11-10T09:13:28.520+0000] {logging_mixin.py:151} INFO - 2003-10-10
[2024-11-10T09:13:31.056+0000] {logging_mixin.py:151} INFO - 2003-10-16
[2024-11-10T09:13:32.829+0000] {logging_mixin.py:151} INFO - 2003-10-22
[2024-11-10T09:13:34.599+0000] {logging_mixin.py:151} INFO - 2003-10-28
[2024-11-10T09:13:36.554+0000] {logging_mixin.py:151} INFO - 2003-11-03
[2024-11-10T09:13:38.566+0000] {logging_mixin.py:151} INFO - 2003-11-09
[2024-11-10T09:13:41.034+0000] {logging_mixin.py:151} INFO - 2003-11-15
[2024-11-10T09:13:43.276+0000] {logging_mixin.py:151} INFO - 2003-11-21
[2024-11-10T09:13:45.704+0000] {logging_mixin.py:151} INFO - 2003-11-27
[2024-11-10T09:13:48.244+0000] {logging_mixin.py:151} INFO - 2003-12-03
[2024-11-10T09:13:50.114+0000] {logging_mixin.py:151} INFO - 2003-12-09
[2024-11-10T09:13:51.896+0000] {logging_mixin.py:151} INFO - 2003-12-15
[2024-11-10T09:13:53.674+0000] {logging_mixin.py:151} INFO - 2003-12-21
[2024-11-10T09:13:55.439+0000] {logging_mixin.py:151} INFO - 2003-12-27
[2024-11-10T09:13:57.282+0000] {logging_mixin.py:151} INFO - 2004-01-02
[2024-11-10T09:13:59.221+0000] {logging_mixin.py:151} INFO - 2004-01-08
[2024-11-10T09:14:01.109+0000] {logging_mixin.py:151} INFO - 2004-01-14
[2024-11-10T09:14:03.227+0000] {logging_mixin.py:151} INFO - 2004-01-20
[2024-11-10T09:14:05.454+0000] {logging_mixin.py:151} INFO - 2004-01-26
[2024-11-10T09:14:07.692+0000] {logging_mixin.py:151} INFO - 2004-02-01
[2024-11-10T09:14:09.770+0000] {logging_mixin.py:151} INFO - 2004-02-07
[2024-11-10T09:14:18.541+0000] {logging_mixin.py:151} INFO - 2004-02-13
[2024-11-10T09:14:22.494+0000] {logging_mixin.py:151} INFO - 2004-02-19
[2024-11-10T09:14:24.923+0000] {logging_mixin.py:151} INFO - 2004-02-25
[2024-11-10T09:14:27.044+0000] {logging_mixin.py:151} INFO - 2004-03-02
[2024-11-10T09:14:28.878+0000] {logging_mixin.py:151} INFO - 2004-03-08
[2024-11-10T09:14:30.654+0000] {logging_mixin.py:151} INFO - 2004-03-14
[2024-11-10T09:14:32.413+0000] {logging_mixin.py:151} INFO - 2004-03-20
[2024-11-10T09:14:36.258+0000] {logging_mixin.py:151} INFO - 2004-03-26
[2024-11-10T09:14:38.089+0000] {logging_mixin.py:151} INFO - 2004-04-01
[2024-11-10T09:14:39.872+0000] {logging_mixin.py:151} INFO - 2004-04-07
[2024-11-10T09:14:41.640+0000] {logging_mixin.py:151} INFO - 2004-04-13
[2024-11-10T09:14:43.403+0000] {logging_mixin.py:151} INFO - 2004-04-19
[2024-11-10T09:14:45.528+0000] {logging_mixin.py:151} INFO - 2004-04-25
[2024-11-10T09:14:47.903+0000] {logging_mixin.py:151} INFO - 2004-05-01
[2024-11-10T09:14:50.066+0000] {logging_mixin.py:151} INFO - 2004-05-07
[2024-11-10T09:14:52.323+0000] {logging_mixin.py:151} INFO - 2004-05-13
[2024-11-10T09:14:54.158+0000] {logging_mixin.py:151} INFO - 2004-05-19
[2024-11-10T09:14:56.406+0000] {logging_mixin.py:151} INFO - 2004-05-25
[2024-11-10T09:14:58.474+0000] {logging_mixin.py:151} INFO - 2004-05-31
[2024-11-10T09:15:00.891+0000] {logging_mixin.py:151} INFO - 2004-06-06
[2024-11-10T09:15:02.773+0000] {logging_mixin.py:151} INFO - 2004-06-12
[2024-11-10T09:15:12.230+0000] {logging_mixin.py:151} INFO - 2004-06-18
[2024-11-10T09:15:13.993+0000] {logging_mixin.py:151} INFO - 2004-06-24
[2024-11-10T09:15:15.850+0000] {logging_mixin.py:151} INFO - 2004-06-30
[2024-11-10T09:15:17.721+0000] {logging_mixin.py:151} INFO - 2004-07-06
[2024-11-10T09:15:19.809+0000] {logging_mixin.py:151} INFO - 2004-07-12
[2024-11-10T09:15:21.557+0000] {logging_mixin.py:151} INFO - 2004-07-18
[2024-11-10T09:15:31.257+0000] {logging_mixin.py:151} INFO - 2004-07-24
[2024-11-10T09:15:33.077+0000] {logging_mixin.py:151} INFO - 2004-07-30
[2024-11-10T09:15:34.851+0000] {logging_mixin.py:151} INFO - 2004-08-05
[2024-11-10T09:15:44.316+0000] {logging_mixin.py:151} INFO - 2004-08-11
[2024-11-10T09:15:46.444+0000] {logging_mixin.py:151} INFO - 2004-08-17
[2024-11-10T09:15:48.978+0000] {logging_mixin.py:151} INFO - 2004-08-23
[2024-11-10T09:15:50.854+0000] {logging_mixin.py:151} INFO - 2004-08-29
[2024-11-10T09:15:52.759+0000] {logging_mixin.py:151} INFO - 2004-09-04
[2024-11-10T09:15:54.522+0000] {logging_mixin.py:151} INFO - 2004-09-10
[2024-11-10T09:15:56.427+0000] {logging_mixin.py:151} INFO - 2004-09-16
[2024-11-10T09:15:58.239+0000] {logging_mixin.py:151} INFO - 2004-09-22
[2024-11-10T09:16:00.156+0000] {logging_mixin.py:151} INFO - 2004-09-28
[2024-11-10T09:16:02.033+0000] {logging_mixin.py:151} INFO - 2004-10-04
[2024-11-10T09:16:03.804+0000] {logging_mixin.py:151} INFO - 2004-10-10
[2024-11-10T09:16:05.567+0000] {logging_mixin.py:151} INFO - 2004-10-16
[2024-11-10T09:16:07.363+0000] {logging_mixin.py:151} INFO - 2004-10-22
[2024-11-10T09:16:09.469+0000] {logging_mixin.py:151} INFO - 2004-10-28
[2024-11-10T09:16:11.277+0000] {logging_mixin.py:151} INFO - 2004-11-03
[2024-11-10T09:16:13.058+0000] {logging_mixin.py:151} INFO - 2004-11-09
[2024-11-10T09:16:15.012+0000] {logging_mixin.py:151} INFO - 2004-11-15
[2024-11-10T09:16:16.905+0000] {logging_mixin.py:151} INFO - 2004-11-21
[2024-11-10T09:16:19.047+0000] {logging_mixin.py:151} INFO - 2004-11-27
[2024-11-10T09:16:21.282+0000] {logging_mixin.py:151} INFO - 2004-12-03
[2024-11-10T09:16:24.054+0000] {logging_mixin.py:151} INFO - 2004-12-09
[2024-11-10T09:16:26.062+0000] {logging_mixin.py:151} INFO - 2004-12-15
[2024-11-10T09:16:28.374+0000] {logging_mixin.py:151} INFO - 2004-12-21
[2024-11-10T09:16:30.580+0000] {logging_mixin.py:151} INFO - 2004-12-27
[2024-11-10T09:16:33.061+0000] {logging_mixin.py:151} INFO - 2005-01-02
[2024-11-10T09:16:34.997+0000] {logging_mixin.py:151} INFO - 2005-01-08
[2024-11-10T09:16:36.752+0000] {logging_mixin.py:151} INFO - 2005-01-14
[2024-11-10T09:16:38.581+0000] {logging_mixin.py:151} INFO - 2005-01-20
[2024-11-10T09:16:47.384+0000] {logging_mixin.py:151} INFO - 2005-01-26
[2024-11-10T09:16:49.159+0000] {logging_mixin.py:151} INFO - 2005-02-01
[2024-11-10T09:16:51.071+0000] {logging_mixin.py:151} INFO - 2005-02-07
[2024-11-10T09:16:53.003+0000] {logging_mixin.py:151} INFO - 2005-02-13
[2024-11-10T09:16:55.114+0000] {logging_mixin.py:151} INFO - 2005-02-19
[2024-11-10T09:16:57.016+0000] {logging_mixin.py:151} INFO - 2005-02-25
[2024-11-10T09:16:58.846+0000] {logging_mixin.py:151} INFO - 2005-03-03
[2024-11-10T09:17:00.617+0000] {logging_mixin.py:151} INFO - 2005-03-09
[2024-11-10T09:17:02.383+0000] {logging_mixin.py:151} INFO - 2005-03-15
[2024-11-10T09:17:04.211+0000] {logging_mixin.py:151} INFO - 2005-03-21
[2024-11-10T09:17:06.099+0000] {logging_mixin.py:151} INFO - 2005-03-27
[2024-11-10T09:17:14.905+0000] {logging_mixin.py:151} INFO - 2005-04-02
[2024-11-10T09:17:16.676+0000] {logging_mixin.py:151} INFO - 2005-04-08
[2024-11-10T09:17:18.463+0000] {logging_mixin.py:151} INFO - 2005-04-14
[2024-11-10T09:17:20.223+0000] {logging_mixin.py:151} INFO - 2005-04-20
[2024-11-10T09:17:22.183+0000] {logging_mixin.py:151} INFO - 2005-04-26
[2024-11-10T09:17:24.764+0000] {logging_mixin.py:151} INFO - 2005-05-02
[2024-11-10T09:17:26.833+0000] {logging_mixin.py:151} INFO - 2005-05-08
[2024-11-10T09:17:29.200+0000] {logging_mixin.py:151} INFO - 2005-05-14
[2024-11-10T09:17:30.983+0000] {logging_mixin.py:151} INFO - 2005-05-20
[2024-11-10T09:17:33.138+0000] {logging_mixin.py:151} INFO - 2005-05-26
[2024-11-10T09:17:35.470+0000] {logging_mixin.py:151} INFO - 2005-06-01
[2024-11-10T09:17:37.414+0000] {logging_mixin.py:151} INFO - 2005-06-07
[2024-11-10T09:17:39.768+0000] {logging_mixin.py:151} INFO - 2005-06-13
[2024-11-10T09:17:42.008+0000] {logging_mixin.py:151} INFO - 2005-06-19
[2024-11-10T09:17:44.017+0000] {logging_mixin.py:151} INFO - 2005-06-25
[2024-11-10T09:17:47.071+0000] {logging_mixin.py:151} INFO - 2005-07-01
[2024-11-10T09:17:49.146+0000] {logging_mixin.py:151} INFO - 2005-07-07
[2024-11-10T09:17:51.366+0000] {logging_mixin.py:151} INFO - 2005-07-13
[2024-11-10T09:17:53.614+0000] {logging_mixin.py:151} INFO - 2005-07-19
[2024-11-10T09:18:03.166+0000] {logging_mixin.py:151} INFO - 2005-07-25
[2024-11-10T09:18:05.463+0000] {logging_mixin.py:151} INFO - 2005-07-31
[2024-11-10T09:18:11.024+0000] {logging_mixin.py:151} INFO - 2005-08-06
[2024-11-10T09:18:19.694+0000] {logging_mixin.py:151} INFO - 2005-08-12
[2024-11-10T09:18:24.560+0000] {logging_mixin.py:151} INFO - 2005-08-18
[2024-11-10T09:18:26.203+0000] {logging_mixin.py:151} INFO - 2005-08-24
[2024-11-10T09:18:27.846+0000] {logging_mixin.py:151} INFO - 2005-08-30
[2024-11-10T09:18:31.402+0000] {logging_mixin.py:151} INFO - 2005-09-05
[2024-11-10T09:18:33.186+0000] {logging_mixin.py:151} INFO - 2005-09-11
[2024-11-10T09:18:34.875+0000] {logging_mixin.py:151} INFO - 2005-09-17
[2024-11-10T09:18:36.662+0000] {logging_mixin.py:151} INFO - 2005-09-23
[2024-11-10T09:18:38.952+0000] {logging_mixin.py:151} INFO - 2005-09-29
[2024-11-10T09:18:41.267+0000] {logging_mixin.py:151} INFO - 2005-10-05
[2024-11-10T09:18:45.341+0000] {logging_mixin.py:151} INFO - 2005-10-11
[2024-11-10T09:18:47.569+0000] {logging_mixin.py:151} INFO - 2005-10-17
[2024-11-10T09:18:50.689+0000] {logging_mixin.py:151} INFO - 2005-10-23
[2024-11-10T09:18:52.722+0000] {logging_mixin.py:151} INFO - 2005-10-29
[2024-11-10T09:18:54.895+0000] {logging_mixin.py:151} INFO - 2005-11-04
[2024-11-10T09:18:56.966+0000] {logging_mixin.py:151} INFO - 2005-11-10
[2024-11-10T09:18:58.950+0000] {logging_mixin.py:151} INFO - 2005-11-16
[2024-11-10T09:19:01.203+0000] {logging_mixin.py:151} INFO - 2005-11-22
[2024-11-10T09:19:05.643+0000] {logging_mixin.py:151} INFO - 2005-11-28
[2024-11-10T09:19:07.967+0000] {logging_mixin.py:151} INFO - 2005-12-04
[2024-11-10T09:19:10.134+0000] {logging_mixin.py:151} INFO - 2005-12-10
[2024-11-10T09:19:11.969+0000] {logging_mixin.py:151} INFO - 2005-12-16
[2024-11-10T09:19:14.034+0000] {logging_mixin.py:151} INFO - 2005-12-22
[2024-11-10T09:19:23.733+0000] {logging_mixin.py:151} INFO - 2005-12-28
[2024-11-10T09:19:26.316+0000] {logging_mixin.py:151} INFO - 2006-01-03
[2024-11-10T09:19:28.412+0000] {logging_mixin.py:151} INFO - 2006-01-09
[2024-11-10T09:19:30.269+0000] {logging_mixin.py:151} INFO - 2006-01-15
[2024-11-10T09:19:31.927+0000] {logging_mixin.py:151} INFO - 2006-01-21
[2024-11-10T09:19:33.601+0000] {logging_mixin.py:151} INFO - 2006-01-27
[2024-11-10T09:19:35.511+0000] {logging_mixin.py:151} INFO - 2006-02-02
[2024-11-10T09:19:37.654+0000] {logging_mixin.py:151} INFO - 2006-02-08
[2024-11-10T09:19:45.951+0000] {logging_mixin.py:151} INFO - 2006-02-14
[2024-11-10T09:19:48.069+0000] {logging_mixin.py:151} INFO - 2006-02-20
[2024-11-10T09:19:50.003+0000] {logging_mixin.py:151} INFO - 2006-02-26
[2024-11-10T09:19:52.662+0000] {logging_mixin.py:151} INFO - 2006-03-04
[2024-11-10T09:19:56.870+0000] {logging_mixin.py:151} INFO - 2006-03-10
[2024-11-10T09:19:58.967+0000] {logging_mixin.py:151} INFO - 2006-03-16
[2024-11-10T09:20:00.931+0000] {logging_mixin.py:151} INFO - 2006-03-22
[2024-11-10T09:20:02.955+0000] {logging_mixin.py:151} INFO - 2006-03-28
[2024-11-10T09:20:05.424+0000] {logging_mixin.py:151} INFO - 2006-04-03
[2024-11-10T09:20:07.904+0000] {logging_mixin.py:151} INFO - 2006-04-09
[2024-11-10T09:20:09.866+0000] {logging_mixin.py:151} INFO - 2006-04-15
[2024-11-10T09:20:18.646+0000] {logging_mixin.py:151} INFO - 2006-04-21
[2024-11-10T09:20:20.950+0000] {logging_mixin.py:151} INFO - 2006-04-27
[2024-11-10T09:20:24.273+0000] {logging_mixin.py:151} INFO - 2006-05-03
[2024-11-10T09:20:26.382+0000] {logging_mixin.py:151} INFO - 2006-05-09
[2024-11-10T09:20:28.397+0000] {logging_mixin.py:151} INFO - 2006-05-15
[2024-11-10T09:20:30.344+0000] {logging_mixin.py:151} INFO - 2006-05-21
[2024-11-10T09:20:32.234+0000] {logging_mixin.py:151} INFO - 2006-05-27
[2024-11-10T09:20:34.895+0000] {logging_mixin.py:151} INFO - 2006-06-02
[2024-11-10T09:20:37.254+0000] {logging_mixin.py:151} INFO - 2006-06-08
[2024-11-10T09:20:39.026+0000] {logging_mixin.py:151} INFO - 2006-06-14
[2024-11-10T09:20:41.108+0000] {logging_mixin.py:151} INFO - 2006-06-20
[2024-11-10T09:20:50.424+0000] {logging_mixin.py:151} INFO - 2006-06-26
[2024-11-10T09:20:53.389+0000] {logging_mixin.py:151} INFO - 2006-07-02
[2024-11-10T09:20:55.464+0000] {logging_mixin.py:151} INFO - 2006-07-08
[2024-11-10T09:20:57.463+0000] {logging_mixin.py:151} INFO - 2006-07-14
[2024-11-10T09:20:59.190+0000] {logging_mixin.py:151} INFO - 2006-07-20
[2024-11-10T09:21:01.347+0000] {logging_mixin.py:151} INFO - 2006-07-26
[2024-11-10T09:21:04.386+0000] {logging_mixin.py:151} INFO - 2006-08-01
[2024-11-10T09:21:06.614+0000] {logging_mixin.py:151} INFO - 2006-08-07
[2024-11-10T09:21:08.794+0000] {logging_mixin.py:151} INFO - 2006-08-13
[2024-11-10T09:21:10.623+0000] {logging_mixin.py:151} INFO - 2006-08-19
[2024-11-10T09:21:12.829+0000] {logging_mixin.py:151} INFO - 2006-08-25
[2024-11-10T09:21:14.764+0000] {logging_mixin.py:151} INFO - 2006-08-31
[2024-11-10T09:21:16.955+0000] {logging_mixin.py:151} INFO - 2006-09-06
[2024-11-10T09:21:18.623+0000] {logging_mixin.py:151} INFO - 2006-09-12
[2024-11-10T09:21:20.270+0000] {logging_mixin.py:151} INFO - 2006-09-18
[2024-11-10T09:21:23.971+0000] {logging_mixin.py:151} INFO - 2006-09-24
[2024-11-10T09:21:25.571+0000] {logging_mixin.py:151} INFO - 2006-09-30
[2024-11-10T09:21:34.424+0000] {logging_mixin.py:151} INFO - 2006-10-06
[2024-11-10T09:21:38.089+0000] {logging_mixin.py:151} INFO - 2006-10-12
[2024-11-10T09:21:39.747+0000] {logging_mixin.py:151} INFO - 2006-10-18
[2024-11-10T09:21:41.409+0000] {logging_mixin.py:151} INFO - 2006-10-24
[2024-11-10T09:21:43.063+0000] {logging_mixin.py:151} INFO - 2006-10-30
[2024-11-10T09:21:44.781+0000] {logging_mixin.py:151} INFO - 2006-11-05
[2024-11-10T09:21:46.604+0000] {logging_mixin.py:151} INFO - 2006-11-11
[2024-11-10T09:21:48.323+0000] {logging_mixin.py:151} INFO - 2006-11-17
[2024-11-10T09:21:49.964+0000] {logging_mixin.py:151} INFO - 2006-11-23
[2024-11-10T09:21:51.972+0000] {logging_mixin.py:151} INFO - 2006-11-29
[2024-11-10T09:21:54.931+0000] {logging_mixin.py:151} INFO - 2006-12-05
[2024-11-10T09:21:59.534+0000] {logging_mixin.py:151} INFO - 2006-12-11
[2024-11-10T09:22:01.662+0000] {logging_mixin.py:151} INFO - 2006-12-17
[2024-11-10T09:22:03.584+0000] {logging_mixin.py:151} INFO - 2006-12-23
[2024-11-10T09:22:05.679+0000] {logging_mixin.py:151} INFO - 2006-12-29
[2024-11-10T09:22:08.570+0000] {logging_mixin.py:151} INFO - 2007-01-04
[2024-11-10T09:22:10.644+0000] {logging_mixin.py:151} INFO - 2007-01-10
[2024-11-10T09:22:12.432+0000] {logging_mixin.py:151} INFO - 2007-01-16
[2024-11-10T09:22:14.594+0000] {logging_mixin.py:151} INFO - 2007-01-22
[2024-11-10T09:22:16.425+0000] {logging_mixin.py:151} INFO - 2007-01-28
[2024-11-10T09:22:18.865+0000] {logging_mixin.py:151} INFO - 2007-02-03
[2024-11-10T09:22:23.582+0000] {logging_mixin.py:151} INFO - 2007-02-09
[2024-11-10T09:22:25.781+0000] {logging_mixin.py:151} INFO - 2007-02-15
[2024-11-10T09:22:27.881+0000] {logging_mixin.py:151} INFO - 2007-02-21
[2024-11-10T09:22:29.910+0000] {logging_mixin.py:151} INFO - 2007-02-27
[2024-11-10T09:22:32.738+0000] {logging_mixin.py:151} INFO - 2007-03-05
[2024-11-10T09:22:34.906+0000] {logging_mixin.py:151} INFO - 2007-03-11
[2024-11-10T09:22:37.018+0000] {logging_mixin.py:151} INFO - 2007-03-17
[2024-11-10T09:22:39.023+0000] {logging_mixin.py:151} INFO - 2007-03-23
[2024-11-10T09:22:40.784+0000] {logging_mixin.py:151} INFO - 2007-03-29
[2024-11-10T09:22:43.728+0000] {logging_mixin.py:151} INFO - 2007-04-04
[2024-11-10T09:22:45.673+0000] {logging_mixin.py:151} INFO - 2007-04-10
[2024-11-10T09:22:47.664+0000] {logging_mixin.py:151} INFO - 2007-04-16
[2024-11-10T09:22:49.693+0000] {logging_mixin.py:151} INFO - 2007-04-22
[2024-11-10T09:22:53.635+0000] {logging_mixin.py:151} INFO - 2007-04-28
[2024-11-10T09:22:56.079+0000] {logging_mixin.py:151} INFO - 2007-05-04
[2024-11-10T09:22:58.177+0000] {logging_mixin.py:151} INFO - 2007-05-10
[2024-11-10T09:22:59.832+0000] {logging_mixin.py:151} INFO - 2007-05-16
[2024-11-10T09:23:02.054+0000] {logging_mixin.py:151} INFO - 2007-05-22
[2024-11-10T09:23:04.205+0000] {logging_mixin.py:151} INFO - 2007-05-28
[2024-11-10T09:23:07.469+0000] {logging_mixin.py:151} INFO - 2007-06-03
[2024-11-10T09:23:09.352+0000] {logging_mixin.py:151} INFO - 2007-06-09
[2024-11-10T09:23:11.474+0000] {logging_mixin.py:151} INFO - 2007-06-15
[2024-11-10T09:23:13.244+0000] {logging_mixin.py:151} INFO - 2007-06-21
[2024-11-10T09:23:15.426+0000] {logging_mixin.py:151} INFO - 2007-06-27
[2024-11-10T09:23:17.753+0000] {logging_mixin.py:151} INFO - 2007-07-03
[2024-11-10T09:23:19.804+0000] {logging_mixin.py:151} INFO - 2007-07-09
[2024-11-10T09:23:22.926+0000] {logging_mixin.py:151} INFO - 2007-07-15
[2024-11-10T09:23:25.092+0000] {logging_mixin.py:151} INFO - 2007-07-21
[2024-11-10T09:23:27.185+0000] {logging_mixin.py:151} INFO - 2007-07-27
[2024-11-10T09:23:31.745+0000] {logging_mixin.py:151} INFO - 2007-08-02
[2024-11-10T09:23:33.689+0000] {logging_mixin.py:151} INFO - 2007-08-08
[2024-11-10T09:23:35.821+0000] {logging_mixin.py:151} INFO - 2007-08-14
[2024-11-10T09:23:37.884+0000] {logging_mixin.py:151} INFO - 2007-08-20
[2024-11-10T09:23:42.092+0000] {logging_mixin.py:151} INFO - 2007-08-26
[2024-11-10T09:23:44.583+0000] {logging_mixin.py:151} INFO - 2007-09-01
[2024-11-10T09:23:46.497+0000] {logging_mixin.py:151} INFO - 2007-09-07
[2024-11-10T09:23:48.797+0000] {logging_mixin.py:151} INFO - 2007-09-13
[2024-11-10T09:23:50.874+0000] {logging_mixin.py:151} INFO - 2007-09-19
[2024-11-10T09:23:52.520+0000] {logging_mixin.py:151} INFO - 2007-09-25
[2024-11-10T09:23:55.532+0000] {logging_mixin.py:151} INFO - 2007-10-01
[2024-11-10T09:23:57.657+0000] {logging_mixin.py:151} INFO - 2007-10-07
[2024-11-10T09:23:59.487+0000] {logging_mixin.py:151} INFO - 2007-10-13
[2024-11-10T09:24:01.559+0000] {logging_mixin.py:151} INFO - 2007-10-19
[2024-11-10T09:24:03.635+0000] {logging_mixin.py:151} INFO - 2007-10-25
[2024-11-10T09:24:05.716+0000] {logging_mixin.py:151} INFO - 2007-10-31
[2024-11-10T09:24:07.962+0000] {logging_mixin.py:151} INFO - 2007-11-06
[2024-11-10T09:24:10.182+0000] {logging_mixin.py:151} INFO - 2007-11-12
[2024-11-10T09:24:12.123+0000] {logging_mixin.py:151} INFO - 2007-11-18
[2024-11-10T09:24:13.957+0000] {logging_mixin.py:151} INFO - 2007-11-24
[2024-11-10T09:24:16.088+0000] {logging_mixin.py:151} INFO - 2007-11-30
[2024-11-10T09:24:18.813+0000] {logging_mixin.py:151} INFO - 2007-12-06
[2024-11-10T09:24:21.048+0000] {logging_mixin.py:151} INFO - 2007-12-12
[2024-11-10T09:24:22.877+0000] {logging_mixin.py:151} INFO - 2007-12-18
[2024-11-10T09:24:24.848+0000] {logging_mixin.py:151} INFO - 2007-12-24
[2024-11-10T09:24:26.632+0000] {logging_mixin.py:151} INFO - 2007-12-30
[2024-11-10T09:24:32.535+0000] {logging_mixin.py:151} INFO - 2008-01-05
[2024-11-10T09:24:42.712+0000] {logging_mixin.py:151} INFO - 2008-01-11
[2024-11-10T09:24:44.435+0000] {logging_mixin.py:151} INFO - 2008-01-17
[2024-11-10T09:24:46.040+0000] {logging_mixin.py:151} INFO - 2008-01-23
[2024-11-10T09:24:47.860+0000] {logging_mixin.py:151} INFO - 2008-01-29
[2024-11-10T09:24:49.875+0000] {logging_mixin.py:151} INFO - 2008-02-04
[2024-11-10T09:24:51.899+0000] {logging_mixin.py:151} INFO - 2008-02-10
[2024-11-10T09:24:54.297+0000] {logging_mixin.py:151} INFO - 2008-02-16
[2024-11-10T09:24:56.533+0000] {logging_mixin.py:151} INFO - 2008-02-22
[2024-11-10T09:24:58.483+0000] {logging_mixin.py:151} INFO - 2008-02-28
[2024-11-10T09:25:00.779+0000] {logging_mixin.py:151} INFO - 2008-03-05
[2024-11-10T09:25:02.460+0000] {logging_mixin.py:151} INFO - 2008-03-11
[2024-11-10T09:25:04.637+0000] {logging_mixin.py:151} INFO - 2008-03-17
[2024-11-10T09:25:08.620+0000] {logging_mixin.py:151} INFO - 2008-03-23
[2024-11-10T09:25:10.244+0000] {logging_mixin.py:151} INFO - 2008-03-29
[2024-11-10T09:25:12.719+0000] {logging_mixin.py:151} INFO - 2008-04-04
[2024-11-10T09:25:14.617+0000] {logging_mixin.py:151} INFO - 2008-04-10
[2024-11-10T09:25:16.584+0000] {logging_mixin.py:151} INFO - 2008-04-16
[2024-11-10T09:25:18.692+0000] {logging_mixin.py:151} INFO - 2008-04-22
[2024-11-10T09:25:20.648+0000] {logging_mixin.py:151} INFO - 2008-04-28
[2024-11-10T09:25:24.077+0000] {logging_mixin.py:151} INFO - 2008-05-04
[2024-11-10T09:25:25.838+0000] {logging_mixin.py:151} INFO - 2008-05-10
[2024-11-10T09:25:27.433+0000] {logging_mixin.py:151} INFO - 2008-05-16
[2024-11-10T09:25:29.033+0000] {logging_mixin.py:151} INFO - 2008-05-22
[2024-11-10T09:25:30.680+0000] {logging_mixin.py:151} INFO - 2008-05-28
[2024-11-10T09:25:32.444+0000] {logging_mixin.py:151} INFO - 2008-06-03
[2024-11-10T09:25:34.050+0000] {logging_mixin.py:151} INFO - 2008-06-09
[2024-11-10T09:25:35.706+0000] {logging_mixin.py:151} INFO - 2008-06-15
[2024-11-10T09:25:37.390+0000] {logging_mixin.py:151} INFO - 2008-06-21
[2024-11-10T09:25:39.070+0000] {logging_mixin.py:151} INFO - 2008-06-27
[2024-11-10T09:25:40.909+0000] {logging_mixin.py:151} INFO - 2008-07-03
[2024-11-10T09:25:42.498+0000] {logging_mixin.py:151} INFO - 2008-07-09
[2024-11-10T09:25:44.208+0000] {logging_mixin.py:151} INFO - 2008-07-15
[2024-11-10T09:25:45.861+0000] {logging_mixin.py:151} INFO - 2008-07-21
[2024-11-10T09:25:47.818+0000] {logging_mixin.py:151} INFO - 2008-07-27
[2024-11-10T09:25:50.294+0000] {logging_mixin.py:151} INFO - 2008-08-02
[2024-11-10T09:26:03.066+0000] {logging_mixin.py:151} INFO - 2008-08-08
[2024-11-10T09:26:05.365+0000] {logging_mixin.py:151} INFO - 2008-08-14
[2024-11-10T09:26:13.979+0000] {logging_mixin.py:151} INFO - 2008-08-20
[2024-11-10T09:26:15.578+0000] {logging_mixin.py:151} INFO - 2008-08-26
[2024-11-10T09:26:17.413+0000] {logging_mixin.py:151} INFO - 2008-09-01
[2024-11-10T09:26:19.052+0000] {logging_mixin.py:151} INFO - 2008-09-07
[2024-11-10T09:26:20.649+0000] {logging_mixin.py:151} INFO - 2008-09-13
[2024-11-10T09:26:22.380+0000] {logging_mixin.py:151} INFO - 2008-09-19
[2024-11-10T09:26:32.085+0000] {logging_mixin.py:151} INFO - 2008-09-25
[2024-11-10T09:26:34.003+0000] {logging_mixin.py:151} INFO - 2008-10-01
[2024-11-10T09:26:38.001+0000] {logging_mixin.py:151} INFO - 2008-10-07
[2024-11-10T09:26:39.782+0000] {logging_mixin.py:151} INFO - 2008-10-13
[2024-11-10T09:34:47.220+0000] {logging_mixin.py:151} INFO - 2008-10-19
[2024-11-10T09:34:52.723+0000] {logging_mixin.py:151} INFO - 2008-10-25
[2024-11-10T09:34:54.873+0000] {logging_mixin.py:151} INFO - 2008-10-31
[2024-11-10T09:35:03.071+0000] {logging_mixin.py:151} INFO - 2008-11-06
[2024-11-10T09:35:04.907+0000] {logging_mixin.py:151} INFO - 2008-11-12
[2024-11-10T09:35:09.192+0000] {logging_mixin.py:151} INFO - 2008-11-18
[2024-11-10T09:35:11.254+0000] {logging_mixin.py:151} INFO - 2008-11-24
[2024-11-10T09:35:13.016+0000] {logging_mixin.py:151} INFO - 2008-11-30
[2024-11-10T09:35:15.255+0000] {logging_mixin.py:151} INFO - 2008-12-06
[2024-11-10T09:35:17.089+0000] {logging_mixin.py:151} INFO - 2008-12-12
[2024-11-10T09:35:19.570+0000] {logging_mixin.py:151} INFO - 2008-12-18
[2024-11-10T09:35:21.591+0000] {logging_mixin.py:151} INFO - 2008-12-24
[2024-11-10T09:35:26.070+0000] {local_task_job_runner.py:294} WARNING - State of this instance has been externally set to up_for_retry. Terminating instance.
[2024-11-10T09:35:26.079+0000] {process_utils.py:131} INFO - Sending 15 to group 82093. PIDs of all processes in the group: [82093]
[2024-11-10T09:35:26.079+0000] {process_utils.py:86} INFO - Sending the signal 15 to group 82093
[2024-11-10T09:35:26.080+0000] {taskinstance.py:1632} ERROR - Received SIGTERM. Terminating subprocesses.
[2024-11-10T09:35:26.103+0000] {taskinstance.py:1943} ERROR - Task failed with exception
Traceback (most recent call last):
  File "/home/airflow/.local/lib/python3.8/site-packages/airflow/operators/python.py", line 192, in execute
    return_value = self.execute_callable()
  File "/home/airflow/.local/lib/python3.8/site-packages/airflow/operators/python.py", line 209, in execute_callable
    return self.python_callable(*self.op_args, **self.op_kwargs)
  File "/opt/airflow/dags/noaa_etl_pipeline_dag/extraction.py", line 32, in noaa_extraction
    noaa.extract(parameters=parameters, folder='full_program/extraction/daily_weather/',
  File "/opt/airflow/dags/extraction/noaa_api.py", line 132, in extract
    response = self.api_request(parameters=parameters)
  File "/opt/airflow/dags/extraction/noaa_api.py", line 78, in api_request
    response = requests.get(url = self.base_url, headers = {'token': self.token},
  File "/home/airflow/.local/lib/python3.8/site-packages/requests/api.py", line 73, in get
    return request("get", url, params=params, **kwargs)
  File "/home/airflow/.local/lib/python3.8/site-packages/requests/api.py", line 59, in request
    return session.request(method=method, url=url, **kwargs)
  File "/home/airflow/.local/lib/python3.8/site-packages/requests/sessions.py", line 589, in request
    resp = self.send(prep, **send_kwargs)
  File "/home/airflow/.local/lib/python3.8/site-packages/requests/sessions.py", line 703, in send
    r = adapter.send(request, **kwargs)
  File "/home/airflow/.local/lib/python3.8/site-packages/requests/adapters.py", line 486, in send
    resp = conn.urlopen(
  File "/home/airflow/.local/lib/python3.8/site-packages/urllib3/connectionpool.py", line 714, in urlopen
    httplib_response = self._make_request(
  File "/home/airflow/.local/lib/python3.8/site-packages/urllib3/connectionpool.py", line 466, in _make_request
    six.raise_from(e, None)
  File "<string>", line 3, in raise_from
  File "/home/airflow/.local/lib/python3.8/site-packages/urllib3/connectionpool.py", line 461, in _make_request
    httplib_response = conn.getresponse()
  File "/usr/local/lib/python3.8/http/client.py", line 1348, in getresponse
    response.begin()
  File "/usr/local/lib/python3.8/http/client.py", line 316, in begin
    version, status, reason = self._read_status()
  File "/usr/local/lib/python3.8/http/client.py", line 277, in _read_status
    line = str(self.fp.readline(_MAXLINE + 1), "iso-8859-1")
  File "/usr/local/lib/python3.8/socket.py", line 669, in readinto
    return self._sock.recv_into(b)
  File "/usr/local/lib/python3.8/ssl.py", line 1241, in recv_into
    return self.read(nbytes, buffer)
  File "/usr/local/lib/python3.8/ssl.py", line 1099, in read
    return self._sslobj.read(len, buffer)
  File "/home/airflow/.local/lib/python3.8/site-packages/airflow/models/taskinstance.py", line 1634, in signal_handler
    raise AirflowException("Task received SIGTERM signal")
airflow.exceptions.AirflowException: Task received SIGTERM signal
[2024-11-10T09:35:26.134+0000] {taskinstance.py:1400} INFO - Marking task as FAILED. dag_id=noaa_etl_pipeline, task_id=noaa_extraction, execution_date=20241110T085858, start_date=20241110T085900, end_date=20241110T093526
[2024-11-10T09:35:26.157+0000] {standard_task_runner.py:104} ERROR - Failed to execute job 126 for task noaa_extraction (Task received SIGTERM signal; 82093)
[2024-11-10T09:35:26.253+0000] {process_utils.py:79} INFO - Process psutil.Process(pid=82093, status='terminated', exitcode=1, started='08:59:00') (82093) terminated with exit code 1
